2023-03-24 13:22:42.467 [main] INFO  com.itmo.eva.EvaApplicationTests - Starting EvaApplicationTests using Java 1.8.0_362 on chenjiahandeMacBook-Pro-2.local with PID 97216 (started by chenjiahan in /Users/chenjiahan/项目开发/教学评价系统（管理员端重写）/eva)
2023-03-24 13:22:42.469 [main] INFO  com.itmo.eva.EvaApplicationTests - No active profile set, falling back to 1 default profile: "default"
2023-03-24 13:22:45.316 [main] INFO  com.itmo.eva.EvaApplicationTests - Started EvaApplicationTests in 3.132 seconds (JVM running for 3.791)
2023-03-24 13:22:45.478 [main] INFO  com.zaxxer.hikari.HikariDataSource - HikariPool-1 - Starting...
2023-03-24 13:29:47.308 [main] INFO  com.itmo.eva.EvaApplicationTests - Starting EvaApplicationTests using Java 1.8.0_362 on chenjiahandeMacBook-Pro-2.local with PID 99141 (started by chenjiahan in /Users/chenjiahan/项目开发/教学评价系统（管理员端重写）/eva)
2023-03-24 13:29:47.309 [main] INFO  com.itmo.eva.EvaApplicationTests - No active profile set, falling back to 1 default profile: "default"
2023-03-24 13:29:49.999 [main] INFO  com.itmo.eva.EvaApplicationTests - Started EvaApplicationTests in 2.934 seconds (JVM running for 3.48)
2023-03-24 13:29:50.543 [main] INFO  com.zaxxer.hikari.HikariDataSource - HikariPool-1 - Starting...
2023-03-24 13:29:51.181 [main] INFO  com.zaxxer.hikari.HikariDataSource - HikariPool-1 - Start completed.
2023-03-24 13:29:51.277 [main] INFO  com.itmo.eva.EvaApplicationTests - [0.0, 8.14, 7.23, -6.100000000000001]
2023-03-24 13:29:51.313 [main] INFO  com.itmo.eva.EvaApplicationTests - [0.0, 2.41, 8.01, 3.11, -4.229999999999999]
2023-03-24 13:29:51.359 [main] INFO  com.itmo.eva.EvaApplicationTests - [0.0, 4.07, 3.77, 1.71, 8.27, -8.58]
2023-03-24 13:29:51.387 [main] INFO  com.itmo.eva.EvaApplicationTests - [0.0, 9.28]
2023-03-24 13:29:51.418 [main] INFO  com.itmo.eva.EvaApplicationTests - [0.0, 8.22, 7.71, -6.66]
2023-03-24 13:29:51.449 [main] INFO  com.itmo.eva.EvaApplicationTests - [0.0, 3.31, 0.02, 0.93, 4.91]
2023-03-24 13:29:51.487 [main] INFO  com.itmo.eva.EvaApplicationTests - [0.0, 4.66, 1.13, 8.33, 6.72, -11.62]
2023-03-24 13:29:51.517 [main] INFO  com.itmo.eva.EvaApplicationTests - [0.0, 9.21]
2023-03-24 13:29:51.549 [main] INFO  com.itmo.eva.EvaApplicationTests - [0.0, 6.59, 8.03, -5.25]
2023-03-24 13:29:51.580 [main] INFO  com.itmo.eva.EvaApplicationTests - [0.0, 5.35, 2.01, 5.69, -3.66]
2023-03-24 13:29:51.618 [main] INFO  com.itmo.eva.EvaApplicationTests - [0.0, 2.12, 5.46, 2.75, 8.04, -8.959999999999997]
2023-03-24 13:29:51.647 [main] INFO  com.itmo.eva.EvaApplicationTests - [0.0, 9.41]
2023-03-24 13:29:51.677 [main] INFO  com.itmo.eva.EvaApplicationTests - [0.0, 0.56, 6.72, 2.120000000000001]
2023-03-24 13:29:51.712 [main] INFO  com.itmo.eva.EvaApplicationTests - [0.0, 9.01, 6.8, 0.33, -6.819999999999997]
2023-03-24 13:29:51.757 [main] INFO  com.itmo.eva.EvaApplicationTests - [0.0, 8.32, 4.62, 4.03, 7.85, -15.49]
2023-03-24 13:29:51.792 [main] INFO  com.itmo.eva.EvaApplicationTests - [0.0, 9.38]
2023-03-24 13:29:51.817 [main] INFO  com.itmo.eva.EvaApplicationTests - [0.0, 6.95, 9.11, -6.829999999999998]
2023-03-24 13:29:51.848 [main] INFO  com.itmo.eva.EvaApplicationTests - [0.0, 4.47, 4.15, 1.97, -1.320000000000002]
2023-03-24 13:29:51.885 [main] INFO  com.itmo.eva.EvaApplicationTests - [0.0, 3.23, 9.18, 7.71, 3.33, -14.230000000000002]
2023-03-24 13:29:51.919 [main] INFO  com.itmo.eva.EvaApplicationTests - [0.0, 9.33]
2023-03-24 13:29:51.951 [main] INFO  com.itmo.eva.EvaApplicationTests - [0.0, 8.32, 5.04, -4.16]
2023-03-24 13:29:51.982 [main] INFO  com.itmo.eva.EvaApplicationTests - [0.0, 2.85, 8.2, 6.09, -8.0]
2023-03-24 13:29:52.010 [main] INFO  com.itmo.eva.EvaApplicationTests - [0.0, 5.57, 2.46, 8.04, 7.7, -14.57]
2023-03-24 13:29:52.043 [main] INFO  com.itmo.eva.EvaApplicationTests - [0.0, 9.21]
2023-03-24 13:29:52.078 [main] INFO  com.itmo.eva.EvaApplicationTests - [0.0, 6.1, 5.59, -2.51]
2023-03-24 13:29:52.108 [main] INFO  com.itmo.eva.EvaApplicationTests - [0.0, 6.19, 4.68, 5.8, -7.560000000000002]
2023-03-24 13:29:52.138 [main] INFO  com.itmo.eva.EvaApplicationTests - [0.0, 3.11, 6.91, 5.75, 8.61, -15.229999999999999]
2023-03-24 13:29:52.172 [main] INFO  com.itmo.eva.EvaApplicationTests - [0.0, 9.15]
2023-03-24 13:29:52.201 [main] INFO  com.itmo.eva.EvaApplicationTests - [0.0, 4.83, 5.24, -0.8800000000000008]
2023-03-24 13:29:52.242 [main] INFO  com.itmo.eva.EvaApplicationTests - [0.0, 6.0, 5.65, 5.03, -7.51]
2023-03-24 13:29:52.288 [main] INFO  com.itmo.eva.EvaApplicationTests - [0.0, 3.72, 2.64, 7.18, 3.17, -7.620000000000001]
2023-03-24 13:29:52.319 [main] INFO  com.itmo.eva.EvaApplicationTests - [0.0, 9.04]
2023-03-24 13:29:52.351 [main] INFO  com.itmo.eva.EvaApplicationTests - [0.0, 4.73, 5.87, -1.320000000000002]
2023-03-24 13:29:52.380 [main] INFO  com.itmo.eva.EvaApplicationTests - [0.0, 7.2, 7.68, 0.67, -6.359999999999999]
2023-03-24 13:29:52.407 [main] INFO  com.itmo.eva.EvaApplicationTests - [0.0, 1.82, 5.33, 4.75, 7.96, -10.59]
2023-03-24 13:29:52.434 [main] INFO  com.itmo.eva.EvaApplicationTests - [0.0, 9.25]
2023-03-24 13:29:52.465 [main] INFO  com.itmo.eva.EvaApplicationTests - [0.0, 7.42, 3.37, -1.5299999999999994]
2023-03-24 13:29:52.495 [main] INFO  com.itmo.eva.EvaApplicationTests - [0.0, 6.46, 1.7, 5.0, -3.92]
2023-03-24 13:29:52.545 [main] INFO  com.itmo.eva.EvaApplicationTests - [0.0, 2.05, 3.56, 0.6, 6.23, -3.1999999999999993]
2023-03-24 13:29:52.575 [main] INFO  com.itmo.eva.EvaApplicationTests - [0.0, 9.27]
2023-03-24 13:29:52.605 [main] INFO  com.itmo.eva.EvaApplicationTests - [0.0, 8.41, 8.36, -7.59]
2023-03-24 13:29:52.642 [main] INFO  com.itmo.eva.EvaApplicationTests - [0.0, 7.7, 5.12, 2.45, -6.139999999999999]
2023-03-24 13:29:52.672 [main] INFO  com.itmo.eva.EvaApplicationTests - [0.0, 2.09, 2.93, 6.06, 0.16, -2.0799999999999983]
2023-03-24 13:29:52.701 [main] INFO  com.itmo.eva.EvaApplicationTests - [0.0, 9.17]
2023-03-24 13:29:52.734 [main] INFO  com.itmo.eva.EvaApplicationTests - [0.0, 2.95, 3.14, 2.8900000000000006]
2023-03-24 13:29:52.763 [main] INFO  com.itmo.eva.EvaApplicationTests - [0.0, 8.12, 8.82, 0.15, -8.159999999999997]
2023-03-24 13:29:52.797 [main] INFO  com.itmo.eva.EvaApplicationTests - [0.0, 5.28, 3.41, 7.43, 7.02, -14.15]
2023-03-24 13:29:52.830 [main] INFO  com.itmo.eva.EvaApplicationTests - [0.0, 8.98]
2023-03-24 13:29:52.857 [main] INFO  com.itmo.eva.EvaApplicationTests - [0.0, 6.5, 4.05, -1.5500000000000007]
2023-03-24 13:29:52.884 [main] INFO  com.itmo.eva.EvaApplicationTests - [0.0, 2.75, 5.79, 1.9, -1.6199999999999992]
2023-03-24 13:29:52.916 [main] INFO  com.itmo.eva.EvaApplicationTests - [0.0, 1.79, 0.19, 1.17, 4.58, 1.1899999999999995]
2023-03-24 13:29:52.943 [main] INFO  com.itmo.eva.EvaApplicationTests - [0.0, 8.84]
2023-03-24 13:29:52.974 [main] INFO  com.itmo.eva.EvaApplicationTests - [0.0, 8.34, 1.82, -0.7100000000000009]
2023-03-24 13:29:53.025 [main] INFO  com.itmo.eva.EvaApplicationTests - [0.0, 7.59, 6.54, 4.51, -9.200000000000001]
2023-03-24 13:29:53.061 [main] INFO  com.itmo.eva.EvaApplicationTests - [0.0, 3.48, 3.32, 7.41, 0.36, -5.15]
2023-03-24 13:29:53.097 [main] INFO  com.itmo.eva.EvaApplicationTests - [0.0, 9.45]
2023-03-24 13:29:53.131 [main] INFO  com.itmo.eva.EvaApplicationTests - [0.0, 6.72, 1.29, 1.2100000000000009]
2023-03-24 13:29:53.157 [main] INFO  com.itmo.eva.EvaApplicationTests - [0.0, 6.88, 4.73, 0.28, -2.709999999999999]
2023-03-24 13:29:53.205 [main] INFO  com.itmo.eva.EvaApplicationTests - [0.0, 4.04, 7.16, 5.33, 4.13, -11.46]
2023-03-24 13:29:53.239 [main] INFO  com.itmo.eva.EvaApplicationTests - [0.0, 9.17]
2023-03-24 13:29:53.281 [main] INFO  com.itmo.eva.EvaApplicationTests - [0.0, 8.97, 1.05, -0.6700000000000017]
2023-03-24 13:29:53.313 [main] INFO  com.itmo.eva.EvaApplicationTests - [0.0, 1.94, 4.04, 2.22, 1.089999999999998]
2023-03-24 13:29:53.339 [main] INFO  com.itmo.eva.EvaApplicationTests - [0.0, 5.97, 4.04, 6.54, 5.17, -12.409999999999998]
2023-03-24 13:29:53.377 [main] INFO  com.itmo.eva.EvaApplicationTests - [0.0, 9.31]
2023-03-24 13:29:53.416 [main] INFO  com.itmo.eva.EvaApplicationTests - [0.0, 4.98, 7.9, -3.620000000000001]
2023-03-24 13:29:53.447 [main] INFO  com.itmo.eva.EvaApplicationTests - [0.0, 1.12, 3.97, 7.39, -3.2300000000000004]
2023-03-24 13:29:53.481 [main] INFO  com.itmo.eva.EvaApplicationTests - [0.0, 6.67, 9.13, 5.98, 1.59, -14.120000000000001]
2023-03-24 13:29:53.517 [main] INFO  com.itmo.eva.EvaApplicationTests - [0.0, 9.28]
2023-03-24 13:29:53.544 [main] INFO  com.itmo.eva.EvaApplicationTests - [0.0, 6.84, 0.38, 2.1399999999999997]
2023-03-24 13:29:53.580 [main] INFO  com.itmo.eva.EvaApplicationTests - [0.0, 8.15, 1.36, 8.81, -9.09]
2023-03-24 13:29:53.629 [main] INFO  com.itmo.eva.EvaApplicationTests - [0.0, 8.87, 8.07, 3.49, 1.57, -12.72]
2023-03-24 13:29:53.677 [main] INFO  com.itmo.eva.EvaApplicationTests - [0.0, 9.3]
2023-03-24 13:29:53.718 [main] INFO  com.itmo.eva.EvaApplicationTests - [0.0, 0.82, 0.48, 7.79]
2023-03-24 13:29:53.745 [main] INFO  com.itmo.eva.EvaApplicationTests - [0.0, 5.65, 7.85, 8.78, -13.260000000000002]
2023-03-24 13:29:53.781 [main] INFO  com.itmo.eva.EvaApplicationTests - [0.0, 6.97, 0.35, 3.01, 0.31, -1.6399999999999988]
2023-03-24 13:29:53.817 [main] INFO  com.itmo.eva.EvaApplicationTests - [0.0, 8.99]
2023-03-24 13:29:53.843 [main] INFO  com.itmo.eva.EvaApplicationTests - [0.0, 3.73, 7.7, -2.16]
2023-03-24 13:29:53.871 [main] INFO  com.itmo.eva.EvaApplicationTests - [0.0, 1.54, 1.96, 6.75, -0.9900000000000002]
2023-03-24 13:29:53.918 [main] INFO  com.itmo.eva.EvaApplicationTests - [0.0, 0.12, 5.88, 9.0, 7.13, -12.899999999999999]
2023-03-24 13:29:53.955 [main] INFO  com.itmo.eva.EvaApplicationTests - [0.0, 9.28]
2023-03-24 13:29:54.012 [main] INFO  com.itmo.eva.EvaApplicationTests - [0.0, 3.3, 4.69, 1.2699999999999996]
2023-03-24 13:29:54.058 [main] INFO  com.itmo.eva.EvaApplicationTests - [0.0, 2.4, 5.86, 0.09, 0.8300000000000001]
2023-03-24 13:29:54.103 [main] INFO  com.itmo.eva.EvaApplicationTests - [0.0, 9.24, 5.05, 2.9, 1.1, -9.02]
2023-03-24 13:29:54.137 [main] INFO  com.itmo.eva.EvaApplicationTests - [0.0, 9.24]
2023-03-24 13:29:54.171 [main] INFO  com.itmo.eva.EvaApplicationTests - [0.0, 7.67, 2.68, -1.209999999999999]
2023-03-24 13:29:54.202 [main] INFO  com.itmo.eva.EvaApplicationTests - [0.0, 8.32, 0.08, 4.09, -3.3900000000000006]
2023-03-24 13:29:54.243 [main] INFO  com.itmo.eva.EvaApplicationTests - [0.0, 7.28, 1.44, 2.87, 0.85, -3.3200000000000003]
2023-03-24 13:29:54.282 [main] INFO  com.itmo.eva.EvaApplicationTests - [0.0, 9.13]
2023-03-24 13:29:54.317 [main] INFO  com.itmo.eva.EvaApplicationTests - [0.0, 7.5, 5.35, -3.7300000000000004]
2023-03-24 13:29:54.345 [main] INFO  com.itmo.eva.EvaApplicationTests - [0.0, 2.58, 4.0, 2.1, 0.3800000000000008]
2023-03-24 13:29:54.378 [main] INFO  com.itmo.eva.EvaApplicationTests - [0.0, 4.56, 2.45, 8.57, 6.28, -12.77]
2023-03-24 13:29:54.407 [main] INFO  com.itmo.eva.EvaApplicationTests - [0.0, 9.06]
2023-03-24 13:29:54.437 [main] INFO  com.itmo.eva.EvaApplicationTests - [0.0, 7.02, 4.57, -2.789999999999999]
2023-03-24 13:29:54.477 [main] INFO  com.itmo.eva.EvaApplicationTests - [0.0, 6.17, 6.45, 6.79, -10.46]
2023-03-24 13:29:54.523 [main] INFO  com.itmo.eva.EvaApplicationTests - [0.0, 5.7, 4.51, 0.14, 0.97, -2.3700000000000028]
2023-03-24 13:29:54.557 [main] INFO  com.itmo.eva.EvaApplicationTests - [0.0, 8.9]
2023-03-24 13:29:54.597 [main] INFO  com.itmo.eva.EvaApplicationTests - [0.0, 6.03, 2.1, 1.1899999999999995]
2023-03-24 13:29:54.637 [main] INFO  com.itmo.eva.EvaApplicationTests - [0.0, 6.79, 5.07, 5.01, -7.599999999999998]
2023-03-24 13:29:54.672 [main] INFO  com.itmo.eva.EvaApplicationTests - [0.0, 0.39, 8.11, 8.82, 1.98, -10.040000000000001]
2023-03-24 13:29:54.716 [main] INFO  com.itmo.eva.EvaApplicationTests - [0.0, 9.31]
2023-03-24 13:29:54.749 [main] INFO  com.itmo.eva.EvaApplicationTests - [0.0, 3.86, 6.79, -1.4299999999999997]
2023-03-24 13:29:54.777 [main] INFO  com.itmo.eva.EvaApplicationTests - [0.0, 7.58, 6.67, 5.41, -10.46]
2023-03-24 13:29:54.821 [main] INFO  com.itmo.eva.EvaApplicationTests - [0.0, 1.62, 0.91, 6.33, 6.73, -6.390000000000001]
2023-03-24 13:29:54.877 [main] INFO  com.itmo.eva.EvaApplicationTests - [0.0, 9.21]
2023-03-24 13:29:54.921 [main] INFO  com.itmo.eva.EvaApplicationTests - [0.0, 4.18, 2.98, 1.9900000000000002]
2023-03-24 13:29:54.958 [main] INFO  com.itmo.eva.EvaApplicationTests - [0.0, 5.23, 2.28, 4.68, -3.08]
2023-03-24 13:29:54.987 [main] INFO  com.itmo.eva.EvaApplicationTests - [0.0, 5.09, 1.66, 8.06, 2.45, -8.060000000000002]
2023-03-24 13:29:55.023 [main] INFO  com.itmo.eva.EvaApplicationTests - [0.0, 9.16]
2023-03-24 13:29:55.067 [main] INFO  com.itmo.eva.EvaApplicationTests - [0.0, 6.82, 8.63, -6.49]
2023-03-24 13:29:55.098 [main] INFO  com.itmo.eva.EvaApplicationTests - [0.0, 3.24, 1.96, 3.48, 0.3200000000000003]
2023-03-24 13:29:55.177 [main] INFO  com.itmo.eva.EvaApplicationTests - [0.0, 2.2, 1.29, 2.48, 6.17, -3.1400000000000006]
2023-03-24 13:29:55.238 [main] INFO  com.itmo.eva.EvaApplicationTests - [0.0, 9.08]
2023-03-24 13:29:55.299 [main] INFO  com.itmo.eva.EvaApplicationTests - [0.0, 6.35, 5.2, -2.34]
2023-03-24 13:29:55.325 [main] INFO  com.itmo.eva.EvaApplicationTests - [0.0, 3.86, 0.21, 1.39, 3.7299999999999995]
2023-03-24 13:29:55.357 [main] INFO  com.itmo.eva.EvaApplicationTests - [0.0, 1.57, 0.64, 0.08, 0.06, 6.82]
2023-03-24 13:29:55.389 [main] INFO  com.itmo.eva.EvaApplicationTests - [0.0, 9.13]
2023-03-24 13:29:55.417 [main] INFO  com.itmo.eva.EvaApplicationTests - [0.0, 8.23, 1.36, -0.5500000000000007]
2023-03-24 13:29:55.467 [main] INFO  com.itmo.eva.EvaApplicationTests - [0.0, 3.82, 4.71, 8.22, -7.73]
2023-03-24 13:29:55.516 [main] INFO  com.itmo.eva.EvaApplicationTests - [0.0, 2.78, 2.33, 0.34, 1.84, 1.75]
2023-03-24 13:29:55.545 [main] INFO  com.itmo.eva.EvaApplicationTests - [0.0, 9.09]
2023-03-24 13:29:55.584 [main] INFO  com.itmo.eva.EvaApplicationTests - [0.0, 5.45, 5.55, -1.7100000000000009]
2023-03-24 13:29:55.631 [main] INFO  com.itmo.eva.EvaApplicationTests - [0.0, 2.29, 0.54, 8.83, -2.42]
2023-03-24 13:29:55.677 [main] INFO  com.itmo.eva.EvaApplicationTests - [0.0, 7.65, 8.42, 7.43, 3.51, -17.709999999999997]
2023-03-24 13:29:55.716 [main] INFO  com.itmo.eva.EvaApplicationTests - [0.0, 9.33]
2023-03-24 13:29:55.755 [main] INFO  com.itmo.eva.EvaApplicationTests - [0.0, 3.61, 9.0, -3.3499999999999996]
2023-03-24 13:29:55.788 [main] INFO  com.itmo.eva.EvaApplicationTests - [0.0, 7.4, 7.78, 0.75, -6.719999999999999]
2023-03-24 13:29:55.820 [main] INFO  com.itmo.eva.EvaApplicationTests - [0.0, 3.77, 7.5, 3.67, 5.69, -11.37]
2023-03-24 13:29:55.859 [main] INFO  com.itmo.eva.EvaApplicationTests - [0.0, 9.24]
2023-03-24 13:29:55.897 [main] INFO  com.itmo.eva.EvaApplicationTests - [0.0, 3.13, 0.76, 5.320000000000001]
2023-03-24 13:29:55.936 [main] INFO  com.itmo.eva.EvaApplicationTests - [0.0, 1.23, 2.96, 8.02, -3.0199999999999996]
2023-03-24 13:29:55.970 [main] INFO  com.itmo.eva.EvaApplicationTests - [0.0, 6.56, 3.96, 5.18, 1.33, -7.8100000000000005]
2023-03-24 13:29:55.996 [main] INFO  com.itmo.eva.EvaApplicationTests - [0.0, 9.23]
2023-03-24 13:29:56.031 [main] INFO  com.itmo.eva.EvaApplicationTests - [0.0, 3.75, 5.7, 0.030000000000001137]
2023-03-24 13:29:56.061 [main] INFO  com.itmo.eva.EvaApplicationTests - [0.0, 1.83, 3.05, 5.92, -1.33]
2023-03-24 13:29:56.091 [main] INFO  com.itmo.eva.EvaApplicationTests - [0.0, 7.62, 4.55, 3.46, 6.01, -12.120000000000001]
2023-03-24 13:29:56.124 [main] INFO  com.itmo.eva.EvaApplicationTests - [0.0, 9.57]
2023-03-24 13:29:56.157 [main] INFO  com.itmo.eva.EvaApplicationTests - [0.0, 0.0, 4.13, 5.3]
2023-03-24 13:29:56.190 [main] INFO  com.itmo.eva.EvaApplicationTests - [0.0, 3.58, 1.94, 6.63, -2.719999999999999]
2023-03-24 13:29:56.221 [main] INFO  com.itmo.eva.EvaApplicationTests - [0.0, 7.44, 7.46, 1.66, 7.39, -14.52]
2023-03-24 13:29:56.254 [main] INFO  com.itmo.eva.EvaApplicationTests - [0.0, 9.54]
2023-03-24 13:29:56.297 [main] INFO  com.itmo.eva.EvaApplicationTests - [0.0, 4.8, 7.12, -2.630000000000001]
2023-03-24 13:29:56.337 [main] INFO  com.itmo.eva.EvaApplicationTests - [0.0, 0.13, 0.62, 1.89, 6.61]
2023-03-24 13:29:56.377 [main] INFO  com.itmo.eva.EvaApplicationTests - [0.0, 2.29, 3.42, 5.49, 5.62, -7.540000000000001]
2023-03-24 13:29:56.415 [main] INFO  com.itmo.eva.EvaApplicationTests - [0.0, 9.36]
2023-03-24 13:29:56.457 [main] INFO  com.itmo.eva.EvaApplicationTests - [0.0, 9.01, 1.83, -1.7300000000000004]
2023-03-24 13:29:56.511 [main] INFO  com.itmo.eva.EvaApplicationTests - [0.0, 6.4, 1.31, 3.37, -2.0000000000000018]
2023-03-24 13:29:56.553 [main] INFO  com.itmo.eva.EvaApplicationTests - [0.0, 0.53, 7.14, 2.77, 4.51, -5.83]
2023-03-24 13:29:56.586 [main] INFO  com.itmo.eva.EvaApplicationTests - [0.0, 9.13]
2023-03-24 13:29:56.618 [main] INFO  com.itmo.eva.EvaApplicationTests - [0.0, 0.71, 4.21, 4.290000000000001]
2023-03-24 13:29:56.655 [main] INFO  com.itmo.eva.EvaApplicationTests - [0.0, 1.54, 2.64, 3.04, 1.9799999999999995]
2023-03-24 13:29:56.698 [main] INFO  com.itmo.eva.EvaApplicationTests - [0.0, 2.11, 8.51, 3.61, 5.8, -10.829999999999998]
2023-03-24 13:29:56.746 [main] INFO  com.itmo.eva.EvaApplicationTests - [0.0, 9.26]
2023-03-24 13:29:56.796 [main] INFO  com.itmo.eva.EvaApplicationTests - [0.0, 4.23, 8.04, -3.09]
2023-03-24 13:29:56.835 [main] INFO  com.itmo.eva.EvaApplicationTests - [0.0, 4.05, 4.87, 1.77, -1.6399999999999988]
2023-03-24 13:29:56.884 [main] INFO  com.itmo.eva.EvaApplicationTests - [0.0, 6.25, 6.02, 0.42, 6.19, -9.709999999999999]
2023-03-24 13:29:56.923 [main] INFO  com.itmo.eva.EvaApplicationTests - [0.0, 9.0]
2023-03-24 13:29:56.961 [main] INFO  com.itmo.eva.EvaApplicationTests - [0.0, 7.63, 2.28, -0.5899999999999999]
2023-03-24 13:29:56.995 [main] INFO  com.itmo.eva.EvaApplicationTests - [0.0, 0.29, 7.55, 4.77, -3.33]
2023-03-24 13:29:57.042 [main] INFO  com.itmo.eva.EvaApplicationTests - [0.0, 4.7, 1.27, 7.5, 5.67, -9.81]
2023-03-24 13:29:57.098 [main] INFO  com.itmo.eva.EvaApplicationTests - [0.0, 9.31]
2023-03-24 13:29:57.131 [main] INFO  com.itmo.eva.EvaApplicationTests - [0.0, 0.2, 6.84, 2.2700000000000005]
2023-03-24 13:29:57.186 [main] INFO  com.itmo.eva.EvaApplicationTests - [0.0, 7.36, 7.3, 7.04, -12.45]
2023-03-24 13:29:57.218 [main] INFO  com.itmo.eva.EvaApplicationTests - [0.0, 8.21, 4.74, 6.29, 3.31, -13.280000000000001]
2023-03-24 13:29:57.256 [main] INFO  com.itmo.eva.EvaApplicationTests - [0.0, 9.3]
2023-03-24 13:29:57.298 [main] INFO  com.itmo.eva.EvaApplicationTests - [0.0, 1.07, 3.61, 4.84]
2023-03-24 13:29:57.341 [main] INFO  com.itmo.eva.EvaApplicationTests - [0.0, 8.92, 4.23, 0.06, -3.6700000000000017]
2023-03-24 13:29:57.384 [main] INFO  com.itmo.eva.EvaApplicationTests - [0.0, 8.97, 0.49, 4.84, 6.64, -11.370000000000001]
2023-03-24 13:29:57.421 [main] INFO  com.itmo.eva.EvaApplicationTests - [0.0, 9.49]
2023-03-24 13:29:57.460 [main] INFO  com.itmo.eva.EvaApplicationTests - [0.0, 6.97, 4.05, -1.7599999999999998]
2023-03-24 13:29:57.512 [main] INFO  com.itmo.eva.EvaApplicationTests - [0.0, 7.66, 8.1, 5.92, -12.52]
2023-03-24 13:29:57.556 [main] INFO  com.itmo.eva.EvaApplicationTests - [0.0, 8.25, 2.12, 3.79, 8.75, -13.65]
2023-03-24 13:29:57.596 [main] INFO  com.itmo.eva.EvaApplicationTests - [0.0, 9.27]
2023-03-24 13:29:57.632 [main] INFO  com.itmo.eva.EvaApplicationTests - [0.0, 3.07, 0.4, 5.7299999999999995]
2023-03-24 13:29:57.680 [main] INFO  com.itmo.eva.EvaApplicationTests - [0.0, 6.96, 2.89, 0.56, -1.290000000000001]
2023-03-24 13:29:57.832 [main] INFO  com.itmo.eva.EvaApplicationTests - [0.0, 4.9, 4.11, 6.25, 5.49, -11.54]
2023-03-24 13:29:57.889 [main] INFO  com.itmo.eva.EvaApplicationTests - [0.0, 9.17]
2023-03-24 13:29:57.959 [main] INFO  com.itmo.eva.EvaApplicationTests - [0.0, 1.82, 7.59, -0.07000000000000028]
2023-03-24 13:29:57.996 [main] INFO  com.itmo.eva.EvaApplicationTests - [0.0, 5.0, 2.11, 3.6, -1.4699999999999989]
2023-03-24 13:29:58.054 [main] INFO  com.itmo.eva.EvaApplicationTests - [0.0, 2.39, 4.85, 1.08, 4.88, -3.9299999999999997]
2023-03-24 13:29:58.110 [main] INFO  com.itmo.eva.EvaApplicationTests - [0.0, 9.29]
2023-03-24 13:29:58.136 [SpringApplicationShutdownHook] INFO  com.zaxxer.hikari.HikariDataSource - HikariPool-1 - Shutdown initiated...
2023-03-24 13:29:58.793 [SpringApplicationShutdownHook] INFO  com.zaxxer.hikari.HikariDataSource - HikariPool-1 - Shutdown completed.
2023-03-24 13:36:38.955 [main] INFO  com.itmo.eva.EvaApplicationTests - Starting EvaApplicationTests using Java 1.8.0_362 on chenjiahandeMacBook-Pro-2.local with PID 1574 (started by chenjiahan in /Users/chenjiahan/项目开发/教学评价系统（管理员端重写）/eva)
2023-03-24 13:36:38.956 [main] INFO  com.itmo.eva.EvaApplicationTests - No active profile set, falling back to 1 default profile: "default"
2023-03-24 13:36:41.625 [main] INFO  com.itmo.eva.EvaApplicationTests - Started EvaApplicationTests in 3.15 seconds (JVM running for 3.721)
2023-03-24 13:36:42.165 [main] INFO  com.zaxxer.hikari.HikariDataSource - HikariPool-1 - Starting...
2023-03-24 13:36:42.915 [main] INFO  com.zaxxer.hikari.HikariDataSource - HikariPool-1 - Start completed.
2023-03-24 13:36:43.038 [main] INFO  com.itmo.eva.EvaApplicationTests - [543, 179, 205]
2023-03-24 13:36:43.107 [main] INFO  com.itmo.eva.EvaApplicationTests - [221, 345, 182, 182]
2023-03-24 13:36:43.149 [main] INFO  com.itmo.eva.EvaApplicationTests - [335, 111, 243, 104, 131]
2023-03-24 13:36:43.209 [main] INFO  com.itmo.eva.EvaApplicationTests - [928]
2023-03-24 13:36:43.268 [main] INFO  com.itmo.eva.EvaApplicationTests - [483, 73, 371]
2023-03-24 13:36:43.318 [main] INFO  com.itmo.eva.EvaApplicationTests - [187, 512, 101, 117]
2023-03-24 13:36:43.366 [main] INFO  com.itmo.eva.EvaApplicationTests - [211, 238, 266, 139, 68]
2023-03-24 13:36:43.418 [main] INFO  com.itmo.eva.EvaApplicationTests - [921]
2023-03-24 13:36:43.467 [main] INFO  com.itmo.eva.EvaApplicationTests - [540, 302, 95]
2023-03-24 13:36:43.513 [main] INFO  com.itmo.eva.EvaApplicationTests - [57, 381, 263, 238]
2023-03-24 13:36:43.555 [main] INFO  com.itmo.eva.EvaApplicationTests - [115, 13, 355, 321, 137]
2023-03-24 13:36:43.610 [main] INFO  com.itmo.eva.EvaApplicationTests - [941]
2023-03-24 13:36:43.667 [main] INFO  com.itmo.eva.EvaApplicationTests - [602, 322, 16]
2023-03-24 13:36:43.716 [main] INFO  com.itmo.eva.EvaApplicationTests - [33, 700, 89, 110]
2023-03-24 13:36:43.767 [main] INFO  com.itmo.eva.EvaApplicationTests - [10, 57, 299, 178, 389]
2023-03-24 13:36:43.830 [main] INFO  com.itmo.eva.EvaApplicationTests - [938]
2023-03-24 13:36:43.898 [main] INFO  com.itmo.eva.EvaApplicationTests - [264, 17, 642]
2023-03-24 13:36:43.970 [main] INFO  com.itmo.eva.EvaApplicationTests - [15, 352, 389, 171]
2023-03-24 13:36:44.019 [main] INFO  com.itmo.eva.EvaApplicationTests - [170, 8, 57, 523, 164]
2023-03-24 13:36:44.070 [main] INFO  com.itmo.eva.EvaApplicationTests - [933]
2023-03-24 13:36:44.133 [main] INFO  com.itmo.eva.EvaApplicationTests - [15, 784, 121]
2023-03-24 13:36:44.187 [main] INFO  com.itmo.eva.EvaApplicationTests - [115, 181, 473, 145]
2023-03-24 13:36:44.250 [main] INFO  com.itmo.eva.EvaApplicationTests - [23, 156, 625, 80, 36]
2023-03-24 13:36:44.315 [main] INFO  com.itmo.eva.EvaApplicationTests - [921]
2023-03-24 13:36:44.370 [main] INFO  com.itmo.eva.EvaApplicationTests - [386, 476, 56]
2023-03-24 13:36:44.426 [main] INFO  com.itmo.eva.EvaApplicationTests - [616, 4, 128, 163]
2023-03-24 13:36:44.487 [main] INFO  com.itmo.eva.EvaApplicationTests - [62, 6, 219, 71, 557]
2023-03-24 13:36:44.546 [main] INFO  com.itmo.eva.EvaApplicationTests - [915]
2023-03-24 13:36:44.590 [main] INFO  com.itmo.eva.EvaApplicationTests - [547, 44, 328]
2023-03-24 13:36:44.645 [main] INFO  com.itmo.eva.EvaApplicationTests - [185, 102, 491, 139]
2023-03-24 13:36:44.704 [main] INFO  com.itmo.eva.EvaApplicationTests - [150, 245, 117, 356, 41]
2023-03-24 13:36:44.778 [main] INFO  com.itmo.eva.EvaApplicationTests - [904]
2023-03-24 13:36:44.826 [main] INFO  com.itmo.eva.EvaApplicationTests - [114, 351, 463]
2023-03-24 13:36:44.886 [main] INFO  com.itmo.eva.EvaApplicationTests - [17, 389, 38, 475]
2023-03-24 13:36:44.931 [main] INFO  com.itmo.eva.EvaApplicationTests - [392, 186, 11, 222, 116]
2023-03-24 13:36:44.986 [main] INFO  com.itmo.eva.EvaApplicationTests - [925]
2023-03-24 13:36:45.047 [main] INFO  com.itmo.eva.EvaApplicationTests - [194, 282, 450]
2023-03-24 13:36:45.108 [main] INFO  com.itmo.eva.EvaApplicationTests - [18, 133, 590, 183]
2023-03-24 13:36:45.171 [main] INFO  com.itmo.eva.EvaApplicationTests - [385, 6, 78, 42, 413]
2023-03-24 13:36:45.253 [main] INFO  com.itmo.eva.EvaApplicationTests - [927]
2023-03-24 13:36:45.306 [main] INFO  com.itmo.eva.EvaApplicationTests - [592, 76, 250]
2023-03-24 13:36:45.352 [main] INFO  com.itmo.eva.EvaApplicationTests - [58, 600, 203, 52]
2023-03-24 13:36:45.395 [main] INFO  com.itmo.eva.EvaApplicationTests - [141, 221, 69, 415, 70]
2023-03-24 13:36:45.446 [main] INFO  com.itmo.eva.EvaApplicationTests - [917]
2023-03-24 13:36:45.504 [main] INFO  com.itmo.eva.EvaApplicationTests - [637, 160, 101]
2023-03-24 13:36:45.545 [main] INFO  com.itmo.eva.EvaApplicationTests - [258, 56, 298, 281]
2023-03-24 13:36:45.605 [main] INFO  com.itmo.eva.EvaApplicationTests - [308, 27, 176, 194, 194]
2023-03-24 13:36:45.665 [main] INFO  com.itmo.eva.EvaApplicationTests - [898]
2023-03-24 13:36:45.730 [main] INFO  com.itmo.eva.EvaApplicationTests - [84, 48, 768]
2023-03-24 13:36:45.773 [main] INFO  com.itmo.eva.EvaApplicationTests - [489, 67, 214, 112]
2023-03-24 13:36:45.819 [main] INFO  com.itmo.eva.EvaApplicationTests - [18, 630, 51, 52, 141]
2023-03-24 13:36:45.866 [main] INFO  com.itmo.eva.EvaApplicationTests - [884]
2023-03-24 13:36:45.934 [main] INFO  com.itmo.eva.EvaApplicationTests - [769, 115, 61]
2023-03-24 13:36:45.978 [main] INFO  com.itmo.eva.EvaApplicationTests - [77, 189, 597, 81]
2023-03-24 13:36:46.025 [main] INFO  com.itmo.eva.EvaApplicationTests - [357, 458, 62, 20, 45]
2023-03-24 13:36:46.071 [main] INFO  com.itmo.eva.EvaApplicationTests - [945]
2023-03-24 13:36:46.130 [main] INFO  com.itmo.eva.EvaApplicationTests - [231, 541, 150]
2023-03-24 13:36:46.175 [main] INFO  com.itmo.eva.EvaApplicationTests - [473, 73, 44, 328]
2023-03-24 13:36:46.226 [main] INFO  com.itmo.eva.EvaApplicationTests - [131, 217, 2, 52, 518]
2023-03-24 13:36:46.272 [main] INFO  com.itmo.eva.EvaApplicationTests - [917]
2023-03-24 13:36:46.325 [main] INFO  com.itmo.eva.EvaApplicationTests - [702, 82, 151]
2023-03-24 13:36:46.395 [main] INFO  com.itmo.eva.EvaApplicationTests - [421, 49, 449, 10]
2023-03-24 13:36:46.450 [main] INFO  com.itmo.eva.EvaApplicationTests - [89, 162, 161, 91, 428]
2023-03-24 13:36:46.538 [main] INFO  com.itmo.eva.EvaApplicationTests - [931]
2023-03-24 13:36:46.586 [main] INFO  com.itmo.eva.EvaApplicationTests - [142, 8, 776]
2023-03-24 13:36:46.658 [main] INFO  com.itmo.eva.EvaApplicationTests - [11, 173, 142, 599]
2023-03-24 13:36:46.708 [main] INFO  com.itmo.eva.EvaApplicationTests - [165, 481, 152, 40, 87]
2023-03-24 13:36:46.772 [main] INFO  com.itmo.eva.EvaApplicationTests - [928]
2023-03-24 13:36:46.838 [main] INFO  com.itmo.eva.EvaApplicationTests - [578, 133, 225]
2023-03-24 13:36:46.886 [main] INFO  com.itmo.eva.EvaApplicationTests - [132, 42, 340, 409]
2023-03-24 13:36:46.946 [main] INFO  com.itmo.eva.EvaApplicationTests - [313, 429, 126, 2, 58]
2023-03-24 13:36:46.990 [main] INFO  com.itmo.eva.EvaApplicationTests - [930]
2023-03-24 13:36:47.045 [main] INFO  com.itmo.eva.EvaApplicationTests - [326, 151, 432]
2023-03-24 13:36:47.104 [main] INFO  com.itmo.eva.EvaApplicationTests - [365, 34, 352, 151]
2023-03-24 13:36:47.146 [main] INFO  com.itmo.eva.EvaApplicationTests - [65, 21, 490, 119, 205]
2023-03-24 13:36:47.207 [main] INFO  com.itmo.eva.EvaApplicationTests - [899]
2023-03-24 13:36:47.266 [main] INFO  com.itmo.eva.EvaApplicationTests - [6, 306, 615]
2023-03-24 13:36:47.330 [main] INFO  com.itmo.eva.EvaApplicationTests - [363, 262, 129, 172]
2023-03-24 13:36:47.411 [main] INFO  com.itmo.eva.EvaApplicationTests - [125, 453, 234, 83, 28]
2023-03-24 13:36:47.496 [main] INFO  com.itmo.eva.EvaApplicationTests - [928]
2023-03-24 13:36:47.545 [main] INFO  com.itmo.eva.EvaApplicationTests - [332, 389, 205]
2023-03-24 13:36:47.606 [main] INFO  com.itmo.eva.EvaApplicationTests - [160, 106, 60, 592]
2023-03-24 13:36:47.665 [main] INFO  com.itmo.eva.EvaApplicationTests - [17, 18, 380, 243, 269]
2023-03-24 13:36:47.729 [main] INFO  com.itmo.eva.EvaApplicationTests - [924]
2023-03-24 13:36:47.821 [main] INFO  com.itmo.eva.EvaApplicationTests - [448, 94, 372]
2023-03-24 13:36:47.866 [main] INFO  com.itmo.eva.EvaApplicationTests - [240, 323, 323, 24]
2023-03-24 13:36:47.923 [main] INFO  com.itmo.eva.EvaApplicationTests - [380, 14, 270, 167, 81]
2023-03-24 13:36:47.982 [main] INFO  com.itmo.eva.EvaApplicationTests - [913]
2023-03-24 13:36:48.026 [main] INFO  com.itmo.eva.EvaApplicationTests - [375, 64, 473]
2023-03-24 13:36:48.093 [main] INFO  com.itmo.eva.EvaApplicationTests - [14, 39, 292, 561]
2023-03-24 13:36:48.147 [main] INFO  com.itmo.eva.EvaApplicationTests - [236, 62, 209, 388, 14]
2023-03-24 13:36:48.212 [main] INFO  com.itmo.eva.EvaApplicationTests - [906]
2023-03-24 13:36:48.269 [main] INFO  com.itmo.eva.EvaApplicationTests - [323, 340, 217]
2023-03-24 13:36:48.326 [main] INFO  com.itmo.eva.EvaApplicationTests - [237, 504, 65, 89]
2023-03-24 13:36:48.386 [main] INFO  com.itmo.eva.EvaApplicationTests - [17, 68, 648, 80, 82]
2023-03-24 13:36:48.452 [main] INFO  com.itmo.eva.EvaApplicationTests - [890]
2023-03-24 13:36:48.812 [main] INFO  com.itmo.eva.EvaApplicationTests - [80, 548, 304]
2023-03-24 13:36:48.871 [main] INFO  com.itmo.eva.EvaApplicationTests - [203, 313, 335, 76]
2023-03-24 13:36:48.935 [main] INFO  com.itmo.eva.EvaApplicationTests - [435, 240, 153, 30, 68]
2023-03-24 13:36:48.992 [main] INFO  com.itmo.eva.EvaApplicationTests - [931]
2023-03-24 13:36:49.079 [main] INFO  com.itmo.eva.EvaApplicationTests - [815, 69, 38]
2023-03-24 13:36:49.124 [main] INFO  com.itmo.eva.EvaApplicationTests - [304, 141, 76, 399]
2023-03-24 13:36:49.171 [main] INFO  com.itmo.eva.EvaApplicationTests - [112, 287, 136, 279, 106]
2023-03-24 13:36:49.225 [main] INFO  com.itmo.eva.EvaApplicationTests - [921]
2023-03-24 13:36:49.284 [main] INFO  com.itmo.eva.EvaApplicationTests - [634, 259, 22]
2023-03-24 13:36:49.330 [main] INFO  com.itmo.eva.EvaApplicationTests - [105, 260, 510, 36]
2023-03-24 13:36:49.386 [main] INFO  com.itmo.eva.EvaApplicationTests - [657, 172, 11, 16, 64]
2023-03-24 13:36:49.444 [main] INFO  com.itmo.eva.EvaApplicationTests - [916]
2023-03-24 13:36:49.506 [main] INFO  com.itmo.eva.EvaApplicationTests - [11, 200, 685]
2023-03-24 13:36:49.547 [main] INFO  com.itmo.eva.EvaApplicationTests - [540, 279, 39, 42]
2023-03-24 13:36:49.594 [main] INFO  com.itmo.eva.EvaApplicationTests - [9, 413, 122, 119, 237]
2023-03-24 13:36:49.646 [main] INFO  com.itmo.eva.EvaApplicationTests - [908]
2023-03-24 13:36:49.710 [main] INFO  com.itmo.eva.EvaApplicationTests - [233, 176, 512]
2023-03-24 13:36:49.761 [main] INFO  com.itmo.eva.EvaApplicationTests - [530, 130, 73, 186]
2023-03-24 13:36:49.826 [main] INFO  com.itmo.eva.EvaApplicationTests - [60, 566, 71, 47, 173]
2023-03-24 13:36:49.893 [main] INFO  com.itmo.eva.EvaApplicationTests - [913]
2023-03-24 13:36:49.945 [main] INFO  com.itmo.eva.EvaApplicationTests - [362, 279, 263]
2023-03-24 13:36:49.989 [main] INFO  com.itmo.eva.EvaApplicationTests - [148, 335, 347, 72]
2023-03-24 13:36:50.059 [main] INFO  com.itmo.eva.EvaApplicationTests - [230, 21, 496, 65, 92]
2023-03-24 13:36:50.107 [main] INFO  com.itmo.eva.EvaApplicationTests - [909]
2023-03-24 13:36:50.167 [main] INFO  com.itmo.eva.EvaApplicationTests - [7, 61, 861]
2023-03-24 13:36:50.226 [main] INFO  com.itmo.eva.EvaApplicationTests - [89, 75, 345, 415]
2023-03-24 13:36:50.289 [main] INFO  com.itmo.eva.EvaApplicationTests - [108, 201, 193, 145, 283]
2023-03-24 13:36:50.377 [main] INFO  com.itmo.eva.EvaApplicationTests - [933]
2023-03-24 13:36:50.425 [main] INFO  com.itmo.eva.EvaApplicationTests - [484, 312, 130]
2023-03-24 13:36:50.485 [main] INFO  com.itmo.eva.EvaApplicationTests - [487, 210, 143, 81]
2023-03-24 13:36:50.546 [main] INFO  com.itmo.eva.EvaApplicationTests - [196, 270, 17, 42, 401]
2023-03-24 13:36:50.612 [main] INFO  com.itmo.eva.EvaApplicationTests - [924]
2023-03-24 13:36:50.689 [main] INFO  com.itmo.eva.EvaApplicationTests - [696, 160, 65]
2023-03-24 13:36:50.769 [main] INFO  com.itmo.eva.EvaApplicationTests - [19, 737, 144, 19]
2023-03-24 13:36:50.826 [main] INFO  com.itmo.eva.EvaApplicationTests - [155, 31, 142, 65, 529]
2023-03-24 13:36:50.885 [main] INFO  com.itmo.eva.EvaApplicationTests - [923]
2023-03-24 13:36:50.947 [main] INFO  com.itmo.eva.EvaApplicationTests - [319, 24, 605]
2023-03-24 13:36:51.024 [main] INFO  com.itmo.eva.EvaApplicationTests - [18, 249, 640, 40]
2023-03-24 13:36:51.065 [main] INFO  com.itmo.eva.EvaApplicationTests - [25, 249, 54, 232, 392]
2023-03-24 13:36:51.135 [main] INFO  com.itmo.eva.EvaApplicationTests - [957]
2023-03-24 13:36:51.187 [main] INFO  com.itmo.eva.EvaApplicationTests - [416, 110, 417]
2023-03-24 13:36:51.261 [main] INFO  com.itmo.eva.EvaApplicationTests - [58, 34, 499, 352]
2023-03-24 13:36:51.305 [main] INFO  com.itmo.eva.EvaApplicationTests - [202, 64, 211, 425, 41]
2023-03-24 13:36:51.365 [main] INFO  com.itmo.eva.EvaApplicationTests - [954]
2023-03-24 13:36:51.427 [main] INFO  com.itmo.eva.EvaApplicationTests - [410, 254, 265]
2023-03-24 13:36:51.471 [main] INFO  com.itmo.eva.EvaApplicationTests - [566, 187, 82, 90]
2023-03-24 13:36:51.525 [main] INFO  com.itmo.eva.EvaApplicationTests - [164, 351, 67, 120, 226]
2023-03-24 13:36:51.569 [main] INFO  com.itmo.eva.EvaApplicationTests - [936]
2023-03-24 13:36:51.652 [main] INFO  com.itmo.eva.EvaApplicationTests - [150, 364, 397]
2023-03-24 13:36:51.695 [main] INFO  com.itmo.eva.EvaApplicationTests - [75, 157, 302, 374]
2023-03-24 13:36:51.745 [main] INFO  com.itmo.eva.EvaApplicationTests - [171, 279, 245, 7, 210]
2023-03-24 13:36:51.810 [main] INFO  com.itmo.eva.EvaApplicationTests - [913]
2023-03-24 13:36:51.868 [main] INFO  com.itmo.eva.EvaApplicationTests - [106, 269, 546]
2023-03-24 13:36:51.926 [main] INFO  com.itmo.eva.EvaApplicationTests - [542, 116, 237, 25]
2023-03-24 13:36:51.978 [main] INFO  com.itmo.eva.EvaApplicationTests - [239, 46, 473, 160, 2]
2023-03-24 13:36:52.025 [main] INFO  com.itmo.eva.EvaApplicationTests - [926]
2023-03-24 13:36:52.084 [main] INFO  com.itmo.eva.EvaApplicationTests - [292, 329, 297]
2023-03-24 13:36:52.133 [main] INFO  com.itmo.eva.EvaApplicationTests - [448, 279, 40, 138]
2023-03-24 13:36:52.185 [main] INFO  com.itmo.eva.EvaApplicationTests - [115, 57, 170, 558, 17]
2023-03-24 13:36:52.247 [main] INFO  com.itmo.eva.EvaApplicationTests - [900]
2023-03-24 13:36:52.305 [main] INFO  com.itmo.eva.EvaApplicationTests - [469, 272, 191]
2023-03-24 13:36:52.371 [main] INFO  com.itmo.eva.EvaApplicationTests - [177, 14, 732, 5]
2023-03-24 13:36:52.418 [main] INFO  com.itmo.eva.EvaApplicationTests - [4, 112, 45, 751, 21]
2023-03-24 13:36:52.485 [main] INFO  com.itmo.eva.EvaApplicationTests - [931]
2023-03-24 13:36:52.535 [main] INFO  com.itmo.eva.EvaApplicationTests - [172, 704, 55]
2023-03-24 13:36:52.593 [main] INFO  com.itmo.eva.EvaApplicationTests - [514, 77, 289, 45]
2023-03-24 13:36:52.646 [main] INFO  com.itmo.eva.EvaApplicationTests - [497, 11, 75, 312, 32]
2023-03-24 13:36:52.719 [main] INFO  com.itmo.eva.EvaApplicationTests - [930]
2023-03-24 13:36:52.778 [main] INFO  com.itmo.eva.EvaApplicationTests - [96, 442, 414]
2023-03-24 13:36:52.834 [main] INFO  com.itmo.eva.EvaApplicationTests - [414, 206, 315, 19]
2023-03-24 13:36:52.911 [main] INFO  com.itmo.eva.EvaApplicationTests - [172, 410, 11, 12, 352]
2023-03-24 13:36:52.968 [main] INFO  com.itmo.eva.EvaApplicationTests - [949]
2023-03-24 13:36:53.025 [main] INFO  com.itmo.eva.EvaApplicationTests - [106, 603, 217]
2023-03-24 13:36:53.091 [main] INFO  com.itmo.eva.EvaApplicationTests - [312, 101, 495, 8]
2023-03-24 13:36:53.170 [main] INFO  com.itmo.eva.EvaApplicationTests - [9, 108, 425, 375, 9]
2023-03-24 13:36:53.226 [main] INFO  com.itmo.eva.EvaApplicationTests - [927]
2023-03-24 13:36:53.287 [main] INFO  com.itmo.eva.EvaApplicationTests - [110, 735, 75]
2023-03-24 13:36:53.347 [main] INFO  com.itmo.eva.EvaApplicationTests - [182, 17, 548, 165]
2023-03-24 13:36:53.410 [main] INFO  com.itmo.eva.EvaApplicationTests - [341, 179, 86, 222, 93]
2023-03-24 13:36:53.466 [main] INFO  com.itmo.eva.EvaApplicationTests - [917]
2023-03-24 13:36:53.525 [main] INFO  com.itmo.eva.EvaApplicationTests - [32, 441, 461]
2023-03-24 13:36:53.586 [main] INFO  com.itmo.eva.EvaApplicationTests - [450, 7, 320, 147]
2023-03-24 13:36:53.649 [main] INFO  com.itmo.eva.EvaApplicationTests - [705, 13, 96, 60, 53]
2023-03-24 13:36:53.706 [main] INFO  com.itmo.eva.EvaApplicationTests - [929]
2023-03-24 13:36:53.731 [SpringApplicationShutdownHook] INFO  com.zaxxer.hikari.HikariDataSource - HikariPool-1 - Shutdown initiated...
2023-03-24 13:36:54.312 [SpringApplicationShutdownHook] INFO  com.zaxxer.hikari.HikariDataSource - HikariPool-1 - Shutdown completed.
2023-03-24 13:43:35.123 [main] INFO  com.itmo.eva.EvaApplicationTests - Starting EvaApplicationTests using Java 1.8.0_362 on chenjiahandeMacBook-Pro-2.local with PID 2803 (started by chenjiahan in /Users/chenjiahan/项目开发/教学评价系统（管理员端重写）/eva)
2023-03-24 13:43:35.123 [main] INFO  com.itmo.eva.EvaApplicationTests - No active profile set, falling back to 1 default profile: "default"
2023-03-24 13:43:37.778 [main] INFO  com.itmo.eva.EvaApplicationTests - Started EvaApplicationTests in 2.891 seconds (JVM running for 3.461)
2023-03-24 13:43:38.329 [main] INFO  com.zaxxer.hikari.HikariDataSource - HikariPool-1 - Starting...
2023-03-24 13:43:41.835 [main] INFO  com.zaxxer.hikari.HikariDataSource - HikariPool-1 - Start completed.
2023-03-24 13:43:41.909 [main] INFO  com.itmo.eva.EvaApplicationTests - [711, 96, 120, 927]
2023-03-24 13:43:41.928 [main] INFO  com.itmo.eva.EvaApplicationTests - [341, 204, 90, 295, 930]
2023-03-24 13:43:42.443 [SpringApplicationShutdownHook] INFO  com.zaxxer.hikari.HikariDataSource - HikariPool-1 - Shutdown initiated...
2023-03-24 13:43:42.472 [main] INFO  com.itmo.eva.EvaApplicationTests - [25, 448, 8, 155, 288, 924]
2023-03-24 13:43:42.508 [SpringApplicationShutdownHook] INFO  com.zaxxer.hikari.HikariDataSource - HikariPool-1 - Shutdown completed.
2023-03-24 13:44:13.335 [main] INFO  com.itmo.eva.EvaApplicationTests - Starting EvaApplicationTests using Java 1.8.0_362 on chenjiahandeMacBook-Pro-2.local with PID 2988 (started by chenjiahan in /Users/chenjiahan/项目开发/教学评价系统（管理员端重写）/eva)
2023-03-24 13:44:13.336 [main] INFO  com.itmo.eva.EvaApplicationTests - No active profile set, falling back to 1 default profile: "default"
2023-03-24 13:44:16.002 [main] INFO  com.itmo.eva.EvaApplicationTests - Started EvaApplicationTests in 2.908 seconds (JVM running for 3.461)
2023-03-24 13:44:16.544 [main] INFO  com.zaxxer.hikari.HikariDataSource - HikariPool-1 - Starting...
2023-03-24 13:44:20.213 [main] INFO  com.zaxxer.hikari.HikariDataSource - HikariPool-1 - Start completed.
2023-03-24 13:44:20.298 [main] INFO  com.itmo.eva.EvaApplicationTests - [487, 152, 288, 927]
2023-03-24 13:44:20.318 [main] INFO  com.itmo.eva.EvaApplicationTests - [335, 14, 486, 95, 930]
2023-03-24 13:44:20.564 [main] INFO  com.itmo.eva.EvaApplicationTests - [15, 38, 18, 135, 718, 924]
2023-03-24 13:44:20.586 [main] INFO  com.itmo.eva.EvaApplicationTests - [928, 928]
2023-03-24 13:44:20.606 [main] INFO  com.itmo.eva.EvaApplicationTests - [174, 156, 597, 927]
2023-03-24 13:44:20.624 [main] INFO  com.itmo.eva.EvaApplicationTests - [183, 310, 221, 203, 917]
2023-03-24 13:44:20.641 [main] INFO  com.itmo.eva.EvaApplicationTests - [4, 98, 70, 253, 497, 922]
2023-03-24 13:44:20.656 [main] INFO  com.itmo.eva.EvaApplicationTests - [921, 921]
2023-03-24 13:44:20.676 [main] INFO  com.itmo.eva.EvaApplicationTests - [309, 164, 464, 937]
2023-03-24 13:44:20.695 [main] INFO  com.itmo.eva.EvaApplicationTests - [84, 765, 39, 51, 939]
2023-03-24 13:44:20.715 [main] INFO  com.itmo.eva.EvaApplicationTests - [63, 73, 542, 138, 125, 941]
2023-03-24 13:44:20.733 [main] INFO  com.itmo.eva.EvaApplicationTests - [941, 941]
2023-03-24 13:44:20.977 [main] INFO  com.itmo.eva.EvaApplicationTests - [854, 80, 6, 940]
2023-03-24 13:44:21.002 [main] INFO  com.itmo.eva.EvaApplicationTests - [755, 68, 46, 63, 932]
2023-03-24 13:44:21.029 [main] INFO  com.itmo.eva.EvaApplicationTests - [612, 7, 193, 12, 109, 933]
2023-03-24 13:44:21.058 [main] INFO  com.itmo.eva.EvaApplicationTests - [938, 938]
2023-03-24 13:44:21.076 [main] INFO  com.itmo.eva.EvaApplicationTests - [239, 520, 164, 923]
2023-03-24 13:44:21.096 [main] INFO  com.itmo.eva.EvaApplicationTests - [131, 30, 761, 5, 927]
2023-03-24 13:44:21.345 [main] INFO  com.itmo.eva.EvaApplicationTests - [158, 431, 192, 46, 95, 922]
2023-03-24 13:44:21.369 [main] INFO  com.itmo.eva.EvaApplicationTests - [933, 933]
2023-03-24 13:44:21.389 [main] INFO  com.itmo.eva.EvaApplicationTests - [45, 691, 184, 920]
2023-03-24 13:44:21.409 [main] INFO  com.itmo.eva.EvaApplicationTests - [8, 878, 27, 1, 914]
2023-03-24 13:44:21.427 [main] INFO  com.itmo.eva.EvaApplicationTests - [182, 9, 190, 354, 185, 920]
2023-03-24 13:44:21.447 [main] INFO  com.itmo.eva.EvaApplicationTests - [921, 921]
2023-03-24 13:44:21.467 [main] INFO  com.itmo.eva.EvaApplicationTests - [80, 208, 630, 918]
2023-03-24 13:44:21.485 [main] INFO  com.itmo.eva.EvaApplicationTests - [263, 249, 265, 134, 911]
2023-03-24 13:44:21.502 [main] INFO  com.itmo.eva.EvaApplicationTests - [270, 351, 125, 93, 76, 915]
2023-03-24 13:44:21.519 [main] INFO  com.itmo.eva.EvaApplicationTests - [915, 915]
2023-03-24 13:44:21.538 [main] INFO  com.itmo.eva.EvaApplicationTests - [233, 470, 216, 919]
2023-03-24 13:44:21.557 [main] INFO  com.itmo.eva.EvaApplicationTests - [223, 410, 223, 61, 917]
2023-03-24 13:44:21.576 [main] INFO  com.itmo.eva.EvaApplicationTests - [295, 179, 43, 180, 212, 909]
2023-03-24 13:44:21.594 [main] INFO  com.itmo.eva.EvaApplicationTests - [904, 904]
2023-03-24 13:44:21.612 [main] INFO  com.itmo.eva.EvaApplicationTests - [348, 366, 214, 928]
2023-03-24 13:44:21.631 [main] INFO  com.itmo.eva.EvaApplicationTests - [432, 106, 41, 340, 919]
2023-03-24 13:44:21.649 [main] INFO  com.itmo.eva.EvaApplicationTests - [111, 60, 368, 145, 243, 927]
2023-03-24 13:44:21.669 [main] INFO  com.itmo.eva.EvaApplicationTests - [925, 925]
2023-03-24 13:44:21.690 [main] INFO  com.itmo.eva.EvaApplicationTests - [493, 129, 304, 926]
2023-03-24 13:44:21.709 [main] INFO  com.itmo.eva.EvaApplicationTests - [42, 212, 79, 591, 924]
2023-03-24 13:44:21.739 [main] INFO  com.itmo.eva.EvaApplicationTests - [166, 25, 38, 680, 15, 924]
2023-03-24 13:44:21.762 [main] INFO  com.itmo.eva.EvaApplicationTests - [927, 927]
2023-03-24 13:44:21.783 [main] INFO  com.itmo.eva.EvaApplicationTests - [282, 579, 57, 918]
2023-03-24 13:44:22.027 [main] INFO  com.itmo.eva.EvaApplicationTests - [298, 108, 7, 500, 913]
2023-03-24 13:44:22.064 [main] INFO  com.itmo.eva.EvaApplicationTests - [100, 178, 45, 151, 442, 916]
2023-03-24 13:44:22.317 [main] INFO  com.itmo.eva.EvaApplicationTests - [917, 917]
2023-03-24 13:44:22.340 [main] INFO  com.itmo.eva.EvaApplicationTests - [563, 29, 306, 898]
2023-03-24 13:44:22.359 [main] INFO  com.itmo.eva.EvaApplicationTests - [349, 453, 13, 78, 893]
2023-03-24 13:44:22.380 [main] INFO  com.itmo.eva.EvaApplicationTests - [10, 239, 302, 267, 81, 899]
2023-03-24 13:44:22.401 [main] INFO  com.itmo.eva.EvaApplicationTests - [898, 898]
2023-03-24 13:44:22.421 [main] INFO  com.itmo.eva.EvaApplicationTests - [815, 62, 23, 900]
2023-03-24 13:44:22.443 [main] INFO  com.itmo.eva.EvaApplicationTests - [496, 164, 130, 92, 882]
2023-03-24 13:44:22.463 [main] INFO  com.itmo.eva.EvaApplicationTests - [315, 86, 319, 22, 150, 892]
2023-03-24 13:44:22.482 [main] INFO  com.itmo.eva.EvaApplicationTests - [884, 884]
2023-03-24 13:44:22.725 [main] INFO  com.itmo.eva.EvaApplicationTests - [272, 620, 53, 945]
2023-03-24 13:44:22.741 [main] INFO  com.itmo.eva.EvaApplicationTests - [453, 26, 100, 365, 944]
2023-03-24 13:44:22.758 [main] INFO  com.itmo.eva.EvaApplicationTests - [136, 162, 348, 57, 239, 942]
2023-03-24 13:44:22.775 [main] INFO  com.itmo.eva.EvaApplicationTests - [945, 945]
2023-03-24 13:44:22.792 [main] INFO  com.itmo.eva.EvaApplicationTests - [26, 278, 618, 922]
2023-03-24 13:44:22.810 [main] INFO  com.itmo.eva.EvaApplicationTests - [27, 147, 477, 267, 918]
2023-03-24 13:44:22.827 [main] INFO  com.itmo.eva.EvaApplicationTests - [145, 123, 356, 149, 147, 920]
2023-03-24 13:44:22.843 [main] INFO  com.itmo.eva.EvaApplicationTests - [917, 917]
2023-03-24 13:44:23.097 [main] INFO  com.itmo.eva.EvaApplicationTests - [149, 754, 32, 935]
2023-03-24 13:44:23.494 [main] INFO  com.itmo.eva.EvaApplicationTests - [40, 464, 402, 23, 929]
2023-03-24 13:44:23.528 [main] INFO  com.itmo.eva.EvaApplicationTests - [348, 288, 197, 73, 25, 931]
2023-03-24 13:44:23.549 [main] INFO  com.itmo.eva.EvaApplicationTests - [931, 931]
2023-03-24 13:44:23.585 [main] INFO  com.itmo.eva.EvaApplicationTests - [521, 400, 5, 926]
2023-03-24 13:44:23.609 [main] INFO  com.itmo.eva.EvaApplicationTests - [144, 14, 592, 175, 925]
2023-03-24 13:44:23.629 [main] INFO  com.itmo.eva.EvaApplicationTests - [545, 14, 293, 63, 10, 925]
2023-03-24 13:44:23.650 [main] INFO  com.itmo.eva.EvaApplicationTests - [928, 928]
2023-03-24 13:44:23.672 [main] INFO  com.itmo.eva.EvaApplicationTests - [692, 224, 20, 936]
2023-03-24 13:44:23.693 [main] INFO  com.itmo.eva.EvaApplicationTests - [190, 78, 161, 494, 923]
2023-03-24 13:44:23.714 [main] INFO  com.itmo.eva.EvaApplicationTests - [218, 205, 312, 93, 100, 928]
2023-03-24 13:44:23.733 [main] INFO  com.itmo.eva.EvaApplicationTests - [930, 930]
2023-03-24 13:44:23.752 [main] INFO  com.itmo.eva.EvaApplicationTests - [66, 540, 303, 909]
2023-03-24 13:44:23.772 [main] INFO  com.itmo.eva.EvaApplicationTests - [235, 595, 20, 52, 902]
2023-03-24 13:44:23.793 [main] INFO  com.itmo.eva.EvaApplicationTests - [7, 189, 276, 137, 291, 900]
2023-03-24 13:44:23.811 [main] INFO  com.itmo.eva.EvaApplicationTests - [899, 899]
2023-03-24 13:44:23.830 [main] INFO  com.itmo.eva.EvaApplicationTests - [693, 145, 89, 927]
2023-03-24 13:44:23.849 [main] INFO  com.itmo.eva.EvaApplicationTests - [667, 143, 62, 54, 926]
2023-03-24 13:44:23.867 [main] INFO  com.itmo.eva.EvaApplicationTests - [274, 441, 5, 61, 142, 923]
2023-03-24 13:44:23.885 [main] INFO  com.itmo.eva.EvaApplicationTests - [928, 928]
2023-03-24 13:44:23.906 [main] INFO  com.itmo.eva.EvaApplicationTests - [188, 114, 624, 926]
2023-03-24 13:44:23.925 [main] INFO  com.itmo.eva.EvaApplicationTests - [700, 48, 142, 28, 918]
2023-03-24 13:44:23.944 [main] INFO  com.itmo.eva.EvaApplicationTests - [245, 154, 65, 403, 60, 927]
2023-03-24 13:44:23.965 [main] INFO  com.itmo.eva.EvaApplicationTests - [924, 924]
2023-03-24 13:44:24.514 [main] INFO  com.itmo.eva.EvaApplicationTests - [93, 448, 373, 914]
2023-03-24 13:44:24.763 [main] INFO  com.itmo.eva.EvaApplicationTests - [18, 32, 796, 64, 910]
2023-03-24 13:44:25.011 [main] INFO  com.itmo.eva.EvaApplicationTests - [46, 193, 192, 460, 21, 912]
2023-03-24 13:44:25.030 [main] INFO  com.itmo.eva.EvaApplicationTests - [913, 913]
2023-03-24 13:44:25.055 [main] INFO  com.itmo.eva.EvaApplicationTests - [273, 63, 576, 912]
2023-03-24 13:44:25.302 [main] INFO  com.itmo.eva.EvaApplicationTests - [37, 178, 586, 105, 906]
2023-03-24 13:44:25.325 [main] INFO  com.itmo.eva.EvaApplicationTests - [168, 94, 222, 10, 415, 909]
2023-03-24 13:44:25.345 [main] INFO  com.itmo.eva.EvaApplicationTests - [906, 906]
2023-03-24 13:44:25.364 [main] INFO  com.itmo.eva.EvaApplicationTests - [243, 293, 344, 880]
2023-03-24 13:44:25.383 [main] INFO  com.itmo.eva.EvaApplicationTests - [80, 219, 468, 128, 895]
2023-03-24 13:44:25.400 [main] INFO  com.itmo.eva.EvaApplicationTests - [67, 89, 27, 163, 549, 895]
2023-03-24 13:44:25.417 [main] INFO  com.itmo.eva.EvaApplicationTests - [890, 890]
2023-03-24 13:44:25.965 [main] INFO  com.itmo.eva.EvaApplicationTests - [200, 194, 538, 932]
2023-03-24 13:44:26.209 [main] INFO  com.itmo.eva.EvaApplicationTests - [374, 216, 296, 41, 927]
2023-03-24 13:44:26.229 [main] INFO  com.itmo.eva.EvaApplicationTests - [635, 99, 43, 37, 112, 926]
2023-03-24 13:44:26.475 [main] INFO  com.itmo.eva.EvaApplicationTests - [931, 931]
2023-03-24 13:44:26.500 [main] INFO  com.itmo.eva.EvaApplicationTests - [386, 438, 98, 922]
2023-03-24 13:44:26.531 [main] INFO  com.itmo.eva.EvaApplicationTests - [701, 24, 48, 147, 920]
2023-03-24 13:44:26.552 [main] INFO  com.itmo.eva.EvaApplicationTests - [128, 10, 91, 329, 362, 920]
2023-03-24 13:44:26.570 [main] INFO  com.itmo.eva.EvaApplicationTests - [921, 921]
2023-03-24 13:44:26.589 [main] INFO  com.itmo.eva.EvaApplicationTests - [257, 459, 199, 915]
2023-03-24 13:44:26.607 [main] INFO  com.itmo.eva.EvaApplicationTests - [150, 494, 105, 162, 911]
2023-03-24 13:44:26.625 [main] INFO  com.itmo.eva.EvaApplicationTests - [52, 555, 75, 172, 66, 920]
2023-03-24 13:44:26.643 [main] INFO  com.itmo.eva.EvaApplicationTests - [916, 916]
2023-03-24 13:44:26.660 [main] INFO  com.itmo.eva.EvaApplicationTests - [403, 4, 489, 896]
2023-03-24 13:44:26.678 [main] INFO  com.itmo.eva.EvaApplicationTests - [514, 68, 29, 289, 900]
2023-03-24 13:44:26.698 [main] INFO  com.itmo.eva.EvaApplicationTests - [340, 26, 159, 12, 363, 900]
2023-03-24 13:44:26.716 [main] INFO  com.itmo.eva.EvaApplicationTests - [908, 908]
2023-03-24 13:44:26.734 [main] INFO  com.itmo.eva.EvaApplicationTests - [781, 11, 129, 921]
2023-03-24 13:44:26.752 [main] INFO  com.itmo.eva.EvaApplicationTests - [432, 33, 65, 389, 919]
2023-03-24 13:44:26.996 [main] INFO  com.itmo.eva.EvaApplicationTests - [241, 252, 18, 300, 106, 917]
2023-03-24 13:44:27.018 [main] INFO  com.itmo.eva.EvaApplicationTests - [913, 913]
2023-03-24 13:44:27.269 [main] INFO  com.itmo.eva.EvaApplicationTests - [441, 399, 64, 904]
2023-03-24 13:44:27.515 [main] INFO  com.itmo.eva.EvaApplicationTests - [369, 253, 141, 139, 902]
2023-03-24 13:44:27.536 [main] INFO  com.itmo.eva.EvaApplicationTests - [351, 45, 186, 318, 4, 904]
2023-03-24 13:44:27.832 [main] INFO  com.itmo.eva.EvaApplicationTests - [909, 909]
2023-03-24 13:44:27.851 [main] INFO  com.itmo.eva.EvaApplicationTests - [57, 695, 177, 929]
2023-03-24 13:44:28.006 [main] INFO  com.itmo.eva.EvaApplicationTests - [314, 116, 419, 75, 924]
2023-03-24 13:44:28.027 [main] INFO  com.itmo.eva.EvaApplicationTests - [197, 364, 127, 231, 11, 930]
2023-03-24 13:44:28.045 [main] INFO  com.itmo.eva.EvaApplicationTests - [933, 933]
2023-03-24 13:44:28.065 [main] INFO  com.itmo.eva.EvaApplicationTests - [378, 352, 196, 926]
2023-03-24 13:44:28.081 [main] INFO  com.itmo.eva.EvaApplicationTests - [247, 195, 443, 36, 921]
2023-03-24 13:44:28.099 [main] INFO  com.itmo.eva.EvaApplicationTests - [4, 385, 115, 149, 273, 926]
2023-03-24 13:44:28.119 [main] INFO  com.itmo.eva.EvaApplicationTests - [924, 924]
2023-03-24 13:44:28.137 [main] INFO  com.itmo.eva.EvaApplicationTests - [391, 52, 478, 921]
2023-03-24 13:44:28.157 [main] INFO  com.itmo.eva.EvaApplicationTests - [399, 145, 20, 355, 919]
2023-03-24 13:44:28.181 [main] INFO  com.itmo.eva.EvaApplicationTests - [76, 180, 24, 144, 498, 922]
2023-03-24 13:44:28.199 [main] INFO  com.itmo.eva.EvaApplicationTests - [923, 923]
2023-03-24 13:44:28.220 [main] INFO  com.itmo.eva.EvaApplicationTests - [88, 158, 702, 948]
2023-03-24 13:44:28.238 [main] INFO  com.itmo.eva.EvaApplicationTests - [202, 295, 39, 411, 947]
2023-03-24 13:44:28.257 [main] INFO  com.itmo.eva.EvaApplicationTests - [45, 480, 50, 81, 296, 952]
2023-03-24 13:44:28.274 [main] INFO  com.itmo.eva.EvaApplicationTests - [957, 957]
2023-03-24 13:44:28.293 [main] INFO  com.itmo.eva.EvaApplicationTests - [147, 440, 356, 943]
2023-03-24 13:44:28.314 [main] INFO  com.itmo.eva.EvaApplicationTests - [511, 126, 151, 155, 943]
2023-03-24 13:44:28.331 [main] INFO  com.itmo.eva.EvaApplicationTests - [26, 288, 161, 267, 201, 943]
2023-03-24 13:44:28.349 [main] INFO  com.itmo.eva.EvaApplicationTests - [954, 954]
2023-03-24 13:44:28.368 [main] INFO  com.itmo.eva.EvaApplicationTests - [271, 251, 407, 929]
2023-03-24 13:44:28.385 [main] INFO  com.itmo.eva.EvaApplicationTests - [328, 243, 285, 69, 925]
2023-03-24 13:44:28.403 [main] INFO  com.itmo.eva.EvaApplicationTests - [27, 174, 529, 89, 109, 928]
2023-03-24 13:44:28.421 [main] INFO  com.itmo.eva.EvaApplicationTests - [936, 936]
2023-03-24 13:44:28.438 [main] INFO  com.itmo.eva.EvaApplicationTests - [35, 5, 871, 911]
2023-03-24 13:44:28.681 [main] INFO  com.itmo.eva.EvaApplicationTests - [32, 160, 41, 675, 908]
2023-03-24 13:44:28.701 [main] INFO  com.itmo.eva.EvaApplicationTests - [302, 225, 135, 114, 136, 912]
2023-03-24 13:44:28.945 [main] INFO  com.itmo.eva.EvaApplicationTests - [913, 913]
2023-03-24 13:44:29.315 [main] INFO  com.itmo.eva.EvaApplicationTests - [10, 375, 536, 921]
2023-03-24 13:44:29.338 [main] INFO  com.itmo.eva.EvaApplicationTests - [310, 304, 9, 297, 920]
2023-03-24 13:44:29.361 [main] INFO  com.itmo.eva.EvaApplicationTests - [153, 88, 166, 29, 484, 920]
2023-03-24 13:44:29.383 [main] INFO  com.itmo.eva.EvaApplicationTests - [926, 926]
2023-03-24 13:44:29.405 [main] INFO  com.itmo.eva.EvaApplicationTests - [506, 405, 7, 918]
2023-03-24 13:44:29.667 [main] INFO  com.itmo.eva.EvaApplicationTests - [392, 26, 479, 8, 905]
2023-03-24 13:44:29.947 [main] INFO  com.itmo.eva.EvaApplicationTests - [278, 223, 382, 16, 18, 917]
2023-03-24 13:44:29.967 [main] INFO  com.itmo.eva.EvaApplicationTests - [900, 900]
2023-03-24 13:44:29.985 [main] INFO  com.itmo.eva.EvaApplicationTests - [632, 153, 147, 932]
2023-03-24 13:44:30.005 [main] INFO  com.itmo.eva.EvaApplicationTests - [204, 402, 151, 171, 928]
2023-03-24 13:44:30.030 [main] INFO  com.itmo.eva.EvaApplicationTests - [288, 55, 3, 377, 210, 933]
2023-03-24 13:44:30.050 [main] INFO  com.itmo.eva.EvaApplicationTests - [931, 931]
2023-03-24 13:44:30.068 [main] INFO  com.itmo.eva.EvaApplicationTests - [326, 488, 117, 931]
2023-03-24 13:44:30.087 [main] INFO  com.itmo.eva.EvaApplicationTests - [208, 12, 268, 437, 925]
2023-03-24 13:44:30.106 [main] INFO  com.itmo.eva.EvaApplicationTests - [145, 289, 8, 352, 133, 927]
2023-03-24 13:44:30.122 [main] INFO  com.itmo.eva.EvaApplicationTests - [930, 930]
2023-03-24 13:44:30.148 [main] INFO  com.itmo.eva.EvaApplicationTests - [246, 12, 694, 952]
2023-03-24 13:44:30.166 [main] INFO  com.itmo.eva.EvaApplicationTests - [20, 233, 511, 190, 954]
2023-03-24 13:44:30.183 [main] INFO  com.itmo.eva.EvaApplicationTests - [89, 376, 6, 356, 130, 957]
2023-03-24 13:44:30.200 [main] INFO  com.itmo.eva.EvaApplicationTests - [949, 949]
2023-03-24 13:44:30.218 [main] INFO  com.itmo.eva.EvaApplicationTests - [158, 325, 443, 926]
2023-03-24 13:44:30.237 [main] INFO  com.itmo.eva.EvaApplicationTests - [129, 135, 8, 644, 916]
2023-03-24 13:44:30.255 [main] INFO  com.itmo.eva.EvaApplicationTests - [130, 131, 52, 611, 2, 926]
2023-03-24 13:44:30.273 [main] INFO  com.itmo.eva.EvaApplicationTests - [927, 927]
2023-03-24 13:44:30.522 [main] INFO  com.itmo.eva.EvaApplicationTests - [314, 253, 353, 920]
2023-03-24 13:44:30.546 [main] INFO  com.itmo.eva.EvaApplicationTests - [15, 265, 391, 241, 912]
2023-03-24 13:44:30.568 [main] INFO  com.itmo.eva.EvaApplicationTests - [111, 260, 37, 330, 183, 921]
2023-03-24 13:44:30.589 [main] INFO  com.itmo.eva.EvaApplicationTests - [917, 917]
2023-03-24 13:44:30.610 [main] INFO  com.itmo.eva.EvaApplicationTests - [301, 588, 45, 934]
2023-03-24 13:44:30.629 [main] INFO  com.itmo.eva.EvaApplicationTests - [234, 120, 144, 426, 924]
2023-03-24 13:44:30.873 [main] INFO  com.itmo.eva.EvaApplicationTests - [116, 136, 322, 146, 207, 927]
2023-03-24 13:44:30.895 [main] INFO  com.itmo.eva.EvaApplicationTests - [929, 929]
2023-03-24 13:44:30.920 [SpringApplicationShutdownHook] INFO  com.zaxxer.hikari.HikariDataSource - HikariPool-1 - Shutdown initiated...
2023-03-24 13:44:40.927 [SpringApplicationShutdownHook] INFO  com.zaxxer.hikari.HikariDataSource - HikariPool-1 - Shutdown completed.
