2023-02-09 12:15:12.738 [main] WARN  c.b.mybatisplus.core.injector.DefaultSqlInjector - class com.itmo.eva.model.entity.Redline ,Not found @TableId annotation, Cannot use Mybatis-Plus 'xxById' Method.
2023-02-09 12:15:55.847 [restartedMain] WARN  c.b.mybatisplus.core.injector.DefaultSqlInjector - class com.itmo.eva.model.entity.Redline ,Not found @TableId annotation, Cannot use Mybatis-Plus 'xxById' Method.
2023-02-09 12:16:13.245 [restartedMain] WARN  c.b.mybatisplus.core.injector.DefaultSqlInjector - class com.itmo.eva.model.entity.Redline ,Not found @TableId annotation, Cannot use Mybatis-Plus 'xxById' Method.
2023-02-09 12:19:06.878 [restartedMain] WARN  c.b.mybatisplus.core.injector.DefaultSqlInjector - class com.itmo.eva.model.entity.Redline ,Not found @TableId annotation, Cannot use Mybatis-Plus 'xxById' Method.
2023-02-09 12:26:30.460 [restartedMain] WARN  c.b.mybatisplus.core.injector.DefaultSqlInjector - class com.itmo.eva.model.entity.Redline ,Not found @TableId annotation, Cannot use Mybatis-Plus 'xxById' Method.
2023-02-09 12:27:32.811 [restartedMain] WARN  c.b.mybatisplus.core.injector.DefaultSqlInjector - class com.itmo.eva.model.entity.Redline ,Not found @TableId annotation, Cannot use Mybatis-Plus 'xxById' Method.
2023-02-09 12:44:33.081 [restartedMain] WARN  c.b.mybatisplus.core.injector.DefaultSqlInjector - class com.itmo.eva.model.entity.Redline ,Not found @TableId annotation, Cannot use Mybatis-Plus 'xxById' Method.
2023-02-09 12:55:10.933 [restartedMain] WARN  c.b.mybatisplus.core.injector.DefaultSqlInjector - class com.itmo.eva.model.entity.Redline ,Not found @TableId annotation, Cannot use Mybatis-Plus 'xxById' Method.
2023-02-09 12:55:41.741 [http-nio-8080-exec-2] WARN  o.s.w.s.m.m.a.ExceptionHandlerExceptionResolver - Resolved [com.itmo.eva.exception.BusinessException: 请求数据不存在]
2023-02-09 12:57:55.011 [main] WARN  c.b.mybatisplus.core.injector.DefaultSqlInjector - class com.itmo.eva.model.entity.Redline ,Not found @TableId annotation, Cannot use Mybatis-Plus 'xxById' Method.
2023-02-09 13:03:24.207 [restartedMain] WARN  c.b.mybatisplus.core.injector.DefaultSqlInjector - class com.itmo.eva.model.entity.Redline ,Not found @TableId annotation, Cannot use Mybatis-Plus 'xxById' Method.
2023-02-09 13:03:31.808 [restartedMain] WARN  c.b.mybatisplus.core.injector.DefaultSqlInjector - class com.itmo.eva.model.entity.Redline ,Not found @TableId annotation, Cannot use Mybatis-Plus 'xxById' Method.
2023-02-09 13:04:02.848 [http-nio-8080-exec-3] WARN  o.s.w.s.m.m.a.ExceptionHandlerExceptionResolver - Resolved [org.springframework.http.converter.HttpMessageNotReadableException: Required request body is missing: public void com.itmo.eva.controller.EvaluateController.exportUndoneStudentExcel(com.itmo.eva.model.dto.evaluate.EvaluateIdRequest,javax.servlet.http.HttpServletResponse)]
2023-02-09 13:04:18.641 [http-nio-8080-exec-4] WARN  o.s.w.s.m.support.DefaultHandlerExceptionResolver - Resolved [org.springframework.web.HttpMediaTypeNotSupportedException: Content type 'text/plain;charset=UTF-8' not supported]
2023-02-09 13:04:36.527 [http-nio-8080-exec-5] WARN  o.s.w.s.m.support.DefaultHandlerExceptionResolver - Resolved [org.springframework.web.HttpMediaTypeNotSupportedException: Content type 'text/plain;charset=UTF-8' not supported]
2023-02-09 13:05:54.166 [restartedMain] WARN  c.b.mybatisplus.core.injector.DefaultSqlInjector - class com.itmo.eva.model.entity.Redline ,Not found @TableId annotation, Cannot use Mybatis-Plus 'xxById' Method.
2023-02-09 13:06:00.848 [http-nio-8080-exec-2] WARN  o.s.w.s.m.support.DefaultHandlerExceptionResolver - Resolved [org.springframework.web.HttpMediaTypeNotSupportedException: Content type 'text/plain;charset=UTF-8' not supported]
2023-02-09 13:11:13.285 [restartedMain] WARN  c.b.mybatisplus.core.injector.DefaultSqlInjector - class com.itmo.eva.model.entity.Redline ,Not found @TableId annotation, Cannot use Mybatis-Plus 'xxById' Method.
2023-02-09 13:16:34.046 [restartedMain] WARN  c.b.mybatisplus.core.injector.DefaultSqlInjector - class com.itmo.eva.model.entity.Redline ,Not found @TableId annotation, Cannot use Mybatis-Plus 'xxById' Method.
2023-02-09 13:17:34.981 [http-nio-8080-exec-4] WARN  o.s.w.s.m.support.DefaultHandlerExceptionResolver - Resolved [org.springframework.web.HttpMediaTypeNotSupportedException: Content type 'text/plain;charset=UTF-8' not supported]
2023-02-09 13:35:20.953 [http-nio-8080-exec-7] WARN  o.s.w.s.m.m.a.ExceptionHandlerExceptionResolver - Resolved [org.springframework.web.multipart.MultipartException: Current request is not a multipart request]
2023-02-09 13:35:49.466 [http-nio-8080-exec-9] WARN  com.zaxxer.hikari.pool.PoolBase - HikariPool-1 - Failed to validate connection com.mysql.cj.jdbc.ConnectionImpl@5f344b28 (No operations allowed after connection closed.). Possibly consider using a shorter maxLifetime value.
2023-02-09 13:36:03.132 [restartedMain] WARN  c.b.mybatisplus.core.injector.DefaultSqlInjector - class com.itmo.eva.model.entity.Redline ,Not found @TableId annotation, Cannot use Mybatis-Plus 'xxById' Method.
2023-02-09 13:36:11.642 [http-nio-8080-exec-1] WARN  o.s.w.s.m.m.a.ExceptionHandlerExceptionResolver - Resolved [java.lang.IllegalStateException: Cannot get a STRING value from a NUMERIC cell]
2023-02-09 13:40:03.726 [restartedMain] WARN  c.b.mybatisplus.core.injector.DefaultSqlInjector - class com.itmo.eva.model.entity.Redline ,Not found @TableId annotation, Cannot use Mybatis-Plus 'xxById' Method.
2023-02-09 13:40:13.230 [http-nio-8080-exec-1] WARN  o.s.w.s.m.m.a.ExceptionHandlerExceptionResolver - Resolved [com.itmo.eva.exception.BusinessException: 保存文件失败！]
2023-02-09 13:50:53.059 [restartedMain] WARN  c.b.mybatisplus.core.injector.DefaultSqlInjector - class com.itmo.eva.model.entity.Redline ,Not found @TableId annotation, Cannot use Mybatis-Plus 'xxById' Method.
2023-02-09 13:52:45.299 [restartedMain] WARN  c.b.mybatisplus.core.injector.DefaultSqlInjector - class com.itmo.eva.model.entity.Redline ,Not found @TableId annotation, Cannot use Mybatis-Plus 'xxById' Method.
2023-02-09 13:54:44.082 [http-nio-8080-exec-4] WARN  o.s.w.s.m.support.DefaultHandlerExceptionResolver - Resolved [org.springframework.web.HttpMediaTypeNotSupportedException: Content type 'text/plain;charset=UTF-8' not supported]
2023-02-09 13:55:02.864 [http-nio-8080-exec-5] WARN  o.s.w.s.m.support.DefaultHandlerExceptionResolver - Resolved [org.springframework.web.HttpMediaTypeNotSupportedException: Content type 'text/plain;charset=UTF-8' not supported]
2023-02-09 13:56:29.395 [http-nio-8080-exec-9] WARN  o.s.w.s.m.support.DefaultHandlerExceptionResolver - Resolved [org.springframework.web.HttpMediaTypeNotSupportedException: Content type 'text/plain;charset=UTF-8' not supported]
2023-02-09 13:57:32.730 [http-nio-8080-exec-1] WARN  o.s.w.s.m.support.DefaultHandlerExceptionResolver - Resolved [org.springframework.web.HttpRequestMethodNotSupportedException: Request method 'GET' not supported]
2023-02-09 13:58:49.975 [restartedMain] WARN  c.b.mybatisplus.core.injector.DefaultSqlInjector - class com.itmo.eva.model.entity.Redline ,Not found @TableId annotation, Cannot use Mybatis-Plus 'xxById' Method.
2023-02-09 13:58:54.884 [http-nio-8080-exec-1] WARN  o.s.w.s.m.support.DefaultHandlerExceptionResolver - Resolved [org.springframework.web.HttpRequestMethodNotSupportedException: Request method 'GET' not supported]
2023-02-09 13:59:36.936 [http-nio-8080-exec-2] WARN  o.s.w.s.m.support.DefaultHandlerExceptionResolver - Resolved [org.springframework.web.HttpRequestMethodNotSupportedException: Request method 'GET' not supported]
2023-02-09 14:02:02.692 [restartedMain] WARN  c.b.mybatisplus.core.injector.DefaultSqlInjector - class com.itmo.eva.model.entity.Redline ,Not found @TableId annotation, Cannot use Mybatis-Plus 'xxById' Method.
2023-02-09 14:02:41.556 [restartedMain] WARN  c.b.mybatisplus.core.injector.DefaultSqlInjector - class com.itmo.eva.model.entity.Redline ,Not found @TableId annotation, Cannot use Mybatis-Plus 'xxById' Method.
2023-02-09 14:05:03.873 [restartedMain] WARN  c.b.mybatisplus.core.injector.DefaultSqlInjector - class com.itmo.eva.model.entity.Redline ,Not found @TableId annotation, Cannot use Mybatis-Plus 'xxById' Method.
2023-02-09 14:05:44.834 [restartedMain] WARN  c.b.mybatisplus.core.injector.DefaultSqlInjector - class com.itmo.eva.model.entity.Redline ,Not found @TableId annotation, Cannot use Mybatis-Plus 'xxById' Method.
2023-02-09 14:09:59.273 [restartedMain] WARN  c.b.mybatisplus.core.injector.DefaultSqlInjector - class com.itmo.eva.model.entity.Redline ,Not found @TableId annotation, Cannot use Mybatis-Plus 'xxById' Method.
2023-02-09 14:11:36.046 [restartedMain] WARN  c.b.mybatisplus.core.injector.DefaultSqlInjector - class com.itmo.eva.model.entity.Redline ,Not found @TableId annotation, Cannot use Mybatis-Plus 'xxById' Method.
2023-02-09 14:16:40.281 [restartedMain] WARN  c.b.mybatisplus.core.injector.DefaultSqlInjector - class com.itmo.eva.model.entity.Redline ,Not found @TableId annotation, Cannot use Mybatis-Plus 'xxById' Method.
2023-02-09 14:18:12.976 [restartedMain] WARN  c.b.mybatisplus.core.injector.DefaultSqlInjector - class com.itmo.eva.model.entity.Redline ,Not found @TableId annotation, Cannot use Mybatis-Plus 'xxById' Method.
2023-02-09 14:18:21.874 [restartedMain] WARN  c.b.mybatisplus.core.injector.DefaultSqlInjector - class com.itmo.eva.model.entity.Redline ,Not found @TableId annotation, Cannot use Mybatis-Plus 'xxById' Method.
2023-02-09 14:21:20.588 [restartedMain] WARN  c.b.mybatisplus.core.injector.DefaultSqlInjector - class com.itmo.eva.model.entity.Redline ,Not found @TableId annotation, Cannot use Mybatis-Plus 'xxById' Method.
2023-02-09 14:23:00.941 [restartedMain] WARN  c.b.mybatisplus.core.injector.DefaultSqlInjector - class com.itmo.eva.model.entity.Redline ,Not found @TableId annotation, Cannot use Mybatis-Plus 'xxById' Method.
2023-02-09 14:23:52.528 [restartedMain] WARN  c.b.mybatisplus.core.injector.DefaultSqlInjector - class com.itmo.eva.model.entity.Redline ,Not found @TableId annotation, Cannot use Mybatis-Plus 'xxById' Method.
2023-02-09 14:24:36.450 [restartedMain] WARN  c.b.mybatisplus.core.injector.DefaultSqlInjector - class com.itmo.eva.model.entity.Redline ,Not found @TableId annotation, Cannot use Mybatis-Plus 'xxById' Method.
2023-02-09 14:24:55.244 [restartedMain] WARN  c.b.mybatisplus.core.injector.DefaultSqlInjector - class com.itmo.eva.model.entity.Redline ,Not found @TableId annotation, Cannot use Mybatis-Plus 'xxById' Method.
2023-02-09 14:26:44.249 [restartedMain] WARN  c.b.mybatisplus.core.injector.DefaultSqlInjector - class com.itmo.eva.model.entity.Redline ,Not found @TableId annotation, Cannot use Mybatis-Plus 'xxById' Method.
2023-02-09 14:29:52.848 [restartedMain] WARN  c.b.mybatisplus.core.injector.DefaultSqlInjector - class com.itmo.eva.model.entity.Redline ,Not found @TableId annotation, Cannot use Mybatis-Plus 'xxById' Method.
2023-02-09 14:31:20.018 [restartedMain] WARN  c.b.mybatisplus.core.injector.DefaultSqlInjector - class com.itmo.eva.model.entity.Redline ,Not found @TableId annotation, Cannot use Mybatis-Plus 'xxById' Method.
2023-02-09 14:32:56.396 [restartedMain] WARN  c.b.mybatisplus.core.injector.DefaultSqlInjector - class com.itmo.eva.model.entity.Redline ,Not found @TableId annotation, Cannot use Mybatis-Plus 'xxById' Method.
2023-02-09 14:36:09.728 [restartedMain] WARN  c.b.mybatisplus.core.injector.DefaultSqlInjector - class com.itmo.eva.model.entity.Redline ,Not found @TableId annotation, Cannot use Mybatis-Plus 'xxById' Method.
2023-02-09 14:36:21.772 [restartedMain] WARN  c.b.mybatisplus.core.injector.DefaultSqlInjector - class com.itmo.eva.model.entity.Redline ,Not found @TableId annotation, Cannot use Mybatis-Plus 'xxById' Method.
2023-02-09 14:36:48.706 [http-nio-8080-exec-1] WARN  o.s.w.s.m.support.DefaultHandlerExceptionResolver - Resolved [org.springframework.web.HttpRequestMethodNotSupportedException: Request method 'GET' not supported]
2023-02-09 14:37:35.073 [restartedMain] WARN  c.b.mybatisplus.core.injector.DefaultSqlInjector - class com.itmo.eva.model.entity.Redline ,Not found @TableId annotation, Cannot use Mybatis-Plus 'xxById' Method.
2023-02-09 14:38:28.854 [restartedMain] WARN  c.b.mybatisplus.core.injector.DefaultSqlInjector - class com.itmo.eva.model.entity.Redline ,Not found @TableId annotation, Cannot use Mybatis-Plus 'xxById' Method.
2023-02-09 15:13:23.832 [restartedMain] WARN  c.b.mybatisplus.core.injector.DefaultSqlInjector - class com.itmo.eva.model.entity.Redline ,Not found @TableId annotation, Cannot use Mybatis-Plus 'xxById' Method.
2023-02-09 15:13:41.729 [http-nio-8080-exec-1] WARN  o.s.w.s.m.m.a.ExceptionHandlerExceptionResolver - Resolved [org.springframework.http.converter.HttpMessageConversionException: Type definition error: [simple type, class com.itmo.eva.model.vo.classes.ComputerClass]; nested exception is com.fasterxml.jackson.databind.exc.InvalidDefinitionException: No serializer found for class com.itmo.eva.model.vo.classes.ComputerClass and no properties discovered to create BeanSerializer (to avoid exception, disable SerializationFeature.FAIL_ON_EMPTY_BEANS) (through reference chain: com.itmo.eva.common.BaseResponse["data"]->com.itmo.eva.model.vo.classes.ClassVo["computerClass"]->java.util.ArrayList[0])]
2023-02-09 15:14:36.242 [http-nio-8080-exec-3] WARN  o.s.w.s.m.m.a.ExceptionHandlerExceptionResolver - Resolved [org.springframework.http.converter.HttpMessageConversionException: Type definition error: [simple type, class com.itmo.eva.model.vo.classes.ComputerClass]; nested exception is com.fasterxml.jackson.databind.exc.InvalidDefinitionException: No serializer found for class com.itmo.eva.model.vo.classes.ComputerClass and no properties discovered to create BeanSerializer (to avoid exception, disable SerializationFeature.FAIL_ON_EMPTY_BEANS) (through reference chain: com.itmo.eva.common.BaseResponse["data"]->com.itmo.eva.model.vo.classes.ClassVo["computerClass"]->java.util.ArrayList[0])]
2023-02-09 15:15:17.510 [http-nio-8080-exec-4] WARN  o.s.w.s.m.m.a.ExceptionHandlerExceptionResolver - Resolved [org.springframework.http.converter.HttpMessageConversionException: Type definition error: [simple type, class com.itmo.eva.model.vo.classes.ComputerClass]; nested exception is com.fasterxml.jackson.databind.exc.InvalidDefinitionException: No serializer found for class com.itmo.eva.model.vo.classes.ComputerClass and no properties discovered to create BeanSerializer (to avoid exception, disable SerializationFeature.FAIL_ON_EMPTY_BEANS) (through reference chain: com.itmo.eva.common.BaseResponse["data"]->com.itmo.eva.model.vo.classes.ClassVo["computerClass"]->java.util.ArrayList[0])]
2023-02-09 15:15:46.533 [http-nio-8080-exec-5] WARN  o.s.w.s.m.m.a.ExceptionHandlerExceptionResolver - Resolved [org.springframework.http.converter.HttpMessageConversionException: Type definition error: [simple type, class com.itmo.eva.model.vo.classes.ComputerClass]; nested exception is com.fasterxml.jackson.databind.exc.InvalidDefinitionException: No serializer found for class com.itmo.eva.model.vo.classes.ComputerClass and no properties discovered to create BeanSerializer (to avoid exception, disable SerializationFeature.FAIL_ON_EMPTY_BEANS) (through reference chain: com.itmo.eva.common.BaseResponse["data"]->com.itmo.eva.model.vo.classes.ClassVo["computerClass"]->java.util.ArrayList[0])]
2023-02-09 15:15:54.929 [restartedMain] WARN  c.b.mybatisplus.core.injector.DefaultSqlInjector - class com.itmo.eva.model.entity.Redline ,Not found @TableId annotation, Cannot use Mybatis-Plus 'xxById' Method.
2023-02-09 15:16:02.284 [http-nio-8080-exec-2] WARN  o.s.w.s.m.m.a.ExceptionHandlerExceptionResolver - Resolved [org.springframework.http.converter.HttpMessageConversionException: Type definition error: [simple type, class com.itmo.eva.model.vo.classes.ComputerClass]; nested exception is com.fasterxml.jackson.databind.exc.InvalidDefinitionException: No serializer found for class com.itmo.eva.model.vo.classes.ComputerClass and no properties discovered to create BeanSerializer (to avoid exception, disable SerializationFeature.FAIL_ON_EMPTY_BEANS) (through reference chain: com.itmo.eva.common.BaseResponse["data"]->com.itmo.eva.model.vo.classes.ClassVo["computerClass"]->java.util.ArrayList[0])]
2023-02-09 15:17:08.892 [restartedMain] WARN  c.b.mybatisplus.core.injector.DefaultSqlInjector - class com.itmo.eva.model.entity.Redline ,Not found @TableId annotation, Cannot use Mybatis-Plus 'xxById' Method.
2023-02-09 15:20:37.759 [restartedMain] WARN  c.b.mybatisplus.core.injector.DefaultSqlInjector - class com.itmo.eva.model.entity.Redline ,Not found @TableId annotation, Cannot use Mybatis-Plus 'xxById' Method.
2023-02-09 15:22:29.314 [restartedMain] WARN  c.b.mybatisplus.core.injector.DefaultSqlInjector - class com.itmo.eva.model.entity.Redline ,Not found @TableId annotation, Cannot use Mybatis-Plus 'xxById' Method.
2023-02-09 15:23:19.189 [http-nio-8080-exec-5] WARN  o.s.w.s.m.m.a.ExceptionHandlerExceptionResolver - Resolved [org.springframework.http.converter.HttpMessageNotReadableException: Required request body is missing: public com.itmo.eva.common.BaseResponse<com.itmo.eva.model.vo.StudentVo> com.itmo.eva.controller.StudentController.getStudentById(com.itmo.eva.common.IdRequest)]
2023-02-09 15:29:46.303 [restartedMain] WARN  c.b.mybatisplus.core.injector.DefaultSqlInjector - class com.itmo.eva.model.entity.Redline ,Not found @TableId annotation, Cannot use Mybatis-Plus 'xxById' Method.
2023-02-09 15:32:59.900 [restartedMain] WARN  c.b.mybatisplus.core.injector.DefaultSqlInjector - class com.itmo.eva.model.entity.Redline ,Not found @TableId annotation, Cannot use Mybatis-Plus 'xxById' Method.
2023-02-09 15:35:59.732 [http-nio-8080-exec-6] WARN  o.s.w.s.m.m.a.ExceptionHandlerExceptionResolver - Resolved [com.itmo.eva.exception.BusinessException: 数据含空]
2023-02-09 15:36:51.737 [http-nio-8080-exec-9] WARN  o.s.w.s.m.m.a.ExceptionHandlerExceptionResolver - Resolved [com.itmo.eva.exception.BusinessException: 数据含空]
2023-02-09 15:37:20.504 [restartedMain] WARN  c.b.mybatisplus.core.injector.DefaultSqlInjector - class com.itmo.eva.model.entity.Redline ,Not found @TableId annotation, Cannot use Mybatis-Plus 'xxById' Method.
2023-02-09 15:51:10.074 [restartedMain] WARN  c.b.mybatisplus.core.injector.DefaultSqlInjector - class com.itmo.eva.model.entity.Redline ,Not found @TableId annotation, Cannot use Mybatis-Plus 'xxById' Method.
2023-02-09 15:51:45.973 [restartedMain] WARN  c.b.mybatisplus.core.injector.DefaultSqlInjector - class com.itmo.eva.model.entity.Redline ,Not found @TableId annotation, Cannot use Mybatis-Plus 'xxById' Method.
2023-02-09 15:52:08.930 [restartedMain] WARN  c.b.mybatisplus.core.injector.DefaultSqlInjector - class com.itmo.eva.model.entity.Redline ,Not found @TableId annotation, Cannot use Mybatis-Plus 'xxById' Method.
2023-02-09 15:53:37.245 [restartedMain] WARN  c.b.mybatisplus.core.injector.DefaultSqlInjector - class com.itmo.eva.model.entity.Redline ,Not found @TableId annotation, Cannot use Mybatis-Plus 'xxById' Method.
2023-02-09 15:53:51.737 [http-nio-8080-exec-5] WARN  o.s.w.s.m.m.a.ExceptionHandlerExceptionResolver - Resolved [com.itmo.eva.exception.BusinessException: 课程信息已存在]
2023-02-09 16:13:15.994 [restartedMain] WARN  c.b.mybatisplus.core.injector.DefaultSqlInjector - class com.itmo.eva.model.entity.Redline ,Not found @TableId annotation, Cannot use Mybatis-Plus 'xxById' Method.
2023-02-09 19:35:26.555 [restartedMain] WARN  c.b.mybatisplus.core.injector.DefaultSqlInjector - class com.itmo.eva.model.entity.Redline ,Not found @TableId annotation, Cannot use Mybatis-Plus 'xxById' Method.
2023-02-09 19:37:04.772 [restartedMain] WARN  c.b.mybatisplus.core.injector.DefaultSqlInjector - class com.itmo.eva.model.entity.Redline ,Not found @TableId annotation, Cannot use Mybatis-Plus 'xxById' Method.
2023-02-09 20:44:13.718 [restartedMain] WARN  c.b.mybatisplus.core.injector.DefaultSqlInjector - class com.itmo.eva.model.entity.Redline ,Not found @TableId annotation, Cannot use Mybatis-Plus 'xxById' Method.
2023-02-09 20:44:14.314 [restartedMain] WARN  o.s.b.d.autoconfigure.OptionalLiveReloadServer - Unable to start LiveReload server
2023-02-09 20:44:14.465 [restartedMain] WARN  o.s.b.w.s.c.AnnotationConfigServletWebServerApplicationContext - Exception encountered during context initialization - cancelling refresh attempt: org.springframework.context.ApplicationContextException: Failed to start bean 'webServerStartStop'; nested exception is org.springframework.boot.web.server.PortInUseException: Port 8080 is already in use
2023-02-09 20:44:33.324 [restartedMain] WARN  c.b.mybatisplus.core.injector.DefaultSqlInjector - class com.itmo.eva.model.entity.Redline ,Not found @TableId annotation, Cannot use Mybatis-Plus 'xxById' Method.
2023-02-09 20:47:38.370 [restartedMain] WARN  o.s.b.w.s.c.AnnotationConfigServletWebServerApplicationContext - Exception encountered during context initialization - cancelling refresh attempt: org.springframework.beans.factory.BeanCreationException: Error creating bean with name 'adminController': Injection of resource dependencies failed; nested exception is org.springframework.beans.factory.NoSuchBeanDefinitionException: No qualifying bean of type 'com.itmo.eva.service.AdminService' available: expected at least 1 bean which qualifies as autowire candidate. Dependency annotations: {@javax.annotation.Resource(shareable=true, lookup=, name=, description=, authenticationType=CONTAINER, type=class java.lang.Object, mappedName=)}
2023-02-09 21:05:22.019 [restartedMain] WARN  c.b.mybatisplus.core.injector.DefaultSqlInjector - class com.itmo.eva.model.entity.Redline ,Not found @TableId annotation, Cannot use Mybatis-Plus 'xxById' Method.
2023-02-09 21:07:41.427 [restartedMain] WARN  c.b.mybatisplus.core.injector.DefaultSqlInjector - class com.itmo.eva.model.entity.Redline ,Not found @TableId annotation, Cannot use Mybatis-Plus 'xxById' Method.
2023-02-09 21:12:26.116 [restartedMain] WARN  c.b.mybatisplus.core.injector.DefaultSqlInjector - class com.itmo.eva.model.entity.Redline ,Not found @TableId annotation, Cannot use Mybatis-Plus 'xxById' Method.
2023-02-09 21:12:35.165 [http-nio-8080-exec-1] WARN  o.s.w.s.m.m.a.ExceptionHandlerExceptionResolver - Resolved [com.itmo.eva.exception.BusinessException: 该课程下已经有该教师]
2023-02-09 21:13:16.819 [restartedMain] WARN  o.s.b.w.s.c.AnnotationConfigServletWebServerApplicationContext - Exception encountered during context initialization - cancelling refresh attempt: org.springframework.beans.factory.BeanCreationException: Error creating bean with name 'sqlSessionFactory' defined in class path resource [com/baomidou/mybatisplus/autoconfigure/MybatisPlusAutoConfiguration.class]: Bean instantiation via factory method failed; nested exception is org.springframework.beans.BeanInstantiationException: Failed to instantiate [org.apache.ibatis.session.SqlSessionFactory]: Factory method 'sqlSessionFactory' threw exception; nested exception is org.springframework.core.NestedIOException: Failed to parse mapping resource: 'file [/Users/chenjiahan/项目开发/教学评价系统（管理员端重写）/eva/target/classes/mapper/EmailHistoryMapper.xml]'; nested exception is org.apache.ibatis.builder.BuilderException: Error parsing Mapper XML. The XML location is 'file [/Users/chenjiahan/项目开发/教学评价系统（管理员端重写）/eva/target/classes/mapper/EmailHistoryMapper.xml]'. Cause: org.apache.ibatis.builder.BuilderException: Error resolving class. Cause: org.apache.ibatis.type.TypeException: Could not resolve type alias 'com.itmo.eva.model.entity.EmailHistory'.  Cause: java.lang.ClassNotFoundException: Cannot find class: com.itmo.eva.model.entity.EmailHistory
