2023-03-25 12:01:34.113 [main] INFO  com.itmo.eva.EvaApplicationTests - Starting EvaApplicationTests using Java 1.8.0_362 on chenjiahandeMacBook-Pro-2.local with PID 87156 (started by chenjiahan in /Users/chenjiahan/项目开发/教学评价系统（管理员端重写）/eva)
2023-03-25 12:01:34.114 [main] INFO  com.itmo.eva.EvaApplicationTests - No active profile set, falling back to 1 default profile: "default"
2023-03-25 12:01:36.766 [main] INFO  com.itmo.eva.EvaApplicationTests - Started EvaApplicationTests in 2.88 seconds (JVM running for 3.435)
2023-03-25 12:01:37.299 [main] INFO  com.zaxxer.hikari.HikariDataSource - HikariPool-1 - Starting...
2023-03-25 12:01:40.689 [main] INFO  com.zaxxer.hikari.HikariDataSource - HikariPool-1 - Start completed.
2023-03-25 12:01:40.879 [main] INFO  com.itmo.eva.EvaApplicationTests - [379, 378, 170, 927]
2023-03-25 12:01:40.893 [main] INFO  com.itmo.eva.EvaApplicationTests - [17, 268, 412, 233, 930]
2023-03-25 12:01:40.908 [main] INFO  com.itmo.eva.EvaApplicationTests - [101, 68, 23, 697, 35, 924]
2023-03-25 12:01:40.922 [main] INFO  com.itmo.eva.EvaApplicationTests - [928, 928]
2023-03-25 12:01:40.938 [main] INFO  com.itmo.eva.EvaApplicationTests - [177, 156, 594, 927]
2023-03-25 12:01:40.952 [main] INFO  com.itmo.eva.EvaApplicationTests - [188, 242, 243, 244, 917]
2023-03-25 12:01:40.966 [main] INFO  com.itmo.eva.EvaApplicationTests - [137, 10, 112, 538, 125, 922]
2023-03-25 12:01:40.979 [main] INFO  com.itmo.eva.EvaApplicationTests - [921, 921]
2023-03-25 12:01:40.993 [main] INFO  com.itmo.eva.EvaApplicationTests - [66, 652, 219, 937]
2023-03-25 12:01:41.007 [main] INFO  com.itmo.eva.EvaApplicationTests - [103, 471, 86, 279, 939]
2023-03-25 12:01:41.020 [main] INFO  com.itmo.eva.EvaApplicationTests - [87, 326, 168, 117, 243, 941]
2023-03-25 12:01:41.033 [main] INFO  com.itmo.eva.EvaApplicationTests - [941, 941]
2023-03-25 12:01:41.047 [main] INFO  com.itmo.eva.EvaApplicationTests - [661, 2, 277, 940]
2023-03-25 12:01:41.060 [main] INFO  com.itmo.eva.EvaApplicationTests - [569, 10, 321, 32, 932]
2023-03-25 12:01:41.073 [main] INFO  com.itmo.eva.EvaApplicationTests - [619, 177, 56, 74, 7, 933]
2023-03-25 12:01:41.086 [main] INFO  com.itmo.eva.EvaApplicationTests - [938, 938]
2023-03-25 12:01:41.099 [main] INFO  com.itmo.eva.EvaApplicationTests - [271, 349, 303, 923]
2023-03-25 12:01:41.112 [main] INFO  com.itmo.eva.EvaApplicationTests - [321, 371, 195, 40, 927]
2023-03-25 12:01:41.125 [main] INFO  com.itmo.eva.EvaApplicationTests - [210, 172, 191, 60, 289, 922]
2023-03-25 12:01:41.138 [main] INFO  com.itmo.eva.EvaApplicationTests - [933, 933]
2023-03-25 12:01:41.151 [main] INFO  com.itmo.eva.EvaApplicationTests - [460, 397, 63, 920]
2023-03-25 12:01:41.165 [main] INFO  com.itmo.eva.EvaApplicationTests - [224, 229, 25, 436, 914]
2023-03-25 12:01:41.178 [main] INFO  com.itmo.eva.EvaApplicationTests - [99, 83, 44, 394, 300, 920]
2023-03-25 12:01:41.192 [main] INFO  com.itmo.eva.EvaApplicationTests - [921, 921]
2023-03-25 12:01:41.205 [main] INFO  com.itmo.eva.EvaApplicationTests - [78, 169, 671, 918]
2023-03-25 12:01:41.218 [main] INFO  com.itmo.eva.EvaApplicationTests - [452, 136, 199, 124, 911]
2023-03-25 12:01:41.231 [main] INFO  com.itmo.eva.EvaApplicationTests - [138, 330, 48, 262, 137, 915]
2023-03-25 12:01:41.244 [main] INFO  com.itmo.eva.EvaApplicationTests - [915, 915]
2023-03-25 12:01:41.257 [main] INFO  com.itmo.eva.EvaApplicationTests - [360, 531, 28, 919]
2023-03-25 12:01:41.271 [main] INFO  com.itmo.eva.EvaApplicationTests - [186, 75, 384, 272, 917]
2023-03-25 12:01:41.284 [main] INFO  com.itmo.eva.EvaApplicationTests - [163, 196, 268, 170, 112, 909]
2023-03-25 12:01:41.297 [main] INFO  com.itmo.eva.EvaApplicationTests - [904, 904]
2023-03-25 12:01:41.312 [main] INFO  com.itmo.eva.EvaApplicationTests - [592, 200, 136, 928]
2023-03-25 12:01:41.326 [main] INFO  com.itmo.eva.EvaApplicationTests - [273, 188, 95, 363, 919]
2023-03-25 12:01:41.339 [main] INFO  com.itmo.eva.EvaApplicationTests - [220, 140, 394, 138, 35, 927]
2023-03-25 12:01:41.353 [main] INFO  com.itmo.eva.EvaApplicationTests - [925, 925]
2023-03-25 12:01:41.366 [main] INFO  com.itmo.eva.EvaApplicationTests - [121, 620, 185, 926]
2023-03-25 12:01:41.379 [main] INFO  com.itmo.eva.EvaApplicationTests - [212, 480, 80, 152, 924]
2023-03-25 12:01:41.392 [main] INFO  com.itmo.eva.EvaApplicationTests - [32, 185, 47, 530, 130, 924]
2023-03-25 12:01:41.405 [main] INFO  com.itmo.eva.EvaApplicationTests - [927, 927]
2023-03-25 12:01:41.422 [main] INFO  com.itmo.eva.EvaApplicationTests - [23, 700, 195, 918]
2023-03-25 12:01:41.434 [main] INFO  com.itmo.eva.EvaApplicationTests - [154, 238, 266, 255, 913]
2023-03-25 12:01:41.446 [main] INFO  com.itmo.eva.EvaApplicationTests - [272, 72, 508, 35, 29, 916]
2023-03-25 12:01:41.458 [main] INFO  com.itmo.eva.EvaApplicationTests - [917, 917]
2023-03-25 12:01:41.471 [main] INFO  com.itmo.eva.EvaApplicationTests - [270, 490, 138, 898]
2023-03-25 12:01:41.483 [main] INFO  com.itmo.eva.EvaApplicationTests - [492, 346, 8, 47, 893]
2023-03-25 12:01:41.496 [main] INFO  com.itmo.eva.EvaApplicationTests - [195, 233, 63, 345, 63, 899]
2023-03-25 12:01:41.509 [main] INFO  com.itmo.eva.EvaApplicationTests - [898, 898]
2023-03-25 12:01:41.522 [main] INFO  com.itmo.eva.EvaApplicationTests - [261, 537, 102, 900]
2023-03-25 12:01:41.535 [main] INFO  com.itmo.eva.EvaApplicationTests - [15, 502, 24, 341, 882]
2023-03-25 12:01:41.548 [main] INFO  com.itmo.eva.EvaApplicationTests - [106, 23, 689, 3, 71, 892]
2023-03-25 12:01:41.561 [main] INFO  com.itmo.eva.EvaApplicationTests - [884, 884]
2023-03-25 12:01:41.574 [main] INFO  com.itmo.eva.EvaApplicationTests - [239, 484, 222, 945]
2023-03-25 12:01:41.588 [main] INFO  com.itmo.eva.EvaApplicationTests - [11, 22, 456, 455, 944]
2023-03-25 12:01:41.601 [main] INFO  com.itmo.eva.EvaApplicationTests - [407, 102, 88, 35, 310, 942]
2023-03-25 12:01:41.614 [main] INFO  com.itmo.eva.EvaApplicationTests - [945, 945]
2023-03-25 12:01:41.627 [main] INFO  com.itmo.eva.EvaApplicationTests - [75, 826, 21, 922]
2023-03-25 12:01:41.639 [main] INFO  com.itmo.eva.EvaApplicationTests - [95, 21, 342, 460, 918]
2023-03-25 12:01:41.651 [main] INFO  com.itmo.eva.EvaApplicationTests - [141, 462, 177, 136, 4, 920]
2023-03-25 12:01:41.663 [main] INFO  com.itmo.eva.EvaApplicationTests - [917, 917]
2023-03-25 12:01:41.676 [main] INFO  com.itmo.eva.EvaApplicationTests - [216, 116, 603, 935]
2023-03-25 12:01:41.687 [main] INFO  com.itmo.eva.EvaApplicationTests - [264, 236, 318, 111, 929]
2023-03-25 12:01:41.701 [main] INFO  com.itmo.eva.EvaApplicationTests - [54, 346, 143, 18, 370, 931]
2023-03-25 12:01:41.714 [main] INFO  com.itmo.eva.EvaApplicationTests - [931, 931]
2023-03-25 12:01:41.726 [main] INFO  com.itmo.eva.EvaApplicationTests - [808, 24, 94, 926]
2023-03-25 12:01:41.738 [main] INFO  com.itmo.eva.EvaApplicationTests - [114, 9, 226, 576, 925]
2023-03-25 12:01:41.752 [main] INFO  com.itmo.eva.EvaApplicationTests - [61, 92, 537, 43, 192, 925]
2023-03-25 12:01:41.766 [main] INFO  com.itmo.eva.EvaApplicationTests - [928, 928]
2023-03-25 12:01:41.779 [main] INFO  com.itmo.eva.EvaApplicationTests - [851, 23, 62, 936]
2023-03-25 12:01:41.793 [main] INFO  com.itmo.eva.EvaApplicationTests - [17, 224, 125, 557, 923]
2023-03-25 12:01:41.807 [main] INFO  com.itmo.eva.EvaApplicationTests - [371, 225, 26, 298, 8, 928]
2023-03-25 12:01:41.819 [main] INFO  com.itmo.eva.EvaApplicationTests - [930, 930]
2023-03-25 12:01:41.832 [main] INFO  com.itmo.eva.EvaApplicationTests - [454, 393, 62, 909]
2023-03-25 12:01:41.845 [main] INFO  com.itmo.eva.EvaApplicationTests - [112, 406, 227, 157, 902]
2023-03-25 12:01:41.857 [main] INFO  com.itmo.eva.EvaApplicationTests - [84, 113, 44, 56, 603, 900]
2023-03-25 12:01:41.870 [main] INFO  com.itmo.eva.EvaApplicationTests - [899, 899]
2023-03-25 12:01:41.882 [main] INFO  com.itmo.eva.EvaApplicationTests - [117, 677, 133, 927]
2023-03-25 12:01:41.894 [main] INFO  com.itmo.eva.EvaApplicationTests - [59, 126, 541, 200, 926]
2023-03-25 12:01:41.907 [main] INFO  com.itmo.eva.EvaApplicationTests - [252, 29, 66, 477, 99, 923]
2023-03-25 12:01:41.918 [main] INFO  com.itmo.eva.EvaApplicationTests - [928, 928]
2023-03-25 12:01:41.931 [main] INFO  com.itmo.eva.EvaApplicationTests - [559, 89, 278, 926]
2023-03-25 12:01:41.943 [main] INFO  com.itmo.eva.EvaApplicationTests - [0, 489, 358, 71, 918]
2023-03-25 12:01:41.957 [main] INFO  com.itmo.eva.EvaApplicationTests - [452, 312, 82, 55, 26, 927]
2023-03-25 12:01:41.969 [main] INFO  com.itmo.eva.EvaApplicationTests - [924, 924]
2023-03-25 12:01:41.982 [main] INFO  com.itmo.eva.EvaApplicationTests - [430, 222, 262, 914]
2023-03-25 12:01:41.994 [main] INFO  com.itmo.eva.EvaApplicationTests - [231, 174, 417, 88, 910]
2023-03-25 12:01:42.007 [main] INFO  com.itmo.eva.EvaApplicationTests - [155, 115, 19, 290, 333, 912]
2023-03-25 12:01:42.019 [main] INFO  com.itmo.eva.EvaApplicationTests - [913, 913]
2023-03-25 12:01:42.032 [main] INFO  com.itmo.eva.EvaApplicationTests - [385, 49, 478, 912]
2023-03-25 12:01:42.044 [main] INFO  com.itmo.eva.EvaApplicationTests - [168, 541, 61, 136, 906]
2023-03-25 12:01:42.056 [main] INFO  com.itmo.eva.EvaApplicationTests - [205, 188, 97, 253, 166, 909]
2023-03-25 12:01:42.069 [main] INFO  com.itmo.eva.EvaApplicationTests - [906, 906]
2023-03-25 12:01:42.083 [main] INFO  com.itmo.eva.EvaApplicationTests - [261, 368, 251, 880]
2023-03-25 12:01:42.095 [main] INFO  com.itmo.eva.EvaApplicationTests - [324, 194, 56, 321, 895]
2023-03-25 12:01:42.109 [main] INFO  com.itmo.eva.EvaApplicationTests - [316, 19, 379, 166, 15, 895]
2023-03-25 12:01:42.121 [main] INFO  com.itmo.eva.EvaApplicationTests - [890, 890]
2023-03-25 12:01:42.133 [main] INFO  com.itmo.eva.EvaApplicationTests - [60, 445, 427, 932]
2023-03-25 12:01:42.146 [main] INFO  com.itmo.eva.EvaApplicationTests - [268, 207, 88, 364, 927]
2023-03-25 12:01:42.159 [main] INFO  com.itmo.eva.EvaApplicationTests - [51, 153, 347, 100, 275, 926]
2023-03-25 12:01:42.172 [main] INFO  com.itmo.eva.EvaApplicationTests - [931, 931]
2023-03-25 12:01:42.185 [main] INFO  com.itmo.eva.EvaApplicationTests - [82, 811, 29, 922]
2023-03-25 12:01:42.198 [main] INFO  com.itmo.eva.EvaApplicationTests - [327, 93, 2, 498, 920]
2023-03-25 12:01:42.210 [main] INFO  com.itmo.eva.EvaApplicationTests - [185, 375, 149, 128, 83, 920]
2023-03-25 12:01:42.225 [main] INFO  com.itmo.eva.EvaApplicationTests - [921, 921]
2023-03-25 12:01:42.238 [main] INFO  com.itmo.eva.EvaApplicationTests - [438, 159, 318, 915]
2023-03-25 12:01:42.251 [main] INFO  com.itmo.eva.EvaApplicationTests - [148, 25, 534, 204, 911]
2023-03-25 12:01:42.264 [main] INFO  com.itmo.eva.EvaApplicationTests - [32, 209, 433, 228, 18, 920]
2023-03-25 12:01:42.275 [main] INFO  com.itmo.eva.EvaApplicationTests - [916, 916]
2023-03-25 12:01:42.288 [main] INFO  com.itmo.eva.EvaApplicationTests - [258, 423, 215, 896]
2023-03-25 12:01:42.300 [main] INFO  com.itmo.eva.EvaApplicationTests - [28, 223, 180, 469, 900]
2023-03-25 12:01:42.312 [main] INFO  com.itmo.eva.EvaApplicationTests - [294, 88, 100, 387, 31, 900]
2023-03-25 12:01:42.326 [main] INFO  com.itmo.eva.EvaApplicationTests - [908, 908]
2023-03-25 12:01:42.338 [main] INFO  com.itmo.eva.EvaApplicationTests - [208, 526, 187, 921]
2023-03-25 12:01:42.351 [main] INFO  com.itmo.eva.EvaApplicationTests - [383, 107, 223, 206, 919]
2023-03-25 12:01:42.363 [main] INFO  com.itmo.eva.EvaApplicationTests - [85, 491, 43, 126, 172, 917]
2023-03-25 12:01:42.376 [main] INFO  com.itmo.eva.EvaApplicationTests - [913, 913]
2023-03-25 12:01:42.388 [main] INFO  com.itmo.eva.EvaApplicationTests - [239, 491, 174, 904]
2023-03-25 12:01:42.401 [main] INFO  com.itmo.eva.EvaApplicationTests - [65, 184, 545, 108, 902]
2023-03-25 12:01:42.413 [main] INFO  com.itmo.eva.EvaApplicationTests - [22, 39, 128, 226, 489, 904]
2023-03-25 12:01:42.426 [main] INFO  com.itmo.eva.EvaApplicationTests - [909, 909]
2023-03-25 12:01:42.439 [main] INFO  com.itmo.eva.EvaApplicationTests - [377, 488, 64, 929]
2023-03-25 12:01:42.451 [main] INFO  com.itmo.eva.EvaApplicationTests - [193, 292, 436, 3, 924]
2023-03-25 12:01:42.464 [main] INFO  com.itmo.eva.EvaApplicationTests - [74, 629, 107, 32, 88, 930]
2023-03-25 12:01:42.477 [main] INFO  com.itmo.eva.EvaApplicationTests - [933, 933]
2023-03-25 12:01:42.489 [main] INFO  com.itmo.eva.EvaApplicationTests - [272, 524, 130, 926]
2023-03-25 12:01:42.501 [main] INFO  com.itmo.eva.EvaApplicationTests - [362, 44, 390, 125, 921]
2023-03-25 12:01:42.514 [main] INFO  com.itmo.eva.EvaApplicationTests - [127, 499, 110, 182, 8, 926]
2023-03-25 12:01:42.526 [main] INFO  com.itmo.eva.EvaApplicationTests - [924, 924]
2023-03-25 12:01:42.539 [main] INFO  com.itmo.eva.EvaApplicationTests - [539, 50, 332, 921]
2023-03-25 12:01:42.551 [main] INFO  com.itmo.eva.EvaApplicationTests - [226, 158, 524, 11, 919]
2023-03-25 12:01:42.563 [main] INFO  com.itmo.eva.EvaApplicationTests - [24, 199, 138, 153, 408, 922]
2023-03-25 12:01:42.575 [main] INFO  com.itmo.eva.EvaApplicationTests - [923, 923]
2023-03-25 12:01:42.588 [main] INFO  com.itmo.eva.EvaApplicationTests - [549, 185, 214, 948]
2023-03-25 12:01:42.600 [main] INFO  com.itmo.eva.EvaApplicationTests - [241, 229, 33, 444, 947]
2023-03-25 12:01:42.613 [main] INFO  com.itmo.eva.EvaApplicationTests - [62, 68, 8, 411, 403, 952]
2023-03-25 12:01:42.625 [main] INFO  com.itmo.eva.EvaApplicationTests - [957, 957]
2023-03-25 12:01:42.637 [main] INFO  com.itmo.eva.EvaApplicationTests - [330, 497, 116, 943]
2023-03-25 12:01:42.650 [main] INFO  com.itmo.eva.EvaApplicationTests - [611, 56, 219, 57, 943]
2023-03-25 12:01:42.662 [main] INFO  com.itmo.eva.EvaApplicationTests - [144, 412, 195, 61, 131, 943]
2023-03-25 12:01:42.675 [main] INFO  com.itmo.eva.EvaApplicationTests - [954, 954]
2023-03-25 12:01:42.687 [main] INFO  com.itmo.eva.EvaApplicationTests - [75, 726, 128, 929]
2023-03-25 12:01:42.700 [main] INFO  com.itmo.eva.EvaApplicationTests - [141, 701, 7, 76, 925]
2023-03-25 12:01:42.712 [main] INFO  com.itmo.eva.EvaApplicationTests - [109, 286, 202, 220, 111, 928]
2023-03-25 12:01:42.724 [main] INFO  com.itmo.eva.EvaApplicationTests - [936, 936]
2023-03-25 12:01:42.736 [main] INFO  com.itmo.eva.EvaApplicationTests - [59, 388, 464, 911]
2023-03-25 12:01:42.749 [main] INFO  com.itmo.eva.EvaApplicationTests - [378, 63, 265, 202, 908]
2023-03-25 12:01:42.761 [main] INFO  com.itmo.eva.EvaApplicationTests - [286, 19, 373, 159, 75, 912]
2023-03-25 12:01:42.773 [main] INFO  com.itmo.eva.EvaApplicationTests - [913, 913]
2023-03-25 12:01:42.786 [main] INFO  com.itmo.eva.EvaApplicationTests - [57, 369, 495, 921]
2023-03-25 12:01:42.798 [main] INFO  com.itmo.eva.EvaApplicationTests - [66, 218, 384, 252, 920]
2023-03-25 12:01:42.810 [main] INFO  com.itmo.eva.EvaApplicationTests - [15, 48, 227, 80, 550, 920]
2023-03-25 12:01:42.823 [main] INFO  com.itmo.eva.EvaApplicationTests - [926, 926]
2023-03-25 12:01:42.835 [main] INFO  com.itmo.eva.EvaApplicationTests - [185, 153, 580, 918]
2023-03-25 12:01:42.848 [main] INFO  com.itmo.eva.EvaApplicationTests - [233, 381, 9, 282, 905]
2023-03-25 12:01:42.861 [main] INFO  com.itmo.eva.EvaApplicationTests - [431, 315, 29, 131, 11, 917]
2023-03-25 12:01:42.873 [main] INFO  com.itmo.eva.EvaApplicationTests - [900, 900]
2023-03-25 12:01:42.885 [main] INFO  com.itmo.eva.EvaApplicationTests - [97, 581, 254, 932]
2023-03-25 12:01:42.897 [main] INFO  com.itmo.eva.EvaApplicationTests - [14, 135, 152, 627, 928]
2023-03-25 12:01:42.910 [main] INFO  com.itmo.eva.EvaApplicationTests - [115, 59, 133, 477, 149, 933]
2023-03-25 12:01:42.922 [main] INFO  com.itmo.eva.EvaApplicationTests - [931, 931]
2023-03-25 12:01:42.934 [main] INFO  com.itmo.eva.EvaApplicationTests - [474, 139, 318, 931]
2023-03-25 12:01:42.948 [main] INFO  com.itmo.eva.EvaApplicationTests - [380, 39, 498, 8, 925]
2023-03-25 12:01:42.960 [main] INFO  com.itmo.eva.EvaApplicationTests - [45, 623, 32, 40, 187, 927]
2023-03-25 12:01:42.973 [main] INFO  com.itmo.eva.EvaApplicationTests - [930, 930]
2023-03-25 12:01:42.985 [main] INFO  com.itmo.eva.EvaApplicationTests - [132, 186, 634, 952]
2023-03-25 12:01:42.997 [main] INFO  com.itmo.eva.EvaApplicationTests - [356, 209, 139, 250, 954]
2023-03-25 12:01:43.010 [main] INFO  com.itmo.eva.EvaApplicationTests - [538, 141, 18, 85, 175, 957]
2023-03-25 12:01:43.023 [main] INFO  com.itmo.eva.EvaApplicationTests - [949, 949]
2023-03-25 12:01:43.036 [main] INFO  com.itmo.eva.EvaApplicationTests - [130, 58, 738, 926]
2023-03-25 12:01:43.049 [main] INFO  com.itmo.eva.EvaApplicationTests - [537, 78, 255, 46, 916]
2023-03-25 12:01:43.061 [main] INFO  com.itmo.eva.EvaApplicationTests - [128, 93, 108, 239, 358, 926]
2023-03-25 12:01:43.074 [main] INFO  com.itmo.eva.EvaApplicationTests - [927, 927]
2023-03-25 12:01:43.086 [main] INFO  com.itmo.eva.EvaApplicationTests - [339, 560, 21, 920]
2023-03-25 12:01:43.099 [main] INFO  com.itmo.eva.EvaApplicationTests - [101, 224, 242, 345, 912]
2023-03-25 12:01:43.112 [main] INFO  com.itmo.eva.EvaApplicationTests - [36, 325, 48, 506, 6, 921]
2023-03-25 12:01:43.124 [main] INFO  com.itmo.eva.EvaApplicationTests - [917, 917]
2023-03-25 12:01:43.137 [main] INFO  com.itmo.eva.EvaApplicationTests - [685, 14, 235, 934]
2023-03-25 12:01:43.149 [main] INFO  com.itmo.eva.EvaApplicationTests - [746, 58, 39, 81, 924]
2023-03-25 12:01:43.162 [main] INFO  com.itmo.eva.EvaApplicationTests - [375, 474, 20, 26, 32, 927]
2023-03-25 12:01:43.174 [main] INFO  com.itmo.eva.EvaApplicationTests - [929, 929]
2023-03-25 12:01:43.193 [SpringApplicationShutdownHook] INFO  com.zaxxer.hikari.HikariDataSource - HikariPool-1 - Shutdown initiated...
2023-03-25 12:01:43.351 [SpringApplicationShutdownHook] INFO  com.zaxxer.hikari.HikariDataSource - HikariPool-1 - Shutdown completed.
2023-03-25 12:26:16.579 [main] INFO  com.itmo.eva.EvaApplicationTests - Starting EvaApplicationTests using Java 1.8.0_362 on chenjiahandeMacBook-Pro-2.local with PID 93804 (started by chenjiahan in /Users/chenjiahan/项目开发/教学评价系统（管理员端重写）/eva)
2023-03-25 12:26:16.580 [main] INFO  com.itmo.eva.EvaApplicationTests - No active profile set, falling back to 1 default profile: "default"
2023-03-25 12:26:19.233 [main] INFO  com.itmo.eva.EvaApplicationTests - Started EvaApplicationTests in 3.042 seconds (JVM running for 3.599)
2023-03-25 12:26:19.773 [main] INFO  com.zaxxer.hikari.HikariDataSource - HikariPool-1 - Starting...
2023-03-25 12:26:23.345 [main] INFO  com.zaxxer.hikari.HikariDataSource - HikariPool-1 - Start completed.
2023-03-25 12:26:28.569 [main] INFO  com.itmo.eva.EvaApplicationTests - Alexey Ovcharov : [2.11, 0.83, 6.33, 9.27, 1.96, 4.85, 1.5, 0.99, 9.3, 1.3, 2.63, 4.19, 0.98, 0.14, 9.24, 9.28, 9.28]
2023-03-25 12:26:28.570 [main] INFO  com.itmo.eva.EvaApplicationTests - Konstantin Gorshkov  : [0.94, 4.17, 4.16, 9.27, 2.13, 6.56, 0.12, 0.36, 9.17, 2.1, 3.49, 1.64, 1.7, 0.29, 9.22, 9.21, 9.21]
2023-03-25 12:26:28.571 [main] INFO  com.itmo.eva.EvaApplicationTests - Ilina Aglaya : [2.57, 0.6, 6.2, 9.37, 0.17, 0.65, 7.2, 1.37, 9.39, 1.36, 2.5, 1.4, 2.49, 1.66, 9.41, 9.41, 9.41]
2023-03-25 12:26:28.571 [main] INFO  com.itmo.eva.EvaApplicationTests - Andrew Zhdanov : [4.84, 4.51, 0.05, 9.4, 6.19, 0.48, 1.65, 1.0, 9.32, 0.64, 3.12, 2.95, 0.48, 2.14, 9.33, 9.38, 9.38]
2023-03-25 12:26:28.572 [main] INFO  com.itmo.eva.EvaApplicationTests - Sergei Bykovskii : [6.43, 0.52, 2.28, 9.23, 2.25, 1.16, 5.26, 0.6, 9.27, 0.32, 1.15, 0.47, 7.18, 0.1, 9.22, 9.33, 9.33]
2023-03-25 12:26:28.572 [main] INFO  com.itmo.eva.EvaApplicationTests - Sergey Lovlin : [2.3, 0.16, 6.74, 9.2, 6.06, 1.96, 0.36, 0.76, 9.14, 5.8, 0.63, 1.48, 0.68, 0.61, 9.2, 9.21, 9.21]
2023-03-25 12:26:28.573 [main] INFO  com.itmo.eva.EvaApplicationTests - Tatiana Markina : [7.4, 0.9, 0.88, 9.18, 0.55, 1.7, 5.6, 1.26, 9.11, 1.86, 1.18, 1.27, 2.27, 2.57, 9.15, 9.15, 9.15]
2023-03-25 12:26:28.573 [main] INFO  com.itmo.eva.EvaApplicationTests - Kapitonov Aleksandr : [2.42, 2.5, 4.27, 9.19, 0.0, 4.51, 2.47, 2.19, 9.17, 0.97, 2.04, 3.06, 0.37, 2.65, 9.09, 9.04, 9.04]
2023-03-25 12:26:28.573 [main] INFO  com.itmo.eva.EvaApplicationTests - Ivan Zhdanov : [1.41, 4.97, 2.9, 9.28, 4.44, 1.73, 1.17, 1.85, 9.19, 1.07, 0.18, 4.85, 2.92, 0.25, 9.27, 9.25, 9.25]
2023-03-25 12:26:28.573 [main] INFO  com.itmo.eva.EvaApplicationTests - Alexey Vedyakov : [7.22, 0.84, 1.2, 9.26, 0.0, 3.14, 0.39, 5.71, 9.24, 2.45, 1.29, 3.24, 1.69, 0.57, 9.24, 9.27, 9.27]
2023-03-25 12:26:28.573 [main] INFO  com.itmo.eva.EvaApplicationTests - Sergey Tretyakov : [0.94, 6.15, 2.09, 9.18, 3.81, 4.2, 0.38, 0.74, 9.13, 5.33, 0.5, 1.99, 0.56, 0.78, 9.16, 9.17, 9.17]
2023-03-25 12:26:28.573 [main] INFO  com.itmo.eva.EvaApplicationTests - Motorin Aleksandr : [2.93, 3.05, 3.0, 8.98, 4.32, 0.87, 2.8, 0.94, 8.93, 3.37, 0.69, 1.97, 1.72, 1.24, 8.99, 8.98, 8.98]
2023-03-25 12:26:28.573 [main] INFO  com.itmo.eva.EvaApplicationTests - Balakshin Pavel : [3.02, 1.67, 4.31, 9.0, 3.43, 1.43, 2.17, 1.79, 8.82, 2.18, 3.33, 0.29, 1.78, 1.34, 8.92, 8.84, 8.84]
2023-03-25 12:26:28.573 [main] INFO  com.itmo.eva.EvaApplicationTests - Elizaveta Kuzenkova : [4.25, 3.98, 1.22, 9.45, 4.29, 1.64, 1.93, 1.58, 9.44, 3.12, 2.44, 1.04, 2.75, 0.07, 9.42, 9.45, 9.45]
2023-03-25 12:26:28.574 [main] INFO  com.itmo.eva.EvaApplicationTests - Yurii Andreev : [2.75, 1.49, 4.98, 9.22, 1.92, 1.38, 4.13, 1.75, 9.18, 2.19, 1.11, 1.75, 1.64, 2.51, 9.2, 9.17, 9.17]
2023-03-25 12:26:28.574 [main] INFO  com.itmo.eva.EvaApplicationTests - Ivan Loginov : [3.69, 3.79, 1.87, 9.35, 1.79, 2.56, 0.38, 4.56, 9.29, 0.37, 0.6, 0.31, 5.72, 2.31, 9.31, 9.31, 9.31]
2023-03-25 12:26:28.574 [main] INFO  com.itmo.eva.EvaApplicationTests - Tsvetcova Madina : [4.58, 1.89, 2.79, 9.26, 1.07, 2.3, 3.64, 2.24, 9.25, 2.52, 1.83, 1.06, 0.37, 3.47, 9.25, 9.28, 9.28]
2023-03-25 12:26:28.574 [main] INFO  com.itmo.eva.EvaApplicationTests - Elena Boldyreva : [5.37, 2.32, 1.67, 9.36, 1.05, 1.32, 2.47, 4.39, 9.23, 0.9, 1.19, 4.33, 0.29, 2.57, 9.28, 9.3, 9.3]
2023-03-25 12:26:28.574 [main] INFO  com.itmo.eva.EvaApplicationTests - Aglaia Ilina : [2.39, 0.69, 6.01, 9.09, 0.61, 0.15, 5.32, 2.94, 9.02, 1.02, 1.69, 1.74, 2.79, 1.76, 9.0, 8.99, 8.99]
2023-03-25 12:26:28.574 [main] INFO  com.itmo.eva.EvaApplicationTests - Iuliia Koroleva : [4.82, 0.53, 3.92, 9.27, 0.0, 0.18, 0.4, 8.68, 9.26, 1.15, 1.34, 2.38, 0.58, 3.78, 9.23, 9.28, 9.28]
2023-03-25 12:26:28.574 [main] INFO  com.itmo.eva.EvaApplicationTests - Korenkov Iurii : [5.98, 1.66, 1.62, 9.26, 3.05, 1.53, 3.78, 0.82, 9.18, 0.16, 2.28, 0.5, 6.23, 0.1, 9.27, 9.24, 9.24]
2023-03-25 12:26:28.574 [main] INFO  com.itmo.eva.EvaApplicationTests - Nikolay Nikolaev : [2.78, 1.4, 4.96, 9.14, 3.35, 0.05, 4.21, 1.49, 9.1, 0.21, 0.2, 2.18, 4.89, 1.64, 9.12, 9.13, 9.13]
2023-03-25 12:26:28.574 [main] INFO  com.itmo.eva.EvaApplicationTests - Ivan Borisov : [4.82, 0.55, 3.75, 9.12, 1.75, 3.46, 2.31, 1.54, 9.06, 0.62, 0.48, 2.7, 4.29, 1.0, 9.09, 9.06, 9.06]
2023-03-25 12:26:28.574 [main] INFO  com.itmo.eva.EvaApplicationTests - Kalapyshina Irina : [2.06, 0.65, 6.09, 8.8, 4.01, 3.02, 1.76, 0.16, 8.95, 0.95, 0.28, 2.52, 1.52, 3.68, 8.95, 8.9, 8.9]
2023-03-25 12:26:28.574 [main] INFO  com.itmo.eva.EvaApplicationTests - Madina Sinetova : [0.79, 6.46, 2.07, 9.32, 0.34, 0.53, 4.01, 4.39, 9.27, 1.47, 1.89, 0.26, 2.17, 3.47, 9.26, 9.31, 9.31]
2023-03-25 12:26:28.575 [main] INFO  com.itmo.eva.EvaApplicationTests - Galina Demidova : [4.51, 3.76, 0.95, 9.22, 6.05, 0.45, 2.66, 0.04, 9.2, 0.38, 0.05, 3.52, 1.3, 3.95, 9.2, 9.21, 9.21]
2023-03-25 12:26:28.575 [main] INFO  com.itmo.eva.EvaApplicationTests - Michael Kosyakov : [4.52, 1.36, 3.27, 9.15, 2.74, 2.23, 1.97, 2.17, 9.11, 0.1, 3.18, 0.98, 4.5, 0.44, 9.2, 9.16, 9.16]
2023-03-25 12:26:28.575 [main] INFO  com.itmo.eva.EvaApplicationTests - Nikolai  Poliakov : [0.97, 6.06, 1.93, 8.96, 0.26, 2.75, 0.77, 5.22, 9.0, 0.73, 1.71, 2.36, 4.09, 0.11, 9.0, 9.08, 9.08]
2023-03-25 12:26:28.575 [main] INFO  com.itmo.eva.EvaApplicationTests - Bykovskii Sergei : [5.78, 0.04, 3.39, 9.21, 0.85, 5.71, 1.48, 1.15, 9.19, 2.26, 0.31, 3.87, 0.64, 2.09, 9.17, 9.13, 9.13]
2023-03-25 12:26:28.575 [main] INFO  com.itmo.eva.EvaApplicationTests - Roman Olekhnovich : [1.64, 2.23, 5.17, 9.04, 5.28, 0.06, 1.66, 2.02, 9.02, 2.48, 4.16, 0.31, 1.67, 0.42, 9.04, 9.09, 9.09]
2023-03-25 12:26:28.575 [main] INFO  com.itmo.eva.EvaApplicationTests - Sergei Shavetov : [1.66, 0.27, 7.36, 9.29, 2.47, 0.27, 4.07, 2.43, 9.24, 2.11, 2.6, 0.26, 1.4, 2.93, 9.3, 9.33, 9.33]
2023-03-25 12:26:28.575 [main] INFO  com.itmo.eva.EvaApplicationTests - Kirill Kipriianov : [3.91, 3.05, 2.3, 9.26, 4.45, 0.56, 2.4, 1.8, 9.21, 0.51, 0.91, 5.26, 0.52, 2.06, 9.26, 9.24, 9.24]
2023-03-25 12:26:28.575 [main] INFO  com.itmo.eva.EvaApplicationTests - Dmitry Lukichev : [3.06, 6.0, 0.15, 9.21, 2.53, 0.41, 4.18, 2.07, 9.19, 1.99, 1.0, 0.16, 0.67, 5.4, 9.22, 9.23, 9.23]
2023-03-25 12:26:28.575 [main] INFO  com.itmo.eva.EvaApplicationTests - Julia Koroleva : [1.66, 4.94, 2.88, 9.48, 2.72, 1.24, 1.46, 4.05, 9.47, 0.86, 8.19, 0.21, 0.23, 0.03, 9.52, 9.57, 9.57]
2023-03-25 12:26:28.575 [main] INFO  com.itmo.eva.EvaApplicationTests - Anna Avdushina : [0.91, 0.59, 7.93, 9.43, 5.22, 0.49, 2.15, 1.57, 9.43, 2.81, 2.09, 0.95, 3.57, 0.01, 9.43, 9.54, 9.54]
2023-03-25 12:26:28.575 [main] INFO  com.itmo.eva.EvaApplicationTests - Igor Zhirkov : [1.19, 1.22, 6.88, 9.29, 0.31, 2.15, 1.24, 5.55, 9.25, 1.23, 6.12, 0.3, 0.1, 1.53, 9.28, 9.36, 9.36]
2023-03-25 12:26:28.576 [main] INFO  com.itmo.eva.EvaApplicationTests - Maksim Afanasyev : [4.49, 4.22, 0.4, 9.11, 3.26, 2.86, 0.83, 2.13, 9.08, 0.96, 3.51, 2.33, 0.04, 2.28, 9.12, 9.13, 9.13]
2023-03-25 12:26:28.576 [main] INFO  com.itmo.eva.EvaApplicationTests - Alexander Mamatov : [3.17, 0.76, 5.28, 9.21, 2.49, 1.6, 3.3, 1.81, 9.2, 1.94, 0.58, 2.56, 3.05, 1.07, 9.2, 9.26, 9.26]
2023-03-25 12:26:28.576 [main] INFO  com.itmo.eva.EvaApplicationTests - Islam Bzhikhatlov : [2.48, 0.62, 6.08, 9.18, 4.31, 0.77, 2.53, 1.44, 9.05, 3.44, 3.33, 0.27, 1.21, 0.92, 9.17, 9.0, 9.0]
2023-03-25 12:26:28.576 [main] INFO  com.itmo.eva.EvaApplicationTests - Boldyreva Elena : [1.93, 0.38, 7.01, 9.32, 0.69, 0.98, 4.73, 2.88, 9.28, 0.38, 2.14, 4.83, 0.64, 1.34, 9.33, 9.31, 9.31]
2023-03-25 12:26:28.576 [main] INFO  com.itmo.eva.EvaApplicationTests - Yuriy Boldyrev : [7.06, 1.06, 1.19, 9.31, 5.28, 0.77, 0.79, 2.41, 9.25, 1.49, 0.64, 1.58, 0.87, 4.69, 9.27, 9.3, 9.3]
2023-03-25 12:26:28.576 [main] INFO  com.itmo.eva.EvaApplicationTests - Alexey Peregudin : [2.52, 1.28, 5.72, 9.52, 0.04, 0.05, 5.07, 4.38, 9.54, 3.03, 2.34, 3.09, 1.0, 0.11, 9.57, 9.49, 9.49]
2023-03-25 12:26:28.578 [main] INFO  com.itmo.eva.EvaApplicationTests - Konstantin Zimenko : [2.68, 1.74, 4.84, 9.26, 7.39, 1.11, 0.34, 0.32, 9.16, 0.64, 4.17, 1.23, 1.85, 1.37, 9.26, 9.27, 9.27]
2023-03-25 12:26:28.578 [main] INFO  com.itmo.eva.EvaApplicationTests - Denis Tarakanov : [2.84, 2.63, 3.73, 9.2, 2.84, 0.29, 4.57, 1.42, 9.12, 0.3, 2.88, 0.0, 5.1, 0.93, 9.21, 9.17, 9.17]
2023-03-25 12:26:28.578 [main] INFO  com.itmo.eva.EvaApplicationTests - Bessmertny Igor : [3.12, 5.96, 0.26, 9.34, 1.9, 0.7, 3.23, 3.41, 9.24, 0.26, 0.22, 2.7, 1.98, 4.11, 9.27, 9.29, 9.29]
2023-03-25 12:26:28.597 [SpringApplicationShutdownHook] INFO  com.zaxxer.hikari.HikariDataSource - HikariPool-1 - Shutdown initiated...
2023-03-25 12:26:28.957 [SpringApplicationShutdownHook] INFO  com.zaxxer.hikari.HikariDataSource - HikariPool-1 - Shutdown completed.
2023-03-25 12:39:01.736 [main] INFO  com.itmo.eva.EvaApplicationTests - Starting EvaApplicationTests using Java 1.8.0_362 on chenjiahandeMacBook-Pro-2.local with PID 97251 (started by chenjiahan in /Users/chenjiahan/项目开发/教学评价系统（管理员端重写）/eva)
2023-03-25 12:39:01.738 [main] INFO  com.itmo.eva.EvaApplicationTests - No active profile set, falling back to 1 default profile: "default"
2023-03-25 12:39:04.330 [main] INFO  com.itmo.eva.EvaApplicationTests - Started EvaApplicationTests in 3.014 seconds (JVM running for 3.588)
2023-03-25 12:40:38.675 [main] INFO  com.itmo.eva.EvaApplicationTests - Starting EvaApplicationTests using Java 1.8.0_362 on chenjiahandeMacBook-Pro-2.local with PID 97702 (started by chenjiahan in /Users/chenjiahan/项目开发/教学评价系统（管理员端重写）/eva)
2023-03-25 12:40:38.676 [main] INFO  com.itmo.eva.EvaApplicationTests - No active profile set, falling back to 1 default profile: "default"
2023-03-25 12:40:41.308 [main] INFO  com.itmo.eva.EvaApplicationTests - Started EvaApplicationTests in 2.873 seconds (JVM running for 3.422)
2023-03-25 12:40:52.018 [main] INFO  com.itmo.eva.EvaApplicationTests - Starting EvaApplicationTests using Java 1.8.0_362 on chenjiahandeMacBook-Pro-2.local with PID 97766 (started by chenjiahan in /Users/chenjiahan/项目开发/教学评价系统（管理员端重写）/eva)
2023-03-25 12:40:52.019 [main] INFO  com.itmo.eva.EvaApplicationTests - No active profile set, falling back to 1 default profile: "default"
2023-03-25 12:40:54.653 [main] INFO  com.itmo.eva.EvaApplicationTests - Started EvaApplicationTests in 2.863 seconds (JVM running for 3.421)
2023-03-25 12:40:55.191 [main] INFO  com.zaxxer.hikari.HikariDataSource - HikariPool-1 - Starting...
2023-03-25 12:40:58.599 [main] INFO  com.zaxxer.hikari.HikariDataSource - HikariPool-1 - Start completed.
2023-03-25 12:41:01.815 [main] INFO  com.itmo.eva.EvaApplicationTests - Alexey Ovcharov : [4.07, 3.13, 2.07, 9.27, 2.95, 2.02, 4.28, 0.05, 9.3, 0.43, 4.36, 1.54, 1.76, 1.15, 9.24, 9.28, 9.28]
2023-03-25 12:41:01.816 [main] INFO  com.itmo.eva.EvaApplicationTests - Konstantin Gorshkov  : [7.39, 0.78, 1.1, 9.27, 0.81, 1.99, 0.5, 5.87, 9.17, 1.91, 1.58, 2.04, 2.74, 0.95, 9.22, 9.21, 9.21]
2023-03-25 12:41:01.816 [main] INFO  com.itmo.eva.EvaApplicationTests - Ilina Aglaya : [3.12, 0.02, 6.23, 9.37, 4.3, 3.32, 1.48, 0.29, 9.39, 3.27, 0.26, 0.14, 5.28, 0.46, 9.41, 9.41, 9.41]
2023-03-25 12:41:01.816 [main] INFO  com.itmo.eva.EvaApplicationTests - Andrew Zhdanov : [3.33, 1.69, 4.38, 9.4, 2.75, 1.75, 3.16, 1.66, 9.32, 1.76, 3.41, 0.38, 3.77, 0.01, 9.33, 9.38, 9.38]
2023-03-25 12:41:01.817 [main] INFO  com.itmo.eva.EvaApplicationTests - Sergei Bykovskii : [6.83, 2.37, 0.03, 9.23, 1.79, 0.38, 5.11, 1.99, 9.27, 1.82, 0.13, 0.58, 5.08, 1.61, 9.22, 9.33, 9.33]
2023-03-25 12:41:01.817 [main] INFO  com.itmo.eva.EvaApplicationTests - Sergey Lovlin : [3.26, 2.94, 3.0, 9.2, 3.16, 3.41, 0.2, 2.37, 9.14, 0.55, 0.29, 0.23, 3.65, 4.48, 9.2, 9.21, 9.21]
2023-03-25 12:41:01.817 [main] INFO  com.itmo.eva.EvaApplicationTests - Tatiana Markina : [1.86, 1.43, 5.89, 9.18, 2.62, 3.34, 1.06, 2.09, 9.11, 2.33, 1.84, 4.38, 0.39, 0.21, 9.15, 9.15, 9.15]
2023-03-25 12:41:01.818 [main] INFO  com.itmo.eva.EvaApplicationTests - Kapitonov Aleksandr : [1.81, 1.46, 5.92, 9.19, 3.31, 2.21, 3.42, 0.23, 9.17, 0.05, 3.5, 3.2, 0.25, 2.09, 9.09, 9.04, 9.04]
2023-03-25 12:41:01.818 [main] INFO  com.itmo.eva.EvaApplicationTests - Ivan Zhdanov : [3.4, 4.18, 1.7, 9.28, 0.82, 4.63, 0.94, 2.8, 9.19, 1.14, 0.49, 1.03, 3.4, 3.21, 9.27, 9.25, 9.25]
2023-03-25 12:41:01.818 [main] INFO  com.itmo.eva.EvaApplicationTests - Alexey Vedyakov : [3.43, 4.45, 1.38, 9.26, 1.15, 2.3, 1.35, 4.44, 9.24, 2.31, 1.1, 2.22, 1.32, 2.29, 9.24, 9.27, 9.27]
2023-03-25 12:41:01.818 [main] INFO  com.itmo.eva.EvaApplicationTests - Sergey Tretyakov : [2.31, 3.4, 3.47, 9.18, 3.39, 1.32, 2.13, 2.29, 9.13, 4.17, 0.89, 0.45, 1.49, 2.16, 9.16, 9.17, 9.17]
2023-03-25 12:41:01.819 [main] INFO  com.itmo.eva.EvaApplicationTests - Motorin Aleksandr : [2.58, 0.29, 6.11, 8.98, 1.84, 1.08, 0.02, 5.99, 8.93, 1.99, 1.06, 1.71, 0.21, 4.02, 8.99, 8.98, 8.98]
2023-03-25 12:41:01.819 [main] INFO  com.itmo.eva.EvaApplicationTests - Balakshin Pavel : [1.13, 6.65, 1.22, 9.0, 1.53, 1.49, 5.37, 0.43, 8.82, 0.74, 1.71, 4.04, 0.28, 2.15, 8.92, 8.84, 8.84]
2023-03-25 12:41:01.819 [main] INFO  com.itmo.eva.EvaApplicationTests - Elizaveta Kuzenkova : [0.84, 4.48, 4.13, 9.45, 1.37, 0.61, 5.55, 1.91, 9.44, 0.79, 3.59, 0.24, 4.25, 0.55, 9.42, 9.45, 9.45]
2023-03-25 12:41:01.819 [main] INFO  com.itmo.eva.EvaApplicationTests - Yurii Andreev : [0.21, 6.77, 2.24, 9.22, 1.51, 1.19, 2.11, 4.37, 9.18, 0.96, 0.08, 4.64, 1.87, 1.65, 9.2, 9.17, 9.17]
2023-03-25 12:41:01.820 [main] INFO  com.itmo.eva.EvaApplicationTests - Ivan Loginov : [0.41, 3.02, 5.92, 9.35, 2.21, 0.1, 5.21, 1.77, 9.29, 2.51, 4.36, 1.21, 0.52, 0.71, 9.31, 9.31, 9.31]
2023-03-25 12:41:01.820 [main] INFO  com.itmo.eva.EvaApplicationTests - Tsvetcova Madina : [0.21, 6.66, 2.39, 9.26, 6.32, 0.79, 0.09, 2.05, 9.25, 4.41, 0.29, 1.7, 1.64, 1.21, 9.25, 9.28, 9.28]
2023-03-25 12:41:01.820 [main] INFO  com.itmo.eva.EvaApplicationTests - Elena Boldyreva : [0.93, 5.13, 3.3, 9.36, 0.92, 1.08, 6.5, 0.73, 9.23, 0.13, 1.49, 1.71, 1.26, 4.69, 9.28, 9.3, 9.3]
2023-03-25 12:41:01.820 [main] INFO  com.itmo.eva.EvaApplicationTests - Aglaia Ilina : [1.11, 3.08, 4.9, 9.09, 0.7, 5.47, 0.92, 1.93, 9.02, 1.51, 0.86, 0.99, 2.12, 3.52, 9.0, 8.99, 8.99]
2023-03-25 12:41:01.821 [main] INFO  com.itmo.eva.EvaApplicationTests - Iuliia Koroleva : [7.84, 0.34, 1.09, 9.27, 1.26, 1.14, 5.36, 1.5, 9.26, 0.34, 1.25, 1.66, 3.46, 2.52, 9.23, 9.28, 9.28]
2023-03-25 12:41:01.821 [main] INFO  com.itmo.eva.EvaApplicationTests - Korenkov Iurii : [2.69, 4.56, 2.01, 9.26, 1.38, 5.2, 2.18, 0.42, 9.18, 0.0, 0.07, 4.03, 1.34, 3.83, 9.27, 9.24, 9.24]
2023-03-25 12:41:01.821 [main] INFO  com.itmo.eva.EvaApplicationTests - Nikolay Nikolaev : [8.01, 0.11, 1.02, 9.14, 0.88, 4.21, 0.44, 3.57, 9.1, 1.12, 4.25, 0.45, 2.34, 0.96, 9.12, 9.13, 9.13]
2023-03-25 12:41:01.821 [main] INFO  com.itmo.eva.EvaApplicationTests - Ivan Borisov : [4.62, 3.88, 0.62, 9.12, 4.47, 0.26, 3.13, 1.2, 9.06, 3.03, 3.45, 0.9, 0.66, 1.05, 9.09, 9.06, 9.06]
2023-03-25 12:41:01.821 [main] INFO  com.itmo.eva.EvaApplicationTests - Kalapyshina Irina : [5.66, 1.75, 1.39, 8.8, 3.93, 2.42, 1.24, 1.36, 8.95, 2.68, 2.21, 0.59, 2.12, 1.35, 8.95, 8.9, 8.9]
2023-03-25 12:41:01.821 [main] INFO  com.itmo.eva.EvaApplicationTests - Madina Sinetova : [2.18, 6.34, 0.8, 9.32, 1.69, 0.97, 6.34, 0.27, 9.27, 2.15, 2.59, 0.04, 2.57, 1.91, 9.26, 9.31, 9.31]
2023-03-25 12:41:01.822 [main] INFO  com.itmo.eva.EvaApplicationTests - Galina Demidova : [5.95, 1.7, 1.57, 9.22, 6.9, 0.63, 0.44, 1.23, 9.2, 3.52, 3.17, 0.04, 0.34, 2.13, 9.2, 9.21, 9.21]
2023-03-25 12:41:01.822 [main] INFO  com.itmo.eva.EvaApplicationTests - Michael Kosyakov : [0.87, 7.28, 1.0, 9.15, 0.51, 1.02, 6.85, 0.73, 9.11, 1.54, 1.47, 3.79, 0.02, 2.38, 9.2, 9.16, 9.16]
2023-03-25 12:41:01.822 [main] INFO  com.itmo.eva.EvaApplicationTests - Nikolai  Poliakov : [1.44, 0.28, 7.24, 8.96, 0.74, 2.03, 5.43, 0.8, 9.0, 0.68, 2.17, 1.06, 3.04, 2.05, 9.0, 9.08, 9.08]
2023-03-25 12:41:01.822 [main] INFO  com.itmo.eva.EvaApplicationTests - Bykovskii Sergei : [3.24, 4.59, 1.38, 9.21, 1.93, 4.8, 0.02, 2.44, 9.19, 3.12, 1.9, 1.36, 1.85, 0.94, 9.17, 9.13, 9.13]
2023-03-25 12:41:01.822 [main] INFO  com.itmo.eva.EvaApplicationTests - Roman Olekhnovich : [0.37, 7.57, 1.1, 9.04, 4.6, 1.74, 1.51, 1.17, 9.02, 0.86, 3.35, 0.35, 1.83, 2.65, 9.04, 9.09, 9.09]
2023-03-25 12:41:01.823 [main] INFO  com.itmo.eva.EvaApplicationTests - Sergei Shavetov : [3.56, 5.71, 0.02, 9.29, 0.19, 2.91, 2.68, 3.46, 9.24, 0.44, 1.0, 0.78, 3.05, 4.03, 9.3, 9.33, 9.33]
2023-03-25 12:41:01.823 [main] INFO  com.itmo.eva.EvaApplicationTests - Kirill Kipriianov : [1.33, 1.35, 6.58, 9.26, 0.72, 4.48, 3.75, 0.26, 9.21, 1.69, 0.14, 0.87, 5.42, 1.14, 9.26, 9.24, 9.24]
2023-03-25 12:41:01.823 [main] INFO  com.itmo.eva.EvaApplicationTests - Dmitry Lukichev : [1.2, 3.64, 4.37, 9.21, 0.66, 0.49, 7.52, 0.52, 9.19, 0.44, 0.67, 3.92, 0.47, 3.72, 9.22, 9.23, 9.23]
2023-03-25 12:41:01.823 [main] INFO  com.itmo.eva.EvaApplicationTests - Julia Koroleva : [1.21, 1.64, 6.63, 9.48, 2.7, 1.62, 3.47, 1.68, 9.47, 0.16, 0.78, 0.07, 6.19, 2.32, 9.52, 9.57, 9.57]
2023-03-25 12:41:01.823 [main] INFO  com.itmo.eva.EvaApplicationTests - Anna Avdushina : [5.7, 1.78, 1.95, 9.43, 3.25, 1.91, 3.81, 0.46, 9.43, 2.74, 2.24, 0.25, 1.17, 3.03, 9.43, 9.54, 9.54]
2023-03-25 12:41:01.823 [main] INFO  com.itmo.eva.EvaApplicationTests - Igor Zhirkov : [0.64, 0.45, 8.2, 9.29, 1.98, 0.66, 3.92, 2.69, 9.25, 0.15, 0.74, 1.33, 6.7, 0.36, 9.28, 9.36, 9.36]
2023-03-25 12:41:01.824 [main] INFO  com.itmo.eva.EvaApplicationTests - Maksim Afanasyev : [2.66, 0.66, 5.79, 9.11, 0.02, 0.66, 7.37, 1.03, 9.08, 0.97, 0.84, 0.53, 4.59, 2.19, 9.12, 9.13, 9.13]
2023-03-25 12:41:01.824 [main] INFO  com.itmo.eva.EvaApplicationTests - Alexander Mamatov : [5.52, 3.34, 0.35, 9.21, 1.96, 1.99, 4.55, 0.7, 9.2, 2.05, 5.03, 0.03, 1.31, 0.78, 9.2, 9.26, 9.26]
2023-03-25 12:41:01.824 [main] INFO  com.itmo.eva.EvaApplicationTests - Islam Bzhikhatlov : [0.09, 4.53, 4.56, 9.18, 3.51, 2.45, 2.4, 0.69, 9.05, 2.2, 4.84, 0.37, 0.33, 1.43, 9.17, 9.0, 9.0]
2023-03-25 12:41:01.824 [main] INFO  com.itmo.eva.EvaApplicationTests - Boldyreva Elena : [1.21, 4.9, 3.21, 9.32, 0.47, 2.72, 1.46, 4.63, 9.28, 2.63, 2.51, 0.65, 2.07, 1.47, 9.33, 9.31, 9.31]
2023-03-25 12:41:01.824 [main] INFO  com.itmo.eva.EvaApplicationTests - Yuriy Boldyrev : [8.62, 0.01, 0.68, 9.31, 2.08, 0.06, 4.04, 3.07, 9.25, 4.05, 0.2, 1.7, 0.63, 2.69, 9.27, 9.3, 9.3]
2023-03-25 12:41:01.824 [main] INFO  com.itmo.eva.EvaApplicationTests - Alexey Peregudin : [6.32, 2.8, 0.4, 9.52, 1.65, 6.01, 0.21, 1.67, 9.54, 2.4, 1.23, 4.69, 0.19, 1.06, 9.57, 9.49, 9.49]
2023-03-25 12:41:01.825 [main] INFO  com.itmo.eva.EvaApplicationTests - Konstantin Zimenko : [1.42, 1.13, 6.71, 9.26, 4.63, 0.83, 3.14, 0.56, 9.16, 1.47, 1.24, 0.71, 3.88, 1.96, 9.26, 9.27, 9.27]
2023-03-25 12:41:01.825 [main] INFO  com.itmo.eva.EvaApplicationTests - Denis Tarakanov : [0.16, 2.61, 6.43, 9.2, 4.86, 0.96, 1.81, 1.49, 9.12, 5.54, 2.12, 1.52, 0.01, 0.02, 9.21, 9.17, 9.17]
2023-03-25 12:41:01.825 [main] INFO  com.itmo.eva.EvaApplicationTests - Bessmertny Igor : [5.49, 0.03, 3.82, 9.34, 0.94, 4.41, 2.18, 1.71, 9.24, 0.48, 1.9, 0.84, 4.17, 1.88, 9.27, 9.29, 9.29]
2023-03-25 12:41:01.852 [SpringApplicationShutdownHook] INFO  com.zaxxer.hikari.HikariDataSource - HikariPool-1 - Shutdown initiated...
2023-03-25 12:41:02.011 [SpringApplicationShutdownHook] INFO  com.zaxxer.hikari.HikariDataSource - HikariPool-1 - Shutdown completed.
2023-03-25 12:44:55.994 [main] INFO  com.itmo.eva.EvaApplicationTests - Starting EvaApplicationTests using Java 1.8.0_362 on chenjiahandeMacBook-Pro-2.local with PID 98876 (started by chenjiahan in /Users/chenjiahan/项目开发/教学评价系统（管理员端重写）/eva)
2023-03-25 12:44:55.995 [main] INFO  com.itmo.eva.EvaApplicationTests - No active profile set, falling back to 1 default profile: "default"
2023-03-25 12:44:58.765 [main] INFO  com.itmo.eva.EvaApplicationTests - Started EvaApplicationTests in 3.149 seconds (JVM running for 3.714)
2023-03-25 12:44:59.318 [main] INFO  com.zaxxer.hikari.HikariDataSource - HikariPool-1 - Starting...
2023-03-25 12:45:02.684 [main] INFO  com.zaxxer.hikari.HikariDataSource - HikariPool-1 - Start completed.
2023-03-25 12:45:05.525 [main] INFO  com.itmo.eva.EvaApplicationTests - Alexey Ovcharov : [0.98, 7.66, 0.63, 9.27, 0.26, 4.23, 1.9, 2.91, 9.3, 5.12, 2.1, 1.01, 0.9, 0.11, 9.24, 9.28, 9.28]
2023-03-25 12:45:05.525 [main] INFO  com.itmo.eva.EvaApplicationTests - Konstantin Gorshkov  : [1.1, 6.14, 2.03, 9.27, 3.72, 1.98, 0.81, 2.66, 9.17, 0.3, 1.55, 1.5, 5.7, 0.17, 9.22, 9.21, 9.21]
2023-03-25 12:45:05.526 [main] INFO  com.itmo.eva.EvaApplicationTests - Ilina Aglaya : [1.75, 3.39, 4.23, 9.37, 0.57, 0.83, 7.3, 0.69, 9.39, 2.3, 0.14, 1.65, 1.3, 4.02, 9.41, 9.41, 9.41]
2023-03-25 12:45:05.526 [main] INFO  com.itmo.eva.EvaApplicationTests - Andrew Zhdanov : [0.24, 8.51, 0.65, 9.4, 0.4, 1.36, 2.94, 4.62, 9.32, 2.01, 0.2, 1.88, 0.86, 4.38, 9.33, 9.38, 9.38]
2023-03-25 12:45:05.526 [main] INFO  com.itmo.eva.EvaApplicationTests - Sergei Bykovskii : [3.86, 2.26, 3.11, 9.23, 4.61, 0.38, 0.17, 4.11, 9.27, 1.8, 1.0, 1.6, 3.51, 1.31, 9.22, 9.33, 9.33]
2023-03-25 12:45:05.526 [main] INFO  com.itmo.eva.EvaApplicationTests - Sergey Lovlin : [2.27, 2.25, 4.68, 9.2, 1.13, 4.75, 0.28, 2.98, 9.14, 2.85, 1.36, 0.21, 1.77, 3.01, 9.2, 9.21, 9.21]
2023-03-25 12:45:05.526 [main] INFO  com.itmo.eva.EvaApplicationTests - Tatiana Markina : [2.64, 5.02, 1.52, 9.18, 5.55, 1.82, 1.45, 0.29, 9.11, 1.72, 2.9, 0.09, 3.92, 0.52, 9.15, 9.15, 9.15]
2023-03-25 12:45:05.527 [main] INFO  com.itmo.eva.EvaApplicationTests - Kapitonov Aleksandr : [0.7, 4.42, 4.07, 9.19, 3.31, 3.13, 0.77, 1.96, 9.17, 6.38, 0.96, 0.69, 0.12, 0.94, 9.09, 9.04, 9.04]
2023-03-25 12:45:05.527 [main] INFO  com.itmo.eva.EvaApplicationTests - Ivan Zhdanov : [1.91, 6.58, 0.79, 9.28, 1.34, 6.05, 1.45, 0.35, 9.19, 1.82, 3.9, 2.36, 0.79, 0.4, 9.27, 9.25, 9.25]
2023-03-25 12:45:05.527 [main] INFO  com.itmo.eva.EvaApplicationTests - Alexey Vedyakov : [7.33, 0.39, 1.54, 9.26, 1.93, 5.85, 0.92, 0.54, 9.24, 0.32, 4.28, 0.81, 1.17, 2.66, 9.24, 9.27, 9.27]
2023-03-25 12:45:05.527 [main] INFO  com.itmo.eva.EvaApplicationTests - Sergey Tretyakov : [0.46, 7.26, 1.46, 9.18, 2.95, 2.89, 3.14, 0.15, 9.13, 0.51, 4.35, 0.8, 0.81, 2.69, 9.16, 9.17, 9.17]
2023-03-25 12:45:05.528 [main] INFO  com.itmo.eva.EvaApplicationTests - Motorin Aleksandr : [6.35, 0.56, 2.07, 8.98, 0.92, 0.53, 5.04, 2.44, 8.93, 0.52, 2.07, 2.79, 1.67, 1.94, 8.99, 8.98, 8.98]
2023-03-25 12:45:05.528 [main] INFO  com.itmo.eva.EvaApplicationTests - Balakshin Pavel : [8.16, 0.83, 0.01, 9.0, 0.39, 1.81, 3.14, 3.48, 8.82, 0.22, 0.19, 4.22, 1.4, 2.89, 8.92, 8.84, 8.84]
2023-03-25 12:45:05.528 [main] INFO  com.itmo.eva.EvaApplicationTests - Elizaveta Kuzenkova : [0.93, 4.32, 4.2, 9.45, 0.65, 1.37, 4.57, 2.85, 9.44, 4.12, 0.05, 3.84, 0.6, 0.81, 9.42, 9.45, 9.45]
2023-03-25 12:45:05.528 [main] INFO  com.itmo.eva.EvaApplicationTests - Yurii Andreev : [3.02, 5.98, 0.22, 9.22, 1.27, 2.18, 4.34, 1.39, 9.18, 1.78, 3.56, 0.59, 2.93, 0.34, 9.2, 9.17, 9.17]
2023-03-25 12:45:05.528 [main] INFO  com.itmo.eva.EvaApplicationTests - Ivan Loginov : [2.46, 0.76, 6.13, 9.35, 6.36, 0.24, 0.89, 1.8, 9.29, 1.97, 1.42, 2.51, 1.62, 1.79, 9.31, 9.31, 9.31]
2023-03-25 12:45:05.528 [main] INFO  com.itmo.eva.EvaApplicationTests - Tsvetcova Madina : [0.17, 2.58, 6.51, 9.26, 0.24, 6.99, 1.64, 0.38, 9.25, 1.99, 0.06, 0.78, 4.49, 1.93, 9.25, 9.28, 9.28]
2023-03-25 12:45:05.529 [main] INFO  com.itmo.eva.EvaApplicationTests - Elena Boldyreva : [0.24, 1.15, 7.97, 9.36, 4.73, 1.36, 2.94, 0.2, 9.23, 0.29, 2.19, 2.85, 3.17, 0.78, 9.28, 9.3, 9.3]
2023-03-25 12:45:05.529 [main] INFO  com.itmo.eva.EvaApplicationTests - Aglaia Ilina : [2.54, 0.45, 6.1, 9.09, 0.08, 3.97, 4.5, 0.47, 9.02, 1.35, 2.1, 0.29, 3.5, 1.76, 9.0, 8.99, 8.99]
2023-03-25 12:45:05.529 [main] INFO  com.itmo.eva.EvaApplicationTests - Iuliia Koroleva : [2.84, 1.49, 4.94, 9.27, 1.89, 1.03, 6.26, 0.08, 9.26, 0.01, 1.29, 3.05, 3.18, 1.7, 9.23, 9.28, 9.28]
2023-03-25 12:45:05.529 [main] INFO  com.itmo.eva.EvaApplicationTests - Korenkov Iurii : [5.75, 2.2, 1.31, 9.26, 3.35, 4.53, 0.28, 1.02, 9.18, 0.71, 3.56, 2.89, 0.83, 1.28, 9.27, 9.24, 9.24]
2023-03-25 12:45:05.529 [main] INFO  com.itmo.eva.EvaApplicationTests - Nikolay Nikolaev : [2.51, 2.76, 3.87, 9.14, 0.4, 4.45, 2.47, 1.78, 9.1, 2.87, 1.01, 1.98, 1.68, 1.58, 9.12, 9.13, 9.13]
2023-03-25 12:45:05.529 [main] INFO  com.itmo.eva.EvaApplicationTests - Ivan Borisov : [5.33, 0.02, 3.77, 9.12, 2.08, 1.42, 2.49, 3.07, 9.06, 0.88, 1.97, 1.35, 0.9, 3.99, 9.09, 9.06, 9.06]
2023-03-25 12:45:05.530 [main] INFO  com.itmo.eva.EvaApplicationTests - Kalapyshina Irina : [3.7, 3.19, 1.91, 8.8, 1.09, 2.24, 1.43, 4.19, 8.95, 1.31, 4.2, 0.24, 2.59, 0.61, 8.95, 8.9, 8.9]
2023-03-25 12:45:05.530 [main] INFO  com.itmo.eva.EvaApplicationTests - Madina Sinetova : [1.2, 3.04, 5.08, 9.32, 1.14, 1.2, 2.08, 4.85, 9.27, 0.68, 0.69, 0.81, 2.98, 4.1, 9.26, 9.31, 9.31]
2023-03-25 12:45:05.530 [main] INFO  com.itmo.eva.EvaApplicationTests - Galina Demidova : [5.42, 1.68, 2.12, 9.22, 1.21, 6.02, 1.21, 0.76, 9.2, 2.71, 0.02, 1.64, 2.81, 2.02, 9.2, 9.21, 9.21]
2023-03-25 12:45:05.530 [main] INFO  com.itmo.eva.EvaApplicationTests - Michael Kosyakov : [2.23, 0.85, 6.07, 9.15, 2.13, 1.56, 0.64, 4.78, 9.11, 0.12, 0.58, 4.47, 0.75, 3.28, 9.2, 9.16, 9.16]
2023-03-25 12:45:05.530 [main] INFO  com.itmo.eva.EvaApplicationTests - Nikolai  Poliakov : [2.86, 1.51, 4.59, 8.96, 2.0, 2.04, 0.89, 4.07, 9.0, 0.1, 0.03, 1.72, 5.75, 1.4, 9.0, 9.08, 9.08]
2023-03-25 12:45:05.530 [main] INFO  com.itmo.eva.EvaApplicationTests - Bykovskii Sergei : [4.37, 1.82, 3.02, 9.21, 0.2, 0.52, 3.27, 5.2, 9.19, 3.08, 1.48, 2.65, 0.03, 1.93, 9.17, 9.13, 9.13]
2023-03-25 12:45:05.530 [main] INFO  com.itmo.eva.EvaApplicationTests - Roman Olekhnovich : [2.51, 3.14, 3.39, 9.04, 2.06, 0.16, 1.76, 5.04, 9.02, 2.95, 0.17, 5.03, 0.03, 0.86, 9.04, 9.09, 9.09]
2023-03-25 12:45:05.531 [main] INFO  com.itmo.eva.EvaApplicationTests - Sergei Shavetov : [1.33, 4.01, 3.95, 9.29, 2.67, 1.66, 2.15, 2.76, 9.24, 0.67, 4.27, 1.99, 1.4, 0.97, 9.3, 9.33, 9.33]
2023-03-25 12:45:05.531 [main] INFO  com.itmo.eva.EvaApplicationTests - Kirill Kipriianov : [5.77, 2.12, 1.37, 9.26, 3.13, 1.4, 0.55, 4.13, 9.21, 1.16, 3.35, 2.27, 1.79, 0.69, 9.26, 9.24, 9.24]
2023-03-25 12:45:05.531 [main] INFO  com.itmo.eva.EvaApplicationTests - Dmitry Lukichev : [3.52, 0.99, 4.7, 9.21, 3.76, 3.15, 1.01, 1.27, 9.19, 0.06, 3.75, 3.06, 1.18, 1.17, 9.22, 9.23, 9.23]
2023-03-25 12:45:05.531 [main] INFO  com.itmo.eva.EvaApplicationTests - Julia Koroleva : [2.06, 3.14, 4.28, 9.48, 1.35, 1.93, 2.15, 4.04, 9.47, 2.45, 2.3, 0.25, 1.0, 3.52, 9.52, 9.57, 9.57]
2023-03-25 12:45:05.531 [main] INFO  com.itmo.eva.EvaApplicationTests - Anna Avdushina : [2.05, 4.51, 2.87, 9.43, 1.2, 0.47, 5.88, 1.88, 9.43, 0.81, 4.68, 0.26, 2.92, 0.76, 9.43, 9.54, 9.54]
2023-03-25 12:45:05.531 [main] INFO  com.itmo.eva.EvaApplicationTests - Igor Zhirkov : [2.43, 6.06, 0.8, 9.29, 0.6, 7.76, 0.12, 0.77, 9.25, 1.71, 3.29, 0.81, 0.71, 2.76, 9.28, 9.36, 9.36]
2023-03-25 12:45:05.531 [main] INFO  com.itmo.eva.EvaApplicationTests - Maksim Afanasyev : [0.76, 5.8, 2.55, 9.11, 0.86, 1.08, 1.13, 6.01, 9.08, 2.33, 1.9, 0.86, 3.62, 0.41, 9.12, 9.13, 9.13]
2023-03-25 12:45:05.531 [main] INFO  com.itmo.eva.EvaApplicationTests - Alexander Mamatov : [5.11, 0.34, 3.76, 9.21, 1.28, 1.01, 5.2, 1.71, 9.2, 2.86, 1.75, 0.8, 1.55, 2.24, 9.2, 9.26, 9.26]
2023-03-25 12:45:05.532 [main] INFO  com.itmo.eva.EvaApplicationTests - Islam Bzhikhatlov : [2.63, 4.5, 2.05, 9.18, 0.11, 1.89, 4.0, 3.05, 9.05, 1.06, 3.14, 0.4, 3.26, 1.31, 9.17, 9.0, 9.0]
2023-03-25 12:45:05.532 [main] INFO  com.itmo.eva.EvaApplicationTests - Boldyreva Elena : [0.47, 5.89, 2.96, 9.32, 2.33, 2.09, 1.86, 3.0, 9.28, 2.35, 1.6, 3.81, 0.07, 1.5, 9.33, 9.31, 9.31]
2023-03-25 12:45:05.532 [main] INFO  com.itmo.eva.EvaApplicationTests - Yuriy Boldyrev : [5.25, 2.62, 1.44, 9.31, 5.35, 1.4, 1.35, 1.15, 9.25, 0.3, 1.66, 1.33, 1.53, 4.45, 9.27, 9.3, 9.3]
2023-03-25 12:45:05.532 [main] INFO  com.itmo.eva.EvaApplicationTests - Alexey Peregudin : [1.56, 5.57, 2.39, 9.52, 3.46, 2.04, 3.81, 0.23, 9.54, 0.14, 4.59, 2.26, 0.49, 2.09, 9.57, 9.49, 9.49]
2023-03-25 12:45:05.532 [main] INFO  com.itmo.eva.EvaApplicationTests - Konstantin Zimenko : [3.58, 1.61, 4.07, 9.26, 2.61, 1.15, 3.38, 2.02, 9.16, 1.74, 2.39, 0.6, 0.05, 4.48, 9.26, 9.27, 9.27]
2023-03-25 12:45:05.532 [main] INFO  com.itmo.eva.EvaApplicationTests - Denis Tarakanov : [5.08, 1.29, 2.83, 9.2, 0.71, 5.0, 0.08, 3.33, 9.12, 2.32, 1.11, 2.62, 2.68, 0.48, 9.21, 9.17, 9.17]
2023-03-25 12:45:05.532 [main] INFO  com.itmo.eva.EvaApplicationTests - Bessmertny Igor : [1.45, 0.81, 7.08, 9.34, 2.95, 1.77, 3.07, 1.45, 9.24, 1.62, 3.41, 0.48, 1.45, 2.31, 9.27, 9.29, 9.29]
2023-03-25 12:45:05.752 [SpringApplicationShutdownHook] INFO  com.zaxxer.hikari.HikariDataSource - HikariPool-1 - Shutdown initiated...
2023-03-25 12:45:05.905 [SpringApplicationShutdownHook] INFO  com.zaxxer.hikari.HikariDataSource - HikariPool-1 - Shutdown completed.
2023-03-25 12:46:57.384 [main] INFO  com.itmo.eva.EvaApplicationTests - Starting EvaApplicationTests using Java 1.8.0_362 on chenjiahandeMacBook-Pro-2.local with PID 99432 (started by chenjiahan in /Users/chenjiahan/项目开发/教学评价系统（管理员端重写）/eva)
2023-03-25 12:46:57.385 [main] INFO  com.itmo.eva.EvaApplicationTests - No active profile set, falling back to 1 default profile: "default"
2023-03-25 12:47:00.188 [main] INFO  com.itmo.eva.EvaApplicationTests - Started EvaApplicationTests in 3.223 seconds (JVM running for 3.787)
2023-03-25 12:47:00.747 [main] INFO  com.zaxxer.hikari.HikariDataSource - HikariPool-1 - Starting...
2023-03-25 12:47:04.114 [main] INFO  com.zaxxer.hikari.HikariDataSource - HikariPool-1 - Start completed.
2023-03-25 12:47:06.969 [main] INFO  com.itmo.eva.EvaApplicationTests - Alexey Ovcharov : [3.0, 2.09, 4.18, 9.27, 1.54, 2.3, 4.79, 0.67, 9.3, 1.42, 2.13, 0.67, 0.05, 4.97, 9.24, 9.28, 9.28]
2023-03-25 12:47:06.970 [main] INFO  com.itmo.eva.EvaApplicationTests - Konstantin Gorshkov  : [0.96, 5.45, 2.86, 9.27, 7.51, 0.41, 0.44, 0.81, 9.17, 0.59, 4.39, 2.07, 1.55, 0.62, 9.22, 9.21, 9.21]
2023-03-25 12:47:06.970 [main] INFO  com.itmo.eva.EvaApplicationTests - Ilina Aglaya : [1.29, 3.75, 4.33, 9.37, 1.57, 1.27, 5.16, 1.39, 9.39, 6.16, 1.21, 0.49, 0.86, 0.69, 9.41, 9.41, 9.41]
2023-03-25 12:47:06.970 [main] INFO  com.itmo.eva.EvaApplicationTests - Andrew Zhdanov : [1.11, 1.45, 6.84, 9.4, 0.56, 0.71, 3.7, 4.35, 9.32, 2.82, 1.85, 1.86, 1.13, 1.67, 9.33, 9.38, 9.38]
2023-03-25 12:47:06.971 [main] INFO  com.itmo.eva.EvaApplicationTests - Sergei Bykovskii : [4.15, 4.79, 0.29, 9.23, 0.03, 0.9, 6.62, 1.72, 9.27, 0.54, 0.39, 1.19, 2.3, 4.8, 9.22, 9.33, 9.33]
2023-03-25 12:47:06.972 [main] INFO  com.itmo.eva.EvaApplicationTests - Sergey Lovlin : [6.16, 1.22, 1.82, 9.2, 0.54, 4.49, 3.87, 0.24, 9.14, 0.69, 2.62, 2.84, 0.36, 2.69, 9.2, 9.21, 9.21]
2023-03-25 12:47:06.973 [main] INFO  com.itmo.eva.EvaApplicationTests - Tatiana Markina : [0.19, 8.26, 0.73, 9.18, 1.85, 1.13, 0.19, 5.94, 9.11, 0.84, 1.84, 0.34, 2.79, 3.34, 9.15, 9.15, 9.15]
2023-03-25 12:47:06.973 [main] INFO  com.itmo.eva.EvaApplicationTests - Kapitonov Aleksandr : [0.86, 1.64, 6.69, 9.19, 1.57, 1.29, 1.65, 4.66, 9.17, 2.12, 1.29, 1.47, 1.78, 2.43, 9.09, 9.04, 9.04]
2023-03-25 12:47:06.973 [main] INFO  com.itmo.eva.EvaApplicationTests - Ivan Zhdanov : [1.09, 7.22, 0.97, 9.28, 3.71, 0.71, 1.35, 3.42, 9.19, 0.46, 0.62, 0.42, 7.66, 0.11, 9.27, 9.25, 9.25]
2023-03-25 12:47:06.973 [main] INFO  com.itmo.eva.EvaApplicationTests - Alexey Vedyakov : [1.7, 3.71, 3.85, 9.26, 1.06, 6.18, 0.7, 1.3, 9.24, 1.82, 1.42, 1.05, 1.85, 3.1, 9.24, 9.27, 9.27]
2023-03-25 12:47:06.974 [main] INFO  com.itmo.eva.EvaApplicationTests - Sergey Tretyakov : [0.78, 0.43, 7.97, 9.18, 3.24, 0.7, 0.29, 4.9, 9.13, 0.08, 1.57, 3.44, 2.6, 1.47, 9.16, 9.17, 9.17]
2023-03-25 12:47:06.974 [main] INFO  com.itmo.eva.EvaApplicationTests - Motorin Aleksandr : [1.52, 3.04, 4.42, 8.98, 2.91, 1.9, 0.87, 3.25, 8.93, 0.98, 1.27, 5.65, 0.92, 0.17, 8.99, 8.98, 8.98]
2023-03-25 12:47:06.974 [main] INFO  com.itmo.eva.EvaApplicationTests - Balakshin Pavel : [2.86, 2.13, 4.01, 9.0, 0.07, 3.71, 0.92, 4.12, 8.82, 2.32, 1.41, 0.75, 2.6, 1.84, 8.92, 8.84, 8.84]
2023-03-25 12:47:06.974 [main] INFO  com.itmo.eva.EvaApplicationTests - Elizaveta Kuzenkova : [4.84, 4.24, 0.37, 9.45, 1.32, 0.56, 0.62, 6.94, 9.44, 1.16, 5.03, 1.43, 1.22, 0.58, 9.42, 9.45, 9.45]
2023-03-25 12:47:06.975 [main] INFO  com.itmo.eva.EvaApplicationTests - Yurii Andreev : [4.73, 0.45, 4.04, 9.22, 6.69, 1.0, 0.37, 1.12, 9.18, 1.36, 1.38, 3.73, 1.74, 0.99, 9.2, 9.17, 9.17]
2023-03-25 12:47:06.975 [main] INFO  com.itmo.eva.EvaApplicationTests - Ivan Loginov : [2.29, 2.12, 4.94, 9.35, 7.53, 0.51, 0.72, 0.53, 9.29, 0.95, 0.14, 4.24, 0.45, 3.53, 9.31, 9.31, 9.31]
2023-03-25 12:47:06.975 [main] INFO  com.itmo.eva.EvaApplicationTests - Tsvetcova Madina : [3.15, 2.16, 3.95, 9.26, 2.07, 0.24, 4.92, 2.02, 9.25, 4.82, 2.91, 0.28, 0.35, 0.89, 9.25, 9.28, 9.28]
2023-03-25 12:47:06.975 [main] INFO  com.itmo.eva.EvaApplicationTests - Elena Boldyreva : [1.56, 2.58, 5.22, 9.36, 0.08, 4.86, 1.62, 2.67, 9.23, 4.69, 0.17, 0.55, 3.41, 0.46, 9.28, 9.3, 9.3]
2023-03-25 12:47:06.975 [main] INFO  com.itmo.eva.EvaApplicationTests - Aglaia Ilina : [7.54, 0.89, 0.66, 9.09, 1.22, 4.38, 0.89, 2.53, 9.02, 1.9, 0.02, 0.71, 0.12, 6.25, 9.0, 8.99, 8.99]
2023-03-25 12:47:06.976 [main] INFO  com.itmo.eva.EvaApplicationTests - Iuliia Koroleva : [8.94, 0.12, 0.21, 9.27, 2.34, 0.32, 2.27, 4.33, 9.26, 1.92, 0.72, 1.24, 2.72, 2.63, 9.23, 9.28, 9.28]
2023-03-25 12:47:06.976 [main] INFO  com.itmo.eva.EvaApplicationTests - Korenkov Iurii : [1.87, 5.65, 1.74, 9.26, 1.03, 0.94, 3.58, 3.63, 9.18, 0.8, 5.14, 0.35, 2.33, 0.65, 9.27, 9.24, 9.24]
2023-03-25 12:47:06.976 [main] INFO  com.itmo.eva.EvaApplicationTests - Nikolay Nikolaev : [6.36, 2.49, 0.29, 9.14, 1.58, 6.42, 0.48, 0.62, 9.1, 3.7, 1.17, 0.83, 3.19, 0.23, 9.12, 9.13, 9.13]
2023-03-25 12:47:06.976 [main] INFO  com.itmo.eva.EvaApplicationTests - Ivan Borisov : [1.23, 7.76, 0.13, 9.12, 3.86, 1.49, 3.58, 0.13, 9.06, 1.5, 3.9, 0.21, 2.5, 0.98, 9.09, 9.06, 9.06]
2023-03-25 12:47:06.977 [main] INFO  com.itmo.eva.EvaApplicationTests - Kalapyshina Irina : [1.18, 2.03, 5.59, 8.8, 0.79, 0.22, 2.14, 5.8, 8.95, 0.26, 0.64, 5.44, 1.57, 1.04, 8.95, 8.9, 8.9]
2023-03-25 12:47:06.977 [main] INFO  com.itmo.eva.EvaApplicationTests - Madina Sinetova : [1.4, 2.64, 5.28, 9.32, 1.4, 3.08, 0.98, 3.81, 9.27, 2.41, 3.17, 0.63, 2.94, 0.11, 9.26, 9.31, 9.31]
2023-03-25 12:47:06.977 [main] INFO  com.itmo.eva.EvaApplicationTests - Galina Demidova : [0.52, 7.96, 0.74, 9.22, 0.89, 3.71, 1.53, 3.07, 9.2, 0.35, 5.67, 1.8, 0.05, 1.33, 9.2, 9.21, 9.21]
2023-03-25 12:47:06.977 [main] INFO  com.itmo.eva.EvaApplicationTests - Michael Kosyakov : [2.31, 3.56, 3.28, 9.15, 4.35, 0.58, 2.96, 1.22, 9.11, 3.79, 0.58, 2.39, 1.05, 1.39, 9.2, 9.16, 9.16]
2023-03-25 12:47:06.977 [main] INFO  com.itmo.eva.EvaApplicationTests - Nikolai  Poliakov : [0.04, 0.28, 8.64, 8.96, 0.1, 2.99, 3.9, 2.01, 9.0, 3.28, 1.69, 0.15, 2.29, 1.59, 9.0, 9.08, 9.08]
2023-03-25 12:47:06.978 [main] INFO  com.itmo.eva.EvaApplicationTests - Bykovskii Sergei : [5.44, 1.23, 2.54, 9.21, 0.9, 2.12, 4.45, 1.72, 9.19, 1.42, 4.3, 0.36, 1.89, 1.2, 9.17, 9.13, 9.13]
2023-03-25 12:47:06.978 [main] INFO  com.itmo.eva.EvaApplicationTests - Roman Olekhnovich : [2.32, 0.42, 6.3, 9.04, 4.95, 2.74, 0.98, 0.35, 9.02, 1.26, 4.36, 1.09, 0.26, 2.07, 9.04, 9.09, 9.09]
2023-03-25 12:47:06.978 [main] INFO  com.itmo.eva.EvaApplicationTests - Sergei Shavetov : [8.82, 0.01, 0.46, 9.29, 3.86, 0.46, 0.34, 4.58, 9.24, 1.83, 3.94, 2.23, 0.88, 0.42, 9.3, 9.33, 9.33]
2023-03-25 12:47:06.978 [main] INFO  com.itmo.eva.EvaApplicationTests - Kirill Kipriianov : [0.25, 7.28, 1.73, 9.26, 1.32, 7.17, 0.48, 0.24, 9.21, 0.17, 0.22, 2.34, 0.62, 5.91, 9.26, 9.24, 9.24]
2023-03-25 12:47:06.978 [main] INFO  com.itmo.eva.EvaApplicationTests - Dmitry Lukichev : [0.44, 5.73, 3.04, 9.21, 0.63, 0.1, 3.8, 4.66, 9.19, 4.95, 0.61, 0.45, 2.91, 0.3, 9.22, 9.23, 9.23]
2023-03-25 12:47:06.979 [main] INFO  com.itmo.eva.EvaApplicationTests - Julia Koroleva : [0.84, 1.13, 7.51, 9.48, 2.08, 0.39, 0.05, 6.95, 9.47, 0.71, 0.31, 3.93, 2.76, 1.81, 9.52, 9.57, 9.57]
2023-03-25 12:47:06.979 [main] INFO  com.itmo.eva.EvaApplicationTests - Anna Avdushina : [8.59, 0.09, 0.75, 9.43, 0.43, 5.02, 1.71, 2.27, 9.43, 1.62, 1.71, 0.77, 0.26, 5.07, 9.43, 9.54, 9.54]
2023-03-25 12:47:06.979 [main] INFO  com.itmo.eva.EvaApplicationTests - Igor Zhirkov : [4.2, 0.74, 4.35, 9.29, 4.37, 2.4, 0.08, 2.4, 9.25, 0.11, 0.28, 3.86, 3.14, 1.89, 9.28, 9.36, 9.36]
2023-03-25 12:47:06.979 [main] INFO  com.itmo.eva.EvaApplicationTests - Maksim Afanasyev : [2.93, 3.44, 2.74, 9.11, 3.1, 2.26, 0.15, 3.57, 9.08, 1.77, 3.32, 2.15, 0.19, 1.69, 9.12, 9.13, 9.13]
2023-03-25 12:47:06.979 [main] INFO  com.itmo.eva.EvaApplicationTests - Alexander Mamatov : [4.91, 0.87, 3.43, 9.21, 1.33, 2.8, 0.45, 4.62, 9.2, 2.71, 2.53, 1.88, 1.5, 0.58, 9.2, 9.26, 9.26]
2023-03-25 12:47:06.979 [main] INFO  com.itmo.eva.EvaApplicationTests - Islam Bzhikhatlov : [0.72, 7.41, 1.05, 9.18, 0.4, 3.03, 1.68, 3.94, 9.05, 1.22, 4.99, 0.33, 1.62, 1.01, 9.17, 9.0, 9.0]
2023-03-25 12:47:06.980 [main] INFO  com.itmo.eva.EvaApplicationTests - Boldyreva Elena : [0.54, 5.18, 3.6, 9.32, 0.64, 2.94, 5.02, 0.68, 9.28, 0.69, 3.5, 2.8, 0.53, 1.81, 9.33, 9.31, 9.31]
2023-03-25 12:47:06.980 [main] INFO  com.itmo.eva.EvaApplicationTests - Yuriy Boldyrev : [3.42, 4.41, 1.48, 9.31, 5.11, 1.13, 0.92, 2.09, 9.25, 1.46, 2.72, 1.72, 0.11, 3.26, 9.27, 9.3, 9.3]
2023-03-25 12:47:06.980 [main] INFO  com.itmo.eva.EvaApplicationTests - Alexey Peregudin : [5.94, 0.13, 3.45, 9.52, 6.31, 1.86, 0.66, 0.71, 9.54, 4.0, 1.82, 0.99, 0.61, 2.15, 9.57, 9.49, 9.49]
2023-03-25 12:47:06.980 [main] INFO  com.itmo.eva.EvaApplicationTests - Konstantin Zimenko : [1.82, 4.0, 3.44, 9.26, 3.1, 0.07, 5.0, 0.99, 9.16, 1.14, 0.27, 3.4, 3.34, 1.11, 9.26, 9.27, 9.27]
2023-03-25 12:47:06.980 [main] INFO  com.itmo.eva.EvaApplicationTests - Denis Tarakanov : [5.73, 2.72, 0.75, 9.2, 3.91, 0.05, 2.5, 2.66, 9.12, 2.89, 1.63, 1.9, 0.63, 2.16, 9.21, 9.17, 9.17]
2023-03-25 12:47:06.981 [main] INFO  com.itmo.eva.EvaApplicationTests - Bessmertny Igor : [4.66, 4.26, 0.42, 9.34, 0.67, 0.39, 0.61, 7.57, 9.24, 1.03, 0.81, 3.75, 3.25, 0.43, 9.27, 9.29, 9.29]
2023-03-25 12:47:07.209 [SpringApplicationShutdownHook] INFO  com.zaxxer.hikari.HikariDataSource - HikariPool-1 - Shutdown initiated...
2023-03-25 12:47:08.406 [SpringApplicationShutdownHook] INFO  com.zaxxer.hikari.HikariDataSource - HikariPool-1 - Shutdown completed.
2023-03-25 12:47:24.727 [main] INFO  com.itmo.eva.EvaApplicationTests - Starting EvaApplicationTests using Java 1.8.0_362 on chenjiahandeMacBook-Pro-2.local with PID 99568 (started by chenjiahan in /Users/chenjiahan/项目开发/教学评价系统（管理员端重写）/eva)
2023-03-25 12:47:24.728 [main] INFO  com.itmo.eva.EvaApplicationTests - No active profile set, falling back to 1 default profile: "default"
2023-03-25 12:47:27.618 [main] INFO  com.itmo.eva.EvaApplicationTests - Started EvaApplicationTests in 3.172 seconds (JVM running for 4.108)
2023-03-25 12:47:28.228 [main] INFO  com.zaxxer.hikari.HikariDataSource - HikariPool-1 - Starting...
2023-03-25 12:47:31.575 [main] INFO  com.zaxxer.hikari.HikariDataSource - HikariPool-1 - Start completed.
2023-03-25 12:47:34.033 [main] INFO  com.itmo.eva.EvaApplicationTests - Alexey Ovcharov : [5.67, 0.77, 2.83, 9.27, 6.25, 1.26, 0.36, 1.43, 9.3, 0.47, 6.61, 0.18, 0.87, 1.11, 9.24, 9.28, 9.28]
2023-03-25 12:47:34.034 [main] INFO  com.itmo.eva.EvaApplicationTests - Konstantin Gorshkov  : [8.62, 0.07, 0.58, 9.27, 5.63, 1.11, 0.62, 1.81, 9.17, 1.77, 2.9, 0.34, 3.12, 1.09, 9.22, 9.21, 9.21]
2023-03-25 12:47:34.034 [main] INFO  com.itmo.eva.EvaApplicationTests - Ilina Aglaya : [4.17, 4.23, 0.97, 9.37, 1.4, 1.91, 3.18, 2.9, 9.39, 1.56, 1.16, 2.81, 0.05, 3.83, 9.41, 9.41, 9.41]
2023-03-25 12:47:34.034 [main] INFO  com.itmo.eva.EvaApplicationTests - Andrew Zhdanov : [2.12, 6.14, 1.14, 9.4, 0.35, 4.02, 2.94, 2.01, 9.32, 0.09, 0.25, 4.2, 3.22, 1.57, 9.33, 9.38, 9.38]
2023-03-25 12:47:34.034 [main] INFO  com.itmo.eva.EvaApplicationTests - Sergei Bykovskii : [1.33, 2.52, 5.38, 9.23, 4.14, 0.8, 2.04, 2.29, 9.27, 1.32, 6.0, 0.66, 0.67, 0.57, 9.22, 9.33, 9.33]
2023-03-25 12:47:34.034 [main] INFO  com.itmo.eva.EvaApplicationTests - Sergey Lovlin : [3.38, 5.77, 0.05, 9.2, 2.92, 4.17, 0.62, 1.43, 9.14, 1.09, 0.05, 2.72, 3.14, 2.2, 9.2, 9.21, 9.21]
2023-03-25 12:47:34.035 [main] INFO  com.itmo.eva.EvaApplicationTests - Tatiana Markina : [1.36, 2.0, 5.82, 9.18, 7.02, 0.17, 1.68, 0.24, 9.11, 1.36, 5.56, 0.33, 0.58, 1.32, 9.15, 9.15, 9.15]
2023-03-25 12:47:34.035 [main] INFO  com.itmo.eva.EvaApplicationTests - Kapitonov Aleksandr : [0.78, 7.16, 1.25, 9.19, 4.43, 0.05, 0.22, 4.47, 9.17, 0.73, 3.03, 1.58, 1.73, 2.02, 9.09, 9.04, 9.04]
2023-03-25 12:47:34.035 [main] INFO  com.itmo.eva.EvaApplicationTests - Ivan Zhdanov : [3.01, 4.07, 2.2, 9.28, 3.92, 0.44, 3.16, 1.67, 9.19, 2.22, 2.27, 0.53, 2.05, 2.2, 9.27, 9.25, 9.25]
2023-03-25 12:47:34.035 [main] INFO  com.itmo.eva.EvaApplicationTests - Alexey Vedyakov : [0.8, 0.96, 7.5, 9.26, 1.01, 3.33, 3.33, 1.57, 9.24, 0.56, 4.01, 0.28, 3.26, 1.13, 9.24, 9.27, 9.27]
2023-03-25 12:47:34.035 [main] INFO  com.itmo.eva.EvaApplicationTests - Sergey Tretyakov : [2.1, 4.15, 2.93, 9.18, 1.54, 2.75, 3.21, 1.63, 9.13, 2.45, 1.68, 1.75, 0.5, 2.78, 9.16, 9.17, 9.17]
2023-03-25 12:47:34.035 [main] INFO  com.itmo.eva.EvaApplicationTests - Motorin Aleksandr : [1.28, 6.69, 1.01, 8.98, 0.09, 2.75, 1.7, 4.39, 8.93, 2.8, 1.8, 0.03, 2.69, 1.67, 8.99, 8.98, 8.98]
2023-03-25 12:47:34.035 [main] INFO  com.itmo.eva.EvaApplicationTests - Balakshin Pavel : [0.21, 1.04, 7.75, 9.0, 5.48, 0.61, 1.53, 1.2, 8.82, 0.38, 1.22, 6.64, 0.39, 0.29, 8.92, 8.84, 8.84]
2023-03-25 12:47:34.035 [main] INFO  com.itmo.eva.EvaApplicationTests - Elizaveta Kuzenkova : [4.27, 2.13, 3.05, 9.45, 0.52, 3.61, 0.79, 4.52, 9.44, 0.75, 3.0, 1.67, 1.94, 2.06, 9.42, 9.45, 9.45]
2023-03-25 12:47:34.036 [main] INFO  com.itmo.eva.EvaApplicationTests - Yurii Andreev : [4.7, 2.97, 1.55, 9.22, 0.01, 3.67, 0.88, 4.62, 9.18, 2.16, 4.1, 1.39, 1.17, 0.38, 9.2, 9.17, 9.17]
2023-03-25 12:47:34.036 [main] INFO  com.itmo.eva.EvaApplicationTests - Ivan Loginov : [5.07, 3.76, 0.52, 9.35, 1.9, 2.45, 1.79, 3.15, 9.29, 3.51, 1.82, 2.59, 1.04, 0.35, 9.31, 9.31, 9.31]
2023-03-25 12:47:34.036 [main] INFO  com.itmo.eva.EvaApplicationTests - Tsvetcova Madina : [3.28, 1.18, 4.8, 9.26, 7.78, 0.2, 1.02, 0.25, 9.25, 0.56, 3.1, 1.92, 3.44, 0.23, 9.25, 9.28, 9.28]
2023-03-25 12:47:34.036 [main] INFO  com.itmo.eva.EvaApplicationTests - Elena Boldyreva : [3.24, 6.1, 0.02, 9.36, 5.5, 2.98, 0.48, 0.27, 9.23, 1.16, 0.29, 1.28, 1.5, 5.05, 9.28, 9.3, 9.3]
2023-03-25 12:47:34.036 [main] INFO  com.itmo.eva.EvaApplicationTests - Aglaia Ilina : [2.22, 2.81, 4.06, 9.09, 2.63, 2.54, 0.85, 3.0, 9.02, 0.94, 2.05, 0.38, 4.92, 0.71, 9.0, 8.99, 8.99]
2023-03-25 12:47:34.036 [main] INFO  com.itmo.eva.EvaApplicationTests - Iuliia Koroleva : [4.01, 0.68, 4.58, 9.27, 1.75, 3.33, 4.13, 0.05, 9.26, 1.37, 3.99, 0.84, 1.76, 1.27, 9.23, 9.28, 9.28]
2023-03-25 12:47:34.036 [main] INFO  com.itmo.eva.EvaApplicationTests - Korenkov Iurii : [0.82, 3.42, 5.02, 9.26, 0.31, 6.02, 0.43, 2.42, 9.18, 0.61, 1.04, 1.49, 3.89, 2.24, 9.27, 9.24, 9.24]
2023-03-25 12:47:34.036 [main] INFO  com.itmo.eva.EvaApplicationTests - Nikolay Nikolaev : [3.74, 2.69, 2.71, 9.14, 1.93, 5.95, 0.7, 0.52, 9.1, 0.64, 0.57, 0.79, 5.42, 1.7, 9.12, 9.13, 9.13]
2023-03-25 12:47:34.036 [main] INFO  com.itmo.eva.EvaApplicationTests - Ivan Borisov : [1.23, 6.41, 1.48, 9.12, 2.48, 0.55, 5.66, 0.37, 9.06, 0.1, 2.51, 2.91, 3.54, 0.03, 9.09, 9.06, 9.06]
2023-03-25 12:47:34.037 [main] INFO  com.itmo.eva.EvaApplicationTests - Kalapyshina Irina : [2.43, 3.01, 3.36, 8.8, 6.81, 1.08, 0.25, 0.81, 8.95, 2.66, 1.23, 0.27, 2.81, 1.98, 8.95, 8.9, 8.9]
2023-03-25 12:47:34.037 [main] INFO  com.itmo.eva.EvaApplicationTests - Madina Sinetova : [1.08, 7.08, 1.16, 9.32, 4.45, 1.22, 0.47, 3.13, 9.27, 1.29, 1.07, 2.16, 2.95, 1.79, 9.26, 9.31, 9.31]
2023-03-25 12:47:34.037 [main] INFO  com.itmo.eva.EvaApplicationTests - Galina Demidova : [1.13, 8.05, 0.04, 9.22, 3.51, 1.48, 1.75, 2.46, 9.2, 1.46, 4.23, 1.6, 0.15, 1.76, 9.2, 9.21, 9.21]
2023-03-25 12:47:34.037 [main] INFO  com.itmo.eva.EvaApplicationTests - Michael Kosyakov : [2.31, 2.39, 4.45, 9.15, 2.71, 2.93, 1.45, 2.02, 9.11, 2.05, 1.31, 3.23, 1.15, 1.46, 9.2, 9.16, 9.16]
2023-03-25 12:47:34.037 [main] INFO  com.itmo.eva.EvaApplicationTests - Nikolai  Poliakov : [2.22, 3.68, 3.06, 8.96, 5.62, 0.1, 2.01, 1.27, 9.0, 3.46, 0.56, 1.6, 0.42, 2.96, 9.0, 9.08, 9.08]
2023-03-25 12:47:34.037 [main] INFO  com.itmo.eva.EvaApplicationTests - Bykovskii Sergei : [4.36, 0.12, 4.73, 9.21, 3.64, 2.45, 2.66, 0.44, 9.19, 2.13, 1.45, 0.69, 0.33, 4.57, 9.17, 9.13, 9.13]
2023-03-25 12:47:34.037 [main] INFO  com.itmo.eva.EvaApplicationTests - Roman Olekhnovich : [0.8, 7.11, 1.13, 9.04, 0.45, 2.81, 2.95, 2.81, 9.02, 0.47, 4.74, 0.29, 0.54, 3.0, 9.04, 9.09, 9.09]
2023-03-25 12:47:34.037 [main] INFO  com.itmo.eva.EvaApplicationTests - Sergei Shavetov : [5.65, 1.13, 2.51, 9.29, 0.67, 2.76, 4.23, 1.58, 9.24, 4.09, 1.93, 0.27, 0.9, 2.11, 9.3, 9.33, 9.33]
2023-03-25 12:47:34.037 [main] INFO  com.itmo.eva.EvaApplicationTests - Kirill Kipriianov : [0.93, 7.37, 0.96, 9.26, 3.19, 1.9, 1.81, 2.31, 9.21, 2.14, 3.84, 1.36, 1.22, 0.7, 9.26, 9.24, 9.24]
2023-03-25 12:47:34.038 [main] INFO  com.itmo.eva.EvaApplicationTests - Dmitry Lukichev : [5.44, 1.65, 2.12, 9.21, 7.16, 0.13, 0.29, 1.61, 9.19, 2.15, 1.73, 2.82, 1.19, 1.33, 9.22, 9.23, 9.23]
2023-03-25 12:47:34.038 [main] INFO  com.itmo.eva.EvaApplicationTests - Julia Koroleva : [1.1, 5.34, 3.04, 9.48, 7.02, 0.86, 0.99, 0.6, 9.47, 3.51, 2.59, 0.37, 0.78, 2.27, 9.52, 9.57, 9.57]
2023-03-25 12:47:34.038 [main] INFO  com.itmo.eva.EvaApplicationTests - Anna Avdushina : [7.15, 1.38, 0.9, 9.43, 3.44, 0.19, 1.96, 3.84, 9.43, 2.09, 1.68, 2.61, 0.07, 2.98, 9.43, 9.54, 9.54]
2023-03-25 12:47:34.038 [main] INFO  com.itmo.eva.EvaApplicationTests - Igor Zhirkov : [1.33, 3.89, 4.07, 9.29, 0.34, 0.33, 2.07, 6.51, 9.25, 2.72, 1.82, 2.5, 2.16, 0.08, 9.28, 9.36, 9.36]
2023-03-25 12:47:34.038 [main] INFO  com.itmo.eva.EvaApplicationTests - Maksim Afanasyev : [3.93, 1.5, 3.68, 9.11, 0.65, 1.1, 2.73, 4.6, 9.08, 4.05, 1.09, 2.64, 0.01, 1.33, 9.12, 9.13, 9.13]
2023-03-25 12:47:34.038 [main] INFO  com.itmo.eva.EvaApplicationTests - Alexander Mamatov : [1.2, 4.86, 3.15, 9.21, 0.75, 1.45, 6.92, 0.08, 9.2, 3.18, 1.27, 1.76, 2.2, 0.79, 9.2, 9.26, 9.26]
2023-03-25 12:47:34.038 [main] INFO  com.itmo.eva.EvaApplicationTests - Islam Bzhikhatlov : [0.08, 8.7, 0.4, 9.18, 1.66, 2.09, 5.29, 0.01, 9.05, 1.49, 3.01, 0.12, 4.44, 0.11, 9.17, 9.0, 9.0]
2023-03-25 12:47:34.038 [main] INFO  com.itmo.eva.EvaApplicationTests - Boldyreva Elena : [8.04, 0.43, 0.85, 9.32, 2.67, 2.38, 2.33, 1.9, 9.28, 1.34, 1.43, 3.95, 2.53, 0.08, 9.33, 9.31, 9.31]
2023-03-25 12:47:34.038 [main] INFO  com.itmo.eva.EvaApplicationTests - Yuriy Boldyrev : [1.6, 4.62, 3.09, 9.31, 1.73, 2.08, 3.36, 2.08, 9.25, 0.01, 1.69, 1.49, 3.4, 2.68, 9.27, 9.3, 9.3]
2023-03-25 12:47:34.038 [main] INFO  com.itmo.eva.EvaApplicationTests - Alexey Peregudin : [4.07, 1.85, 3.6, 9.52, 0.41, 2.05, 4.39, 2.69, 9.54, 3.66, 0.34, 0.24, 4.95, 0.38, 9.57, 9.49, 9.49]
2023-03-25 12:47:34.038 [main] INFO  com.itmo.eva.EvaApplicationTests - Konstantin Zimenko : [7.17, 1.62, 0.47, 9.26, 4.72, 0.72, 1.3, 2.42, 9.16, 2.05, 0.44, 0.95, 4.95, 0.87, 9.26, 9.27, 9.27]
2023-03-25 12:47:34.038 [main] INFO  com.itmo.eva.EvaApplicationTests - Denis Tarakanov : [4.61, 2.39, 2.2, 9.2, 1.49, 1.6, 3.71, 2.32, 9.12, 3.89, 0.85, 0.05, 3.24, 1.18, 9.21, 9.17, 9.17]
2023-03-25 12:47:34.039 [main] INFO  com.itmo.eva.EvaApplicationTests - Bessmertny Igor : [0.74, 6.35, 2.25, 9.34, 3.33, 2.61, 2.07, 1.23, 9.24, 4.55, 0.75, 2.64, 0.53, 0.8, 9.27, 9.29, 9.29]
2023-03-25 12:48:17.543 [SpringApplicationShutdownHook] INFO  com.zaxxer.hikari.HikariDataSource - HikariPool-1 - Shutdown initiated...
2023-03-25 12:48:17.691 [SpringApplicationShutdownHook] INFO  com.zaxxer.hikari.HikariDataSource - HikariPool-1 - Shutdown completed.
2023-03-25 12:48:32.369 [main] INFO  com.itmo.eva.EvaApplicationTests - Starting EvaApplicationTests using Java 1.8.0_362 on chenjiahandeMacBook-Pro-2.local with PID 99889 (started by chenjiahan in /Users/chenjiahan/项目开发/教学评价系统（管理员端重写）/eva)
2023-03-25 12:48:32.370 [main] INFO  com.itmo.eva.EvaApplicationTests - No active profile set, falling back to 1 default profile: "default"
2023-03-25 12:48:35.162 [main] INFO  com.itmo.eva.EvaApplicationTests - Started EvaApplicationTests in 3.034 seconds (JVM running for 3.582)
2023-03-25 12:48:35.726 [main] INFO  com.zaxxer.hikari.HikariDataSource - HikariPool-1 - Starting...
2023-03-25 12:48:39.158 [main] INFO  com.zaxxer.hikari.HikariDataSource - HikariPool-1 - Start completed.
2023-03-25 12:48:42.183 [main] INFO  com.itmo.eva.EvaApplicationTests - Alexey Ovcharov : [0.38, 2.65, 6.24, 9.27, 0.17, 0.77, 0.3, 8.06, 9.3, 0.16, 1.94, 0.07, 1.67, 5.4, 9.24, 9.28, 9.28]
2023-03-25 12:48:42.185 [main] INFO  com.itmo.eva.EvaApplicationTests - Konstantin Gorshkov  : [2.99, 3.97, 2.31, 9.27, 2.21, 2.49, 1.59, 2.88, 9.17, 0.27, 0.62, 3.94, 2.48, 1.91, 9.22, 9.21, 9.21]
2023-03-25 12:48:42.185 [main] INFO  com.itmo.eva.EvaApplicationTests - Ilina Aglaya : [1.03, 0.18, 8.16, 9.37, 0.18, 4.49, 2.94, 1.78, 9.39, 0.71, 2.77, 3.95, 0.7, 1.28, 9.41, 9.41, 9.41]
2023-03-25 12:48:42.186 [main] INFO  com.itmo.eva.EvaApplicationTests - Andrew Zhdanov : [6.12, 0.2, 3.08, 9.4, 3.16, 0.03, 2.57, 3.56, 9.32, 0.62, 2.02, 0.15, 2.11, 4.43, 9.33, 9.38, 9.38]
2023-03-25 12:48:42.186 [main] INFO  com.itmo.eva.EvaApplicationTests - Sergei Bykovskii : [2.39, 6.37, 0.47, 9.23, 1.96, 4.09, 2.46, 0.76, 9.27, 2.36, 0.39, 4.31, 1.49, 0.67, 9.22, 9.33, 9.33]
2023-03-25 12:48:42.186 [main] INFO  com.itmo.eva.EvaApplicationTests - Sergey Lovlin : [0.49, 2.17, 6.54, 9.2, 4.9, 2.53, 0.82, 0.89, 9.14, 1.19, 0.35, 2.67, 0.51, 4.48, 9.2, 9.21, 9.21]
2023-03-25 12:48:42.186 [main] INFO  com.itmo.eva.EvaApplicationTests - Tatiana Markina : [0.82, 5.98, 2.38, 9.18, 3.2, 0.49, 1.84, 3.58, 9.11, 0.21, 0.58, 0.48, 2.91, 4.97, 9.15, 9.15, 9.15]
2023-03-25 12:48:42.187 [main] INFO  com.itmo.eva.EvaApplicationTests - Kapitonov Aleksandr : [0.98, 5.44, 2.77, 9.19, 0.15, 0.97, 6.64, 1.41, 9.17, 1.36, 1.15, 0.45, 1.61, 4.52, 9.09, 9.04, 9.04]
2023-03-25 12:48:42.187 [main] INFO  com.itmo.eva.EvaApplicationTests - Ivan Zhdanov : [2.38, 4.0, 2.9, 9.28, 4.18, 0.71, 3.39, 0.91, 9.19, 0.0, 0.02, 3.74, 4.98, 0.53, 9.27, 9.25, 9.25]
2023-03-25 12:48:42.187 [main] INFO  com.itmo.eva.EvaApplicationTests - Alexey Vedyakov : [0.89, 5.3, 3.07, 9.26, 3.46, 0.75, 4.79, 0.24, 9.24, 1.61, 4.59, 1.09, 0.24, 1.71, 9.24, 9.27, 9.27]
2023-03-25 12:48:42.187 [main] INFO  com.itmo.eva.EvaApplicationTests - Sergey Tretyakov : [4.06, 0.89, 4.23, 9.18, 2.13, 4.1, 0.34, 2.56, 9.13, 0.65, 4.06, 0.53, 2.24, 1.68, 9.16, 9.17, 9.17]
2023-03-25 12:48:42.188 [main] INFO  com.itmo.eva.EvaApplicationTests - Motorin Aleksandr : [3.78, 4.52, 0.68, 8.98, 1.89, 0.56, 2.34, 4.14, 8.93, 1.01, 0.51, 0.56, 4.96, 1.95, 8.99, 8.98, 8.98]
2023-03-25 12:48:42.188 [main] INFO  com.itmo.eva.EvaApplicationTests - Balakshin Pavel : [2.29, 3.93, 2.78, 9.0, 2.87, 1.59, 0.48, 3.88, 8.82, 0.9, 0.63, 1.08, 2.89, 3.42, 8.92, 8.84, 8.84]
2023-03-25 12:48:42.188 [main] INFO  com.itmo.eva.EvaApplicationTests - Elizaveta Kuzenkova : [3.24, 0.16, 6.05, 9.45, 3.73, 1.9, 1.46, 2.35, 9.44, 0.15, 0.57, 2.05, 5.5, 1.15, 9.42, 9.45, 9.45]
2023-03-25 12:48:42.188 [main] INFO  com.itmo.eva.EvaApplicationTests - Yurii Andreev : [0.3, 4.46, 4.46, 9.22, 3.77, 0.93, 0.39, 4.09, 9.18, 0.12, 1.98, 0.96, 3.83, 2.31, 9.2, 9.17, 9.17]
2023-03-25 12:48:42.189 [main] INFO  com.itmo.eva.EvaApplicationTests - Ivan Loginov : [5.92, 0.2, 3.23, 9.35, 0.31, 0.54, 7.25, 1.19, 9.29, 0.91, 1.28, 2.18, 3.79, 1.15, 9.31, 9.31, 9.31]
2023-03-25 12:48:42.189 [main] INFO  com.itmo.eva.EvaApplicationTests - Tsvetcova Madina : [1.78, 1.56, 5.92, 9.26, 3.09, 0.38, 0.41, 5.37, 9.25, 3.29, 1.16, 0.02, 1.17, 3.61, 9.25, 9.28, 9.28]
2023-03-25 12:48:42.189 [main] INFO  com.itmo.eva.EvaApplicationTests - Elena Boldyreva : [1.21, 0.14, 8.01, 9.36, 1.2, 3.0, 2.25, 2.78, 9.23, 0.91, 1.7, 0.25, 1.44, 4.98, 9.28, 9.3, 9.3]
2023-03-25 12:48:42.189 [main] INFO  com.itmo.eva.EvaApplicationTests - Aglaia Ilina : [4.4, 2.18, 2.51, 9.09, 0.96, 6.38, 0.45, 1.23, 9.02, 1.62, 4.6, 1.09, 0.08, 1.61, 9.0, 8.99, 8.99]
2023-03-25 12:48:42.189 [main] INFO  com.itmo.eva.EvaApplicationTests - Iuliia Koroleva : [0.64, 7.91, 0.72, 9.27, 1.45, 4.26, 2.2, 1.35, 9.26, 1.92, 0.14, 6.29, 0.14, 0.74, 9.23, 9.28, 9.28]
2023-03-25 12:48:42.189 [main] INFO  com.itmo.eva.EvaApplicationTests - Korenkov Iurii : [3.36, 0.41, 5.49, 9.26, 1.32, 4.41, 2.98, 0.47, 9.18, 2.24, 2.61, 0.91, 1.79, 1.72, 9.27, 9.24, 9.24]
2023-03-25 12:48:42.190 [main] INFO  com.itmo.eva.EvaApplicationTests - Nikolay Nikolaev : [2.65, 5.0, 1.49, 9.14, 1.17, 0.48, 6.17, 1.28, 9.1, 3.01, 0.51, 0.22, 0.57, 4.81, 9.12, 9.13, 9.13]
2023-03-25 12:48:42.190 [main] INFO  com.itmo.eva.EvaApplicationTests - Ivan Borisov : [0.08, 2.39, 6.65, 9.12, 0.21, 4.57, 0.05, 4.23, 9.06, 0.5, 0.3, 4.02, 2.47, 1.8, 9.09, 9.06, 9.06]
2023-03-25 12:48:42.190 [main] INFO  com.itmo.eva.EvaApplicationTests - Kalapyshina Irina : [7.03, 0.18, 1.59, 8.8, 3.39, 0.73, 0.48, 4.35, 8.95, 0.05, 3.0, 0.52, 1.43, 3.95, 8.95, 8.9, 8.9]
2023-03-25 12:48:42.190 [main] INFO  com.itmo.eva.EvaApplicationTests - Madina Sinetova : [3.54, 1.8, 3.98, 9.32, 0.9, 2.36, 5.85, 0.16, 9.27, 0.08, 2.18, 1.32, 3.0, 2.68, 9.26, 9.31, 9.31]
2023-03-25 12:48:42.190 [main] INFO  com.itmo.eva.EvaApplicationTests - Galina Demidova : [0.64, 5.6, 2.98, 9.22, 0.5, 0.87, 6.46, 1.37, 9.2, 2.09, 0.19, 3.49, 0.23, 3.2, 9.2, 9.21, 9.21]
2023-03-25 12:48:42.190 [main] INFO  com.itmo.eva.EvaApplicationTests - Michael Kosyakov : [1.57, 5.18, 2.4, 9.15, 4.64, 0.11, 1.64, 2.72, 9.11, 2.19, 2.18, 0.81, 2.0, 2.02, 9.2, 9.16, 9.16]
2023-03-25 12:48:42.190 [main] INFO  com.itmo.eva.EvaApplicationTests - Nikolai  Poliakov : [3.74, 0.16, 5.06, 8.96, 2.19, 0.88, 2.7, 3.23, 9.0, 0.45, 4.85, 0.41, 0.05, 3.24, 9.0, 9.08, 9.08]
2023-03-25 12:48:42.191 [main] INFO  com.itmo.eva.EvaApplicationTests - Bykovskii Sergei : [1.61, 2.72, 4.88, 9.21, 1.28, 1.49, 1.68, 4.74, 9.19, 0.45, 1.77, 2.76, 2.44, 1.75, 9.17, 9.13, 9.13]
2023-03-25 12:48:42.191 [main] INFO  com.itmo.eva.EvaApplicationTests - Roman Olekhnovich : [5.62, 1.92, 1.5, 9.04, 1.51, 1.8, 3.79, 1.92, 9.02, 0.75, 0.86, 5.61, 0.24, 1.58, 9.04, 9.09, 9.09]
2023-03-25 12:48:42.191 [main] INFO  com.itmo.eva.EvaApplicationTests - Sergei Shavetov : [1.49, 5.08, 2.72, 9.29, 2.54, 0.65, 1.09, 4.96, 9.24, 5.4, 2.37, 0.58, 0.22, 0.73, 9.3, 9.33, 9.33]
2023-03-25 12:48:42.191 [main] INFO  com.itmo.eva.EvaApplicationTests - Kirill Kipriianov : [3.13, 5.97, 0.16, 9.26, 1.16, 6.05, 0.71, 1.29, 9.21, 0.56, 2.38, 4.04, 0.21, 2.07, 9.26, 9.24, 9.24]
2023-03-25 12:48:42.191 [main] INFO  com.itmo.eva.EvaApplicationTests - Dmitry Lukichev : [0.8, 5.93, 2.48, 9.21, 4.26, 3.53, 0.02, 1.38, 9.19, 1.22, 0.37, 1.44, 0.59, 5.6, 9.22, 9.23, 9.23]
2023-03-25 12:48:42.191 [main] INFO  com.itmo.eva.EvaApplicationTests - Julia Koroleva : [5.4, 0.2, 3.88, 9.48, 1.14, 3.76, 3.98, 0.59, 9.47, 3.64, 1.21, 0.04, 0.67, 3.96, 9.52, 9.57, 9.57]
2023-03-25 12:48:42.191 [main] INFO  com.itmo.eva.EvaApplicationTests - Anna Avdushina : [1.31, 4.78, 3.34, 9.43, 4.81, 1.17, 2.09, 1.36, 9.43, 2.68, 1.02, 5.51, 0.09, 0.13, 9.43, 9.54, 9.54]
2023-03-25 12:48:42.192 [main] INFO  com.itmo.eva.EvaApplicationTests - Igor Zhirkov : [1.01, 0.44, 7.84, 9.29, 0.57, 3.16, 3.93, 1.59, 9.25, 0.5, 3.61, 2.72, 0.84, 1.61, 9.28, 9.36, 9.36]
2023-03-25 12:48:42.192 [main] INFO  com.itmo.eva.EvaApplicationTests - Maksim Afanasyev : [3.66, 0.78, 4.67, 9.11, 3.86, 0.5, 2.1, 2.62, 9.08, 1.95, 1.39, 3.79, 1.94, 0.05, 9.12, 9.13, 9.13]
2023-03-25 12:48:42.192 [main] INFO  com.itmo.eva.EvaApplicationTests - Alexander Mamatov : [7.02, 0.93, 1.26, 9.21, 5.23, 0.29, 1.8, 1.88, 9.2, 1.25, 1.57, 0.11, 0.46, 5.81, 9.2, 9.26, 9.26]
2023-03-25 12:48:42.192 [main] INFO  com.itmo.eva.EvaApplicationTests - Islam Bzhikhatlov : [3.43, 3.88, 1.87, 9.18, 2.15, 1.51, 3.17, 2.22, 9.05, 1.32, 3.86, 1.76, 1.04, 1.19, 9.17, 9.0, 9.0]
2023-03-25 12:48:42.192 [main] INFO  com.itmo.eva.EvaApplicationTests - Boldyreva Elena : [2.07, 6.95, 0.3, 9.32, 0.72, 1.78, 4.6, 2.18, 9.28, 0.95, 2.29, 2.21, 3.02, 0.86, 9.33, 9.31, 9.31]
2023-03-25 12:48:42.192 [main] INFO  com.itmo.eva.EvaApplicationTests - Yuriy Boldyrev : [1.79, 0.59, 6.93, 9.31, 2.54, 4.14, 0.87, 1.7, 9.25, 1.79, 1.54, 3.63, 1.36, 0.95, 9.27, 9.3, 9.3]
2023-03-25 12:48:42.192 [main] INFO  com.itmo.eva.EvaApplicationTests - Alexey Peregudin : [3.93, 3.0, 2.59, 9.52, 2.39, 0.2, 5.76, 1.19, 9.54, 0.39, 2.41, 3.72, 0.83, 2.22, 9.57, 9.49, 9.49]
2023-03-25 12:48:42.192 [main] INFO  com.itmo.eva.EvaApplicationTests - Konstantin Zimenko : [6.03, 2.19, 1.04, 9.26, 2.52, 1.02, 3.15, 2.47, 9.16, 1.96, 1.2, 3.07, 1.21, 1.82, 9.26, 9.27, 9.27]
2023-03-25 12:48:42.193 [main] INFO  com.itmo.eva.EvaApplicationTests - Denis Tarakanov : [5.16, 2.51, 1.53, 9.2, 0.78, 2.09, 4.04, 2.21, 9.12, 2.37, 1.17, 0.42, 4.19, 1.06, 9.21, 9.17, 9.17]
2023-03-25 12:48:42.193 [main] INFO  com.itmo.eva.EvaApplicationTests - Bessmertny Igor : [1.27, 0.58, 7.49, 9.34, 0.05, 1.73, 1.86, 5.6, 9.24, 0.7, 0.46, 4.99, 2.65, 0.47, 9.27, 9.29, 9.29]
2023-03-25 12:48:42.429 [SpringApplicationShutdownHook] INFO  com.zaxxer.hikari.HikariDataSource - HikariPool-1 - Shutdown initiated...
2023-03-25 12:48:43.316 [SpringApplicationShutdownHook] INFO  com.zaxxer.hikari.HikariDataSource - HikariPool-1 - Shutdown completed.
2023-03-25 12:49:14.126 [main] INFO  com.itmo.eva.EvaApplicationTests - Starting EvaApplicationTests using Java 1.8.0_362 on chenjiahandeMacBook-Pro-2.local with PID 188 (started by chenjiahan in /Users/chenjiahan/项目开发/教学评价系统（管理员端重写）/eva)
2023-03-25 12:49:14.128 [main] INFO  com.itmo.eva.EvaApplicationTests - No active profile set, falling back to 1 default profile: "default"
2023-03-25 12:49:17.099 [main] INFO  com.itmo.eva.EvaApplicationTests - Started EvaApplicationTests in 3.243 seconds (JVM running for 3.882)
2023-03-25 12:49:17.696 [main] INFO  com.zaxxer.hikari.HikariDataSource - HikariPool-1 - Starting...
2023-03-25 12:49:21.175 [main] INFO  com.zaxxer.hikari.HikariDataSource - HikariPool-1 - Start completed.
2023-03-25 12:49:24.161 [main] INFO  com.itmo.eva.EvaApplicationTests - Alexey Ovcharov : [1.29, 4.66, 3.32, 9.27, 0.97, 2.23, 3.88, 2.22, 9.3, 0.09, 0.7, 2.58, 5.61, 0.26, 9.24, 9.28, 9.28]
2023-03-25 12:49:24.161 [main] INFO  com.itmo.eva.EvaApplicationTests - Konstantin Gorshkov  : [5.44, 2.9, 0.93, 9.27, 1.94, 1.01, 2.28, 3.94, 9.17, 0.11, 1.18, 0.35, 7.34, 0.24, 9.22, 9.21, 9.21]
2023-03-25 12:49:24.161 [main] INFO  com.itmo.eva.EvaApplicationTests - Ilina Aglaya : [2.7, 1.79, 4.88, 9.37, 8.17, 0.88, 0.11, 0.23, 9.39, 2.13, 2.41, 3.12, 0.54, 1.21, 9.41, 9.41, 9.41]
2023-03-25 12:49:24.161 [main] INFO  com.itmo.eva.EvaApplicationTests - Andrew Zhdanov : [5.68, 1.75, 1.97, 9.4, 2.93, 2.49, 0.69, 3.21, 9.32, 1.53, 0.56, 0.95, 0.8, 5.49, 9.33, 9.38, 9.38]
2023-03-25 12:49:24.162 [main] INFO  com.itmo.eva.EvaApplicationTests - Sergei Bykovskii : [2.67, 0.74, 5.82, 9.23, 0.41, 2.92, 4.47, 1.47, 9.27, 0.46, 0.72, 1.65, 3.5, 2.89, 9.22, 9.33, 9.33]
2023-03-25 12:49:24.162 [main] INFO  com.itmo.eva.EvaApplicationTests - Sergey Lovlin : [5.79, 0.14, 3.27, 9.2, 1.77, 2.79, 1.42, 3.16, 9.14, 0.3, 1.62, 2.54, 0.7, 4.04, 9.2, 9.21, 9.21]
2023-03-25 12:49:24.162 [main] INFO  com.itmo.eva.EvaApplicationTests - Tatiana Markina : [4.32, 3.54, 1.32, 9.18, 1.73, 1.6, 4.15, 1.63, 9.11, 3.93, 2.03, 2.24, 0.86, 0.09, 9.15, 9.15, 9.15]
2023-03-25 12:49:24.162 [main] INFO  com.itmo.eva.EvaApplicationTests - Kapitonov Aleksandr : [3.29, 3.59, 2.31, 9.19, 1.07, 6.29, 0.08, 1.73, 9.17, 2.78, 2.68, 0.19, 2.81, 0.63, 9.09, 9.04, 9.04]
2023-03-25 12:49:24.162 [main] INFO  com.itmo.eva.EvaApplicationTests - Ivan Zhdanov : [0.31, 4.9, 4.07, 9.28, 1.58, 0.07, 1.97, 5.57, 9.19, 0.11, 0.52, 2.24, 1.7, 4.7, 9.27, 9.25, 9.25]
2023-03-25 12:49:24.162 [main] INFO  com.itmo.eva.EvaApplicationTests - Alexey Vedyakov : [5.8, 3.16, 0.3, 9.26, 0.7, 0.95, 5.47, 2.12, 9.24, 0.41, 0.61, 5.49, 0.43, 2.3, 9.24, 9.27, 9.27]
2023-03-25 12:49:24.162 [main] INFO  com.itmo.eva.EvaApplicationTests - Sergey Tretyakov : [5.48, 2.89, 0.81, 9.18, 2.1, 4.84, 1.16, 1.03, 9.13, 1.88, 0.36, 1.22, 4.64, 1.06, 9.16, 9.17, 9.17]
2023-03-25 12:49:24.162 [main] INFO  com.itmo.eva.EvaApplicationTests - Motorin Aleksandr : [0.08, 3.94, 4.96, 8.98, 3.31, 3.44, 0.33, 1.85, 8.93, 4.44, 0.63, 2.17, 0.56, 1.19, 8.99, 8.98, 8.98]
2023-03-25 12:49:24.163 [main] INFO  com.itmo.eva.EvaApplicationTests - Balakshin Pavel : [3.6, 2.59, 2.81, 9.0, 4.6, 3.25, 0.42, 0.55, 8.82, 0.09, 1.18, 1.98, 5.38, 0.29, 8.92, 8.84, 8.84]
2023-03-25 12:49:24.163 [main] INFO  com.itmo.eva.EvaApplicationTests - Elizaveta Kuzenkova : [2.65, 0.6, 6.2, 9.45, 1.85, 3.56, 3.54, 0.49, 9.44, 1.48, 0.2, 0.23, 4.18, 3.33, 9.42, 9.45, 9.45]
2023-03-25 12:49:24.163 [main] INFO  com.itmo.eva.EvaApplicationTests - Yurii Andreev : [8.45, 0.41, 0.36, 9.22, 0.42, 2.19, 6.08, 0.49, 9.18, 1.0, 2.39, 3.21, 2.22, 0.38, 9.2, 9.17, 9.17]
2023-03-25 12:49:24.163 [main] INFO  com.itmo.eva.EvaApplicationTests - Ivan Loginov : [8.0, 0.2, 1.15, 9.35, 3.37, 2.7, 2.62, 0.6, 9.29, 5.35, 1.53, 1.87, 0.36, 0.2, 9.31, 9.31, 9.31]
2023-03-25 12:49:24.163 [main] INFO  com.itmo.eva.EvaApplicationTests - Tsvetcova Madina : [0.01, 3.77, 5.48, 9.26, 3.3, 3.53, 2.12, 0.3, 9.25, 6.36, 0.05, 0.68, 2.11, 0.05, 9.25, 9.28, 9.28]
2023-03-25 12:49:24.163 [main] INFO  com.itmo.eva.EvaApplicationTests - Elena Boldyreva : [0.47, 0.76, 8.13, 9.36, 1.85, 1.39, 5.38, 0.61, 9.23, 1.68, 0.35, 6.64, 0.46, 0.15, 9.28, 9.3, 9.3]
2023-03-25 12:49:24.163 [main] INFO  com.itmo.eva.EvaApplicationTests - Aglaia Ilina : [1.14, 6.24, 1.71, 9.09, 2.38, 2.0, 2.89, 1.75, 9.02, 1.48, 0.49, 4.19, 0.91, 1.93, 9.0, 8.99, 8.99]
2023-03-25 12:49:24.163 [main] INFO  com.itmo.eva.EvaApplicationTests - Iuliia Koroleva : [1.64, 0.71, 6.92, 9.27, 4.12, 1.27, 2.34, 1.53, 9.26, 1.35, 0.14, 1.19, 0.64, 5.91, 9.23, 9.28, 9.28]
2023-03-25 12:49:24.163 [main] INFO  com.itmo.eva.EvaApplicationTests - Korenkov Iurii : [2.1, 4.65, 2.51, 9.26, 1.26, 0.53, 0.46, 6.93, 9.18, 0.34, 1.38, 5.96, 0.16, 1.43, 9.27, 9.24, 9.24]
2023-03-25 12:49:24.163 [main] INFO  com.itmo.eva.EvaApplicationTests - Nikolay Nikolaev : [5.51, 2.82, 0.81, 9.14, 0.71, 1.62, 4.22, 2.55, 9.1, 3.05, 1.39, 1.35, 2.75, 0.58, 9.12, 9.13, 9.13]
2023-03-25 12:49:24.163 [main] INFO  com.itmo.eva.EvaApplicationTests - Ivan Borisov : [5.37, 2.69, 1.06, 9.12, 2.95, 3.53, 2.34, 0.24, 9.06, 1.13, 1.91, 3.04, 0.98, 2.03, 9.09, 9.06, 9.06]
2023-03-25 12:49:24.164 [main] INFO  com.itmo.eva.EvaApplicationTests - Kalapyshina Irina : [0.96, 3.28, 4.56, 8.8, 2.38, 3.54, 1.72, 1.31, 8.95, 0.43, 2.67, 3.72, 1.63, 0.5, 8.95, 8.9, 8.9]
2023-03-25 12:49:24.164 [main] INFO  com.itmo.eva.EvaApplicationTests - Madina Sinetova : [0.1, 8.06, 1.16, 9.32, 3.97, 0.44, 4.73, 0.13, 9.27, 3.71, 1.01, 0.24, 0.82, 3.48, 9.26, 9.31, 9.31]
2023-03-25 12:49:24.164 [main] INFO  com.itmo.eva.EvaApplicationTests - Galina Demidova : [0.64, 4.37, 4.21, 9.22, 2.15, 1.17, 3.49, 2.39, 9.2, 1.98, 0.81, 1.2, 3.27, 1.94, 9.2, 9.21, 9.21]
2023-03-25 12:49:24.164 [main] INFO  com.itmo.eva.EvaApplicationTests - Michael Kosyakov : [1.9, 6.58, 0.67, 9.15, 1.98, 1.54, 0.34, 5.25, 9.11, 0.37, 4.56, 0.59, 1.58, 2.1, 9.2, 9.16, 9.16]
2023-03-25 12:49:24.164 [main] INFO  com.itmo.eva.EvaApplicationTests - Nikolai  Poliakov : [0.25, 4.94, 3.77, 8.96, 1.8, 4.62, 1.81, 0.77, 9.0, 0.87, 4.65, 0.88, 2.35, 0.25, 9.0, 9.08, 9.08]
2023-03-25 12:49:24.164 [main] INFO  com.itmo.eva.EvaApplicationTests - Bykovskii Sergei : [3.78, 1.49, 3.94, 9.21, 1.97, 2.7, 3.85, 0.67, 9.19, 1.95, 0.15, 3.04, 3.55, 0.48, 9.17, 9.13, 9.13]
2023-03-25 12:49:24.164 [main] INFO  com.itmo.eva.EvaApplicationTests - Roman Olekhnovich : [0.44, 0.83, 7.77, 9.04, 1.69, 3.1, 2.08, 2.15, 9.02, 2.8, 0.09, 0.17, 4.88, 1.1, 9.04, 9.09, 9.09]
2023-03-25 12:49:24.164 [main] INFO  com.itmo.eva.EvaApplicationTests - Sergei Shavetov : [6.53, 2.39, 0.37, 9.29, 0.34, 2.28, 2.57, 4.05, 9.24, 3.0, 2.16, 0.88, 3.0, 0.26, 9.3, 9.33, 9.33]
2023-03-25 12:49:24.164 [main] INFO  com.itmo.eva.EvaApplicationTests - Kirill Kipriianov : [0.12, 2.69, 6.45, 9.26, 7.36, 0.71, 0.62, 0.52, 9.21, 0.4, 0.11, 0.7, 6.13, 1.92, 9.26, 9.24, 9.24]
2023-03-25 12:49:24.164 [main] INFO  com.itmo.eva.EvaApplicationTests - Dmitry Lukichev : [1.6, 3.66, 3.95, 9.21, 2.11, 3.2, 3.27, 0.61, 9.19, 1.67, 2.1, 4.2, 0.54, 0.71, 9.22, 9.23, 9.23]
2023-03-25 12:49:24.164 [main] INFO  com.itmo.eva.EvaApplicationTests - Julia Koroleva : [3.7, 4.44, 1.34, 9.48, 0.98, 0.31, 3.04, 5.14, 9.47, 2.85, 0.7, 1.95, 0.43, 3.59, 9.52, 9.57, 9.57]
2023-03-25 12:49:24.164 [main] INFO  com.itmo.eva.EvaApplicationTests - Anna Avdushina : [2.99, 0.08, 6.36, 9.43, 2.85, 1.27, 0.17, 5.14, 9.43, 4.18, 3.33, 0.17, 1.21, 0.54, 9.43, 9.54, 9.54]
2023-03-25 12:49:24.165 [main] INFO  com.itmo.eva.EvaApplicationTests - Igor Zhirkov : [0.35, 4.61, 4.33, 9.29, 1.24, 5.27, 0.02, 2.72, 9.25, 0.93, 1.76, 0.84, 2.97, 2.78, 9.28, 9.36, 9.36]
2023-03-25 12:49:24.165 [main] INFO  com.itmo.eva.EvaApplicationTests - Maksim Afanasyev : [0.95, 4.48, 3.68, 9.11, 6.49, 0.57, 0.5, 1.52, 9.08, 0.92, 0.17, 0.9, 5.39, 1.74, 9.12, 9.13, 9.13]
2023-03-25 12:49:24.165 [main] INFO  com.itmo.eva.EvaApplicationTests - Alexander Mamatov : [0.47, 3.06, 5.68, 9.21, 0.01, 6.4, 0.58, 2.21, 9.2, 1.01, 2.53, 3.06, 0.63, 1.97, 9.2, 9.26, 9.26]
2023-03-25 12:49:24.165 [main] INFO  com.itmo.eva.EvaApplicationTests - Islam Bzhikhatlov : [6.2, 2.58, 0.4, 9.18, 4.52, 0.12, 3.07, 1.34, 9.05, 1.4, 0.49, 0.73, 4.73, 1.82, 9.17, 9.0, 9.0]
2023-03-25 12:49:24.165 [main] INFO  com.itmo.eva.EvaApplicationTests - Boldyreva Elena : [1.32, 7.82, 0.18, 9.32, 4.26, 1.12, 0.48, 3.42, 9.28, 1.95, 0.76, 2.12, 4.18, 0.32, 9.33, 9.31, 9.31]
2023-03-25 12:49:24.165 [main] INFO  com.itmo.eva.EvaApplicationTests - Yuriy Boldyrev : [7.63, 1.06, 0.62, 9.31, 0.41, 4.29, 4.29, 0.26, 9.25, 0.43, 0.39, 0.64, 2.57, 5.24, 9.27, 9.3, 9.3]
2023-03-25 12:49:24.165 [main] INFO  com.itmo.eva.EvaApplicationTests - Alexey Peregudin : [3.04, 2.75, 3.73, 9.52, 0.22, 1.84, 6.59, 0.89, 9.54, 0.09, 5.94, 2.04, 0.47, 1.03, 9.57, 9.49, 9.49]
2023-03-25 12:49:24.165 [main] INFO  com.itmo.eva.EvaApplicationTests - Konstantin Zimenko : [5.8, 1.55, 1.91, 9.26, 2.38, 0.08, 1.99, 4.71, 9.16, 5.51, 1.01, 0.01, 1.79, 0.94, 9.26, 9.27, 9.27]
2023-03-25 12:49:24.165 [main] INFO  com.itmo.eva.EvaApplicationTests - Denis Tarakanov : [2.9, 4.39, 1.91, 9.2, 0.05, 7.68, 0.83, 0.56, 9.12, 0.66, 6.23, 0.54, 0.45, 1.33, 9.21, 9.17, 9.17]
2023-03-25 12:49:24.165 [main] INFO  com.itmo.eva.EvaApplicationTests - Bessmertny Igor : [2.19, 2.69, 4.46, 9.34, 1.21, 2.66, 0.75, 4.62, 9.24, 0.42, 0.1, 1.26, 6.22, 1.27, 9.27, 9.29, 9.29]
2023-03-25 12:49:24.420 [SpringApplicationShutdownHook] INFO  com.zaxxer.hikari.HikariDataSource - HikariPool-1 - Shutdown initiated...
2023-03-25 12:49:26.924 [SpringApplicationShutdownHook] INFO  com.zaxxer.hikari.HikariDataSource - HikariPool-1 - Shutdown completed.
2023-03-25 12:50:59.633 [main] INFO  com.itmo.eva.EvaApplicationTests - Starting EvaApplicationTests using Java 1.8.0_362 on chenjiahandeMacBook-Pro-2.local with PID 1028 (started by chenjiahan in /Users/chenjiahan/项目开发/教学评价系统（管理员端重写）/eva)
2023-03-25 12:50:59.634 [main] INFO  com.itmo.eva.EvaApplicationTests - No active profile set, falling back to 1 default profile: "default"
2023-03-25 12:51:02.300 [main] INFO  com.itmo.eva.EvaApplicationTests - Started EvaApplicationTests in 2.901 seconds (JVM running for 3.459)
2023-03-25 12:51:02.843 [main] INFO  com.zaxxer.hikari.HikariDataSource - HikariPool-1 - Starting...
2023-03-25 12:51:06.333 [main] INFO  com.zaxxer.hikari.HikariDataSource - HikariPool-1 - Start completed.
2023-03-25 12:51:09.783 [main] INFO  com.itmo.eva.EvaApplicationTests - Alexey Ovcharov : [3.87, 3.74, 1.66, 9.27, 6.67, 0.24, 1.18, 1.21, 9.3, 0.69, 5.33, 0.78, 1.41, 1.03, 9.24, 9.28, 9.28]
2023-03-25 12:51:09.783 [main] INFO  com.itmo.eva.EvaApplicationTests - Konstantin Gorshkov  : [3.26, 4.14, 1.87, 9.27, 2.92, 2.16, 3.89, 0.2, 9.17, 1.39, 1.36, 3.94, 0.14, 2.39, 9.22, 9.21, 9.21]
2023-03-25 12:51:09.783 [main] INFO  com.itmo.eva.EvaApplicationTests - Ilina Aglaya : [0.06, 1.97, 7.34, 9.37, 2.17, 0.92, 2.99, 3.31, 9.39, 0.63, 0.25, 6.53, 0.63, 1.37, 9.41, 9.41, 9.41]
2023-03-25 12:51:09.783 [main] INFO  com.itmo.eva.EvaApplicationTests - Andrew Zhdanov : [3.94, 2.04, 3.42, 9.4, 0.61, 1.38, 2.49, 4.84, 9.32, 2.02, 0.92, 1.36, 1.87, 3.16, 9.33, 9.38, 9.38]
2023-03-25 12:51:09.784 [main] INFO  com.itmo.eva.EvaApplicationTests - Sergei Bykovskii : [1.77, 6.84, 0.62, 9.23, 3.05, 4.04, 1.23, 0.95, 9.27, 0.23, 0.63, 3.05, 4.01, 1.3, 9.22, 9.33, 9.33]
2023-03-25 12:51:09.784 [main] INFO  com.itmo.eva.EvaApplicationTests - Sergey Lovlin : [3.99, 3.52, 1.69, 9.2, 3.82, 0.94, 3.66, 0.72, 9.14, 0.78, 6.14, 1.25, 0.17, 0.86, 9.2, 9.21, 9.21]
2023-03-25 12:51:09.784 [main] INFO  com.itmo.eva.EvaApplicationTests - Tatiana Markina : [1.92, 7.03, 0.23, 9.18, 4.82, 0.18, 2.06, 2.05, 9.11, 0.34, 4.21, 0.7, 1.69, 2.21, 9.15, 9.15, 9.15]
2023-03-25 12:51:09.784 [main] INFO  com.itmo.eva.EvaApplicationTests - Kapitonov Aleksandr : [1.1, 4.99, 3.1, 9.19, 1.3, 1.54, 0.9, 5.43, 9.17, 0.53, 2.95, 1.14, 3.63, 0.84, 9.09, 9.04, 9.04]
2023-03-25 12:51:09.784 [main] INFO  com.itmo.eva.EvaApplicationTests - Ivan Zhdanov : [6.54, 0.42, 2.32, 9.28, 0.34, 5.37, 2.01, 1.47, 9.19, 0.77, 2.89, 1.36, 3.8, 0.45, 9.27, 9.25, 9.25]
2023-03-25 12:51:09.784 [main] INFO  com.itmo.eva.EvaApplicationTests - Alexey Vedyakov : [4.79, 2.96, 1.51, 9.26, 1.77, 2.27, 0.37, 4.83, 9.24, 1.68, 2.31, 0.4, 1.68, 3.17, 9.24, 9.27, 9.27]
2023-03-25 12:51:09.785 [main] INFO  com.itmo.eva.EvaApplicationTests - Sergey Tretyakov : [2.62, 2.87, 3.69, 9.18, 4.77, 2.92, 0.14, 1.3, 9.13, 2.36, 1.1, 1.24, 0.86, 3.6, 9.16, 9.17, 9.17]
2023-03-25 12:51:09.785 [main] INFO  com.itmo.eva.EvaApplicationTests - Motorin Aleksandr : [0.29, 2.17, 6.52, 8.98, 2.94, 3.05, 1.36, 1.58, 8.93, 4.86, 2.14, 0.74, 1.05, 0.2, 8.99, 8.98, 8.98]
2023-03-25 12:51:09.785 [main] INFO  com.itmo.eva.EvaApplicationTests - Balakshin Pavel : [6.6, 1.46, 0.94, 9.0, 2.88, 4.6, 0.77, 0.57, 8.82, 3.57, 2.66, 1.31, 0.87, 0.51, 8.92, 8.84, 8.84]
2023-03-25 12:51:09.785 [main] INFO  com.itmo.eva.EvaApplicationTests - Elizaveta Kuzenkova : [2.22, 5.42, 1.81, 9.45, 2.46, 2.5, 2.96, 1.52, 9.44, 0.33, 0.01, 5.12, 1.52, 2.44, 9.42, 9.45, 9.45]
2023-03-25 12:51:09.785 [main] INFO  com.itmo.eva.EvaApplicationTests - Yurii Andreev : [4.71, 0.67, 3.84, 9.22, 0.19, 3.76, 0.64, 4.59, 9.18, 0.45, 2.15, 1.43, 4.14, 1.03, 9.2, 9.17, 9.17]
2023-03-25 12:51:09.785 [main] INFO  com.itmo.eva.EvaApplicationTests - Ivan Loginov : [1.96, 3.04, 4.35, 9.35, 1.56, 3.01, 2.29, 2.43, 9.29, 1.89, 0.96, 1.98, 0.46, 4.02, 9.31, 9.31, 9.31]
2023-03-25 12:51:09.785 [main] INFO  com.itmo.eva.EvaApplicationTests - Tsvetcova Madina : [1.66, 0.32, 7.28, 9.26, 4.79, 1.1, 0.81, 2.55, 9.25, 3.34, 0.96, 1.92, 0.18, 2.85, 9.25, 9.28, 9.28]
2023-03-25 12:51:09.786 [main] INFO  com.itmo.eva.EvaApplicationTests - Elena Boldyreva : [6.66, 0.22, 2.48, 9.36, 0.06, 7.82, 0.87, 0.48, 9.23, 1.93, 4.21, 0.73, 0.5, 1.91, 9.28, 9.3, 9.3]
2023-03-25 12:51:09.786 [main] INFO  com.itmo.eva.EvaApplicationTests - Aglaia Ilina : [2.16, 3.32, 3.61, 9.09, 0.74, 0.66, 3.02, 4.6, 9.02, 2.28, 0.65, 2.76, 2.04, 1.27, 9.0, 8.99, 8.99]
2023-03-25 12:51:09.786 [main] INFO  com.itmo.eva.EvaApplicationTests - Iuliia Koroleva : [0.83, 6.13, 2.31, 9.27, 0.48, 0.7, 7.87, 0.21, 9.26, 0.34, 4.21, 1.27, 0.05, 3.36, 9.23, 9.28, 9.28]
2023-03-25 12:51:09.786 [main] INFO  com.itmo.eva.EvaApplicationTests - Korenkov Iurii : [1.69, 3.86, 3.71, 9.26, 6.13, 0.34, 0.43, 2.28, 9.18, 0.04, 3.35, 0.84, 1.56, 3.48, 9.27, 9.24, 9.24]
2023-03-25 12:51:09.786 [main] INFO  com.itmo.eva.EvaApplicationTests - Nikolay Nikolaev : [1.6, 5.67, 1.87, 9.14, 0.3, 4.74, 0.63, 3.43, 9.1, 2.95, 2.06, 0.33, 1.43, 2.35, 9.12, 9.13, 9.13]
2023-03-25 12:51:09.786 [main] INFO  com.itmo.eva.EvaApplicationTests - Ivan Borisov : [1.77, 0.86, 6.49, 9.12, 4.1, 4.03, 0.43, 0.5, 9.06, 3.5, 0.37, 3.16, 1.84, 0.22, 9.09, 9.06, 9.06]
2023-03-25 12:51:09.786 [main] INFO  com.itmo.eva.EvaApplicationTests - Kalapyshina Irina : [0.65, 5.61, 2.54, 8.8, 1.07, 1.71, 2.19, 3.98, 8.95, 0.18, 0.16, 3.53, 2.95, 2.13, 8.95, 8.9, 8.9]
2023-03-25 12:51:09.787 [main] INFO  com.itmo.eva.EvaApplicationTests - Madina Sinetova : [1.04, 6.92, 1.36, 9.32, 1.38, 1.74, 2.3, 3.85, 9.27, 0.23, 1.58, 3.93, 2.55, 0.97, 9.26, 9.31, 9.31]
2023-03-25 12:51:09.787 [main] INFO  com.itmo.eva.EvaApplicationTests - Galina Demidova : [1.55, 5.77, 1.9, 9.22, 0.23, 2.49, 2.28, 4.2, 9.2, 2.57, 0.29, 0.85, 1.06, 4.43, 9.2, 9.21, 9.21]
2023-03-25 12:51:09.787 [main] INFO  com.itmo.eva.EvaApplicationTests - Michael Kosyakov : [6.95, 0.45, 1.75, 9.15, 0.85, 2.34, 5.63, 0.29, 9.11, 3.13, 0.0, 1.48, 4.28, 0.31, 9.2, 9.16, 9.16]
2023-03-25 12:51:09.787 [main] INFO  com.itmo.eva.EvaApplicationTests - Nikolai  Poliakov : [4.59, 0.19, 4.18, 8.96, 0.88, 1.85, 0.33, 5.94, 9.0, 1.15, 1.84, 2.26, 3.42, 0.33, 9.0, 9.08, 9.08]
2023-03-25 12:51:09.787 [main] INFO  com.itmo.eva.EvaApplicationTests - Bykovskii Sergei : [6.29, 1.15, 1.77, 9.21, 3.0, 5.0, 0.26, 0.93, 9.19, 2.28, 1.35, 0.99, 2.34, 2.21, 9.17, 9.13, 9.13]
2023-03-25 12:51:09.787 [main] INFO  com.itmo.eva.EvaApplicationTests - Roman Olekhnovich : [1.56, 4.51, 2.97, 9.04, 6.46, 1.44, 0.49, 0.63, 9.02, 1.3, 0.52, 0.08, 7.07, 0.07, 9.04, 9.09, 9.09]
2023-03-25 12:51:09.787 [main] INFO  com.itmo.eva.EvaApplicationTests - Sergei Shavetov : [2.36, 2.99, 3.94, 9.29, 2.41, 3.93, 2.73, 0.17, 9.24, 1.49, 1.76, 4.35, 0.79, 0.91, 9.3, 9.33, 9.33]
2023-03-25 12:51:09.787 [main] INFO  com.itmo.eva.EvaApplicationTests - Kirill Kipriianov : [1.73, 5.6, 1.93, 9.26, 4.67, 2.15, 0.18, 2.21, 9.21, 1.65, 2.95, 0.81, 1.16, 2.69, 9.26, 9.24, 9.24]
2023-03-25 12:51:09.788 [main] INFO  com.itmo.eva.EvaApplicationTests - Dmitry Lukichev : [8.57, 0.02, 0.62, 9.21, 3.95, 1.42, 0.6, 3.22, 9.19, 1.87, 2.5, 2.25, 1.13, 1.47, 9.22, 9.23, 9.23]
2023-03-25 12:51:09.788 [main] INFO  com.itmo.eva.EvaApplicationTests - Julia Koroleva : [8.19, 0.32, 0.97, 9.48, 4.81, 0.45, 3.47, 0.74, 9.47, 2.0, 4.04, 1.17, 1.67, 0.64, 9.52, 9.57, 9.57]
2023-03-25 12:51:09.788 [main] INFO  com.itmo.eva.EvaApplicationTests - Anna Avdushina : [6.14, 1.47, 1.82, 9.43, 0.69, 2.85, 4.92, 0.97, 9.43, 1.09, 0.11, 0.52, 6.12, 1.59, 9.43, 9.54, 9.54]
2023-03-25 12:51:09.788 [main] INFO  com.itmo.eva.EvaApplicationTests - Igor Zhirkov : [3.71, 4.26, 1.32, 9.29, 6.13, 1.35, 0.69, 1.08, 9.25, 1.52, 2.27, 0.29, 3.44, 1.76, 9.28, 9.36, 9.36]
2023-03-25 12:51:09.788 [main] INFO  com.itmo.eva.EvaApplicationTests - Maksim Afanasyev : [2.29, 4.42, 2.4, 9.11, 2.15, 3.48, 1.59, 1.86, 9.08, 0.69, 3.98, 0.15, 0.19, 4.11, 9.12, 9.13, 9.13]
2023-03-25 12:51:09.788 [main] INFO  com.itmo.eva.EvaApplicationTests - Alexander Mamatov : [0.76, 1.49, 6.96, 9.21, 0.2, 0.93, 5.17, 2.9, 9.2, 0.71, 2.2, 2.72, 2.2, 1.37, 9.2, 9.26, 9.26]
2023-03-25 12:51:09.788 [main] INFO  com.itmo.eva.EvaApplicationTests - Islam Bzhikhatlov : [2.07, 5.32, 1.79, 9.18, 1.88, 3.8, 1.76, 1.61, 9.05, 0.86, 2.16, 0.63, 4.27, 1.25, 9.17, 9.0, 9.0]
2023-03-25 12:51:09.788 [main] INFO  com.itmo.eva.EvaApplicationTests - Boldyreva Elena : [1.13, 8.17, 0.02, 9.32, 0.76, 4.65, 1.63, 2.24, 9.28, 1.73, 2.13, 0.57, 2.88, 2.02, 9.33, 9.31, 9.31]
2023-03-25 12:51:09.788 [main] INFO  com.itmo.eva.EvaApplicationTests - Yuriy Boldyrev : [1.4, 4.11, 3.8, 9.31, 0.35, 2.73, 5.89, 0.28, 9.25, 5.04, 0.27, 2.62, 0.1, 1.24, 9.27, 9.3, 9.3]
2023-03-25 12:51:09.789 [main] INFO  com.itmo.eva.EvaApplicationTests - Alexey Peregudin : [4.53, 1.5, 3.49, 9.52, 2.15, 2.82, 0.82, 3.75, 9.54, 0.64, 2.71, 2.8, 2.72, 0.7, 9.57, 9.49, 9.49]
2023-03-25 12:51:09.789 [main] INFO  com.itmo.eva.EvaApplicationTests - Konstantin Zimenko : [3.78, 0.47, 5.01, 9.26, 0.7, 0.73, 1.62, 6.11, 9.16, 2.47, 0.52, 0.21, 4.7, 1.36, 9.26, 9.27, 9.27]
2023-03-25 12:51:09.789 [main] INFO  com.itmo.eva.EvaApplicationTests - Denis Tarakanov : [1.28, 0.27, 7.65, 9.2, 3.45, 0.41, 3.69, 1.57, 9.12, 0.38, 0.3, 0.72, 1.97, 5.84, 9.21, 9.17, 9.17]
2023-03-25 12:51:09.789 [main] INFO  com.itmo.eva.EvaApplicationTests - Bessmertny Igor : [8.74, 0.01, 0.59, 9.34, 0.65, 1.0, 1.04, 6.55, 9.24, 3.06, 0.85, 1.64, 1.13, 2.59, 9.27, 9.29, 9.29]
2023-03-25 12:51:10.107 [SpringApplicationShutdownHook] INFO  com.zaxxer.hikari.HikariDataSource - HikariPool-1 - Shutdown initiated...
2023-03-25 12:51:10.275 [SpringApplicationShutdownHook] INFO  com.zaxxer.hikari.HikariDataSource - HikariPool-1 - Shutdown completed.
