2023-03-04 08:07:38.863 [restartedMain] INFO  com.itmo.eva.EvaApplication - Starting EvaApplication using Java 1.8.0_362 on chenjiahandeMacBook-Pro-2.local with PID 17636 (/Users/chenjiahan/项目开发/教学评价系统（管理员端重写）/eva/target/classes started by chenjiahan in /Users/chenjiahan/项目开发/教学评价系统（管理员端重写）/eva)
2023-03-04 08:07:38.865 [restartedMain] INFO  com.itmo.eva.EvaApplication - No active profile set, falling back to 1 default profile: "default"
2023-03-04 08:07:38.891 [restartedMain] INFO  o.s.b.d.env.DevToolsPropertyDefaultsPostProcessor - Devtools property defaults active! Set 'spring.devtools.add-properties' to 'false' to disable
2023-03-04 08:07:38.891 [restartedMain] INFO  o.s.b.d.env.DevToolsPropertyDefaultsPostProcessor - For additional web related logging consider setting the 'logging.level.web' property to 'DEBUG'
2023-03-04 08:07:39.695 [restartedMain] INFO  o.s.boot.web.embedded.tomcat.TomcatWebServer - Tomcat initialized with port(s): 8080 (http)
2023-03-04 08:07:39.699 [restartedMain] INFO  org.apache.coyote.http11.Http11NioProtocol - Initializing ProtocolHandler ["http-nio-8080"]
2023-03-04 08:07:39.699 [restartedMain] INFO  org.apache.catalina.core.StandardService - Starting service [Tomcat]
2023-03-04 08:07:39.699 [restartedMain] INFO  org.apache.catalina.core.StandardEngine - Starting Servlet engine: [Apache Tomcat/9.0.63]
2023-03-04 08:07:39.738 [restartedMain] INFO  o.a.c.c.ContainerBase.[Tomcat].[localhost].[/api] - Initializing Spring embedded WebApplicationContext
2023-03-04 08:07:39.738 [restartedMain] INFO  o.s.b.w.s.c.ServletWebServerApplicationContext - Root WebApplicationContext: initialization completed in 846 ms
2023-03-04 08:07:40.599 [restartedMain] INFO  o.s.b.d.autoconfigure.OptionalLiveReloadServer - LiveReload server is running on port 35729
2023-03-04 08:07:40.742 [restartedMain] INFO  org.apache.coyote.http11.Http11NioProtocol - Starting ProtocolHandler ["http-nio-8080"]
2023-03-04 08:07:40.755 [restartedMain] INFO  o.s.boot.web.embedded.tomcat.TomcatWebServer - Tomcat started on port(s): 8080 (http) with context path '/api'
2023-03-04 08:07:41.010 [restartedMain] INFO  com.itmo.eva.EvaApplication - Started EvaApplication in 2.39 seconds (JVM running for 3.245)
2023-03-04 08:07:50.178 [http-nio-8080-exec-1] INFO  o.a.c.c.ContainerBase.[Tomcat].[localhost].[/api] - Initializing Spring DispatcherServlet 'dispatcherServlet'
2023-03-04 08:07:50.179 [http-nio-8080-exec-1] INFO  org.springframework.web.servlet.DispatcherServlet - Initializing Servlet 'dispatcherServlet'
2023-03-04 08:07:50.180 [http-nio-8080-exec-1] INFO  org.springframework.web.servlet.DispatcherServlet - Completed initialization in 1 ms
2023-03-04 08:08:11.894 [http-nio-8080-exec-6] INFO  com.itmo.eva.aop.LogInterceptor - request start，id: 4099d21a-0c18-4665-8f1f-39e7b07e6b65, path: /api/course/list, ip: 0:0:0:0:0:0:0:1, params: []
2023-03-04 08:08:11.911 [http-nio-8080-exec-6] INFO  com.zaxxer.hikari.HikariDataSource - HikariPool-1 - Starting...
2023-03-04 08:08:12.216 [http-nio-8080-exec-6] INFO  com.zaxxer.hikari.HikariDataSource - HikariPool-1 - Start completed.
2023-03-04 08:08:12.395 [http-nio-8080-exec-6] INFO  com.itmo.eva.aop.LogInterceptor - request end, id: 4099d21a-0c18-4665-8f1f-39e7b07e6b65, cost: 505ms
2023-03-04 08:08:12.395 [http-nio-8080-exec-6] INFO  com.itmo.eva.aop.LogInterceptor - 访问次数：1
2023-03-04 08:08:33.613 [SpringApplicationShutdownHook] INFO  com.zaxxer.hikari.HikariDataSource - HikariPool-1 - Shutdown initiated...
2023-03-04 08:38:17.975 [restartedMain] INFO  com.itmo.eva.EvaApplication - Starting EvaApplication using Java 1.8.0_362 on chenjiahandeMacBook-Pro-2.local with PID 19591 (/Users/chenjiahan/项目开发/教学评价系统（管理员端重写）/eva/target/classes started by chenjiahan in /Users/chenjiahan/项目开发/教学评价系统（管理员端重写）/eva)
2023-03-04 08:38:17.976 [restartedMain] INFO  com.itmo.eva.EvaApplication - No active profile set, falling back to 1 default profile: "default"
2023-03-04 08:38:18.003 [restartedMain] INFO  o.s.b.d.env.DevToolsPropertyDefaultsPostProcessor - Devtools property defaults active! Set 'spring.devtools.add-properties' to 'false' to disable
2023-03-04 08:38:18.004 [restartedMain] INFO  o.s.b.d.env.DevToolsPropertyDefaultsPostProcessor - For additional web related logging consider setting the 'logging.level.web' property to 'DEBUG'
2023-03-04 08:38:18.792 [restartedMain] INFO  o.s.boot.web.embedded.tomcat.TomcatWebServer - Tomcat initialized with port(s): 8080 (http)
2023-03-04 08:38:18.796 [restartedMain] INFO  org.apache.coyote.http11.Http11NioProtocol - Initializing ProtocolHandler ["http-nio-8080"]
2023-03-04 08:38:18.797 [restartedMain] INFO  org.apache.catalina.core.StandardService - Starting service [Tomcat]
2023-03-04 08:38:18.797 [restartedMain] INFO  org.apache.catalina.core.StandardEngine - Starting Servlet engine: [Apache Tomcat/9.0.63]
2023-03-04 08:38:18.836 [restartedMain] INFO  o.a.c.c.ContainerBase.[Tomcat].[localhost].[/api] - Initializing Spring embedded WebApplicationContext
2023-03-04 08:38:18.836 [restartedMain] INFO  o.s.b.w.s.c.ServletWebServerApplicationContext - Root WebApplicationContext: initialization completed in 832 ms
2023-03-04 08:38:19.703 [restartedMain] INFO  o.s.b.d.autoconfigure.OptionalLiveReloadServer - LiveReload server is running on port 35729
2023-03-04 08:38:19.854 [restartedMain] INFO  org.apache.coyote.http11.Http11NioProtocol - Starting ProtocolHandler ["http-nio-8080"]
2023-03-04 08:38:19.867 [restartedMain] INFO  o.s.boot.web.embedded.tomcat.TomcatWebServer - Tomcat started on port(s): 8080 (http) with context path '/api'
2023-03-04 08:38:20.120 [restartedMain] INFO  com.itmo.eva.EvaApplication - Started EvaApplication in 2.41 seconds (JVM running for 2.725)
2023-03-04 08:38:26.262 [http-nio-8080-exec-1] INFO  o.a.c.c.ContainerBase.[Tomcat].[localhost].[/api] - Initializing Spring DispatcherServlet 'dispatcherServlet'
2023-03-04 08:38:26.262 [http-nio-8080-exec-1] INFO  org.springframework.web.servlet.DispatcherServlet - Initializing Servlet 'dispatcherServlet'
2023-03-04 08:38:26.263 [http-nio-8080-exec-1] INFO  org.springframework.web.servlet.DispatcherServlet - Completed initialization in 1 ms
2023-03-04 08:38:26.280 [http-nio-8080-exec-1] INFO  com.itmo.eva.aop.LogInterceptor - request start，id: 2ec25879-1289-4fa3-b576-2bfafca86975, path: /api/course/list, ip: 0:0:0:0:0:0:0:1, params: []
2023-03-04 08:38:26.294 [http-nio-8080-exec-1] INFO  com.zaxxer.hikari.HikariDataSource - HikariPool-1 - Starting...
2023-03-04 08:38:26.572 [http-nio-8080-exec-1] INFO  com.zaxxer.hikari.HikariDataSource - HikariPool-1 - Start completed.
2023-03-04 08:38:26.661 [http-nio-8080-exec-1] INFO  com.itmo.eva.aop.LogInterceptor - request end, id: 2ec25879-1289-4fa3-b576-2bfafca86975, cost: 385ms
2023-03-04 08:38:26.661 [http-nio-8080-exec-1] INFO  com.itmo.eva.aop.LogInterceptor - 访问次数：1
2023-03-04 08:40:00.007 [scheduling-1] INFO  com.itmo.eva.job.EmailSendJob - 邮件检测...
2023-03-04 08:50:00.004 [scheduling-1] INFO  com.itmo.eva.job.EmailSendJob - 邮件检测...
2023-03-04 09:00:00.003 [scheduling-1] INFO  com.itmo.eva.job.EmailSendJob - 邮件检测...
2023-03-04 09:10:00.003 [scheduling-1] INFO  com.itmo.eva.job.EmailSendJob - 邮件检测...
2023-03-04 09:20:00.034 [scheduling-1] INFO  com.itmo.eva.job.EmailSendJob - 邮件检测...
2023-03-04 09:29:59.954 [scheduling-1] INFO  com.itmo.eva.job.EmailSendJob - 邮件检测...
2023-03-04 09:40:00.000 [scheduling-1] INFO  com.itmo.eva.job.EmailSendJob - 邮件检测...
2023-03-04 09:50:00.032 [scheduling-1] INFO  com.itmo.eva.job.EmailSendJob - 邮件检测...
2023-03-04 10:00:00.003 [scheduling-1] INFO  com.itmo.eva.job.EmailSendJob - 邮件检测...
2023-03-04 10:10:00.009 [scheduling-1] INFO  com.itmo.eva.job.EmailSendJob - 邮件检测...
2023-03-04 10:20:00.027 [scheduling-1] INFO  com.itmo.eva.job.EmailSendJob - 邮件检测...
2023-03-04 10:30:00.008 [scheduling-1] INFO  com.itmo.eva.job.EmailSendJob - 邮件检测...
2023-03-04 10:39:59.989 [scheduling-1] INFO  com.itmo.eva.job.EmailSendJob - 邮件检测...
2023-03-04 10:49:59.971 [scheduling-1] INFO  com.itmo.eva.job.EmailSendJob - 邮件检测...
2023-03-04 11:00:00.008 [scheduling-1] INFO  com.itmo.eva.job.EmailSendJob - 邮件检测...
2023-03-04 11:06:16.832 [SpringApplicationShutdownHook] INFO  com.zaxxer.hikari.HikariDataSource - HikariPool-1 - Shutdown initiated...
2023-03-04 11:06:16.967 [SpringApplicationShutdownHook] INFO  com.zaxxer.hikari.HikariDataSource - HikariPool-1 - Shutdown completed.
