2023-03-07 11:58:38.949 [restartedMain] WARN  c.b.mybatisplus.core.injector.DefaultSqlInjector - class com.itmo.eva.model.entity.Redline ,Not found @TableId annotation, Cannot use Mybatis-Plus 'xxById' Method.
2023-03-07 12:00:53.202 [http-nio-8080-exec-6] WARN  o.s.w.s.m.m.a.ExceptionHandlerExceptionResolver - Resolved [com.itmo.eva.exception.BusinessException: 教师信息已存在]
2023-03-07 12:02:38.606 [http-nio-8080-exec-10] WARN  o.s.w.s.m.m.a.ExceptionHandlerExceptionResolver - Resolved [com.itmo.eva.exception.BusinessException: 教师不存在]
2023-03-07 12:02:53.511 [http-nio-8080-exec-2] WARN  o.s.w.s.m.m.a.ExceptionHandlerExceptionResolver - Resolved [com.itmo.eva.exception.BusinessException: 教师信息不存在]
2023-03-07 12:05:15.892 [http-nio-8080-exec-9] WARN  o.s.w.s.m.m.a.ExceptionHandlerExceptionResolver - Resolved [com.itmo.eva.exception.BusinessException: 学生信息已存在]
2023-03-07 12:49:13.318 [restartedMain] WARN  c.b.mybatisplus.core.injector.DefaultSqlInjector - class com.itmo.eva.model.entity.Redline ,Not found @TableId annotation, Cannot use Mybatis-Plus 'xxById' Method.
2023-03-07 12:52:08.435 [http-nio-8080-exec-4] WARN  o.s.w.s.m.m.a.ExceptionHandlerExceptionResolver - Resolved [org.springframework.http.converter.HttpMessageNotReadableException: Required request body is missing: public com.itmo.eva.common.BaseResponse<java.util.List<com.itmo.eva.model.vo.chart.TeacherRankChartVo>> com.itmo.eva.controller.ChartsController.getTeacherRankChart(com.itmo.eva.model.dto.teacher.TeacherIdentityQueryRequest)]
2023-03-07 13:28:42.142 [HikariPool-1 housekeeper] WARN  com.zaxxer.hikari.pool.HikariPool - HikariPool-1 - Thread starvation or clock leap detected (housekeeper delta=31m41s578ms).
2023-03-07 14:19:56.632 [HikariPool-1 housekeeper] WARN  com.zaxxer.hikari.pool.HikariPool - HikariPool-1 - Thread starvation or clock leap detected (housekeeper delta=51m14s490ms).
2023-03-07 15:22:08.790 [HikariPool-1 housekeeper] WARN  com.zaxxer.hikari.pool.HikariPool - HikariPool-1 - Thread starvation or clock leap detected (housekeeper delta=1h2m12s158ms).
2023-03-07 16:16:09.958 [HikariPool-1 housekeeper] WARN  com.zaxxer.hikari.pool.HikariPool - HikariPool-1 - Thread starvation or clock leap detected (housekeeper delta=54m1s168ms).
2023-03-07 16:16:32.288 [http-nio-8080-exec-8] WARN  com.zaxxer.hikari.pool.PoolBase - HikariPool-1 - Failed to validate connection com.mysql.cj.jdbc.ConnectionImpl@7b81650c (No operations allowed after connection closed.). Possibly consider using a shorter maxLifetime value.
2023-03-07 16:16:32.304 [http-nio-8080-exec-8] WARN  com.zaxxer.hikari.pool.PoolBase - HikariPool-1 - Failed to validate connection com.mysql.cj.jdbc.ConnectionImpl@171b08ff (No operations allowed after connection closed.). Possibly consider using a shorter maxLifetime value.
2023-03-07 16:16:32.319 [http-nio-8080-exec-8] WARN  com.zaxxer.hikari.pool.PoolBase - HikariPool-1 - Failed to validate connection com.mysql.cj.jdbc.ConnectionImpl@76a7afbd (No operations allowed after connection closed.). Possibly consider using a shorter maxLifetime value.
2023-03-07 16:16:32.337 [http-nio-8080-exec-8] WARN  com.zaxxer.hikari.pool.PoolBase - HikariPool-1 - Failed to validate connection com.mysql.cj.jdbc.ConnectionImpl@258b702f (No operations allowed after connection closed.). Possibly consider using a shorter maxLifetime value.
2023-03-07 16:16:32.350 [http-nio-8080-exec-8] WARN  com.zaxxer.hikari.pool.PoolBase - HikariPool-1 - Failed to validate connection com.mysql.cj.jdbc.ConnectionImpl@31bf077f (No operations allowed after connection closed.). Possibly consider using a shorter maxLifetime value.
2023-03-07 16:16:32.360 [http-nio-8080-exec-8] WARN  com.zaxxer.hikari.pool.PoolBase - HikariPool-1 - Failed to validate connection com.mysql.cj.jdbc.ConnectionImpl@7e2cbd47 (No operations allowed after connection closed.). Possibly consider using a shorter maxLifetime value.
2023-03-07 16:16:32.461 [http-nio-8080-exec-8] WARN  com.zaxxer.hikari.pool.PoolBase - HikariPool-1 - Failed to validate connection com.mysql.cj.jdbc.ConnectionImpl@353d2f78 (No operations allowed after connection closed.). Possibly consider using a shorter maxLifetime value.
2023-03-07 16:16:32.481 [http-nio-8080-exec-8] WARN  com.zaxxer.hikari.pool.PoolBase - HikariPool-1 - Failed to validate connection com.mysql.cj.jdbc.ConnectionImpl@4bc93bf8 (No operations allowed after connection closed.). Possibly consider using a shorter maxLifetime value.
2023-03-07 16:16:32.599 [http-nio-8080-exec-8] WARN  com.zaxxer.hikari.pool.PoolBase - HikariPool-1 - Failed to validate connection com.mysql.cj.jdbc.ConnectionImpl@2044901 (No operations allowed after connection closed.). Possibly consider using a shorter maxLifetime value.
2023-03-07 16:16:32.620 [http-nio-8080-exec-8] WARN  com.zaxxer.hikari.pool.PoolBase - HikariPool-1 - Failed to validate connection com.mysql.cj.jdbc.ConnectionImpl@19d90a83 (No operations allowed after connection closed.). Possibly consider using a shorter maxLifetime value.
2023-03-07 16:17:11.109 [restartedMain] WARN  c.b.mybatisplus.core.injector.DefaultSqlInjector - class com.itmo.eva.model.entity.Redline ,Not found @TableId annotation, Cannot use Mybatis-Plus 'xxById' Method.
2023-03-07 16:17:35.826 [restartedMain] WARN  c.b.mybatisplus.core.injector.DefaultSqlInjector - class com.itmo.eva.model.entity.Redline ,Not found @TableId annotation, Cannot use Mybatis-Plus 'xxById' Method.
2023-03-07 16:18:39.859 [restartedMain] WARN  c.b.mybatisplus.core.injector.DefaultSqlInjector - class com.itmo.eva.model.entity.Redline ,Not found @TableId annotation, Cannot use Mybatis-Plus 'xxById' Method.
2023-03-07 16:20:04.405 [restartedMain] WARN  c.b.mybatisplus.core.injector.DefaultSqlInjector - class com.itmo.eva.model.entity.Redline ,Not found @TableId annotation, Cannot use Mybatis-Plus 'xxById' Method.
2023-03-07 16:20:33.119 [restartedMain] WARN  c.b.mybatisplus.core.injector.DefaultSqlInjector - class com.itmo.eva.model.entity.Redline ,Not found @TableId annotation, Cannot use Mybatis-Plus 'xxById' Method.
2023-03-07 16:45:33.788 [main] WARN  c.b.mybatisplus.core.injector.DefaultSqlInjector - class com.itmo.eva.model.entity.Redline ,Not found @TableId annotation, Cannot use Mybatis-Plus 'xxById' Method.
2023-03-07 17:06:54.241 [restartedMain] WARN  c.b.mybatisplus.core.injector.DefaultSqlInjector - class com.itmo.eva.model.entity.Redline ,Not found @TableId annotation, Cannot use Mybatis-Plus 'xxById' Method.
2023-03-07 17:38:52.624 [restartedMain] WARN  c.b.mybatisplus.core.injector.DefaultSqlInjector - class com.itmo.eva.model.entity.Redline ,Not found @TableId annotation, Cannot use Mybatis-Plus 'xxById' Method.
2023-03-07 17:39:48.793 [http-nio-8080-exec-1] WARN  o.s.w.s.m.m.a.ExceptionHandlerExceptionResolver - Resolved [org.springframework.http.converter.HttpMessageNotReadableException: Required request body is missing: public com.itmo.eva.common.BaseResponse<java.lang.Boolean> com.itmo.eva.controller.SystemController.addSystem(com.itmo.eva.model.dto.system.SystemAddRequest)]
2023-03-07 17:40:48.263 [http-nio-8080-exec-10] WARN  o.s.w.s.m.m.a.ExceptionHandlerExceptionResolver - Resolved [org.springframework.http.converter.HttpMessageNotReadableException: Required request body is missing: public com.itmo.eva.common.BaseResponse<java.lang.Boolean> com.itmo.eva.controller.SystemController.addSystem(com.itmo.eva.model.dto.system.SystemAddRequest)]
2023-03-07 17:40:52.298 [http-nio-8080-exec-6] WARN  o.s.w.s.m.m.a.ExceptionHandlerExceptionResolver - Resolved [org.springframework.http.converter.HttpMessageNotReadableException: Required request body is missing: public com.itmo.eva.common.BaseResponse<java.lang.Boolean> com.itmo.eva.controller.SystemController.addSystem(com.itmo.eva.model.dto.system.SystemAddRequest)]
2023-03-07 17:40:59.684 [http-nio-8080-exec-2] WARN  o.s.w.s.m.m.a.ExceptionHandlerExceptionResolver - Resolved [org.springframework.http.converter.HttpMessageNotReadableException: Required request body is missing: public com.itmo.eva.common.BaseResponse<java.lang.Boolean> com.itmo.eva.controller.SystemController.addSystem(com.itmo.eva.model.dto.system.SystemAddRequest)]
2023-03-07 17:41:11.421 [restartedMain] WARN  c.b.mybatisplus.core.injector.DefaultSqlInjector - class com.itmo.eva.model.entity.Redline ,Not found @TableId annotation, Cannot use Mybatis-Plus 'xxById' Method.
2023-03-07 17:41:19.498 [restartedMain] WARN  c.b.mybatisplus.core.injector.DefaultSqlInjector - class com.itmo.eva.model.entity.Redline ,Not found @TableId annotation, Cannot use Mybatis-Plus 'xxById' Method.
2023-03-07 17:41:48.707 [http-nio-8080-exec-7] WARN  o.s.w.s.m.m.a.ExceptionHandlerExceptionResolver - Resolved [com.itmo.eva.exception.BusinessException: 对应一级评测信息错误]
2023-03-07 17:42:06.311 [http-nio-8080-exec-10] WARN  o.s.w.s.m.m.a.ExceptionHandlerExceptionResolver - Resolved [org.springframework.dao.DataIntegrityViolationException: <EOL>### Error updating database.  Cause: java.sql.SQLException: Field 'sid' doesn't have a default value<EOL>### The error may exist in com/itmo/eva/mapper/SystemMapper.java (best guess)<EOL>### The error may involve com.itmo.eva.mapper.SystemMapper.insert-Inline<EOL>### The error occurred while setting parameters<EOL>### SQL: INSERT INTO e_system  ( name, level, kind,  eName )  VALUES  ( ?, ?, ?,  ? )<EOL>### Cause: java.sql.SQLException: Field 'sid' doesn't have a default value<EOL>; Field 'sid' doesn't have a default value; nested exception is java.sql.SQLException: Field 'sid' doesn't have a default value]
2023-03-07 17:43:49.559 [http-nio-8080-exec-2] WARN  o.s.w.s.m.m.a.ExceptionHandlerExceptionResolver - Resolved [org.springframework.dao.DataIntegrityViolationException: <EOL>### Error updating database.  Cause: java.sql.SQLException: Field 'sid' doesn't have a default value<EOL>### The error may exist in com/itmo/eva/mapper/SystemMapper.java (best guess)<EOL>### The error may involve com.itmo.eva.mapper.SystemMapper.insert-Inline<EOL>### The error occurred while setting parameters<EOL>### SQL: INSERT INTO e_system  ( name, level, kind,  eName )  VALUES  ( ?, ?, ?,  ? )<EOL>### Cause: java.sql.SQLException: Field 'sid' doesn't have a default value<EOL>; Field 'sid' doesn't have a default value; nested exception is java.sql.SQLException: Field 'sid' doesn't have a default value]
2023-03-07 17:43:52.161 [http-nio-8080-exec-8] WARN  o.s.w.s.m.m.a.ExceptionHandlerExceptionResolver - Resolved [org.springframework.dao.DataIntegrityViolationException: <EOL>### Error updating database.  Cause: java.sql.SQLException: Field 'sid' doesn't have a default value<EOL>### The error may exist in com/itmo/eva/mapper/SystemMapper.java (best guess)<EOL>### The error may involve com.itmo.eva.mapper.SystemMapper.insert-Inline<EOL>### The error occurred while setting parameters<EOL>### SQL: INSERT INTO e_system  ( name, level, kind,  eName )  VALUES  ( ?, ?, ?,  ? )<EOL>### Cause: java.sql.SQLException: Field 'sid' doesn't have a default value<EOL>; Field 'sid' doesn't have a default value; nested exception is java.sql.SQLException: Field 'sid' doesn't have a default value]
2023-03-07 17:44:05.086 [http-nio-8080-exec-7] WARN  o.s.w.s.m.m.a.ExceptionHandlerExceptionResolver - Resolved [com.itmo.eva.exception.BusinessException: 对应一级评测信息错误]
2023-03-07 17:44:46.142 [restartedMain] WARN  c.b.mybatisplus.core.injector.DefaultSqlInjector - class com.itmo.eva.model.entity.Redline ,Not found @TableId annotation, Cannot use Mybatis-Plus 'xxById' Method.
2023-03-07 17:44:53.601 [http-nio-8080-exec-1] WARN  o.s.w.s.m.m.a.ExceptionHandlerExceptionResolver - Resolved [org.springframework.dao.DataIntegrityViolationException: <EOL>### Error updating database.  Cause: java.sql.SQLException: Field 'sid' doesn't have a default value<EOL>### The error may exist in com/itmo/eva/mapper/SystemMapper.java (best guess)<EOL>### The error may involve com.itmo.eva.mapper.SystemMapper.insert-Inline<EOL>### The error occurred while setting parameters<EOL>### SQL: INSERT INTO e_system  ( name, level, kind,  eName )  VALUES  ( ?, ?, ?,  ? )<EOL>### Cause: java.sql.SQLException: Field 'sid' doesn't have a default value<EOL>; Field 'sid' doesn't have a default value; nested exception is java.sql.SQLException: Field 'sid' doesn't have a default value]
2023-03-07 17:45:34.100 [http-nio-8080-exec-2] WARN  o.s.w.s.m.m.a.ExceptionHandlerExceptionResolver - Resolved [org.springframework.dao.DataIntegrityViolationException: <EOL>### Error updating database.  Cause: java.sql.SQLException: Field 'sid' doesn't have a default value<EOL>### The error may exist in com/itmo/eva/mapper/SystemMapper.java (best guess)<EOL>### The error may involve com.itmo.eva.mapper.SystemMapper.insert-Inline<EOL>### The error occurred while setting parameters<EOL>### SQL: INSERT INTO e_system  ( name, level, kind,  eName )  VALUES  ( ?, ?, ?,  ? )<EOL>### Cause: java.sql.SQLException: Field 'sid' doesn't have a default value<EOL>; Field 'sid' doesn't have a default value; nested exception is java.sql.SQLException: Field 'sid' doesn't have a default value]
2023-03-07 17:45:38.124 [restartedMain] WARN  c.b.mybatisplus.core.injector.DefaultSqlInjector - class com.itmo.eva.model.entity.Redline ,Not found @TableId annotation, Cannot use Mybatis-Plus 'xxById' Method.
2023-03-07 17:45:54.126 [http-nio-8080-exec-2] WARN  o.s.w.s.m.m.a.ExceptionHandlerExceptionResolver - Resolved [java.lang.NullPointerException]
2023-03-07 17:46:11.297 [restartedMain] WARN  c.b.mybatisplus.core.injector.DefaultSqlInjector - class com.itmo.eva.model.entity.Redline ,Not found @TableId annotation, Cannot use Mybatis-Plus 'xxById' Method.
2023-03-07 17:47:10.906 [restartedMain] WARN  c.b.mybatisplus.core.injector.DefaultSqlInjector - class com.itmo.eva.model.entity.Redline ,Not found @TableId annotation, Cannot use Mybatis-Plus 'xxById' Method.
2023-03-07 17:50:46.330 [restartedMain] WARN  c.b.mybatisplus.core.injector.DefaultSqlInjector - class com.itmo.eva.model.entity.Redline ,Not found @TableId annotation, Cannot use Mybatis-Plus 'xxById' Method.
2023-03-07 18:01:23.939 [restartedMain] WARN  c.b.mybatisplus.core.injector.DefaultSqlInjector - class com.itmo.eva.model.entity.Redline ,Not found @TableId annotation, Cannot use Mybatis-Plus 'xxById' Method.
2023-03-07 18:05:51.999 [restartedMain] WARN  c.b.mybatisplus.core.injector.DefaultSqlInjector - class com.itmo.eva.model.entity.Redline ,Not found @TableId annotation, Cannot use Mybatis-Plus 'xxById' Method.
2023-03-07 18:07:14.850 [HikariPool-1 housekeeper] WARN  com.zaxxer.hikari.pool.HikariPool - HikariPool-1 - Thread starvation or clock leap detected (housekeeper delta=45s643ms).
2023-03-07 18:07:57.082 [restartedMain] WARN  c.b.mybatisplus.core.injector.DefaultSqlInjector - class com.itmo.eva.model.entity.Redline ,Not found @TableId annotation, Cannot use Mybatis-Plus 'xxById' Method.
2023-03-07 18:09:00.938 [http-nio-8080-exec-2] WARN  o.s.w.s.m.m.a.ExceptionHandlerExceptionResolver - Resolved [com.itmo.eva.exception.BusinessException: 对应一级评测信息错误]
2023-03-07 19:04:28.803 [restartedMain] WARN  c.b.mybatisplus.core.injector.DefaultSqlInjector - class com.itmo.eva.model.entity.Redline ,Not found @TableId annotation, Cannot use Mybatis-Plus 'xxById' Method.
2023-03-07 19:04:55.158 [restartedMain] WARN  org.mybatis.spring.mapper.ClassPathMapperScanner - No MyBatis mapper was found in '[com.itmo.eva.mapper]' package. Please check your configuration.
2023-03-07 19:04:55.314 [restartedMain] WARN  o.s.b.w.s.c.AnnotationConfigServletWebServerApplicationContext - Exception encountered during context initialization - cancelling refresh attempt: org.springframework.beans.factory.BeanCreationException: Error creating bean with name 'sqlSessionFactory' defined in class path resource [com/baomidou/mybatisplus/autoconfigure/MybatisPlusAutoConfiguration.class]: Bean instantiation via factory method failed; nested exception is org.springframework.beans.BeanInstantiationException: Failed to instantiate [org.apache.ibatis.session.SqlSessionFactory]: Factory method 'sqlSessionFactory' threw exception; nested exception is org.springframework.core.NestedIOException: Failed to parse mapping resource: 'file [/Users/chenjiahan/项目开发/教学评价系统（管理员端重写）/eva/target/classes/mapper/AdminMapper.xml]'; nested exception is org.apache.ibatis.builder.BuilderException: Error parsing Mapper XML. The XML location is 'file [/Users/chenjiahan/项目开发/教学评价系统（管理员端重写）/eva/target/classes/mapper/AdminMapper.xml]'. Cause: org.apache.ibatis.builder.BuilderException: Error resolving class. Cause: org.apache.ibatis.type.TypeException: Could not resolve type alias 'com.itmo.eva.model.entity.Admin'.  Cause: java.lang.ClassNotFoundException: Cannot find class: com.itmo.eva.model.entity.Admin
2023-03-07 20:54:40.976 [restartedMain] WARN  c.b.mybatisplus.core.injector.DefaultSqlInjector - class com.itmo.eva.model.entity.Redline ,Not found @TableId annotation, Cannot use Mybatis-Plus 'xxById' Method.
2023-03-07 21:53:48.333 [restartedMain] WARN  c.b.mybatisplus.core.injector.DefaultSqlInjector - class com.itmo.eva.model.entity.Redline ,Not found @TableId annotation, Cannot use Mybatis-Plus 'xxById' Method.
2023-03-07 21:53:53.601 [http-nio-8080-exec-1] WARN  o.s.w.s.m.m.a.ExceptionHandlerExceptionResolver - Resolved [com.itmo.eva.exception.BusinessException: 请求数据不存在]
2023-03-07 21:54:09.069 [http-nio-8080-exec-3] WARN  o.s.w.s.m.m.a.ExceptionHandlerExceptionResolver - Resolved [com.itmo.eva.exception.BusinessException: 删除二级指标失败]
2023-03-07 21:54:48.300 [http-nio-8080-exec-4] WARN  o.s.w.s.m.m.a.ExceptionHandlerExceptionResolver - Resolved [com.itmo.eva.exception.BusinessException: 删除二级指标失败]
2023-03-07 21:54:59.916 [restartedMain] WARN  c.b.mybatisplus.core.injector.DefaultSqlInjector - class com.itmo.eva.model.entity.Redline ,Not found @TableId annotation, Cannot use Mybatis-Plus 'xxById' Method.
2023-03-07 21:55:26.795 [restartedMain] WARN  org.mybatis.spring.mapper.ClassPathMapperScanner - No MyBatis mapper was found in '[com.itmo.eva.mapper]' package. Please check your configuration.
2023-03-07 21:55:26.952 [restartedMain] WARN  o.s.b.w.s.c.AnnotationConfigServletWebServerApplicationContext - Exception encountered during context initialization - cancelling refresh attempt: org.springframework.beans.factory.BeanCreationException: Error creating bean with name 'sqlSessionFactory' defined in class path resource [com/baomidou/mybatisplus/autoconfigure/MybatisPlusAutoConfiguration.class]: Bean instantiation via factory method failed; nested exception is org.springframework.beans.BeanInstantiationException: Failed to instantiate [org.apache.ibatis.session.SqlSessionFactory]: Factory method 'sqlSessionFactory' threw exception; nested exception is org.springframework.core.NestedIOException: Failed to parse mapping resource: 'file [/Users/chenjiahan/项目开发/教学评价系统（管理员端重写）/eva/target/classes/mapper/AdminMapper.xml]'; nested exception is org.apache.ibatis.builder.BuilderException: Error parsing Mapper XML. The XML location is 'file [/Users/chenjiahan/项目开发/教学评价系统（管理员端重写）/eva/target/classes/mapper/AdminMapper.xml]'. Cause: org.apache.ibatis.builder.BuilderException: Error resolving class. Cause: org.apache.ibatis.type.TypeException: Could not resolve type alias 'com.itmo.eva.model.entity.Admin'.  Cause: java.lang.ClassNotFoundException: Cannot find class: com.itmo.eva.model.entity.Admin
2023-03-07 23:00:02.574 [HikariPool-2 housekeeper] WARN  com.zaxxer.hikari.pool.HikariPool - HikariPool-2 - Thread starvation or clock leap detected (housekeeper delta=1m1s791ms).
2023-03-07 23:33:19.182 [HikariPool-2 housekeeper] WARN  com.zaxxer.hikari.pool.HikariPool - HikariPool-2 - Thread starvation or clock leap detected (housekeeper delta=33m16s608ms).
