2023-03-20 15:20:44.505 [restartedMain] WARN  c.b.mybatisplus.core.injector.DefaultSqlInjector - class com.itmo.eva.model.entity.Redline ,Not found @TableId annotation, Cannot use Mybatis-Plus 'xxById' Method.
2023-03-20 15:21:18.988 [http-nio-8080-exec-2] WARN  o.s.w.s.m.m.a.ExceptionHandlerExceptionResolver - Resolved [com.itmo.eva.exception.BusinessException: 评测不存在或正在进行中]
2023-03-20 15:21:34.953 [http-nio-8080-exec-3] WARN  o.s.w.s.m.m.a.ExceptionHandlerExceptionResolver - Resolved [com.itmo.eva.exception.BusinessException: 评测不存在或正在进行中]
2023-03-20 15:21:36.178 [http-nio-8080-exec-4] WARN  o.s.w.s.m.m.a.ExceptionHandlerExceptionResolver - Resolved [com.itmo.eva.exception.BusinessException: 评测不存在或正在进行中]
2023-03-20 15:21:58.019 [http-nio-8080-exec-5] WARN  o.s.w.s.m.m.a.ExceptionHandlerExceptionResolver - Resolved [com.itmo.eva.exception.BusinessException: 评测不存在或正在进行中]
2023-03-20 15:22:02.812 [restartedMain] WARN  c.b.mybatisplus.core.injector.DefaultSqlInjector - class com.itmo.eva.model.entity.Redline ,Not found @TableId annotation, Cannot use Mybatis-Plus 'xxById' Method.
2023-03-20 15:23:31.947 [restartedMain] WARN  org.mybatis.spring.mapper.ClassPathMapperScanner - No MyBatis mapper was found in '[com.itmo.eva.mapper]' package. Please check your configuration.
2023-03-20 15:23:32.081 [restartedMain] WARN  o.s.b.w.s.c.AnnotationConfigServletWebServerApplicationContext - Exception encountered during context initialization - cancelling refresh attempt: org.springframework.beans.factory.BeanCreationException: Error creating bean with name 'sqlSessionFactory' defined in class path resource [com/baomidou/mybatisplus/autoconfigure/MybatisPlusAutoConfiguration.class]: Bean instantiation via factory method failed; nested exception is org.springframework.beans.BeanInstantiationException: Failed to instantiate [org.apache.ibatis.session.SqlSessionFactory]: Factory method 'sqlSessionFactory' threw exception; nested exception is org.springframework.core.NestedIOException: Failed to parse mapping resource: 'file [/Users/chenjiahan/项目开发/教学评价系统（管理员端重写）/eva/target/classes/mapper/AdminMapper.xml]'; nested exception is org.apache.ibatis.builder.BuilderException: Error parsing Mapper XML. The XML location is 'file [/Users/chenjiahan/项目开发/教学评价系统（管理员端重写）/eva/target/classes/mapper/AdminMapper.xml]'. Cause: org.apache.ibatis.builder.BuilderException: Error resolving class. Cause: org.apache.ibatis.type.TypeException: Could not resolve type alias 'com.itmo.eva.model.entity.Admin'.  Cause: java.lang.ClassNotFoundException: Cannot find class: com.itmo.eva.model.entity.Admin
2023-03-20 15:39:17.149 [restartedMain] WARN  c.b.mybatisplus.core.injector.DefaultSqlInjector - class com.itmo.eva.model.entity.Redline ,Not found @TableId annotation, Cannot use Mybatis-Plus 'xxById' Method.
2023-03-20 15:39:40.056 [http-nio-8080-exec-2] WARN  o.s.w.s.m.m.a.ExceptionHandlerExceptionResolver - Resolved [java.lang.IllegalStateException: Duplicate key 30]
2023-03-20 15:40:17.868 [http-nio-8080-exec-3] WARN  o.s.w.s.m.m.a.ExceptionHandlerExceptionResolver - Resolved [java.lang.IllegalStateException: Duplicate key 30]
2023-03-20 15:41:37.770 [restartedMain] WARN  c.b.mybatisplus.core.injector.DefaultSqlInjector - class com.itmo.eva.model.entity.Redline ,Not found @TableId annotation, Cannot use Mybatis-Plus 'xxById' Method.
2023-03-20 15:41:42.067 [http-nio-8080-exec-2] WARN  o.s.w.s.m.m.a.ExceptionHandlerExceptionResolver - Resolved [java.lang.IllegalStateException: Duplicate key 30]
2023-03-20 15:42:08.494 [http-nio-8080-exec-3] WARN  o.s.w.s.m.m.a.ExceptionHandlerExceptionResolver - Resolved [com.itmo.eva.exception.BusinessException: 在第2行，专业错误]
2023-03-20 15:42:45.909 [http-nio-8080-exec-4] WARN  o.s.w.s.m.m.a.ExceptionHandlerExceptionResolver - Resolved [com.itmo.eva.exception.BusinessException: 在第2行，专业错误]
2023-03-20 15:44:15.379 [HikariPool-1 housekeeper] WARN  com.zaxxer.hikari.pool.HikariPool - HikariPool-1 - Thread starvation or clock leap detected (housekeeper delta=52s11ms).
2023-03-20 15:44:15.381 [http-nio-8080-exec-5] WARN  o.s.w.s.m.m.a.ExceptionHandlerExceptionResolver - Resolved [com.itmo.eva.exception.BusinessException: 在第2行，专业错误]
2023-03-20 15:44:17.847 [http-nio-8080-exec-6] WARN  o.s.w.s.m.m.a.ExceptionHandlerExceptionResolver - Resolved [com.itmo.eva.exception.BusinessException: 在第2行，专业错误]
2023-03-20 15:44:26.403 [http-nio-8080-exec-8] WARN  o.s.w.s.m.m.a.ExceptionHandlerExceptionResolver - Resolved [com.itmo.eva.exception.BusinessException: 在第2行，专业错误]
2023-03-20 15:45:09.529 [HikariPool-1 housekeeper] WARN  com.zaxxer.hikari.pool.HikariPool - HikariPool-1 - Thread starvation or clock leap detected (housekeeper delta=54s150ms).
2023-03-20 15:45:09.533 [http-nio-8080-exec-9] WARN  o.s.w.s.m.m.a.ExceptionHandlerExceptionResolver - Resolved [com.itmo.eva.exception.BusinessException: 在第2行，专业错误]
2023-03-20 15:45:54.762 [restartedMain] WARN  c.b.mybatisplus.core.injector.DefaultSqlInjector - class com.itmo.eva.model.entity.Redline ,Not found @TableId annotation, Cannot use Mybatis-Plus 'xxById' Method.
2023-03-20 15:46:08.557 [http-nio-8080-exec-2] WARN  o.s.w.s.m.m.a.ExceptionHandlerExceptionResolver - Resolved [com.itmo.eva.exception.BusinessException: 在第2行，专业错误]
2023-03-20 15:46:35.589 [restartedMain] WARN  c.b.mybatisplus.core.injector.DefaultSqlInjector - class com.itmo.eva.model.entity.Redline ,Not found @TableId annotation, Cannot use Mybatis-Plus 'xxById' Method.
2023-03-20 15:46:43.840 [http-nio-8080-exec-2] WARN  o.s.w.s.m.m.a.ExceptionHandlerExceptionResolver - Resolved [com.itmo.eva.exception.BusinessException: 在第2行，专业错误]
2023-03-20 15:47:16.190 [restartedMain] WARN  c.b.mybatisplus.core.injector.DefaultSqlInjector - class com.itmo.eva.model.entity.Redline ,Not found @TableId annotation, Cannot use Mybatis-Plus 'xxById' Method.
2023-03-20 15:47:42.244 [restartedMain] WARN  org.mybatis.spring.mapper.ClassPathMapperScanner - No MyBatis mapper was found in '[com.itmo.eva.mapper]' package. Please check your configuration.
2023-03-20 15:47:42.334 [restartedMain] WARN  o.s.b.w.s.c.AnnotationConfigServletWebServerApplicationContext - Exception encountered during context initialization - cancelling refresh attempt: org.springframework.beans.factory.BeanCreationException: Error creating bean with name 'requestMappingHandlerAdapter' defined in class path resource [org/springframework/boot/autoconfigure/web/servlet/WebMvcAutoConfiguration$EnableWebMvcConfiguration.class]: Bean instantiation via factory method failed; nested exception is org.springframework.beans.BeanInstantiationException: Failed to instantiate [org.springframework.web.servlet.mvc.method.annotation.RequestMappingHandlerAdapter]: Factory method 'requestMappingHandlerAdapter' threw exception; nested exception is org.springframework.beans.factory.BeanCreationException: Error creating bean with name 'messageConverters' defined in class path resource [org/springframework/boot/autoconfigure/http/HttpMessageConvertersAutoConfiguration.class]: Bean instantiation via factory method failed; nested exception is org.springframework.beans.BeanInstantiationException: Failed to instantiate [org.springframework.boot.autoconfigure.http.HttpMessageConverters]: Factory method 'messageConverters' threw exception; nested exception is org.springframework.beans.factory.UnsatisfiedDependencyException: Error creating bean with name 'mappingJackson2HttpMessageConverter' defined in class path resource [org/springframework/boot/autoconfigure/http/JacksonHttpMessageConvertersConfiguration$MappingJackson2HttpMessageConverterConfiguration.class]: Unsatisfied dependency expressed through method 'mappingJackson2HttpMessageConverter' parameter 0; nested exception is org.springframework.beans.factory.UnsatisfiedDependencyException: Error creating bean with name 'jacksonObjectMapper' defined in class path resource [org/springframework/boot/autoconfigure/jackson/JacksonAutoConfiguration$JacksonObjectMapperConfiguration.class]: Unsatisfied dependency expressed through method 'jacksonObjectMapper' parameter 0; nested exception is org.springframework.beans.factory.BeanCreationException: Error creating bean with name 'jacksonObjectMapperBuilder' defined in class path resource [org/springframework/boot/autoconfigure/jackson/JacksonAutoConfiguration$JacksonObjectMapperBuilderConfiguration.class]: Bean instantiation via factory method failed; nested exception is org.springframework.beans.BeanInstantiationException: Failed to instantiate [org.springframework.http.converter.json.Jackson2ObjectMapperBuilder]: Factory method 'jacksonObjectMapperBuilder' threw exception; nested exception is org.springframework.beans.factory.BeanCreationException: Error creating bean with name 'jsonMixinModule' defined in class path resource [org/springframework/boot/autoconfigure/jackson/JacksonAutoConfiguration.class]: Invocation of init method failed; nested exception is org.springframework.beans.factory.BeanDefinitionStoreException: Failed to read candidate component class: file [/Users/chenjiahan/项目开发/教学评价系统（管理员端重写）/eva/target/classes/com/itmo/eva/config/WebMvcConfig$1.class]; nested exception is java.lang.ArrayIndexOutOfBoundsException: 6
2023-03-20 16:00:36.714 [restartedMain] WARN  c.b.mybatisplus.core.injector.DefaultSqlInjector - class com.itmo.eva.model.entity.Redline ,Not found @TableId annotation, Cannot use Mybatis-Plus 'xxById' Method.
2023-03-20 16:03:19.422 [http-nio-8080-exec-6] WARN  o.s.w.s.m.m.a.ExceptionHandlerExceptionResolver - Resolved [com.itmo.eva.exception.BusinessException: 评测不存在或正在进行中]
2023-03-20 16:19:22.318 [HikariPool-1 housekeeper] WARN  com.zaxxer.hikari.pool.HikariPool - HikariPool-1 - Thread starvation or clock leap detected (housekeeper delta=15m3s419ms).
2023-03-20 16:19:37.714 [restartedMain] WARN  c.b.mybatisplus.core.injector.DefaultSqlInjector - class com.itmo.eva.model.entity.Redline ,Not found @TableId annotation, Cannot use Mybatis-Plus 'xxById' Method.
2023-03-20 16:21:17.047 [HikariPool-1 housekeeper] WARN  com.zaxxer.hikari.pool.HikariPool - HikariPool-1 - Thread starvation or clock leap detected (housekeeper delta=57s639ms).
2023-03-20 16:22:08.618 [HikariPool-1 housekeeper] WARN  com.zaxxer.hikari.pool.HikariPool - HikariPool-1 - Thread starvation or clock leap detected (housekeeper delta=51s572ms).
2023-03-20 16:22:56.493 [main] WARN  c.b.mybatisplus.core.injector.DefaultSqlInjector - class com.itmo.eva.model.entity.Redline ,Not found @TableId annotation, Cannot use Mybatis-Plus 'xxById' Method.
2023-03-20 16:23:37.667 [main] WARN  c.b.mybatisplus.core.injector.DefaultSqlInjector - class com.itmo.eva.model.entity.Redline ,Not found @TableId annotation, Cannot use Mybatis-Plus 'xxById' Method.
2023-03-20 16:35:23.480 [HikariPool-1 housekeeper] WARN  com.zaxxer.hikari.pool.HikariPool - HikariPool-1 - Thread starvation or clock leap detected (housekeeper delta=11m44s850ms).
2023-03-20 16:59:37.716 [HikariPool-1 housekeeper] WARN  com.zaxxer.hikari.pool.HikariPool - HikariPool-1 - Thread starvation or clock leap detected (housekeeper delta=24m14s237ms).
2023-03-20 17:05:57.704 [HikariPool-1 housekeeper] WARN  com.zaxxer.hikari.pool.HikariPool - HikariPool-1 - Thread starvation or clock leap detected (housekeeper delta=6m19s988ms).
2023-03-20 17:47:37.836 [HikariPool-1 housekeeper] WARN  com.zaxxer.hikari.pool.HikariPool - HikariPool-1 - Thread starvation or clock leap detected (housekeeper delta=41m40s132ms).
2023-03-20 18:04:05.642 [HikariPool-1 housekeeper] WARN  com.zaxxer.hikari.pool.HikariPool - HikariPool-1 - Thread starvation or clock leap detected (housekeeper delta=16m27s806ms).
2023-03-20 18:05:00.589 [HikariPool-1 housekeeper] WARN  com.zaxxer.hikari.pool.HikariPool - HikariPool-1 - Thread starvation or clock leap detected (housekeeper delta=54s947ms).
2023-03-20 18:16:22.417 [HikariPool-1 housekeeper] WARN  com.zaxxer.hikari.pool.HikariPool - HikariPool-1 - Thread starvation or clock leap detected (housekeeper delta=11m21s828ms).
2023-03-20 18:21:40.863 [HikariPool-1 housekeeper] WARN  com.zaxxer.hikari.pool.HikariPool - HikariPool-1 - Thread starvation or clock leap detected (housekeeper delta=5m18s446ms).
2023-03-20 18:33:59.493 [HikariPool-1 housekeeper] WARN  com.zaxxer.hikari.pool.HikariPool - HikariPool-1 - Thread starvation or clock leap detected (housekeeper delta=12m18s630ms).
2023-03-20 18:36:06.422 [HikariPool-1 housekeeper] WARN  com.zaxxer.hikari.pool.HikariPool - HikariPool-1 - Thread starvation or clock leap detected (housekeeper delta=2m6s929ms).
2023-03-20 18:55:50.114 [HikariPool-1 housekeeper] WARN  com.zaxxer.hikari.pool.HikariPool - HikariPool-1 - Thread starvation or clock leap detected (housekeeper delta=19m43s692ms).
2023-03-20 19:16:01.703 [HikariPool-1 housekeeper] WARN  com.zaxxer.hikari.pool.HikariPool - HikariPool-1 - Thread starvation or clock leap detected (housekeeper delta=20m11s589ms).
2023-03-20 20:05:58.180 [scheduling-1] WARN  com.zaxxer.hikari.pool.PoolBase - HikariPool-1 - Failed to validate connection com.mysql.cj.jdbc.ConnectionImpl@562d36e5 (No operations allowed after connection closed.). Possibly consider using a shorter maxLifetime value.
2023-03-20 20:12:19.386 [HikariPool-1 housekeeper] WARN  com.zaxxer.hikari.pool.HikariPool - HikariPool-1 - Thread starvation or clock leap detected (housekeeper delta=56m17s682ms).
2023-03-20 20:15:02.926 [HikariPool-1 housekeeper] WARN  com.zaxxer.hikari.pool.HikariPool - HikariPool-1 - Thread starvation or clock leap detected (housekeeper delta=2m43s541ms).
2023-03-20 20:25:11.326 [HikariPool-1 housekeeper] WARN  com.zaxxer.hikari.pool.HikariPool - HikariPool-1 - Thread starvation or clock leap detected (housekeeper delta=10m8s399ms).
2023-03-20 20:28:14.449 [scheduling-1] WARN  com.zaxxer.hikari.pool.PoolBase - HikariPool-1 - Failed to validate connection com.mysql.cj.jdbc.ConnectionImpl@4b0d6ec0 (No operations allowed after connection closed.). Possibly consider using a shorter maxLifetime value.
2023-03-20 20:28:19.464 [scheduling-1] WARN  com.zaxxer.hikari.pool.PoolBase - HikariPool-1 - Failed to validate connection com.mysql.cj.jdbc.ConnectionImpl@2c3e5783 (No operations allowed after connection closed.). Possibly consider using a shorter maxLifetime value.
2023-03-20 20:28:24.484 [scheduling-1] WARN  com.zaxxer.hikari.pool.PoolBase - HikariPool-1 - Failed to validate connection com.mysql.cj.jdbc.ConnectionImpl@79965d73 (No operations allowed after connection closed.). Possibly consider using a shorter maxLifetime value.
2023-03-20 20:28:29.497 [scheduling-1] WARN  com.zaxxer.hikari.pool.PoolBase - HikariPool-1 - Failed to validate connection com.mysql.cj.jdbc.ConnectionImpl@64985f60 (No operations allowed after connection closed.). Possibly consider using a shorter maxLifetime value.
2023-03-20 20:28:34.512 [scheduling-1] WARN  com.zaxxer.hikari.pool.PoolBase - HikariPool-1 - Failed to validate connection com.mysql.cj.jdbc.ConnectionImpl@23a1de5 (No operations allowed after connection closed.). Possibly consider using a shorter maxLifetime value.
2023-03-20 20:28:39.522 [scheduling-1] WARN  com.zaxxer.hikari.pool.PoolBase - HikariPool-1 - Failed to validate connection com.mysql.cj.jdbc.ConnectionImpl@388d8924 (No operations allowed after connection closed.). Possibly consider using a shorter maxLifetime value.
2023-03-20 20:30:05.017 [scheduling-1] WARN  com.zaxxer.hikari.pool.PoolBase - HikariPool-1 - Failed to validate connection com.mysql.cj.jdbc.ConnectionImpl@1a667fe4 (No operations allowed after connection closed.). Possibly consider using a shorter maxLifetime value.
2023-03-20 20:30:10.033 [scheduling-1] WARN  com.zaxxer.hikari.pool.PoolBase - HikariPool-1 - Failed to validate connection com.mysql.cj.jdbc.ConnectionImpl@53bc5838 (No operations allowed after connection closed.). Possibly consider using a shorter maxLifetime value.
2023-03-20 20:30:15.046 [scheduling-1] WARN  com.zaxxer.hikari.pool.PoolBase - HikariPool-1 - Failed to validate connection com.mysql.cj.jdbc.ConnectionImpl@7a2eb9c (No operations allowed after connection closed.). Possibly consider using a shorter maxLifetime value.
