2023-03-23 22:46:26.144 [restartedMain] INFO  com.itmo.eva.EvaApplication - Starting EvaApplication using Java 1.8.0_362 on chenjiaandeMBP2 with PID 59630 (/Users/chenjiahan/项目开发/教学评价系统（管理员端重写）/eva/target/classes started by chenjiahan in /Users/chenjiahan/项目开发/教学评价系统（管理员端重写）/eva)
2023-03-23 22:46:26.146 [restartedMain] INFO  com.itmo.eva.EvaApplication - No active profile set, falling back to 1 default profile: "default"
2023-03-23 22:46:26.181 [restartedMain] INFO  o.s.b.d.env.DevToolsPropertyDefaultsPostProcessor - Devtools property defaults active! Set 'spring.devtools.add-properties' to 'false' to disable
2023-03-23 22:46:26.181 [restartedMain] INFO  o.s.b.d.env.DevToolsPropertyDefaultsPostProcessor - For additional web related logging consider setting the 'logging.level.web' property to 'DEBUG'
2023-03-23 22:46:27.054 [restartedMain] INFO  o.s.boot.web.embedded.tomcat.TomcatWebServer - Tomcat initialized with port(s): 8080 (http)
2023-03-23 22:46:27.060 [restartedMain] INFO  org.apache.coyote.http11.Http11NioProtocol - Initializing ProtocolHandler ["http-nio-8080"]
2023-03-23 22:46:27.060 [restartedMain] INFO  org.apache.catalina.core.StandardService - Starting service [Tomcat]
2023-03-23 22:46:27.060 [restartedMain] INFO  org.apache.catalina.core.StandardEngine - Starting Servlet engine: [Apache Tomcat/9.0.63]
2023-03-23 22:46:27.094 [restartedMain] INFO  o.a.c.c.ContainerBase.[Tomcat].[localhost].[/api] - Initializing Spring embedded WebApplicationContext
2023-03-23 22:46:27.094 [restartedMain] INFO  o.s.b.w.s.c.ServletWebServerApplicationContext - Root WebApplicationContext: initialization completed in 913 ms
2023-03-23 22:46:28.032 [restartedMain] INFO  o.s.b.d.autoconfigure.OptionalLiveReloadServer - LiveReload server is running on port 35729
2023-03-23 22:46:28.186 [restartedMain] INFO  org.apache.coyote.http11.Http11NioProtocol - Starting ProtocolHandler ["http-nio-8080"]
2023-03-23 22:46:28.212 [restartedMain] INFO  o.s.boot.web.embedded.tomcat.TomcatWebServer - Tomcat started on port(s): 8080 (http) with context path '/api'
2023-03-23 22:46:28.477 [restartedMain] INFO  com.itmo.eva.EvaApplication - Started EvaApplication in 2.673 seconds (JVM running for 3.044)
2023-03-23 22:47:34.153 [http-nio-8080-exec-1] INFO  o.a.c.c.ContainerBase.[Tomcat].[localhost].[/api] - Initializing Spring DispatcherServlet 'dispatcherServlet'
2023-03-23 22:47:34.154 [http-nio-8080-exec-1] INFO  org.springframework.web.servlet.DispatcherServlet - Initializing Servlet 'dispatcherServlet'
2023-03-23 22:47:34.155 [http-nio-8080-exec-1] INFO  org.springframework.web.servlet.DispatcherServlet - Completed initialization in 1 ms
2023-03-23 22:47:34.199 [http-nio-8080-exec-1] INFO  com.itmo.eva.aop.LogInterceptor - request start，id: ef97bf92-6855-4772-9dff-f151986c4041, path: /api/evaluate/add, ip: 0:0:0:0:0:0:0:1, params: [EvaluateAddRequest(name=2023学年第一学期评测, start_time=2023-3-21, e_time=2023-4-31)]
2023-03-23 22:47:34.213 [http-nio-8080-exec-1] INFO  com.zaxxer.hikari.HikariDataSource - HikariPool-1 - Starting...
2023-03-23 22:47:34.502 [http-nio-8080-exec-1] INFO  com.zaxxer.hikari.HikariDataSource - HikariPool-1 - Start completed.
2023-03-23 22:47:34.753 [http-nio-8080-exec-1] INFO  com.itmo.eva.aop.LogInterceptor - request end, id: ef97bf92-6855-4772-9dff-f151986c4041, cost: 556ms
2023-03-23 22:47:34.756 [http-nio-8080-exec-1] INFO  com.itmo.eva.aop.LogInterceptor - 访问次数：1
2023-03-23 22:50:00.005 [scheduling-1] INFO  com.itmo.eva.job.EmailSendJob - 邮件检测...
2023-03-23 22:50:53.644 [Thread-8] INFO  com.zaxxer.hikari.HikariDataSource - HikariPool-1 - Shutdown initiated...
2023-03-23 22:50:53.773 [Thread-8] INFO  com.zaxxer.hikari.HikariDataSource - HikariPool-1 - Shutdown completed.
2023-03-23 22:50:53.940 [restartedMain] INFO  com.itmo.eva.EvaApplication - Starting EvaApplication using Java 1.8.0_362 on chenjiaandeMBP2 with PID 59630 (/Users/chenjiahan/项目开发/教学评价系统（管理员端重写）/eva/target/classes started by chenjiahan in /Users/chenjiahan/项目开发/教学评价系统（管理员端重写）/eva)
2023-03-23 22:50:53.940 [restartedMain] INFO  com.itmo.eva.EvaApplication - No active profile set, falling back to 1 default profile: "default"
2023-03-23 22:50:54.168 [restartedMain] INFO  o.s.boot.web.embedded.tomcat.TomcatWebServer - Tomcat initialized with port(s): 8080 (http)
2023-03-23 22:50:54.168 [restartedMain] INFO  org.apache.coyote.http11.Http11NioProtocol - Initializing ProtocolHandler ["http-nio-8080"]
2023-03-23 22:50:54.168 [restartedMain] INFO  org.apache.catalina.core.StandardService - Starting service [Tomcat]
2023-03-23 22:50:54.168 [restartedMain] INFO  org.apache.catalina.core.StandardEngine - Starting Servlet engine: [Apache Tomcat/9.0.63]
2023-03-23 22:50:54.173 [restartedMain] INFO  o.a.c.c.ContainerBase.[Tomcat].[localhost].[/api] - Initializing Spring embedded WebApplicationContext
2023-03-23 22:50:54.173 [restartedMain] INFO  o.s.b.w.s.c.ServletWebServerApplicationContext - Root WebApplicationContext: initialization completed in 231 ms
2023-03-23 22:50:54.724 [restartedMain] INFO  o.s.b.d.autoconfigure.OptionalLiveReloadServer - LiveReload server is running on port 35729
2023-03-23 22:50:54.825 [restartedMain] INFO  org.apache.coyote.http11.Http11NioProtocol - Starting ProtocolHandler ["http-nio-8080"]
2023-03-23 22:50:54.826 [restartedMain] INFO  o.s.boot.web.embedded.tomcat.TomcatWebServer - Tomcat started on port(s): 8080 (http) with context path '/api'
2023-03-23 22:50:54.948 [restartedMain] INFO  com.itmo.eva.EvaApplication - Started EvaApplication in 1.047 seconds (JVM running for 269.515)
2023-03-23 22:50:54.950 [restartedMain] INFO  o.s.b.d.a.ConditionEvaluationDeltaLoggingListener - Condition evaluation unchanged
2023-03-23 22:50:55.253 [main] INFO  com.itmo.eva.EvaApplicationTests - Starting EvaApplicationTests using Java 1.8.0_362 on chenjiaandeMBP2 with PID 60898 (started by chenjiahan in /Users/chenjiahan/项目开发/教学评价系统（管理员端重写）/eva)
2023-03-23 22:50:55.254 [main] INFO  com.itmo.eva.EvaApplicationTests - No active profile set, falling back to 1 default profile: "default"
2023-03-23 22:50:56.373 [restartedMain] INFO  com.itmo.eva.EvaApplication - Starting EvaApplication using Java 1.8.0_362 on chenjiaandeMBP2 with PID 59630 (/Users/chenjiahan/项目开发/教学评价系统（管理员端重写）/eva/target/classes started by chenjiahan in /Users/chenjiahan/项目开发/教学评价系统（管理员端重写）/eva)
2023-03-23 22:50:56.374 [restartedMain] INFO  com.itmo.eva.EvaApplication - No active profile set, falling back to 1 default profile: "default"
2023-03-23 22:50:56.591 [restartedMain] INFO  o.s.boot.web.embedded.tomcat.TomcatWebServer - Tomcat initialized with port(s): 8080 (http)
2023-03-23 22:50:56.591 [restartedMain] INFO  org.apache.coyote.http11.Http11NioProtocol - Initializing ProtocolHandler ["http-nio-8080"]
2023-03-23 22:50:56.591 [restartedMain] INFO  org.apache.catalina.core.StandardService - Starting service [Tomcat]
2023-03-23 22:50:56.591 [restartedMain] INFO  org.apache.catalina.core.StandardEngine - Starting Servlet engine: [Apache Tomcat/9.0.63]
2023-03-23 22:50:56.596 [restartedMain] INFO  o.a.c.c.ContainerBase.[Tomcat].[localhost].[/api] - Initializing Spring embedded WebApplicationContext
2023-03-23 22:50:56.596 [restartedMain] INFO  o.s.b.w.s.c.ServletWebServerApplicationContext - Root WebApplicationContext: initialization completed in 221 ms
2023-03-23 22:50:57.089 [restartedMain] INFO  o.s.b.d.autoconfigure.OptionalLiveReloadServer - LiveReload server is running on port 35729
2023-03-23 22:50:57.174 [restartedMain] INFO  org.apache.coyote.http11.Http11NioProtocol - Starting ProtocolHandler ["http-nio-8080"]
2023-03-23 22:50:57.176 [restartedMain] INFO  o.s.boot.web.embedded.tomcat.TomcatWebServer - Tomcat started on port(s): 8080 (http) with context path '/api'
2023-03-23 22:50:57.277 [restartedMain] INFO  com.itmo.eva.EvaApplication - Started EvaApplication in 0.931 seconds (JVM running for 271.844)
2023-03-23 22:50:57.278 [restartedMain] INFO  o.s.b.d.a.ConditionEvaluationDeltaLoggingListener - Condition evaluation unchanged
2023-03-23 22:50:58.021 [main] INFO  com.itmo.eva.EvaApplicationTests - Started EvaApplicationTests in 3.016 seconds (JVM running for 3.578)
2023-03-23 22:50:58.184 [main] INFO  com.zaxxer.hikari.HikariDataSource - HikariPool-1 - Starting...
2023-03-23 22:50:58.580 [main] INFO  com.zaxxer.hikari.HikariDataSource - HikariPool-1 - Start completed.
2023-03-23 22:50:58.779 [SpringApplicationShutdownHook] INFO  com.zaxxer.hikari.HikariDataSource - HikariPool-1 - Shutdown initiated...
2023-03-23 22:50:58.897 [SpringApplicationShutdownHook] INFO  com.zaxxer.hikari.HikariDataSource - HikariPool-1 - Shutdown completed.
2023-03-23 22:51:39.586 [main] INFO  com.itmo.eva.EvaApplicationTests - Starting EvaApplicationTests using Java 1.8.0_362 on chenjiaandeMBP2 with PID 61136 (started by chenjiahan in /Users/chenjiahan/项目开发/教学评价系统（管理员端重写）/eva)
2023-03-23 22:51:39.587 [main] INFO  com.itmo.eva.EvaApplicationTests - No active profile set, falling back to 1 default profile: "default"
2023-03-23 22:51:42.253 [main] INFO  com.itmo.eva.EvaApplicationTests - Started EvaApplicationTests in 2.907 seconds (JVM running for 3.448)
2023-03-23 22:51:42.407 [main] INFO  com.zaxxer.hikari.HikariDataSource - HikariPool-1 - Starting...
2023-03-23 22:51:42.795 [main] INFO  com.zaxxer.hikari.HikariDataSource - HikariPool-1 - Start completed.
2023-03-23 22:51:42.964 [SpringApplicationShutdownHook] INFO  com.zaxxer.hikari.HikariDataSource - HikariPool-1 - Shutdown initiated...
2023-03-23 22:51:43.042 [SpringApplicationShutdownHook] INFO  com.zaxxer.hikari.HikariDataSource - HikariPool-1 - Shutdown completed.
2023-03-23 22:52:00.924 [main] INFO  com.itmo.eva.EvaApplicationTests - Starting EvaApplicationTests using Java 1.8.0_362 on chenjiaandeMBP2 with PID 61232 (started by chenjiahan in /Users/chenjiahan/项目开发/教学评价系统（管理员端重写）/eva)
2023-03-23 22:52:00.925 [main] INFO  com.itmo.eva.EvaApplicationTests - No active profile set, falling back to 1 default profile: "default"
2023-03-23 22:52:03.884 [main] INFO  com.itmo.eva.EvaApplicationTests - Started EvaApplicationTests in 3.256 seconds (JVM running for 3.925)
2023-03-23 22:52:04.050 [main] INFO  com.zaxxer.hikari.HikariDataSource - HikariPool-1 - Starting...
2023-03-23 22:52:04.477 [main] INFO  com.zaxxer.hikari.HikariDataSource - HikariPool-1 - Start completed.
2023-03-23 22:52:25.199 [SpringApplicationShutdownHook] INFO  com.zaxxer.hikari.HikariDataSource - HikariPool-1 - Shutdown initiated...
2023-03-23 22:52:25.439 [SpringApplicationShutdownHook] INFO  com.zaxxer.hikari.HikariDataSource - HikariPool-1 - Shutdown completed.
2023-03-23 23:38:32.787 [main] INFO  com.itmo.eva.EvaApplicationTests - Starting EvaApplicationTests using Java 1.8.0_362 on chenjiaandeMBP2 with PID 73862 (started by chenjiahan in /Users/chenjiahan/项目开发/教学评价系统（管理员端重写）/eva)
2023-03-23 23:38:32.788 [main] INFO  com.itmo.eva.EvaApplicationTests - No active profile set, falling back to 1 default profile: "default"
2023-03-23 23:38:35.472 [main] INFO  com.itmo.eva.EvaApplicationTests - Started EvaApplicationTests in 3.241 seconds (JVM running for 3.801)
2023-03-23 23:38:48.985 [main] INFO  com.itmo.eva.EvaApplicationTests - Starting EvaApplicationTests using Java 1.8.0_362 on chenjiaandeMBP2 with PID 73936 (started by chenjiahan in /Users/chenjiahan/项目开发/教学评价系统（管理员端重写）/eva)
2023-03-23 23:38:48.986 [main] INFO  com.itmo.eva.EvaApplicationTests - No active profile set, falling back to 1 default profile: "default"
2023-03-23 23:38:51.959 [main] INFO  com.itmo.eva.EvaApplicationTests - Started EvaApplicationTests in 3.258 seconds (JVM running for 3.885)
2023-03-23 23:39:43.372 [main] INFO  com.itmo.eva.EvaApplicationTests - Starting EvaApplicationTests using Java 1.8.0_362 on chenjiaandeMBP2 with PID 74187 (started by chenjiahan in /Users/chenjiahan/项目开发/教学评价系统（管理员端重写）/eva)
2023-03-23 23:39:43.373 [main] INFO  com.itmo.eva.EvaApplicationTests - No active profile set, falling back to 1 default profile: "default"
2023-03-23 23:39:45.979 [main] INFO  com.itmo.eva.EvaApplicationTests - Started EvaApplicationTests in 2.854 seconds (JVM running for 3.389)
2023-03-23 23:40:16.564 [main] INFO  com.itmo.eva.EvaApplicationTests - Starting EvaApplicationTests using Java 1.8.0_362 on chenjiaandeMBP2 with PID 74342 (started by chenjiahan in /Users/chenjiahan/项目开发/教学评价系统（管理员端重写）/eva)
2023-03-23 23:40:16.565 [main] INFO  com.itmo.eva.EvaApplicationTests - No active profile set, falling back to 1 default profile: "default"
2023-03-23 23:40:19.488 [main] INFO  com.itmo.eva.EvaApplicationTests - Started EvaApplicationTests in 3.204 seconds (JVM running for 3.832)
2023-03-23 23:41:02.556 [main] INFO  com.itmo.eva.EvaApplicationTests - Starting EvaApplicationTests using Java 1.8.0_362 on chenjiaandeMBP2 with PID 74551 (started by chenjiahan in /Users/chenjiahan/项目开发/教学评价系统（管理员端重写）/eva)
2023-03-23 23:41:02.557 [main] INFO  com.itmo.eva.EvaApplicationTests - No active profile set, falling back to 1 default profile: "default"
2023-03-23 23:41:05.195 [main] INFO  com.itmo.eva.EvaApplicationTests - Started EvaApplicationTests in 2.883 seconds (JVM running for 3.417)
2023-03-23 23:41:34.626 [main] INFO  com.itmo.eva.EvaApplicationTests - Starting EvaApplicationTests using Java 1.8.0_362 on chenjiaandeMBP2 with PID 74699 (started by chenjiahan in /Users/chenjiahan/项目开发/教学评价系统（管理员端重写）/eva)
2023-03-23 23:41:34.627 [main] INFO  com.itmo.eva.EvaApplicationTests - No active profile set, falling back to 1 default profile: "default"
2023-03-23 23:41:37.281 [main] INFO  com.itmo.eva.EvaApplicationTests - Started EvaApplicationTests in 2.901 seconds (JVM running for 3.426)
2023-03-23 23:41:44.937 [main] INFO  com.itmo.eva.EvaApplicationTests - Starting EvaApplicationTests using Java 1.8.0_362 on chenjiaandeMBP2 with PID 74747 (started by chenjiahan in /Users/chenjiahan/项目开发/教学评价系统（管理员端重写）/eva)
2023-03-23 23:41:44.938 [main] INFO  com.itmo.eva.EvaApplicationTests - No active profile set, falling back to 1 default profile: "default"
2023-03-23 23:41:47.853 [main] INFO  com.itmo.eva.EvaApplicationTests - Started EvaApplicationTests in 3.195 seconds (JVM running for 3.806)
2023-03-23 23:43:47.243 [main] INFO  com.itmo.eva.EvaApplicationTests - Starting EvaApplicationTests using Java 1.8.0_362 on chenjiaandeMBP2 with PID 75307 (started by chenjiahan in /Users/chenjiahan/项目开发/教学评价系统（管理员端重写）/eva)
2023-03-23 23:43:47.244 [main] INFO  com.itmo.eva.EvaApplicationTests - No active profile set, falling back to 1 default profile: "default"
2023-03-23 23:43:49.893 [main] INFO  com.itmo.eva.EvaApplicationTests - Started EvaApplicationTests in 2.906 seconds (JVM running for 3.466)
2023-03-23 23:43:50.414 [main] INFO  com.zaxxer.hikari.HikariDataSource - HikariPool-1 - Starting...
2023-03-23 23:43:50.710 [main] INFO  com.zaxxer.hikari.HikariDataSource - HikariPool-1 - Start completed.
2023-03-23 23:43:50.772 [main] INFO  com.itmo.eva.EvaApplicationTests - [4.84, 0.53, 3.8999999999999995]
2023-03-23 23:43:50.784 [main] INFO  com.itmo.eva.EvaApplicationTests - [7.56, 8.89, 2.45, -9.599999999999998]
2023-03-23 23:43:50.796 [main] INFO  com.itmo.eva.EvaApplicationTests - [3.66, 3.67, 2.14, 3.46, -3.6899999999999995]
2023-03-23 23:43:50.826 [SpringApplicationShutdownHook] INFO  com.zaxxer.hikari.HikariDataSource - HikariPool-1 - Shutdown initiated...
2023-03-23 23:43:50.949 [SpringApplicationShutdownHook] INFO  com.zaxxer.hikari.HikariDataSource - HikariPool-1 - Shutdown completed.
2023-03-23 23:44:05.204 [main] INFO  com.itmo.eva.EvaApplicationTests - Starting EvaApplicationTests using Java 1.8.0_362 on chenjiaandeMBP2 with PID 75389 (started by chenjiahan in /Users/chenjiahan/项目开发/教学评价系统（管理员端重写）/eva)
2023-03-23 23:44:05.205 [main] INFO  com.itmo.eva.EvaApplicationTests - No active profile set, falling back to 1 default profile: "default"
2023-03-23 23:44:08.199 [main] INFO  com.itmo.eva.EvaApplicationTests - Started EvaApplicationTests in 3.278 seconds (JVM running for 3.923)
2023-03-23 23:44:08.786 [main] INFO  com.zaxxer.hikari.HikariDataSource - HikariPool-1 - Starting...
2023-03-23 23:44:09.123 [main] INFO  com.zaxxer.hikari.HikariDataSource - HikariPool-1 - Start completed.
2023-03-23 23:44:35.455 [main] INFO  com.itmo.eva.EvaApplicationTests - [0.13, 1.68, 7.459999999999999]
2023-03-23 23:44:44.468 [main] INFO  com.itmo.eva.EvaApplicationTests - [2.54, 5.69, 7.03, -5.960000000000001]
2023-03-23 23:44:45.147 [main] INFO  com.itmo.eva.EvaApplicationTests - [7.29, 6.58, 7.31, 4.61, -16.549999999999997]
2023-03-23 23:44:46.788 [SpringApplicationShutdownHook] INFO  com.zaxxer.hikari.HikariDataSource - HikariPool-1 - Shutdown initiated...
2023-03-23 23:44:46.830 [SpringApplicationShutdownHook] INFO  com.zaxxer.hikari.HikariDataSource - HikariPool-1 - Shutdown completed.
2023-03-23 23:45:12.633 [main] INFO  com.itmo.eva.EvaApplicationTests - Starting EvaApplicationTests using Java 1.8.0_362 on chenjiaandeMBP2 with PID 75691 (started by chenjiahan in /Users/chenjiahan/项目开发/教学评价系统（管理员端重写）/eva)
2023-03-23 23:45:12.634 [main] INFO  com.itmo.eva.EvaApplicationTests - No active profile set, falling back to 1 default profile: "default"
2023-03-23 23:45:15.550 [main] INFO  com.itmo.eva.EvaApplicationTests - Started EvaApplicationTests in 3.196 seconds (JVM running for 3.836)
2023-03-23 23:45:16.129 [main] INFO  com.zaxxer.hikari.HikariDataSource - HikariPool-1 - Starting...
2023-03-23 23:45:16.469 [main] INFO  com.zaxxer.hikari.HikariDataSource - HikariPool-1 - Start completed.
2023-03-23 23:45:39.434 [main] INFO  com.itmo.eva.EvaApplicationTests - [5.86, 5.58, -2.1700000000000017]
2023-03-23 23:45:39.467 [main] INFO  com.itmo.eva.EvaApplicationTests - [5.82, 5.35, 3.1, -4.969999999999999]
2023-03-23 23:45:39.482 [main] INFO  com.itmo.eva.EvaApplicationTests - [6.34, 5.74, 7.97, 9.15, -19.96]
2023-03-23 23:45:39.492 [SpringApplicationShutdownHook] INFO  com.zaxxer.hikari.HikariDataSource - HikariPool-1 - Shutdown initiated...
2023-03-23 23:48:23.919 [main] INFO  com.itmo.eva.EvaApplicationTests - Starting EvaApplicationTests using Java 1.8.0_362 on chenjiaandeMBP2 with PID 76559 (started by chenjiahan in /Users/chenjiahan/项目开发/教学评价系统（管理员端重写）/eva)
2023-03-23 23:48:23.920 [main] INFO  com.itmo.eva.EvaApplicationTests - No active profile set, falling back to 1 default profile: "default"
2023-03-23 23:48:26.860 [main] INFO  com.itmo.eva.EvaApplicationTests - Started EvaApplicationTests in 3.23 seconds (JVM running for 3.867)
2023-03-23 23:48:27.447 [main] INFO  com.zaxxer.hikari.HikariDataSource - HikariPool-1 - Starting...
2023-03-23 23:48:27.776 [main] INFO  com.zaxxer.hikari.HikariDataSource - HikariPool-1 - Start completed.
2023-03-23 23:48:36.308 [main] INFO  com.itmo.eva.EvaApplicationTests - [0.0, 2.94, 0.54, 5.789999999999999]
2023-03-23 23:48:36.638 [main] INFO  com.itmo.eva.EvaApplicationTests - [0.0, 2.47, 3.19, 2.04, 1.6000000000000005]
2023-03-23 23:48:37.621 [main] INFO  com.itmo.eva.EvaApplicationTests - [0.0, 4.21, 7.91, 8.31, 5.64, -16.83]
2023-03-23 23:48:38.452 [main] INFO  com.itmo.eva.EvaApplicationTests - [0.0, 9.28]
2023-03-23 23:48:39.023 [main] INFO  com.itmo.eva.EvaApplicationTests - [0.0, 5.85, 3.74, -0.3200000000000003]
2023-03-23 23:48:39.523 [main] INFO  com.itmo.eva.EvaApplicationTests - [0.0, 2.27, 5.95, 7.01, -6.0600000000000005]
2023-03-23 23:48:41.556 [main] INFO  com.itmo.eva.EvaApplicationTests - [0.0, 2.34, 8.33, 7.96, 8.24, -17.65]
2023-03-23 23:48:41.582 [main] INFO  com.itmo.eva.EvaApplicationTests - [0.0, 9.21]
2023-03-23 23:48:41.594 [main] INFO  com.itmo.eva.EvaApplicationTests - [0.0, 4.87, 5.06, -0.5600000000000005]
2023-03-23 23:48:41.609 [main] INFO  com.itmo.eva.EvaApplicationTests - [0.0, 7.21, 4.75, 4.53, -7.100000000000001]
2023-03-23 23:48:41.624 [main] INFO  com.itmo.eva.EvaApplicationTests - [0.0, 6.71, 1.72, 3.52, 9.03, -11.569999999999997]
2023-03-23 23:48:41.637 [main] INFO  com.itmo.eva.EvaApplicationTests - [0.0, 9.41]
2023-03-23 23:48:41.647 [main] INFO  com.itmo.eva.EvaApplicationTests - [0.0, 4.37, 1.04, 3.99]
2023-03-23 23:48:41.660 [main] INFO  com.itmo.eva.EvaApplicationTests - [0.0, 4.24, 3.22, 0.16, 1.6999999999999993]
2023-03-23 23:48:41.677 [main] INFO  com.itmo.eva.EvaApplicationTests - [0.0, 0.59, 8.03, 2.32, 2.81, -4.42]
2023-03-23 23:48:41.690 [main] INFO  com.itmo.eva.EvaApplicationTests - [0.0, 9.38]
2023-03-23 23:48:41.701 [main] INFO  com.itmo.eva.EvaApplicationTests - [0.0, 6.19, 1.03, 2.01]
2023-03-23 23:48:41.712 [main] INFO  com.itmo.eva.EvaApplicationTests - [0.0, 9.15, 0.35, 7.47, -7.699999999999999]
2023-03-23 23:48:41.721 [main] INFO  com.itmo.eva.EvaApplicationTests - [0.0, 1.86, 2.28, 4.23, 5.72, -4.869999999999999]
2023-03-23 23:48:41.731 [main] INFO  com.itmo.eva.EvaApplicationTests - [0.0, 9.33]
2023-03-23 23:48:41.746 [main] INFO  com.itmo.eva.EvaApplicationTests - [0.0, 3.48, 2.23, 3.4899999999999993]
2023-03-23 23:48:41.758 [main] INFO  com.itmo.eva.EvaApplicationTests - [0.0, 7.78, 2.13, 3.41, -4.18]
2023-03-23 23:48:41.768 [main] INFO  com.itmo.eva.EvaApplicationTests - [0.0, 7.51, 6.97, 6.11, 2.9, -14.29]
2023-03-23 23:48:41.781 [main] INFO  com.itmo.eva.EvaApplicationTests - [0.0, 9.21]
2023-03-23 23:48:41.794 [main] INFO  com.itmo.eva.EvaApplicationTests - [0.0, 0.26, 5.64, 3.2800000000000002]
2023-03-23 23:48:41.814 [main] INFO  com.itmo.eva.EvaApplicationTests - [0.0, 3.37, 2.5, 4.19, -0.9500000000000011]
2023-03-23 23:48:41.823 [main] INFO  com.itmo.eva.EvaApplicationTests - [0.0, 1.12, 6.77, 1.24, 2.55, -2.5299999999999994]
2023-03-23 23:48:41.836 [main] INFO  com.itmo.eva.EvaApplicationTests - [0.0, 9.15]
2023-03-23 23:48:41.847 [main] INFO  com.itmo.eva.EvaApplicationTests - [0.0, 0.02, 8.92, 0.25]
2023-03-23 23:48:41.860 [main] INFO  com.itmo.eva.EvaApplicationTests - [0.0, 2.49, 5.97, 1.41, -0.7000000000000011]
2023-03-23 23:48:41.871 [main] INFO  com.itmo.eva.EvaApplicationTests - [0.0, 1.56, 2.63, 7.5, 3.94, -6.539999999999999]
2023-03-23 23:48:41.893 [main] INFO  com.itmo.eva.EvaApplicationTests - [0.0, 9.04]
2023-03-23 23:48:41.906 [main] INFO  com.itmo.eva.EvaApplicationTests - [0.0, 4.93, 6.38, -2.0299999999999994]
2023-03-23 23:48:41.918 [main] INFO  com.itmo.eva.EvaApplicationTests - [0.0, 8.39, 4.96, 4.91, -9.070000000000002]
2023-03-23 23:48:41.928 [main] INFO  com.itmo.eva.EvaApplicationTests - [0.0, 7.05, 4.22, 1.5, 8.74, -12.239999999999998]
2023-03-23 23:48:41.938 [main] INFO  com.itmo.eva.EvaApplicationTests - [0.0, 9.25]
2023-03-23 23:48:41.947 [main] INFO  com.itmo.eva.EvaApplicationTests - [0.0, 7.8, 0.42, 1.0399999999999991]
2023-03-23 23:48:41.964 [main] INFO  com.itmo.eva.EvaApplicationTests - [0.0, 7.84, 1.71, 7.24, -7.549999999999999]
2023-03-23 23:48:41.979 [main] INFO  com.itmo.eva.EvaApplicationTests - [0.0, 2.74, 1.62, 3.12, 8.93, -7.17]
2023-03-23 23:48:41.990 [main] INFO  com.itmo.eva.EvaApplicationTests - [0.0, 9.27]
2023-03-23 23:48:42.001 [main] INFO  com.itmo.eva.EvaApplicationTests - [0.0, 5.79, 7.08, -3.6900000000000013]
2023-03-23 23:48:42.013 [main] INFO  com.itmo.eva.EvaApplicationTests - [0.0, 2.26, 0.81, 8.04, -1.9799999999999986]
2023-03-23 23:48:42.025 [main] INFO  com.itmo.eva.EvaApplicationTests - [0.0, 0.12, 2.22, 3.85, 4.19, -1.2200000000000006]
2023-03-23 23:48:42.042 [main] INFO  com.itmo.eva.EvaApplicationTests - [0.0, 9.17]
2023-03-23 23:48:42.059 [main] INFO  com.itmo.eva.EvaApplicationTests - [0.0, 1.2, 5.25, 2.5300000000000002]
2023-03-23 23:48:42.074 [main] INFO  com.itmo.eva.EvaApplicationTests - [0.0, 0.18, 4.3, 1.81, 2.6400000000000006]
2023-03-23 23:48:42.088 [main] INFO  com.itmo.eva.EvaApplicationTests - [0.0, 2.77, 2.97, 1.1, 7.5, -5.35]
2023-03-23 23:48:42.099 [main] INFO  com.itmo.eva.EvaApplicationTests - [0.0, 8.98]
2023-03-23 23:48:42.112 [main] INFO  com.itmo.eva.EvaApplicationTests - [0.0, 2.19, 0.69, 6.12]
2023-03-23 23:48:42.121 [main] INFO  com.itmo.eva.EvaApplicationTests - [0.0, 5.76, 7.5, 0.7, -5.139999999999999]
2023-03-23 23:48:42.133 [main] INFO  com.itmo.eva.EvaApplicationTests - [0.0, 1.39, 1.44, 4.11, 0.16, 1.8199999999999994]
2023-03-23 23:48:42.142 [main] INFO  com.itmo.eva.EvaApplicationTests - [0.0, 8.84]
2023-03-23 23:48:42.153 [main] INFO  com.itmo.eva.EvaApplicationTests - [0.0, 5.89, 7.06, -3.5]
2023-03-23 23:48:42.165 [main] INFO  com.itmo.eva.EvaApplicationTests - [0.0, 3.12, 4.16, 7.66, -5.500000000000002]
2023-03-23 23:48:42.176 [main] INFO  com.itmo.eva.EvaApplicationTests - [0.0, 6.97, 1.15, 5.9, 2.42, -7.019999999999998]
2023-03-23 23:48:42.190 [main] INFO  com.itmo.eva.EvaApplicationTests - [0.0, 9.45]
2023-03-23 23:48:42.203 [main] INFO  com.itmo.eva.EvaApplicationTests - [0.0, 2.37, 2.34, 4.510000000000001]
2023-03-23 23:48:42.218 [main] INFO  com.itmo.eva.EvaApplicationTests - [0.0, 5.04, 2.37, 7.18, -5.41]
2023-03-23 23:48:42.234 [main] INFO  com.itmo.eva.EvaApplicationTests - [0.0, 7.82, 5.76, 0.73, 2.19, -7.300000000000001]
2023-03-23 23:48:42.244 [main] INFO  com.itmo.eva.EvaApplicationTests - [0.0, 9.17]
2023-03-23 23:48:42.257 [main] INFO  com.itmo.eva.EvaApplicationTests - [0.0, 2.78, 2.24, 4.33]
2023-03-23 23:48:42.269 [main] INFO  com.itmo.eva.EvaApplicationTests - [0.0, 3.04, 2.96, 4.8, -1.5100000000000016]
2023-03-23 23:48:42.284 [main] INFO  com.itmo.eva.EvaApplicationTests - [0.0, 6.0, 8.23, 8.88, 0.32, -14.12]
2023-03-23 23:48:42.298 [main] INFO  com.itmo.eva.EvaApplicationTests - [0.0, 9.31]
2023-03-23 23:48:42.310 [main] INFO  com.itmo.eva.EvaApplicationTests - [0.0, 0.96, 3.92, 4.38]
2023-03-23 23:48:42.319 [main] INFO  com.itmo.eva.EvaApplicationTests - [0.0, 4.7, 3.57, 0.97, 0.009999999999999787]
2023-03-23 23:48:42.330 [main] INFO  com.itmo.eva.EvaApplicationTests - [0.0, 5.3, 5.94, 6.36, 5.89, -14.240000000000002]
2023-03-23 23:48:42.339 [main] INFO  com.itmo.eva.EvaApplicationTests - [0.0, 9.28]
2023-03-23 23:48:42.351 [main] INFO  com.itmo.eva.EvaApplicationTests - [0.0, 4.86, 0.43, 4.069999999999999]
2023-03-23 23:48:42.361 [main] INFO  com.itmo.eva.EvaApplicationTests - [0.0, 1.22, 5.93, 6.32, -4.239999999999998]
2023-03-23 23:48:42.372 [main] INFO  com.itmo.eva.EvaApplicationTests - [0.0, 1.26, 8.0, 6.22, 6.37, -12.570000000000002]
2023-03-23 23:48:42.383 [main] INFO  com.itmo.eva.EvaApplicationTests - [0.0, 9.3]
2023-03-23 23:48:42.395 [main] INFO  com.itmo.eva.EvaApplicationTests - [0.0, 3.79, 1.51, 3.79]
2023-03-23 23:48:42.405 [main] INFO  com.itmo.eva.EvaApplicationTests - [0.0, 3.0, 6.11, 4.23, -4.32]
2023-03-23 23:48:42.415 [main] INFO  com.itmo.eva.EvaApplicationTests - [0.0, 4.39, 3.04, 1.19, 3.97, -3.59]
2023-03-23 23:48:42.425 [main] INFO  com.itmo.eva.EvaApplicationTests - [0.0, 8.99]
2023-03-23 23:48:42.434 [main] INFO  com.itmo.eva.EvaApplicationTests - [0.0, 6.47, 7.25, -4.449999999999999]
2023-03-23 23:48:42.444 [main] INFO  com.itmo.eva.EvaApplicationTests - [0.0, 1.69, 7.33, 8.58, -8.340000000000002]
2023-03-23 23:48:42.454 [main] INFO  com.itmo.eva.EvaApplicationTests - [0.0, 6.82, 1.64, 1.56, 4.53, -5.32]
2023-03-23 23:48:42.470 [main] INFO  com.itmo.eva.EvaApplicationTests - [0.0, 9.28]
2023-03-23 23:48:42.486 [main] INFO  com.itmo.eva.EvaApplicationTests - [0.0, 6.58, 8.73, -6.050000000000001]
2023-03-23 23:48:42.499 [main] INFO  com.itmo.eva.EvaApplicationTests - [0.0, 6.78, 6.71, 5.16, -9.469999999999999]
2023-03-23 23:48:42.510 [main] INFO  com.itmo.eva.EvaApplicationTests - [0.0, 3.78, 4.29, 7.41, 7.39, -13.600000000000001]
2023-03-23 23:48:42.521 [main] INFO  com.itmo.eva.EvaApplicationTests - [0.0, 9.24]
2023-03-23 23:48:42.530 [main] INFO  com.itmo.eva.EvaApplicationTests - [0.0, 2.3, 7.38, -0.5399999999999991]
2023-03-23 23:48:42.540 [main] INFO  com.itmo.eva.EvaApplicationTests - [0.0, 7.91, 6.7, 0.15, -5.66]
2023-03-23 23:48:42.552 [main] INFO  com.itmo.eva.EvaApplicationTests - [0.0, 7.57, 0.15, 6.49, 1.47, -6.560000000000002]
2023-03-23 23:48:42.567 [main] INFO  com.itmo.eva.EvaApplicationTests - [0.0, 9.13]
2023-03-23 23:48:42.576 [main] INFO  com.itmo.eva.EvaApplicationTests - [0.0, 5.42, 1.53, 2.169999999999999]
2023-03-23 23:48:42.587 [main] INFO  com.itmo.eva.EvaApplicationTests - [0.0, 8.69, 1.72, 5.03, -6.380000000000001]
2023-03-23 23:48:42.605 [main] INFO  com.itmo.eva.EvaApplicationTests - [0.0, 0.34, 6.04, 7.99, 4.28, -9.560000000000002]
2023-03-23 23:48:42.617 [main] INFO  com.itmo.eva.EvaApplicationTests - [0.0, 9.06]
2023-03-23 23:48:42.627 [main] INFO  com.itmo.eva.EvaApplicationTests - [0.0, 7.68, 5.73, -4.609999999999999]
2023-03-23 23:48:42.645 [main] INFO  com.itmo.eva.EvaApplicationTests - [0.0, 3.86, 2.81, 8.5, -6.220000000000001]
2023-03-23 23:48:42.654 [main] INFO  com.itmo.eva.EvaApplicationTests - [0.0, 3.33, 0.43, 2.1, 3.56, -0.47000000000000064]
2023-03-23 23:48:42.663 [main] INFO  com.itmo.eva.EvaApplicationTests - [0.0, 8.9]
2023-03-23 23:48:42.673 [main] INFO  com.itmo.eva.EvaApplicationTests - [0.0, 8.44, 3.49, -2.6099999999999994]
2023-03-23 23:48:42.682 [main] INFO  com.itmo.eva.EvaApplicationTests - [0.0, 6.84, 5.53, 7.99, -11.09]
2023-03-23 23:48:42.694 [main] INFO  com.itmo.eva.EvaApplicationTests - [0.0, 6.21, 7.38, 7.93, 1.61, -13.87]
2023-03-23 23:48:42.703 [main] INFO  com.itmo.eva.EvaApplicationTests - [0.0, 9.31]
2023-03-23 23:48:42.712 [main] INFO  com.itmo.eva.EvaApplicationTests - [0.0, 4.38, 7.49, -2.6500000000000004]
2023-03-23 23:48:42.722 [main] INFO  com.itmo.eva.EvaApplicationTests - [0.0, 6.3, 6.16, 3.65, -6.91]
2023-03-23 23:48:42.739 [main] INFO  com.itmo.eva.EvaApplicationTests - [0.0, 2.6, 0.77, 7.13, 7.41, -8.71]
2023-03-23 23:48:42.750 [main] INFO  com.itmo.eva.EvaApplicationTests - [0.0, 9.21]
2023-03-23 23:48:42.772 [main] INFO  com.itmo.eva.EvaApplicationTests - [0.0, 1.0, 7.85, 0.3000000000000007]
2023-03-23 23:48:42.781 [main] INFO  com.itmo.eva.EvaApplicationTests - [0.0, 8.49, 6.41, 6.15, -11.940000000000001]
2023-03-23 23:48:42.792 [main] INFO  com.itmo.eva.EvaApplicationTests - [0.0, 7.74, 7.68, 5.29, 3.7, -15.21]
2023-03-23 23:48:42.804 [main] INFO  com.itmo.eva.EvaApplicationTests - [0.0, 9.16]
2023-03-23 23:48:42.815 [main] INFO  com.itmo.eva.EvaApplicationTests - [0.0, 2.29, 1.5, 5.170000000000001]
2023-03-23 23:48:42.825 [main] INFO  com.itmo.eva.EvaApplicationTests - [0.0, 4.49, 6.8, 4.34, -6.629999999999999]
2023-03-23 23:48:42.837 [main] INFO  com.itmo.eva.EvaApplicationTests - [0.0, 8.6, 8.18, 5.7, 4.21, -17.69]
2023-03-23 23:48:42.847 [main] INFO  com.itmo.eva.EvaApplicationTests - [0.0, 9.08]
2023-03-23 23:48:42.858 [main] INFO  com.itmo.eva.EvaApplicationTests - [0.0, 2.32, 1.9, 4.990000000000001]
2023-03-23 23:48:42.867 [main] INFO  com.itmo.eva.EvaApplicationTests - [0.0, 0.83, 3.97, 6.43, -2.040000000000001]
2023-03-23 23:48:42.879 [main] INFO  com.itmo.eva.EvaApplicationTests - [0.0, 1.97, 3.14, 6.51, 7.54, -9.99]
2023-03-23 23:48:42.891 [main] INFO  com.itmo.eva.EvaApplicationTests - [0.0, 9.13]
2023-03-23 23:48:42.902 [main] INFO  com.itmo.eva.EvaApplicationTests - [0.0, 6.91, 2.61, -0.4800000000000004]
2023-03-23 23:48:42.911 [main] INFO  com.itmo.eva.EvaApplicationTests - [0.0, 6.73, 5.06, 3.3, -6.07]
2023-03-23 23:48:42.921 [main] INFO  com.itmo.eva.EvaApplicationTests - [0.0, 8.4, 0.97, 6.31, 5.11, -11.75]
2023-03-23 23:48:42.933 [main] INFO  com.itmo.eva.EvaApplicationTests - [0.0, 9.09]
2023-03-23 23:48:42.950 [main] INFO  com.itmo.eva.EvaApplicationTests - [0.0, 7.2, 1.18, 0.9099999999999984]
2023-03-23 23:48:42.959 [main] INFO  com.itmo.eva.EvaApplicationTests - [0.0, 0.05, 0.08, 7.48, 1.63]
2023-03-23 23:48:42.969 [main] INFO  com.itmo.eva.EvaApplicationTests - [0.0, 5.7, 4.03, 2.46, 4.0, -6.890000000000001]
2023-03-23 23:48:42.981 [main] INFO  com.itmo.eva.EvaApplicationTests - [0.0, 9.33]
2023-03-23 23:48:42.990 [main] INFO  com.itmo.eva.EvaApplicationTests - [0.0, 9.1, 1.92, -1.7599999999999998]
2023-03-23 23:48:43.002 [main] INFO  com.itmo.eva.EvaApplicationTests - [0.0, 5.19, 1.37, 6.83, -4.18]
2023-03-23 23:48:43.014 [main] INFO  com.itmo.eva.EvaApplicationTests - [0.0, 5.73, 1.78, 4.37, 7.8, -10.42]
2023-03-23 23:48:43.027 [main] INFO  com.itmo.eva.EvaApplicationTests - [0.0, 9.24]
2023-03-23 23:48:43.037 [main] INFO  com.itmo.eva.EvaApplicationTests - [0.0, 5.47, 5.69, -1.9499999999999993]
2023-03-23 23:48:43.046 [main] INFO  com.itmo.eva.EvaApplicationTests - [0.0, 3.43, 4.68, 3.82, -2.74]
2023-03-23 23:48:43.057 [main] INFO  com.itmo.eva.EvaApplicationTests - [0.0, 4.93, 2.78, 0.7, 4.28, -3.469999999999997]
2023-03-23 23:48:43.067 [main] INFO  com.itmo.eva.EvaApplicationTests - [0.0, 9.23]
2023-03-23 23:48:43.076 [main] INFO  com.itmo.eva.EvaApplicationTests - [0.0, 4.2, 6.65, -1.370000000000001]
2023-03-23 23:48:43.089 [main] INFO  com.itmo.eva.EvaApplicationTests - [0.0, 5.1, 2.12, 0.91, 1.3400000000000016]
2023-03-23 23:48:43.099 [main] INFO  com.itmo.eva.EvaApplicationTests - [0.0, 1.41, 4.64, 5.29, 5.33, -7.150000000000002]
2023-03-23 23:48:43.107 [main] INFO  com.itmo.eva.EvaApplicationTests - [0.0, 9.57]
2023-03-23 23:48:43.117 [main] INFO  com.itmo.eva.EvaApplicationTests - [0.0, 7.56, 5.83, -3.960000000000001]
2023-03-23 23:48:43.134 [main] INFO  com.itmo.eva.EvaApplicationTests - [0.0, 8.66, 7.68, 0.25, -7.16]
2023-03-23 23:48:43.142 [main] INFO  com.itmo.eva.EvaApplicationTests - [0.0, 2.28, 5.3, 2.18, 7.08, -7.41]
2023-03-23 23:48:43.161 [main] INFO  com.itmo.eva.EvaApplicationTests - [0.0, 9.54]
2023-03-23 23:48:43.174 [main] INFO  com.itmo.eva.EvaApplicationTests - [0.0, 8.29, 4.61, -3.6099999999999994]
2023-03-23 23:48:43.186 [main] INFO  com.itmo.eva.EvaApplicationTests - [0.0, 8.36, 5.01, 4.75, -8.869999999999997]
2023-03-23 23:48:43.202 [main] INFO  com.itmo.eva.EvaApplicationTests - [0.0, 8.91, 3.45, 7.71, 5.71, -16.5]
2023-03-23 23:48:43.214 [main] INFO  com.itmo.eva.EvaApplicationTests - [0.0, 9.36]
2023-03-23 23:48:43.223 [main] INFO  com.itmo.eva.EvaApplicationTests - [0.0, 4.02, 6.48, -1.3900000000000006]
2023-03-23 23:48:43.236 [main] INFO  com.itmo.eva.EvaApplicationTests - [0.0, 5.77, 0.06, 1.12, 2.130000000000001]
2023-03-23 23:48:43.247 [main] INFO  com.itmo.eva.EvaApplicationTests - [0.0, 8.76, 1.25, 7.14, 2.34, -10.37]
2023-03-23 23:48:43.258 [main] INFO  com.itmo.eva.EvaApplicationTests - [0.0, 9.13]
2023-03-23 23:48:43.269 [main] INFO  com.itmo.eva.EvaApplicationTests - [0.0, 8.87, 4.71, -4.369999999999997]
2023-03-23 23:48:43.282 [main] INFO  com.itmo.eva.EvaApplicationTests - [0.0, 5.97, 4.93, 8.97, -10.669999999999998]
2023-03-23 23:48:43.293 [main] INFO  com.itmo.eva.EvaApplicationTests - [0.0, 3.83, 1.34, 3.29, 7.33, -6.590000000000002]
2023-03-23 23:48:43.302 [main] INFO  com.itmo.eva.EvaApplicationTests - [0.0, 9.26]
2023-03-23 23:48:43.310 [main] INFO  com.itmo.eva.EvaApplicationTests - [0.0, 1.86, 6.58, 0.7400000000000002]
2023-03-23 23:48:43.321 [main] INFO  com.itmo.eva.EvaApplicationTests - [0.0, 0.89, 4.48, 4.52, -0.8399999999999999]
2023-03-23 23:48:43.342 [main] INFO  com.itmo.eva.EvaApplicationTests - [0.0, 4.02, 0.72, 2.6, 1.36, 0.47000000000000064]
2023-03-23 23:48:43.352 [main] INFO  com.itmo.eva.EvaApplicationTests - [0.0, 9.0]
2023-03-23 23:48:43.362 [main] INFO  com.itmo.eva.EvaApplicationTests - [0.0, 5.84, 2.03, 1.450000000000001]
2023-03-23 23:48:43.372 [main] INFO  com.itmo.eva.EvaApplicationTests - [0.0, 4.38, 4.28, 1.32, -0.7000000000000011]
2023-03-23 23:48:43.384 [main] INFO  com.itmo.eva.EvaApplicationTests - [0.0, 4.51, 3.15, 6.33, 2.95, -7.610000000000001]
2023-03-23 23:48:43.397 [main] INFO  com.itmo.eva.EvaApplicationTests - [0.0, 9.31]
2023-03-23 23:48:43.406 [main] INFO  com.itmo.eva.EvaApplicationTests - [0.0, 5.69, 5.08, -1.459999999999999]
2023-03-23 23:48:43.415 [main] INFO  com.itmo.eva.EvaApplicationTests - [0.0, 7.15, 0.9, 3.58, -2.380000000000001]
2023-03-23 23:48:43.424 [main] INFO  com.itmo.eva.EvaApplicationTests - [0.0, 2.01, 7.57, 2.52, 6.52, -9.349999999999998]
2023-03-23 23:48:43.432 [main] INFO  com.itmo.eva.EvaApplicationTests - [0.0, 9.3]
2023-03-23 23:48:43.442 [main] INFO  com.itmo.eva.EvaApplicationTests - [0.0, 5.14, 7.31, -2.9299999999999997]
2023-03-23 23:48:43.451 [main] INFO  com.itmo.eva.EvaApplicationTests - [0.0, 5.73, 6.44, 8.88, -11.510000000000005]
2023-03-23 23:48:43.461 [main] INFO  com.itmo.eva.EvaApplicationTests - [0.0, 2.47, 0.47, 6.85, 1.78, -1.9999999999999982]
2023-03-23 23:48:43.471 [main] INFO  com.itmo.eva.EvaApplicationTests - [0.0, 9.49]
2023-03-23 23:48:43.480 [main] INFO  com.itmo.eva.EvaApplicationTests - [0.0, 7.71, 8.73, -7.1800000000000015]
2023-03-23 23:48:43.493 [main] INFO  com.itmo.eva.EvaApplicationTests - [0.0, 4.8, 3.97, 7.75, -7.359999999999999]
2023-03-23 23:48:43.503 [main] INFO  com.itmo.eva.EvaApplicationTests - [0.0, 5.38, 5.67, 8.4, 3.6, -13.790000000000004]
2023-03-23 23:48:43.514 [main] INFO  com.itmo.eva.EvaApplicationTests - [0.0, 9.27]
2023-03-23 23:48:43.523 [main] INFO  com.itmo.eva.EvaApplicationTests - [0.0, 2.39, 3.9, 2.9099999999999993]
2023-03-23 23:48:43.535 [main] INFO  com.itmo.eva.EvaApplicationTests - [0.0, 1.7, 7.74, 0.11, -0.4299999999999997]
2023-03-23 23:48:43.545 [main] INFO  com.itmo.eva.EvaApplicationTests - [0.0, 3.64, 3.91, 5.98, 1.2, -5.52]
2023-03-23 23:48:43.557 [main] INFO  com.itmo.eva.EvaApplicationTests - [0.0, 9.17]
2023-03-23 23:48:43.568 [main] INFO  com.itmo.eva.EvaApplicationTests - [0.0, 4.1, 7.24, -2.0]
2023-03-23 23:48:43.579 [main] INFO  com.itmo.eva.EvaApplicationTests - [0.0, 2.84, 6.02, 7.17, -6.790000000000001]
2023-03-23 23:48:43.593 [main] INFO  com.itmo.eva.EvaApplicationTests - [0.0, 3.64, 0.96, 7.32, 8.72, -11.370000000000001]
2023-03-23 23:48:43.607 [main] INFO  com.itmo.eva.EvaApplicationTests - [0.0, 9.29]
2023-03-23 23:48:43.628 [SpringApplicationShutdownHook] INFO  com.zaxxer.hikari.HikariDataSource - HikariPool-1 - Shutdown initiated...
2023-03-23 23:48:43.787 [SpringApplicationShutdownHook] INFO  com.zaxxer.hikari.HikariDataSource - HikariPool-1 - Shutdown completed.
