2023-02-05 10:53:48.832 [restartedMain] INFO  com.itmo.eva.EvaApplication - Starting EvaApplication using Java 1.8.0_362 on chenjiahandeMacBook-Pro-2.local with PID 41031 (/Users/chenjiahan/项目开发/教学评价系统（管理员端重写）/eva/target/classes started by chenjiahan in /Users/chenjiahan/项目开发/教学评价系统（管理员端重写）/eva)
2023-02-05 10:53:48.833 [restartedMain] INFO  com.itmo.eva.EvaApplication - No active profile set, falling back to 1 default profile: "default"
2023-02-05 10:53:48.858 [restartedMain] INFO  o.s.b.d.env.DevToolsPropertyDefaultsPostProcessor - Devtools property defaults active! Set 'spring.devtools.add-properties' to 'false' to disable
2023-02-05 10:53:48.859 [restartedMain] INFO  o.s.b.d.env.DevToolsPropertyDefaultsPostProcessor - For additional web related logging consider setting the 'logging.level.web' property to 'DEBUG'
2023-02-05 10:53:49.564 [restartedMain] INFO  o.s.boot.web.embedded.tomcat.TomcatWebServer - Tomcat initialized with port(s): 8080 (http)
2023-02-05 10:53:49.568 [restartedMain] INFO  org.apache.coyote.http11.Http11NioProtocol - Initializing ProtocolHandler ["http-nio-8080"]
2023-02-05 10:53:49.569 [restartedMain] INFO  org.apache.catalina.core.StandardService - Starting service [Tomcat]
2023-02-05 10:53:49.569 [restartedMain] INFO  org.apache.catalina.core.StandardEngine - Starting Servlet engine: [Apache Tomcat/9.0.63]
2023-02-05 10:53:49.595 [restartedMain] INFO  o.a.c.c.ContainerBase.[Tomcat].[localhost].[/api] - Initializing Spring embedded WebApplicationContext
2023-02-05 10:53:49.596 [restartedMain] INFO  o.s.b.w.s.c.ServletWebServerApplicationContext - Root WebApplicationContext: initialization completed in 737 ms
2023-02-05 10:53:50.066 [restartedMain] INFO  com.zaxxer.hikari.HikariDataSource - HikariPool-1 - Starting...
2023-02-05 10:53:53.772 [restartedMain] INFO  com.zaxxer.hikari.HikariDataSource - HikariPool-1 - Start completed.
2023-02-05 10:53:53.854 [restartedMain] INFO  com.zaxxer.hikari.HikariDataSource - HikariPool-1 - Shutdown initiated...
2023-02-05 10:53:54.070 [restartedMain] INFO  com.zaxxer.hikari.HikariDataSource - HikariPool-1 - Shutdown completed.
2023-02-05 10:53:54.072 [restartedMain] INFO  org.apache.catalina.core.StandardService - Stopping service [Tomcat]
2023-02-05 10:53:54.080 [restartedMain] INFO  o.s.b.a.l.ConditionEvaluationReportLoggingListener - 

Error starting ApplicationContext. To display the conditions report re-run your application with 'debug' enabled.
2023-02-05 10:59:15.548 [restartedMain] INFO  com.itmo.eva.EvaApplication - Starting EvaApplication using Java 1.8.0_362 on chenjiahandeMacBook-Pro-2.local with PID 41382 (/Users/chenjiahan/项目开发/教学评价系统（管理员端重写）/eva/target/classes started by chenjiahan in /Users/chenjiahan/项目开发/教学评价系统（管理员端重写）/eva)
2023-02-05 10:59:15.549 [restartedMain] INFO  com.itmo.eva.EvaApplication - No active profile set, falling back to 1 default profile: "default"
2023-02-05 10:59:15.573 [restartedMain] INFO  o.s.b.d.env.DevToolsPropertyDefaultsPostProcessor - Devtools property defaults active! Set 'spring.devtools.add-properties' to 'false' to disable
2023-02-05 10:59:15.573 [restartedMain] INFO  o.s.b.d.env.DevToolsPropertyDefaultsPostProcessor - For additional web related logging consider setting the 'logging.level.web' property to 'DEBUG'
2023-02-05 10:59:16.258 [restartedMain] INFO  o.s.boot.web.embedded.tomcat.TomcatWebServer - Tomcat initialized with port(s): 8080 (http)
2023-02-05 10:59:16.261 [restartedMain] INFO  org.apache.coyote.http11.Http11NioProtocol - Initializing ProtocolHandler ["http-nio-8080"]
2023-02-05 10:59:16.262 [restartedMain] INFO  org.apache.catalina.core.StandardService - Starting service [Tomcat]
2023-02-05 10:59:16.262 [restartedMain] INFO  org.apache.catalina.core.StandardEngine - Starting Servlet engine: [Apache Tomcat/9.0.63]
2023-02-05 10:59:16.288 [restartedMain] INFO  o.a.c.c.ContainerBase.[Tomcat].[localhost].[/api] - Initializing Spring embedded WebApplicationContext
2023-02-05 10:59:16.288 [restartedMain] INFO  o.s.b.w.s.c.ServletWebServerApplicationContext - Root WebApplicationContext: initialization completed in 714 ms
2023-02-05 10:59:16.748 [restartedMain] INFO  com.zaxxer.hikari.HikariDataSource - HikariPool-1 - Starting...
2023-02-05 10:59:20.327 [restartedMain] INFO  com.zaxxer.hikari.HikariDataSource - HikariPool-1 - Start completed.
2023-02-05 10:59:20.822 [restartedMain] INFO  o.s.b.d.autoconfigure.OptionalLiveReloadServer - LiveReload server is running on port 35729
2023-02-05 10:59:20.951 [restartedMain] INFO  org.apache.coyote.http11.Http11NioProtocol - Starting ProtocolHandler ["http-nio-8080"]
2023-02-05 10:59:20.961 [restartedMain] INFO  o.s.boot.web.embedded.tomcat.TomcatWebServer - Tomcat started on port(s): 8080 (http) with context path '/api'
2023-02-05 10:59:21.161 [restartedMain] INFO  com.itmo.eva.EvaApplication - Started EvaApplication in 5.82 seconds (JVM running for 6.343)
2023-02-05 10:59:25.972 [SpringApplicationShutdownHook] INFO  com.zaxxer.hikari.HikariDataSource - HikariPool-1 - Shutdown initiated...
2023-02-05 10:59:26.228 [SpringApplicationShutdownHook] INFO  com.zaxxer.hikari.HikariDataSource - HikariPool-1 - Shutdown completed.
2023-02-05 11:04:21.146 [restartedMain] INFO  com.itmo.eva.EvaApplication - Starting EvaApplication using Java 1.8.0_362 on chenjiahandeMacBook-Pro-2.local with PID 41705 (/Users/chenjiahan/项目开发/教学评价系统（管理员端重写）/eva/target/classes started by chenjiahan in /Users/chenjiahan/项目开发/教学评价系统（管理员端重写）/eva)
2023-02-05 11:04:21.147 [restartedMain] INFO  com.itmo.eva.EvaApplication - No active profile set, falling back to 1 default profile: "default"
2023-02-05 11:04:21.172 [restartedMain] INFO  o.s.b.d.env.DevToolsPropertyDefaultsPostProcessor - Devtools property defaults active! Set 'spring.devtools.add-properties' to 'false' to disable
2023-02-05 11:04:21.172 [restartedMain] INFO  o.s.b.d.env.DevToolsPropertyDefaultsPostProcessor - For additional web related logging consider setting the 'logging.level.web' property to 'DEBUG'
2023-02-05 11:04:21.851 [restartedMain] INFO  o.s.boot.web.embedded.tomcat.TomcatWebServer - Tomcat initialized with port(s): 8080 (http)
2023-02-05 11:04:21.855 [restartedMain] INFO  org.apache.coyote.http11.Http11NioProtocol - Initializing ProtocolHandler ["http-nio-8080"]
2023-02-05 11:04:21.855 [restartedMain] INFO  org.apache.catalina.core.StandardService - Starting service [Tomcat]
2023-02-05 11:04:21.855 [restartedMain] INFO  org.apache.catalina.core.StandardEngine - Starting Servlet engine: [Apache Tomcat/9.0.63]
2023-02-05 11:04:21.881 [restartedMain] INFO  o.a.c.c.ContainerBase.[Tomcat].[localhost].[/api] - Initializing Spring embedded WebApplicationContext
2023-02-05 11:04:21.881 [restartedMain] INFO  o.s.b.w.s.c.ServletWebServerApplicationContext - Root WebApplicationContext: initialization completed in 708 ms
2023-02-05 11:04:22.328 [restartedMain] INFO  com.itmo.eva.service.impl.EvaluateServiceImpl - 校验评测中...
2023-02-05 11:04:22.335 [restartedMain] INFO  com.zaxxer.hikari.HikariDataSource - HikariPool-1 - Starting...
2023-02-05 11:04:22.920 [restartedMain] INFO  com.zaxxer.hikari.HikariDataSource - HikariPool-1 - Start completed.
2023-02-05 11:04:23.597 [restartedMain] INFO  o.s.b.d.autoconfigure.OptionalLiveReloadServer - LiveReload server is running on port 35729
2023-02-05 11:04:23.727 [restartedMain] INFO  org.apache.coyote.http11.Http11NioProtocol - Starting ProtocolHandler ["http-nio-8080"]
2023-02-05 11:04:23.738 [restartedMain] INFO  o.s.boot.web.embedded.tomcat.TomcatWebServer - Tomcat started on port(s): 8080 (http) with context path '/api'
2023-02-05 11:04:23.941 [restartedMain] INFO  com.itmo.eva.EvaApplication - Started EvaApplication in 3.003 seconds (JVM running for 3.519)
2023-02-05 11:04:34.699 [http-nio-8080-exec-1] INFO  o.a.c.c.ContainerBase.[Tomcat].[localhost].[/api] - Initializing Spring DispatcherServlet 'dispatcherServlet'
2023-02-05 11:04:34.699 [http-nio-8080-exec-1] INFO  org.springframework.web.servlet.DispatcherServlet - Initializing Servlet 'dispatcherServlet'
2023-02-05 11:04:34.702 [http-nio-8080-exec-1] INFO  org.springframework.web.servlet.DispatcherServlet - Completed initialization in 3 ms
2023-02-05 11:05:57.852 [http-nio-8080-exec-3] INFO  com.itmo.eva.aop.LogInterceptor - request start，id: 41b2b156-4827-4179-881b-386dab57f17e, path: /api/evaluate/add, ip: 0:0:0:0:0:0:0:1, params: [EvaluateAddRequest(name=cqknb, start_time=2023-9-31, e_time=2023-10-21)]
2023-02-05 11:06:04.452 [http-nio-8080-exec-3] INFO  com.itmo.eva.aop.LogInterceptor - request end, id: 41b2b156-4827-4179-881b-386dab57f17e, cost: 6603ms
2023-02-05 11:06:27.723 [SpringApplicationShutdownHook] INFO  com.zaxxer.hikari.HikariDataSource - HikariPool-1 - Shutdown initiated...
2023-02-05 12:02:35.950 [restartedMain] INFO  com.itmo.eva.EvaApplication - Starting EvaApplication using Java 1.8.0_362 on chenjiahandeMacBook-Pro-2.local with PID 44527 (/Users/chenjiahan/项目开发/教学评价系统（管理员端重写）/eva/target/classes started by chenjiahan in /Users/chenjiahan/项目开发/教学评价系统（管理员端重写）/eva)
2023-02-05 12:02:35.951 [restartedMain] INFO  com.itmo.eva.EvaApplication - No active profile set, falling back to 1 default profile: "default"
2023-02-05 12:02:35.978 [restartedMain] INFO  o.s.b.d.env.DevToolsPropertyDefaultsPostProcessor - Devtools property defaults active! Set 'spring.devtools.add-properties' to 'false' to disable
2023-02-05 12:02:35.979 [restartedMain] INFO  o.s.b.d.env.DevToolsPropertyDefaultsPostProcessor - For additional web related logging consider setting the 'logging.level.web' property to 'DEBUG'
2023-02-05 12:02:36.700 [restartedMain] INFO  o.s.boot.web.embedded.tomcat.TomcatWebServer - Tomcat initialized with port(s): 8080 (http)
2023-02-05 12:02:36.703 [restartedMain] INFO  org.apache.coyote.http11.Http11NioProtocol - Initializing ProtocolHandler ["http-nio-8080"]
2023-02-05 12:02:36.704 [restartedMain] INFO  org.apache.catalina.core.StandardService - Starting service [Tomcat]
2023-02-05 12:02:36.704 [restartedMain] INFO  org.apache.catalina.core.StandardEngine - Starting Servlet engine: [Apache Tomcat/9.0.63]
2023-02-05 12:02:36.732 [restartedMain] INFO  o.a.c.c.ContainerBase.[Tomcat].[localhost].[/api] - Initializing Spring embedded WebApplicationContext
2023-02-05 12:02:36.732 [restartedMain] INFO  o.s.b.w.s.c.ServletWebServerApplicationContext - Root WebApplicationContext: initialization completed in 753 ms
2023-02-05 12:02:37.193 [restartedMain] INFO  com.itmo.eva.service.impl.EvaluateServiceImpl - 校验评测中...
2023-02-05 12:02:37.200 [restartedMain] INFO  com.zaxxer.hikari.HikariDataSource - HikariPool-1 - Starting...
2023-02-05 12:02:40.606 [restartedMain] INFO  com.zaxxer.hikari.HikariDataSource - HikariPool-1 - Start completed.
2023-02-05 12:02:41.192 [restartedMain] INFO  o.s.b.d.autoconfigure.OptionalLiveReloadServer - LiveReload server is running on port 35729
2023-02-05 12:02:41.322 [restartedMain] INFO  org.apache.coyote.http11.Http11NioProtocol - Starting ProtocolHandler ["http-nio-8080"]
2023-02-05 12:02:41.332 [restartedMain] INFO  o.s.boot.web.embedded.tomcat.TomcatWebServer - Tomcat started on port(s): 8080 (http) with context path '/api'
2023-02-05 12:02:41.543 [restartedMain] INFO  com.itmo.eva.EvaApplication - Started EvaApplication in 5.808 seconds (JVM running for 6.297)
2023-02-05 12:02:42.005 [http-nio-8080-exec-1] INFO  o.a.c.c.ContainerBase.[Tomcat].[localhost].[/api] - Initializing Spring DispatcherServlet 'dispatcherServlet'
2023-02-05 12:02:42.005 [http-nio-8080-exec-1] INFO  org.springframework.web.servlet.DispatcherServlet - Initializing Servlet 'dispatcherServlet'
2023-02-05 12:02:42.007 [http-nio-8080-exec-1] INFO  org.springframework.web.servlet.DispatcherServlet - Completed initialization in 2 ms
2023-02-05 12:03:47.344 [SpringApplicationShutdownHook] INFO  com.zaxxer.hikari.HikariDataSource - HikariPool-1 - Shutdown initiated...
2023-02-05 12:03:47.543 [SpringApplicationShutdownHook] INFO  com.zaxxer.hikari.HikariDataSource - HikariPool-1 - Shutdown completed.
2023-02-05 12:03:49.897 [restartedMain] INFO  com.itmo.eva.EvaApplication - Starting EvaApplication using Java 1.8.0_362 on chenjiahandeMacBook-Pro-2.local with PID 44609 (/Users/chenjiahan/项目开发/教学评价系统（管理员端重写）/eva/target/classes started by chenjiahan in /Users/chenjiahan/项目开发/教学评价系统（管理员端重写）/eva)
2023-02-05 12:03:49.897 [restartedMain] INFO  com.itmo.eva.EvaApplication - No active profile set, falling back to 1 default profile: "default"
2023-02-05 12:03:49.923 [restartedMain] INFO  o.s.b.d.env.DevToolsPropertyDefaultsPostProcessor - Devtools property defaults active! Set 'spring.devtools.add-properties' to 'false' to disable
2023-02-05 12:03:49.923 [restartedMain] INFO  o.s.b.d.env.DevToolsPropertyDefaultsPostProcessor - For additional web related logging consider setting the 'logging.level.web' property to 'DEBUG'
2023-02-05 12:03:50.587 [restartedMain] INFO  o.s.boot.web.embedded.tomcat.TomcatWebServer - Tomcat initialized with port(s): 8080 (http)
2023-02-05 12:03:50.591 [restartedMain] INFO  org.apache.coyote.http11.Http11NioProtocol - Initializing ProtocolHandler ["http-nio-8080"]
2023-02-05 12:03:50.592 [restartedMain] INFO  org.apache.catalina.core.StandardService - Starting service [Tomcat]
2023-02-05 12:03:50.592 [restartedMain] INFO  org.apache.catalina.core.StandardEngine - Starting Servlet engine: [Apache Tomcat/9.0.63]
2023-02-05 12:03:50.618 [restartedMain] INFO  o.a.c.c.ContainerBase.[Tomcat].[localhost].[/api] - Initializing Spring embedded WebApplicationContext
2023-02-05 12:03:50.618 [restartedMain] INFO  o.s.b.w.s.c.ServletWebServerApplicationContext - Root WebApplicationContext: initialization completed in 695 ms
2023-02-05 12:03:51.063 [restartedMain] INFO  com.itmo.eva.service.impl.EvaluateServiceImpl - 校验评测中...
2023-02-05 12:03:51.070 [restartedMain] INFO  com.zaxxer.hikari.HikariDataSource - HikariPool-1 - Starting...
2023-02-05 12:03:54.460 [restartedMain] INFO  com.zaxxer.hikari.HikariDataSource - HikariPool-1 - Start completed.
2023-02-05 12:03:55.088 [restartedMain] INFO  o.s.b.d.autoconfigure.OptionalLiveReloadServer - LiveReload server is running on port 35729
2023-02-05 12:03:55.238 [restartedMain] INFO  org.apache.coyote.http11.Http11NioProtocol - Starting ProtocolHandler ["http-nio-8080"]
2023-02-05 12:03:55.258 [restartedMain] INFO  o.s.boot.web.embedded.tomcat.TomcatWebServer - Tomcat started on port(s): 8080 (http) with context path '/api'
2023-02-05 12:03:55.468 [restartedMain] INFO  com.itmo.eva.EvaApplication - Started EvaApplication in 5.797 seconds (JVM running for 6.074)
2023-02-05 12:03:58.477 [http-nio-8080-exec-1] INFO  o.a.c.c.ContainerBase.[Tomcat].[localhost].[/api] - Initializing Spring DispatcherServlet 'dispatcherServlet'
2023-02-05 12:03:58.478 [http-nio-8080-exec-1] INFO  org.springframework.web.servlet.DispatcherServlet - Initializing Servlet 'dispatcherServlet'
2023-02-05 12:03:58.480 [http-nio-8080-exec-1] INFO  org.springframework.web.servlet.DispatcherServlet - Completed initialization in 2 ms
2023-02-05 12:04:34.746 [http-nio-8080-exec-2] INFO  com.itmo.eva.aop.LogInterceptor - request start，id: 3b9b695f-567f-44e2-beb8-51e44182051a, path: /api/admin/login, ip: 0:0:0:0:0:0:0:1, params: [AdminLoginRequest(username=admin, password=12345), org.apache.catalina.connector.RequestFacade@462402a0]
2023-02-05 12:04:36.120 [http-nio-8080-exec-2] INFO  com.itmo.eva.utils.JwtUtil - 生成令牌中...
2023-02-05 12:04:36.140 [http-nio-8080-exec-2] INFO  com.itmo.eva.aop.LogInterceptor - request end, id: 3b9b695f-567f-44e2-beb8-51e44182051a, cost: 1475ms
2023-02-05 12:04:43.634 [http-nio-8080-exec-5] INFO  com.itmo.eva.aop.LogInterceptor - request start，id: 9f44ff38-9d2c-4f2c-8c6e-7d5142e41863, path: /api/evaluate/update/status, ip: 0:0:0:0:0:0:0:1, params: [eyJ0eXAiOiJKV1QiLCJhbGciOiJIUzI1NiJ9.eyJpZCI6IjEiLCJleHAiOjE2NzU1NzEwNzYsImlhdCI6MTY3NTU2OTg3NiwidXNlcm5hbWUiOiJhZG1pbiJ9.1Do7vTiD0Ilcf-raigm_qKWQ_OuYKHqiQt4cqztGCJg, EvaluateIdRequest(eid=17)]
2023-02-05 12:04:43.648 [http-nio-8080-exec-5] INFO  com.itmo.eva.utils.JwtUtil - 解析令牌中...
2023-02-05 12:05:18.553 [SpringApplicationShutdownHook] INFO  com.zaxxer.hikari.HikariDataSource - HikariPool-1 - Shutdown initiated...
2023-02-05 12:05:18.725 [SpringApplicationShutdownHook] INFO  com.zaxxer.hikari.HikariDataSource - HikariPool-1 - Shutdown completed.
2023-02-05 12:05:21.010 [restartedMain] INFO  com.itmo.eva.EvaApplication - Starting EvaApplication using Java 1.8.0_362 on chenjiahandeMacBook-Pro-2.local with PID 44701 (/Users/chenjiahan/项目开发/教学评价系统（管理员端重写）/eva/target/classes started by chenjiahan in /Users/chenjiahan/项目开发/教学评价系统（管理员端重写）/eva)
2023-02-05 12:05:21.010 [restartedMain] INFO  com.itmo.eva.EvaApplication - No active profile set, falling back to 1 default profile: "default"
2023-02-05 12:05:21.037 [restartedMain] INFO  o.s.b.d.env.DevToolsPropertyDefaultsPostProcessor - Devtools property defaults active! Set 'spring.devtools.add-properties' to 'false' to disable
2023-02-05 12:05:21.037 [restartedMain] INFO  o.s.b.d.env.DevToolsPropertyDefaultsPostProcessor - For additional web related logging consider setting the 'logging.level.web' property to 'DEBUG'
2023-02-05 12:05:21.816 [restartedMain] INFO  o.s.boot.web.embedded.tomcat.TomcatWebServer - Tomcat initialized with port(s): 8080 (http)
2023-02-05 12:05:21.821 [restartedMain] INFO  org.apache.coyote.http11.Http11NioProtocol - Initializing ProtocolHandler ["http-nio-8080"]
2023-02-05 12:05:21.821 [restartedMain] INFO  org.apache.catalina.core.StandardService - Starting service [Tomcat]
2023-02-05 12:05:21.821 [restartedMain] INFO  org.apache.catalina.core.StandardEngine - Starting Servlet engine: [Apache Tomcat/9.0.63]
2023-02-05 12:05:21.860 [restartedMain] INFO  o.a.c.c.ContainerBase.[Tomcat].[localhost].[/api] - Initializing Spring embedded WebApplicationContext
2023-02-05 12:05:21.860 [restartedMain] INFO  o.s.b.w.s.c.ServletWebServerApplicationContext - Root WebApplicationContext: initialization completed in 823 ms
2023-02-05 12:05:22.344 [restartedMain] INFO  com.itmo.eva.service.impl.EvaluateServiceImpl - 校验评测中...
2023-02-05 12:05:22.355 [restartedMain] INFO  com.zaxxer.hikari.HikariDataSource - HikariPool-1 - Starting...
2023-02-05 12:05:25.887 [restartedMain] INFO  com.zaxxer.hikari.HikariDataSource - HikariPool-1 - Start completed.
2023-02-05 12:05:26.418 [restartedMain] INFO  o.s.b.d.autoconfigure.OptionalLiveReloadServer - LiveReload server is running on port 35729
2023-02-05 12:05:26.558 [restartedMain] INFO  org.apache.coyote.http11.Http11NioProtocol - Starting ProtocolHandler ["http-nio-8080"]
2023-02-05 12:05:26.572 [restartedMain] INFO  o.s.boot.web.embedded.tomcat.TomcatWebServer - Tomcat started on port(s): 8080 (http) with context path '/api'
2023-02-05 12:05:26.792 [restartedMain] INFO  com.itmo.eva.EvaApplication - Started EvaApplication in 6.054 seconds (JVM running for 6.786)
2023-02-05 12:05:29.331 [http-nio-8080-exec-1] INFO  o.a.c.c.ContainerBase.[Tomcat].[localhost].[/api] - Initializing Spring DispatcherServlet 'dispatcherServlet'
2023-02-05 12:05:29.331 [http-nio-8080-exec-1] INFO  org.springframework.web.servlet.DispatcherServlet - Initializing Servlet 'dispatcherServlet'
2023-02-05 12:05:29.333 [http-nio-8080-exec-1] INFO  org.springframework.web.servlet.DispatcherServlet - Completed initialization in 2 ms
2023-02-05 12:05:29.373 [http-nio-8080-exec-1] INFO  com.itmo.eva.aop.LogInterceptor - request start，id: 0fe688ef-47d3-482d-8145-fb9e073e9e76, path: /api/evaluate/update/status, ip: 0:0:0:0:0:0:0:1, params: [eyJ0eXAiOiJKV1QiLCJhbGciOiJIUzI1NiJ9.eyJpZCI6IjEiLCJleHAiOjE2NzU1NzEwNzYsImlhdCI6MTY3NTU2OTg3NiwidXNlcm5hbWUiOiJhZG1pbiJ9.1Do7vTiD0Ilcf-raigm_qKWQ_OuYKHqiQt4cqztGCJg, EvaluateIdRequest(eid=17)]
2023-02-05 12:05:34.410 [http-nio-8080-exec-1] INFO  com.itmo.eva.utils.JwtUtil - 解析令牌中...
2023-02-05 12:06:10.856 [SpringApplicationShutdownHook] INFO  com.zaxxer.hikari.HikariDataSource - HikariPool-1 - Shutdown initiated...
2023-02-05 12:06:11.066 [SpringApplicationShutdownHook] INFO  com.zaxxer.hikari.HikariDataSource - HikariPool-1 - Shutdown completed.
2023-02-05 12:06:13.856 [restartedMain] INFO  com.itmo.eva.EvaApplication - Starting EvaApplication using Java 1.8.0_362 on chenjiahandeMacBook-Pro-2.local with PID 44768 (/Users/chenjiahan/项目开发/教学评价系统（管理员端重写）/eva/target/classes started by chenjiahan in /Users/chenjiahan/项目开发/教学评价系统（管理员端重写）/eva)
2023-02-05 12:06:13.857 [restartedMain] INFO  com.itmo.eva.EvaApplication - No active profile set, falling back to 1 default profile: "default"
2023-02-05 12:06:13.883 [restartedMain] INFO  o.s.b.d.env.DevToolsPropertyDefaultsPostProcessor - Devtools property defaults active! Set 'spring.devtools.add-properties' to 'false' to disable
2023-02-05 12:06:13.883 [restartedMain] INFO  o.s.b.d.env.DevToolsPropertyDefaultsPostProcessor - For additional web related logging consider setting the 'logging.level.web' property to 'DEBUG'
2023-02-05 12:06:14.635 [restartedMain] INFO  o.s.boot.web.embedded.tomcat.TomcatWebServer - Tomcat initialized with port(s): 8080 (http)
2023-02-05 12:06:14.639 [restartedMain] INFO  org.apache.coyote.http11.Http11NioProtocol - Initializing ProtocolHandler ["http-nio-8080"]
2023-02-05 12:06:14.639 [restartedMain] INFO  org.apache.catalina.core.StandardService - Starting service [Tomcat]
2023-02-05 12:06:14.639 [restartedMain] INFO  org.apache.catalina.core.StandardEngine - Starting Servlet engine: [Apache Tomcat/9.0.63]
2023-02-05 12:06:14.677 [restartedMain] INFO  o.a.c.c.ContainerBase.[Tomcat].[localhost].[/api] - Initializing Spring embedded WebApplicationContext
2023-02-05 12:06:14.677 [restartedMain] INFO  o.s.b.w.s.c.ServletWebServerApplicationContext - Root WebApplicationContext: initialization completed in 794 ms
2023-02-05 12:06:15.158 [restartedMain] INFO  com.itmo.eva.service.impl.EvaluateServiceImpl - 校验评测中...
2023-02-05 12:06:15.166 [restartedMain] INFO  com.zaxxer.hikari.HikariDataSource - HikariPool-1 - Starting...
2023-02-05 12:06:18.687 [restartedMain] INFO  com.zaxxer.hikari.HikariDataSource - HikariPool-1 - Start completed.
2023-02-05 12:06:19.317 [restartedMain] INFO  o.s.b.d.autoconfigure.OptionalLiveReloadServer - LiveReload server is running on port 35729
2023-02-05 12:06:19.479 [restartedMain] INFO  org.apache.coyote.http11.Http11NioProtocol - Starting ProtocolHandler ["http-nio-8080"]
2023-02-05 12:06:19.492 [restartedMain] INFO  o.s.boot.web.embedded.tomcat.TomcatWebServer - Tomcat started on port(s): 8080 (http) with context path '/api'
2023-02-05 12:06:19.713 [restartedMain] INFO  com.itmo.eva.EvaApplication - Started EvaApplication in 6.126 seconds (JVM running for 6.555)
2023-02-05 12:06:24.514 [http-nio-8080-exec-1] INFO  o.a.c.c.ContainerBase.[Tomcat].[localhost].[/api] - Initializing Spring DispatcherServlet 'dispatcherServlet'
2023-02-05 12:06:24.514 [http-nio-8080-exec-1] INFO  org.springframework.web.servlet.DispatcherServlet - Initializing Servlet 'dispatcherServlet'
2023-02-05 12:06:24.516 [http-nio-8080-exec-1] INFO  org.springframework.web.servlet.DispatcherServlet - Completed initialization in 2 ms
2023-02-05 12:06:24.561 [http-nio-8080-exec-1] INFO  com.itmo.eva.aop.LogInterceptor - request start，id: fff93cf4-56e9-40fb-afd8-fb5782d96332, path: /api/evaluate/update/status, ip: 0:0:0:0:0:0:0:1, params: [eyJ0eXAiOiJKV1QiLCJhbGciOiJIUzI1NiJ9.eyJpZCI6IjEiLCJleHAiOjE2NzU1NzEwNzYsImlhdCI6MTY3NTU2OTg3NiwidXNlcm5hbWUiOiJhZG1pbiJ9.1Do7vTiD0Ilcf-raigm_qKWQ_OuYKHqiQt4cqztGCJg, EvaluateIdRequest(eid=17)]
2023-02-05 12:06:26.609 [http-nio-8080-exec-1] INFO  com.itmo.eva.utils.JwtUtil - 解析令牌中...
2023-02-05 12:06:32.746 [http-nio-8080-exec-1] INFO  com.itmo.eva.service.impl.EvaluateServiceImpl - admin正在对cqknb进行更改进行状态的操作
2023-02-05 12:06:32.968 [http-nio-8080-exec-1] INFO  com.itmo.eva.aop.LogInterceptor - request end, id: fff93cf4-56e9-40fb-afd8-fb5782d96332, cost: 8411ms
2023-02-05 12:07:29.681 [http-nio-8080-exec-2] INFO  com.itmo.eva.aop.LogInterceptor - request start，id: 2201ec4b-56a6-4bc7-8ebe-f32768a91a7b, path: /api/evaluate/update/status, ip: 0:0:0:0:0:0:0:1, params: [eyJ0eXAiOiJKV1QiLCJhbGciOiJIUzI1NiJ9.eyJpZCI6IjEiLCJleHAiOjE2NzU1NzEwNzYsImlhdCI6MTY3NTU2OTg3NiwidXNlcm5hbWUiOiJhZG1pbiJ9.1Do7vTiD0Ilcf-raigm_qKWQ_OuYKHqiQt4cqztGCJg, EvaluateIdRequest(eid=17)]
2023-02-05 12:07:33.203 [http-nio-8080-exec-2] INFO  com.itmo.eva.utils.JwtUtil - 解析令牌中...
2023-02-05 12:07:33.309 [http-nio-8080-exec-2] INFO  com.itmo.eva.service.impl.EvaluateServiceImpl - admin正在对cqknb进行更改进行状态的操作
2023-02-05 12:07:33.360 [http-nio-8080-exec-2] INFO  com.itmo.eva.aop.LogInterceptor - request end, id: 2201ec4b-56a6-4bc7-8ebe-f32768a91a7b, cost: 3679ms
2023-02-05 12:07:49.966 [http-nio-8080-exec-3] INFO  com.itmo.eva.aop.LogInterceptor - request start，id: b6d51850-3cc2-4a7d-8e25-be0c85e65213, path: /api/evaluate/update/status, ip: 0:0:0:0:0:0:0:1, params: [eyJ0eXAiOiJKV1QiLCJhbGciOiJIUzI1NiJ9.eyJpZCI6IjEiLCJleHAiOjE2NzU1NzEwNzYsImlhdCI6MTY3NTU2OTg3NiwidXNlcm5hbWUiOiJhZG1pbiJ9.1Do7vTiD0Ilcf-raigm_qKWQ_OuYKHqiQt4cqztGCJg, EvaluateIdRequest(eid=2)]
2023-02-05 12:07:49.967 [http-nio-8080-exec-3] INFO  com.itmo.eva.utils.JwtUtil - 解析令牌中...
2023-02-05 12:07:50.106 [http-nio-8080-exec-3] INFO  com.itmo.eva.service.impl.EvaluateServiceImpl - admin正在对2021-2022第二学期教学评价进行更改进行状态的操作
2023-02-05 12:07:56.769 [http-nio-8080-exec-4] INFO  com.itmo.eva.aop.LogInterceptor - request start，id: 73af1cbd-90eb-48aa-b1e7-ea7d5dd21fd9, path: /api/evaluate/update/status, ip: 0:0:0:0:0:0:0:1, params: [eyJ0eXAiOiJKV1QiLCJhbGciOiJIUzI1NiJ9.eyJpZCI6IjEiLCJleHAiOjE2NzU1NzEwNzYsImlhdCI6MTY3NTU2OTg3NiwidXNlcm5hbWUiOiJhZG1pbiJ9.1Do7vTiD0Ilcf-raigm_qKWQ_OuYKHqiQt4cqztGCJg, EvaluateIdRequest(eid=17)]
2023-02-05 12:07:56.770 [http-nio-8080-exec-4] INFO  com.itmo.eva.utils.JwtUtil - 解析令牌中...
2023-02-05 12:07:56.854 [http-nio-8080-exec-4] INFO  com.itmo.eva.service.impl.EvaluateServiceImpl - admin正在对cqknb进行更改进行状态的操作
2023-02-05 12:07:56.894 [http-nio-8080-exec-4] INFO  com.itmo.eva.aop.LogInterceptor - request end, id: 73af1cbd-90eb-48aa-b1e7-ea7d5dd21fd9, cost: 127ms
2023-02-05 12:08:01.139 [http-nio-8080-exec-5] INFO  com.itmo.eva.aop.LogInterceptor - request start，id: e8e160c4-c881-420d-a834-20e47f00b367, path: /api/evaluate/update/status, ip: 0:0:0:0:0:0:0:1, params: [eyJ0eXAiOiJKV1QiLCJhbGciOiJIUzI1NiJ9.eyJpZCI6IjEiLCJleHAiOjE2NzU1NzEwNzYsImlhdCI6MTY3NTU2OTg3NiwidXNlcm5hbWUiOiJhZG1pbiJ9.1Do7vTiD0Ilcf-raigm_qKWQ_OuYKHqiQt4cqztGCJg, EvaluateIdRequest(eid=17)]
2023-02-05 12:08:01.140 [http-nio-8080-exec-5] INFO  com.itmo.eva.utils.JwtUtil - 解析令牌中...
2023-02-05 12:08:01.232 [http-nio-8080-exec-5] INFO  com.itmo.eva.service.impl.EvaluateServiceImpl - admin正在对cqknb进行更改进行状态的操作
2023-02-05 12:08:01.407 [http-nio-8080-exec-5] INFO  com.itmo.eva.aop.LogInterceptor - request end, id: e8e160c4-c881-420d-a834-20e47f00b367, cost: 267ms
2023-02-05 12:09:53.169 [SpringApplicationShutdownHook] INFO  com.zaxxer.hikari.HikariDataSource - HikariPool-1 - Shutdown initiated...
2023-02-05 12:09:53.344 [SpringApplicationShutdownHook] INFO  com.zaxxer.hikari.HikariDataSource - HikariPool-1 - Shutdown completed.
2023-02-05 12:09:55.963 [restartedMain] INFO  com.itmo.eva.EvaApplication - Starting EvaApplication using Java 1.8.0_362 on chenjiahandeMacBook-Pro-2.local with PID 45024 (/Users/chenjiahan/项目开发/教学评价系统（管理员端重写）/eva/target/classes started by chenjiahan in /Users/chenjiahan/项目开发/教学评价系统（管理员端重写）/eva)
2023-02-05 12:09:55.963 [restartedMain] INFO  com.itmo.eva.EvaApplication - No active profile set, falling back to 1 default profile: "default"
2023-02-05 12:09:55.990 [restartedMain] INFO  o.s.b.d.env.DevToolsPropertyDefaultsPostProcessor - Devtools property defaults active! Set 'spring.devtools.add-properties' to 'false' to disable
2023-02-05 12:09:55.990 [restartedMain] INFO  o.s.b.d.env.DevToolsPropertyDefaultsPostProcessor - For additional web related logging consider setting the 'logging.level.web' property to 'DEBUG'
2023-02-05 12:09:56.765 [restartedMain] INFO  o.s.boot.web.embedded.tomcat.TomcatWebServer - Tomcat initialized with port(s): 8080 (http)
2023-02-05 12:09:56.770 [restartedMain] INFO  org.apache.coyote.http11.Http11NioProtocol - Initializing ProtocolHandler ["http-nio-8080"]
2023-02-05 12:09:56.771 [restartedMain] INFO  org.apache.catalina.core.StandardService - Starting service [Tomcat]
2023-02-05 12:09:56.771 [restartedMain] INFO  org.apache.catalina.core.StandardEngine - Starting Servlet engine: [Apache Tomcat/9.0.63]
2023-02-05 12:09:56.809 [restartedMain] INFO  o.a.c.c.ContainerBase.[Tomcat].[localhost].[/api] - Initializing Spring embedded WebApplicationContext
2023-02-05 12:09:56.809 [restartedMain] INFO  o.s.b.w.s.c.ServletWebServerApplicationContext - Root WebApplicationContext: initialization completed in 819 ms
2023-02-05 12:09:57.275 [restartedMain] INFO  com.itmo.eva.service.impl.EvaluateServiceImpl - 校验评测中...
2023-02-05 12:09:57.283 [restartedMain] INFO  com.zaxxer.hikari.HikariDataSource - HikariPool-1 - Starting...
2023-02-05 12:10:00.787 [restartedMain] INFO  com.zaxxer.hikari.HikariDataSource - HikariPool-1 - Start completed.
2023-02-05 12:10:01.487 [restartedMain] INFO  o.s.b.d.autoconfigure.OptionalLiveReloadServer - LiveReload server is running on port 35729
2023-02-05 12:10:01.649 [restartedMain] INFO  org.apache.coyote.http11.Http11NioProtocol - Starting ProtocolHandler ["http-nio-8080"]
2023-02-05 12:10:01.663 [restartedMain] INFO  o.s.boot.web.embedded.tomcat.TomcatWebServer - Tomcat started on port(s): 8080 (http) with context path '/api'
2023-02-05 12:10:01.902 [restartedMain] INFO  com.itmo.eva.EvaApplication - Started EvaApplication in 6.185 seconds (JVM running for 6.494)
2023-02-05 12:10:27.188 [http-nio-8080-exec-1] INFO  o.a.c.c.ContainerBase.[Tomcat].[localhost].[/api] - Initializing Spring DispatcherServlet 'dispatcherServlet'
2023-02-05 12:10:27.188 [http-nio-8080-exec-1] INFO  org.springframework.web.servlet.DispatcherServlet - Initializing Servlet 'dispatcherServlet'
2023-02-05 12:10:27.190 [http-nio-8080-exec-1] INFO  org.springframework.web.servlet.DispatcherServlet - Completed initialization in 1 ms
2023-02-05 12:10:27.235 [http-nio-8080-exec-1] INFO  com.itmo.eva.aop.LogInterceptor - request start，id: cb2d0f08-b379-4e6f-964b-f48a553c5101, path: /api/evaluate/update/status, ip: 0:0:0:0:0:0:0:1, params: [eyJ0eXAiOiJKV1QiLCJhbGciOiJIUzI1NiJ9.eyJpZCI6IjEiLCJleHAiOjE2NzU1NzEwNzYsImlhdCI6MTY3NTU2OTg3NiwidXNlcm5hbWUiOiJhZG1pbiJ9.1Do7vTiD0Ilcf-raigm_qKWQ_OuYKHqiQt4cqztGCJg, EvaluateIdRequest(eid=17)]
2023-02-05 12:10:27.241 [http-nio-8080-exec-1] INFO  com.itmo.eva.utils.JwtUtil - 解析令牌中...
2023-02-05 12:10:27.321 [http-nio-8080-exec-1] INFO  com.itmo.eva.service.impl.EvaluateServiceImpl - admin正在对cqknb进行更改进行状态的操作
2023-02-05 12:10:27.368 [http-nio-8080-exec-1] INFO  com.itmo.eva.aop.LogInterceptor - request end, id: cb2d0f08-b379-4e6f-964b-f48a553c5101, cost: 137ms
2023-02-05 12:10:29.585 [http-nio-8080-exec-3] INFO  com.itmo.eva.aop.LogInterceptor - request start，id: d43705b0-fe19-47d9-87ba-25e1c852cf81, path: /api/evaluate/update/status, ip: 0:0:0:0:0:0:0:1, params: [eyJ0eXAiOiJKV1QiLCJhbGciOiJIUzI1NiJ9.eyJpZCI6IjEiLCJleHAiOjE2NzU1NzEwNzYsImlhdCI6MTY3NTU2OTg3NiwidXNlcm5hbWUiOiJhZG1pbiJ9.1Do7vTiD0Ilcf-raigm_qKWQ_OuYKHqiQt4cqztGCJg, EvaluateIdRequest(eid=17)]
2023-02-05 12:10:29.585 [http-nio-8080-exec-3] INFO  com.itmo.eva.utils.JwtUtil - 解析令牌中...
2023-02-05 12:10:29.663 [http-nio-8080-exec-3] INFO  com.itmo.eva.service.impl.EvaluateServiceImpl - admin正在对cqknb进行更改进行状态的操作
2023-02-05 12:10:29.869 [http-nio-8080-exec-3] INFO  com.itmo.eva.aop.LogInterceptor - request end, id: d43705b0-fe19-47d9-87ba-25e1c852cf81, cost: 284ms
2023-02-05 12:10:38.228 [http-nio-8080-exec-4] INFO  com.itmo.eva.aop.LogInterceptor - request start，id: c12c0741-d734-468c-8e17-7b2bc6817b97, path: /api/evaluate/list/student, ip: 0:0:0:0:0:0:0:1, params: [EvaluateIdRequest(eid=null)]
2023-02-05 12:10:55.864 [http-nio-8080-exec-5] INFO  com.itmo.eva.aop.LogInterceptor - request start，id: 92d01ab8-e59c-4410-a97d-ad5b5f513979, path: /api/evaluate/list/student, ip: 0:0:0:0:0:0:0:1, params: [EvaluateIdRequest(eid=1)]
2023-02-05 12:10:56.243 [http-nio-8080-exec-5] INFO  com.itmo.eva.aop.LogInterceptor - request end, id: 92d01ab8-e59c-4410-a97d-ad5b5f513979, cost: 379ms
2023-02-05 12:11:18.431 [http-nio-8080-exec-6] INFO  com.itmo.eva.aop.LogInterceptor - request start，id: 9fa14f8c-ba09-4775-823b-36f99ab53346, path: /api/evaluate/list/student, ip: 0:0:0:0:0:0:0:1, params: [EvaluateIdRequest(eid=1)]
2023-02-05 12:11:45.509 [http-nio-8080-exec-6] INFO  com.itmo.eva.aop.LogInterceptor - request end, id: 9fa14f8c-ba09-4775-823b-36f99ab53346, cost: 27095ms
2023-02-05 12:16:45.644 [SpringApplicationShutdownHook] INFO  com.zaxxer.hikari.HikariDataSource - HikariPool-1 - Shutdown initiated...
2023-02-05 12:16:57.128 [restartedMain] INFO  com.itmo.eva.EvaApplication - Starting EvaApplication using Java 1.8.0_362 on chenjiahandeMacBook-Pro-2.local with PID 45476 (/Users/chenjiahan/项目开发/教学评价系统（管理员端重写）/eva/target/classes started by chenjiahan in /Users/chenjiahan/项目开发/教学评价系统（管理员端重写）/eva)
2023-02-05 12:16:57.129 [restartedMain] INFO  com.itmo.eva.EvaApplication - No active profile set, falling back to 1 default profile: "default"
2023-02-05 12:16:57.194 [restartedMain] INFO  o.s.b.d.env.DevToolsPropertyDefaultsPostProcessor - Devtools property defaults active! Set 'spring.devtools.add-properties' to 'false' to disable
2023-02-05 12:16:57.194 [restartedMain] INFO  o.s.b.d.env.DevToolsPropertyDefaultsPostProcessor - For additional web related logging consider setting the 'logging.level.web' property to 'DEBUG'
2023-02-05 12:16:57.972 [restartedMain] INFO  o.s.boot.web.embedded.tomcat.TomcatWebServer - Tomcat initialized with port(s): 8080 (http)
2023-02-05 12:16:57.976 [restartedMain] INFO  org.apache.coyote.http11.Http11NioProtocol - Initializing ProtocolHandler ["http-nio-8080"]
2023-02-05 12:16:57.977 [restartedMain] INFO  org.apache.catalina.core.StandardService - Starting service [Tomcat]
2023-02-05 12:16:57.977 [restartedMain] INFO  org.apache.catalina.core.StandardEngine - Starting Servlet engine: [Apache Tomcat/9.0.63]
2023-02-05 12:16:58.016 [restartedMain] INFO  o.a.c.c.ContainerBase.[Tomcat].[localhost].[/api] - Initializing Spring embedded WebApplicationContext
2023-02-05 12:16:58.016 [restartedMain] INFO  o.s.b.w.s.c.ServletWebServerApplicationContext - Root WebApplicationContext: initialization completed in 822 ms
2023-02-05 12:16:58.502 [restartedMain] INFO  com.itmo.eva.service.impl.EvaluateServiceImpl - 校验评测中...
2023-02-05 12:16:58.510 [restartedMain] INFO  com.zaxxer.hikari.HikariDataSource - HikariPool-1 - Starting...
2023-02-05 12:17:02.123 [restartedMain] INFO  com.zaxxer.hikari.HikariDataSource - HikariPool-1 - Start completed.
2023-02-05 12:17:02.759 [restartedMain] INFO  o.s.b.d.autoconfigure.OptionalLiveReloadServer - LiveReload server is running on port 35729
2023-02-05 12:17:02.914 [restartedMain] INFO  org.apache.coyote.http11.Http11NioProtocol - Starting ProtocolHandler ["http-nio-8080"]
2023-02-05 12:17:02.926 [restartedMain] INFO  o.s.boot.web.embedded.tomcat.TomcatWebServer - Tomcat started on port(s): 8080 (http) with context path '/api'
2023-02-05 12:17:03.144 [restartedMain] INFO  com.itmo.eva.EvaApplication - Started EvaApplication in 6.306 seconds (JVM running for 6.657)
2023-02-05 12:17:07.582 [http-nio-8080-exec-1] INFO  o.a.c.c.ContainerBase.[Tomcat].[localhost].[/api] - Initializing Spring DispatcherServlet 'dispatcherServlet'
2023-02-05 12:17:07.583 [http-nio-8080-exec-1] INFO  org.springframework.web.servlet.DispatcherServlet - Initializing Servlet 'dispatcherServlet'
2023-02-05 12:17:07.584 [http-nio-8080-exec-1] INFO  org.springframework.web.servlet.DispatcherServlet - Completed initialization in 1 ms
2023-02-05 12:17:18.794 [http-nio-8080-exec-1] INFO  com.itmo.eva.aop.LogInterceptor - request start，id: 6c77e366-896f-4178-b813-9a75521667d7, path: /api/evaluate/export/excel/undone/student, ip: 0:0:0:0:0:0:0:1, params: [EvaluateIdRequest(eid=1), org.apache.catalina.connector.ResponseFacade@388402fb]
2023-02-05 12:17:19.294 [http-nio-8080-exec-1] INFO  com.itmo.eva.aop.LogInterceptor - request end, id: 6c77e366-896f-4178-b813-9a75521667d7, cost: 504ms
2023-02-05 12:17:37.023 [SpringApplicationShutdownHook] INFO  com.zaxxer.hikari.HikariDataSource - HikariPool-1 - Shutdown initiated...
2023-02-05 12:17:37.288 [SpringApplicationShutdownHook] INFO  com.zaxxer.hikari.HikariDataSource - HikariPool-1 - Shutdown completed.
2023-02-05 12:17:40.001 [restartedMain] INFO  com.itmo.eva.EvaApplication - Starting EvaApplication using Java 1.8.0_362 on chenjiahandeMacBook-Pro-2.local with PID 45527 (/Users/chenjiahan/项目开发/教学评价系统（管理员端重写）/eva/target/classes started by chenjiahan in /Users/chenjiahan/项目开发/教学评价系统（管理员端重写）/eva)
2023-02-05 12:17:40.002 [restartedMain] INFO  com.itmo.eva.EvaApplication - No active profile set, falling back to 1 default profile: "default"
2023-02-05 12:17:40.030 [restartedMain] INFO  o.s.b.d.env.DevToolsPropertyDefaultsPostProcessor - Devtools property defaults active! Set 'spring.devtools.add-properties' to 'false' to disable
2023-02-05 12:17:40.031 [restartedMain] INFO  o.s.b.d.env.DevToolsPropertyDefaultsPostProcessor - For additional web related logging consider setting the 'logging.level.web' property to 'DEBUG'
2023-02-05 12:17:40.775 [restartedMain] INFO  o.s.boot.web.embedded.tomcat.TomcatWebServer - Tomcat initialized with port(s): 8080 (http)
2023-02-05 12:17:40.779 [restartedMain] INFO  org.apache.coyote.http11.Http11NioProtocol - Initializing ProtocolHandler ["http-nio-8080"]
2023-02-05 12:17:40.779 [restartedMain] INFO  org.apache.catalina.core.StandardService - Starting service [Tomcat]
2023-02-05 12:17:40.779 [restartedMain] INFO  org.apache.catalina.core.StandardEngine - Starting Servlet engine: [Apache Tomcat/9.0.63]
2023-02-05 12:17:40.817 [restartedMain] INFO  o.a.c.c.ContainerBase.[Tomcat].[localhost].[/api] - Initializing Spring embedded WebApplicationContext
2023-02-05 12:17:40.817 [restartedMain] INFO  o.s.b.w.s.c.ServletWebServerApplicationContext - Root WebApplicationContext: initialization completed in 786 ms
2023-02-05 12:17:41.285 [restartedMain] INFO  com.itmo.eva.service.impl.EvaluateServiceImpl - 校验评测中...
2023-02-05 12:17:41.293 [restartedMain] INFO  com.zaxxer.hikari.HikariDataSource - HikariPool-1 - Starting...
2023-02-05 12:17:44.645 [restartedMain] INFO  com.zaxxer.hikari.HikariDataSource - HikariPool-1 - Start completed.
2023-02-05 12:17:45.146 [restartedMain] INFO  o.s.b.d.autoconfigure.OptionalLiveReloadServer - LiveReload server is running on port 35729
2023-02-05 12:17:45.318 [restartedMain] INFO  org.apache.coyote.http11.Http11NioProtocol - Starting ProtocolHandler ["http-nio-8080"]
2023-02-05 12:17:45.333 [restartedMain] INFO  o.s.boot.web.embedded.tomcat.TomcatWebServer - Tomcat started on port(s): 8080 (http) with context path '/api'
2023-02-05 12:17:45.568 [restartedMain] INFO  com.itmo.eva.EvaApplication - Started EvaApplication in 5.841 seconds (JVM running for 6.181)
2023-02-05 12:17:51.404 [http-nio-8080-exec-1] INFO  o.a.c.c.ContainerBase.[Tomcat].[localhost].[/api] - Initializing Spring DispatcherServlet 'dispatcherServlet'
2023-02-05 12:17:51.405 [http-nio-8080-exec-1] INFO  org.springframework.web.servlet.DispatcherServlet - Initializing Servlet 'dispatcherServlet'
2023-02-05 12:17:51.407 [http-nio-8080-exec-1] INFO  org.springframework.web.servlet.DispatcherServlet - Completed initialization in 2 ms
2023-02-05 12:17:51.430 [http-nio-8080-exec-1] INFO  com.itmo.eva.aop.LogInterceptor - request start，id: 8113ba44-500a-4e8a-8d6b-8acb80c15563, path: /api/evaluate/list, ip: 0:0:0:0:0:0:0:1, params: []
2023-02-05 12:17:51.508 [http-nio-8080-exec-1] INFO  com.itmo.eva.aop.LogInterceptor - request end, id: 8113ba44-500a-4e8a-8d6b-8acb80c15563, cost: 82ms
2023-02-05 12:17:55.639 [SpringApplicationShutdownHook] INFO  com.zaxxer.hikari.HikariDataSource - HikariPool-1 - Shutdown initiated...
2023-02-05 12:35:24.015 [restartedMain] INFO  com.itmo.eva.EvaApplication - Starting EvaApplication using Java 1.8.0_362 on chenjiahandeMacBook-Pro-2.local with PID 46744 (/Users/chenjiahan/项目开发/教学评价系统（管理员端重写）/eva/target/classes started by chenjiahan in /Users/chenjiahan/项目开发/教学评价系统（管理员端重写）/eva)
2023-02-05 12:35:24.016 [restartedMain] INFO  com.itmo.eva.EvaApplication - No active profile set, falling back to 1 default profile: "default"
2023-02-05 12:35:24.042 [restartedMain] INFO  o.s.b.d.env.DevToolsPropertyDefaultsPostProcessor - Devtools property defaults active! Set 'spring.devtools.add-properties' to 'false' to disable
2023-02-05 12:35:24.042 [restartedMain] INFO  o.s.b.d.env.DevToolsPropertyDefaultsPostProcessor - For additional web related logging consider setting the 'logging.level.web' property to 'DEBUG'
2023-02-05 12:35:24.796 [restartedMain] INFO  o.s.boot.web.embedded.tomcat.TomcatWebServer - Tomcat initialized with port(s): 8080 (http)
2023-02-05 12:35:24.800 [restartedMain] INFO  org.apache.coyote.http11.Http11NioProtocol - Initializing ProtocolHandler ["http-nio-8080"]
2023-02-05 12:35:24.801 [restartedMain] INFO  org.apache.catalina.core.StandardService - Starting service [Tomcat]
2023-02-05 12:35:24.801 [restartedMain] INFO  org.apache.catalina.core.StandardEngine - Starting Servlet engine: [Apache Tomcat/9.0.63]
2023-02-05 12:35:24.830 [restartedMain] INFO  o.a.c.c.ContainerBase.[Tomcat].[localhost].[/api] - Initializing Spring embedded WebApplicationContext
2023-02-05 12:35:24.830 [restartedMain] INFO  o.s.b.w.s.c.ServletWebServerApplicationContext - Root WebApplicationContext: initialization completed in 787 ms
2023-02-05 12:35:25.274 [restartedMain] INFO  com.itmo.eva.service.impl.EvaluateServiceImpl - 校验评测中...
2023-02-05 12:35:25.281 [restartedMain] INFO  com.zaxxer.hikari.HikariDataSource - HikariPool-1 - Starting...
2023-02-05 12:35:28.830 [restartedMain] INFO  com.zaxxer.hikari.HikariDataSource - HikariPool-1 - Start completed.
2023-02-05 12:35:29.344 [restartedMain] INFO  o.s.b.d.autoconfigure.OptionalLiveReloadServer - LiveReload server is running on port 35729
2023-02-05 12:35:29.472 [restartedMain] INFO  org.apache.coyote.http11.Http11NioProtocol - Starting ProtocolHandler ["http-nio-8080"]
2023-02-05 12:35:29.483 [restartedMain] INFO  o.s.boot.web.embedded.tomcat.TomcatWebServer - Tomcat started on port(s): 8080 (http) with context path '/api'
2023-02-05 12:35:29.687 [restartedMain] INFO  com.itmo.eva.EvaApplication - Started EvaApplication in 5.919 seconds (JVM running for 6.428)
2023-02-05 12:35:31.404 [SpringApplicationShutdownHook] INFO  com.zaxxer.hikari.HikariDataSource - HikariPool-1 - Shutdown initiated...
2023-02-05 13:32:27.237 [restartedMain] INFO  com.itmo.eva.EvaApplication - Starting EvaApplication using Java 1.8.0_362 on chenjiahandeMacBook-Pro-2.local with PID 50650 (/Users/chenjiahan/项目开发/教学评价系统（管理员端重写）/eva/target/classes started by chenjiahan in /Users/chenjiahan/项目开发/教学评价系统（管理员端重写）/eva)
2023-02-05 13:32:27.238 [restartedMain] INFO  com.itmo.eva.EvaApplication - No active profile set, falling back to 1 default profile: "default"
2023-02-05 13:32:27.264 [restartedMain] INFO  o.s.b.d.env.DevToolsPropertyDefaultsPostProcessor - Devtools property defaults active! Set 'spring.devtools.add-properties' to 'false' to disable
2023-02-05 13:32:27.264 [restartedMain] INFO  o.s.b.d.env.DevToolsPropertyDefaultsPostProcessor - For additional web related logging consider setting the 'logging.level.web' property to 'DEBUG'
2023-02-05 13:32:27.987 [restartedMain] INFO  o.s.boot.web.embedded.tomcat.TomcatWebServer - Tomcat initialized with port(s): 8080 (http)
2023-02-05 13:32:27.990 [restartedMain] INFO  org.apache.coyote.http11.Http11NioProtocol - Initializing ProtocolHandler ["http-nio-8080"]
2023-02-05 13:32:27.991 [restartedMain] INFO  org.apache.catalina.core.StandardService - Starting service [Tomcat]
2023-02-05 13:32:27.991 [restartedMain] INFO  org.apache.catalina.core.StandardEngine - Starting Servlet engine: [Apache Tomcat/9.0.63]
2023-02-05 13:32:28.016 [restartedMain] INFO  o.a.c.c.ContainerBase.[Tomcat].[localhost].[/api] - Initializing Spring embedded WebApplicationContext
2023-02-05 13:32:28.016 [restartedMain] INFO  o.s.b.w.s.c.ServletWebServerApplicationContext - Root WebApplicationContext: initialization completed in 752 ms
2023-02-05 13:32:28.471 [restartedMain] INFO  com.itmo.eva.service.impl.EvaluateServiceImpl - 校验评测中...
2023-02-05 13:32:28.478 [restartedMain] INFO  com.zaxxer.hikari.HikariDataSource - HikariPool-1 - Starting...
