2023-03-02 14:23:12.166 [restartedMain] INFO  com.itmo.eva.EvaApplication - Starting EvaApplication using Java 1.8.0_362 on chenjiahandeMacBook-Pro-2.local with PID 61861 (/Users/chenjiahan/项目开发/教学评价系统（管理员端重写）/eva/target/classes started by chenjiahan in /Users/chenjiahan/项目开发/教学评价系统（管理员端重写）/eva)
2023-03-02 14:23:12.168 [restartedMain] INFO  com.itmo.eva.EvaApplication - No active profile set, falling back to 1 default profile: "default"
2023-03-02 14:23:12.205 [restartedMain] INFO  o.s.b.d.env.DevToolsPropertyDefaultsPostProcessor - Devtools property defaults active! Set 'spring.devtools.add-properties' to 'false' to disable
2023-03-02 14:23:12.205 [restartedMain] INFO  o.s.b.d.env.DevToolsPropertyDefaultsPostProcessor - For additional web related logging consider setting the 'logging.level.web' property to 'DEBUG'
2023-03-02 14:23:13.059 [restartedMain] INFO  o.s.boot.web.embedded.tomcat.TomcatWebServer - Tomcat initialized with port(s): 8080 (http)
2023-03-02 14:23:13.064 [restartedMain] INFO  org.apache.coyote.http11.Http11NioProtocol - Initializing ProtocolHandler ["http-nio-8080"]
2023-03-02 14:23:13.064 [restartedMain] INFO  org.apache.catalina.core.StandardService - Starting service [Tomcat]
2023-03-02 14:23:13.064 [restartedMain] INFO  org.apache.catalina.core.StandardEngine - Starting Servlet engine: [Apache Tomcat/9.0.63]
2023-03-02 14:23:13.105 [restartedMain] INFO  o.a.c.c.ContainerBase.[Tomcat].[localhost].[/api] - Initializing Spring embedded WebApplicationContext
2023-03-02 14:23:13.105 [restartedMain] INFO  o.s.b.w.s.c.ServletWebServerApplicationContext - Root WebApplicationContext: initialization completed in 899 ms
2023-03-02 14:23:14.003 [restartedMain] INFO  o.s.b.d.autoconfigure.OptionalLiveReloadServer - LiveReload server is running on port 35729
2023-03-02 14:23:14.159 [restartedMain] INFO  org.apache.coyote.http11.Http11NioProtocol - Starting ProtocolHandler ["http-nio-8080"]
2023-03-02 14:23:14.173 [restartedMain] INFO  o.s.boot.web.embedded.tomcat.TomcatWebServer - Tomcat started on port(s): 8080 (http) with context path '/api'
2023-03-02 14:23:14.431 [restartedMain] INFO  com.itmo.eva.EvaApplication - Started EvaApplication in 2.557 seconds (JVM running for 2.892)
2023-03-02 14:23:18.628 [http-nio-8080-exec-1] INFO  o.a.c.c.ContainerBase.[Tomcat].[localhost].[/api] - Initializing Spring DispatcherServlet 'dispatcherServlet'
2023-03-02 14:23:18.628 [http-nio-8080-exec-1] INFO  org.springframework.web.servlet.DispatcherServlet - Initializing Servlet 'dispatcherServlet'
2023-03-02 14:23:18.629 [http-nio-8080-exec-1] INFO  org.springframework.web.servlet.DispatcherServlet - Completed initialization in 1 ms
2023-03-02 14:23:24.996 [http-nio-8080-exec-3] INFO  com.itmo.eva.aop.LogInterceptor - request start，id: 6077ce6b-04d0-4a5d-812a-79612d577d2b, path: /api/admin/login, ip: 0:0:0:0:0:0:0:1, params: [AdminLoginRequest(username=admin, password=123456), org.apache.catalina.connector.RequestFacade@7f8d2131]
2023-03-02 14:23:25.014 [http-nio-8080-exec-3] INFO  com.zaxxer.hikari.HikariDataSource - HikariPool-1 - Starting...
2023-03-02 14:23:25.590 [http-nio-8080-exec-3] INFO  com.zaxxer.hikari.HikariDataSource - HikariPool-1 - Start completed.
2023-03-02 14:23:25.691 [http-nio-8080-exec-3] INFO  com.itmo.eva.service.impl.AdminServiceImpl - user login failed, username cannot match password!
2023-03-02 14:23:30.975 [http-nio-8080-exec-4] INFO  com.itmo.eva.aop.LogInterceptor - request start，id: 5b7b5ef1-9e9d-4ef7-853f-afd6ffb6d166, path: /api/admin/login, ip: 0:0:0:0:0:0:0:1, params: [AdminLoginRequest(username=admin, password=12345), org.apache.catalina.connector.RequestFacade@7f8d2131]
2023-03-02 14:23:31.331 [http-nio-8080-exec-4] INFO  com.itmo.eva.utils.JwtUtil - 生成令牌中...
2023-03-02 14:23:31.340 [http-nio-8080-exec-4] INFO  com.itmo.eva.aop.LogInterceptor - request end, id: 5b7b5ef1-9e9d-4ef7-853f-afd6ffb6d166, cost: 364ms
2023-03-02 14:23:31.340 [http-nio-8080-exec-4] INFO  com.itmo.eva.aop.LogInterceptor - 访问次数：1
2023-03-02 14:23:54.944 [http-nio-8080-exec-7] INFO  com.itmo.eva.aop.LogInterceptor - request start，id: 9b451311-3845-4c1c-92d6-5231c47c510a, path: /api/charts/get/rank/chart, ip: 0:0:0:0:0:0:0:1, params: [TeacherIdentityQueryRequest(identity=1)]
2023-03-02 14:23:55.107 [http-nio-8080-exec-7] INFO  com.itmo.eva.aop.LogInterceptor - request end, id: 9b451311-3845-4c1c-92d6-5231c47c510a, cost: 163ms
2023-03-02 14:23:55.108 [http-nio-8080-exec-7] INFO  com.itmo.eva.aop.LogInterceptor - 访问次数：2
2023-03-02 14:24:00.081 [http-nio-8080-exec-9] INFO  com.itmo.eva.aop.LogInterceptor - request start，id: 69480f39-fc2c-4d61-bd85-a88f08b04af4, path: /api/charts/get/rank/chart, ip: 0:0:0:0:0:0:0:1, params: [TeacherIdentityQueryRequest(identity=0)]
2023-03-02 14:24:00.253 [http-nio-8080-exec-9] INFO  com.itmo.eva.aop.LogInterceptor - request end, id: 69480f39-fc2c-4d61-bd85-a88f08b04af4, cost: 172ms
2023-03-02 14:24:00.253 [http-nio-8080-exec-9] INFO  com.itmo.eva.aop.LogInterceptor - 访问次数：3
2023-03-02 15:05:40.777 [SpringApplicationShutdownHook] INFO  com.zaxxer.hikari.HikariDataSource - HikariPool-1 - Shutdown initiated...
2023-03-02 15:05:40.782 [SpringApplicationShutdownHook] INFO  com.zaxxer.hikari.HikariDataSource - HikariPool-1 - Shutdown completed.
2023-03-02 15:05:44.893 [restartedMain] INFO  com.itmo.eva.EvaApplication - Starting EvaApplication using Java 1.8.0_362 on chenjiahandeMacBook-Pro-2.local with PID 62106 (/Users/chenjiahan/项目开发/教学评价系统（管理员端重写）/eva/target/classes started by chenjiahan in /Users/chenjiahan/项目开发/教学评价系统（管理员端重写）/eva)
2023-03-02 15:05:44.894 [restartedMain] INFO  com.itmo.eva.EvaApplication - No active profile set, falling back to 1 default profile: "default"
2023-03-02 15:05:44.922 [restartedMain] INFO  o.s.b.d.env.DevToolsPropertyDefaultsPostProcessor - Devtools property defaults active! Set 'spring.devtools.add-properties' to 'false' to disable
2023-03-02 15:05:44.922 [restartedMain] INFO  o.s.b.d.env.DevToolsPropertyDefaultsPostProcessor - For additional web related logging consider setting the 'logging.level.web' property to 'DEBUG'
2023-03-02 15:05:45.711 [restartedMain] INFO  o.s.boot.web.embedded.tomcat.TomcatWebServer - Tomcat initialized with port(s): 8080 (http)
2023-03-02 15:05:45.715 [restartedMain] INFO  org.apache.coyote.http11.Http11NioProtocol - Initializing ProtocolHandler ["http-nio-8080"]
2023-03-02 15:05:45.715 [restartedMain] INFO  org.apache.catalina.core.StandardService - Starting service [Tomcat]
2023-03-02 15:05:45.716 [restartedMain] INFO  org.apache.catalina.core.StandardEngine - Starting Servlet engine: [Apache Tomcat/9.0.63]
2023-03-02 15:05:45.757 [restartedMain] INFO  o.a.c.c.ContainerBase.[Tomcat].[localhost].[/api] - Initializing Spring embedded WebApplicationContext
2023-03-02 15:05:45.758 [restartedMain] INFO  o.s.b.w.s.c.ServletWebServerApplicationContext - Root WebApplicationContext: initialization completed in 835 ms
2023-03-02 15:05:46.638 [restartedMain] INFO  o.s.b.d.autoconfigure.OptionalLiveReloadServer - LiveReload server is running on port 35729
2023-03-02 15:05:46.796 [restartedMain] INFO  org.apache.coyote.http11.Http11NioProtocol - Starting ProtocolHandler ["http-nio-8080"]
2023-03-02 15:05:46.809 [restartedMain] INFO  o.s.boot.web.embedded.tomcat.TomcatWebServer - Tomcat started on port(s): 8080 (http) with context path '/api'
2023-03-02 15:05:47.064 [restartedMain] INFO  com.itmo.eva.EvaApplication - Started EvaApplication in 2.428 seconds (JVM running for 2.882)
2023-03-02 15:06:29.589 [http-nio-8080-exec-2] INFO  o.a.c.c.ContainerBase.[Tomcat].[localhost].[/api] - Initializing Spring DispatcherServlet 'dispatcherServlet'
2023-03-02 15:06:29.590 [http-nio-8080-exec-2] INFO  org.springframework.web.servlet.DispatcherServlet - Initializing Servlet 'dispatcherServlet'
2023-03-02 15:06:29.591 [http-nio-8080-exec-2] INFO  org.springframework.web.servlet.DispatcherServlet - Completed initialization in 1 ms
2023-03-02 15:06:51.785 [http-nio-8080-exec-6] INFO  com.itmo.eva.aop.LogInterceptor - request start，id: 9a7ecaa0-6bd2-46d7-b049-4ce5763d2250, path: /api/charts/get/rank/chart, ip: 0:0:0:0:0:0:0:1, params: [TeacherIdentityQueryRequest(identity=1)]
2023-03-02 15:06:51.796 [http-nio-8080-exec-6] INFO  com.zaxxer.hikari.HikariDataSource - HikariPool-1 - Starting...
2023-03-02 15:06:52.566 [http-nio-8080-exec-6] INFO  com.zaxxer.hikari.HikariDataSource - HikariPool-1 - Start completed.
2023-03-02 15:06:52.847 [http-nio-8080-exec-6] INFO  com.itmo.eva.aop.LogInterceptor - request end, id: 9a7ecaa0-6bd2-46d7-b049-4ce5763d2250, cost: 1065ms
2023-03-02 15:06:52.847 [http-nio-8080-exec-6] INFO  com.itmo.eva.aop.LogInterceptor - 访问次数：1
2023-03-02 15:07:18.884 [http-nio-8080-exec-7] INFO  com.itmo.eva.aop.LogInterceptor - request start，id: bd8b46be-9774-4dab-9dbc-a3a9d34bab53, path: /api/charts/get/rank/chart, ip: 0:0:0:0:0:0:0:1, params: [TeacherIdentityQueryRequest(identity=1)]
2023-03-02 15:07:43.397 [http-nio-8080-exec-7] INFO  com.itmo.eva.aop.LogInterceptor - request end, id: bd8b46be-9774-4dab-9dbc-a3a9d34bab53, cost: 24513ms
2023-03-02 15:07:43.398 [http-nio-8080-exec-7] INFO  com.itmo.eva.aop.LogInterceptor - 访问次数：2
2023-03-02 15:08:26.794 [SpringApplicationShutdownHook] INFO  com.zaxxer.hikari.HikariDataSource - HikariPool-1 - Shutdown initiated...
2023-03-02 15:08:27.326 [SpringApplicationShutdownHook] INFO  com.zaxxer.hikari.HikariDataSource - HikariPool-1 - Shutdown completed.
2023-03-02 15:08:29.904 [restartedMain] INFO  com.itmo.eva.EvaApplication - Starting EvaApplication using Java 1.8.0_362 on chenjiahandeMacBook-Pro-2.local with PID 62310 (/Users/chenjiahan/项目开发/教学评价系统（管理员端重写）/eva/target/classes started by chenjiahan in /Users/chenjiahan/项目开发/教学评价系统（管理员端重写）/eva)
2023-03-02 15:08:29.905 [restartedMain] INFO  com.itmo.eva.EvaApplication - No active profile set, falling back to 1 default profile: "default"
2023-03-02 15:08:29.933 [restartedMain] INFO  o.s.b.d.env.DevToolsPropertyDefaultsPostProcessor - Devtools property defaults active! Set 'spring.devtools.add-properties' to 'false' to disable
2023-03-02 15:08:29.934 [restartedMain] INFO  o.s.b.d.env.DevToolsPropertyDefaultsPostProcessor - For additional web related logging consider setting the 'logging.level.web' property to 'DEBUG'
2023-03-02 15:08:30.713 [restartedMain] INFO  o.s.boot.web.embedded.tomcat.TomcatWebServer - Tomcat initialized with port(s): 8080 (http)
2023-03-02 15:08:30.718 [restartedMain] INFO  org.apache.coyote.http11.Http11NioProtocol - Initializing ProtocolHandler ["http-nio-8080"]
2023-03-02 15:08:30.718 [restartedMain] INFO  org.apache.catalina.core.StandardService - Starting service [Tomcat]
2023-03-02 15:08:30.718 [restartedMain] INFO  org.apache.catalina.core.StandardEngine - Starting Servlet engine: [Apache Tomcat/9.0.63]
2023-03-02 15:08:30.758 [restartedMain] INFO  o.a.c.c.ContainerBase.[Tomcat].[localhost].[/api] - Initializing Spring embedded WebApplicationContext
2023-03-02 15:08:30.758 [restartedMain] INFO  o.s.b.w.s.c.ServletWebServerApplicationContext - Root WebApplicationContext: initialization completed in 824 ms
2023-03-02 15:08:31.640 [restartedMain] INFO  o.s.b.d.autoconfigure.OptionalLiveReloadServer - LiveReload server is running on port 35729
2023-03-02 15:08:31.791 [restartedMain] INFO  org.apache.coyote.http11.Http11NioProtocol - Starting ProtocolHandler ["http-nio-8080"]
2023-03-02 15:08:31.804 [restartedMain] INFO  o.s.boot.web.embedded.tomcat.TomcatWebServer - Tomcat started on port(s): 8080 (http) with context path '/api'
2023-03-02 15:08:32.055 [restartedMain] INFO  com.itmo.eva.EvaApplication - Started EvaApplication in 2.394 seconds (JVM running for 2.845)
2023-03-02 15:08:34.322 [http-nio-8080-exec-1] INFO  o.a.c.c.ContainerBase.[Tomcat].[localhost].[/api] - Initializing Spring DispatcherServlet 'dispatcherServlet'
2023-03-02 15:08:34.323 [http-nio-8080-exec-1] INFO  org.springframework.web.servlet.DispatcherServlet - Initializing Servlet 'dispatcherServlet'
2023-03-02 15:08:34.324 [http-nio-8080-exec-1] INFO  org.springframework.web.servlet.DispatcherServlet - Completed initialization in 1 ms
2023-03-02 15:08:34.362 [http-nio-8080-exec-1] INFO  com.itmo.eva.aop.LogInterceptor - request start，id: 03402ed8-843c-4b9e-abb3-e6a53c81472f, path: /api/charts/get/rank/chart, ip: 0:0:0:0:0:0:0:1, params: [TeacherIdentityQueryRequest(identity=1)]
2023-03-02 15:08:34.371 [http-nio-8080-exec-1] INFO  com.zaxxer.hikari.HikariDataSource - HikariPool-1 - Starting...
2023-03-02 15:08:34.986 [http-nio-8080-exec-1] INFO  com.zaxxer.hikari.HikariDataSource - HikariPool-1 - Start completed.
2023-03-02 15:08:38.204 [http-nio-8080-exec-1] INFO  com.itmo.eva.aop.LogInterceptor - request end, id: 03402ed8-843c-4b9e-abb3-e6a53c81472f, cost: 3845ms
2023-03-02 15:08:38.204 [http-nio-8080-exec-1] INFO  com.itmo.eva.aop.LogInterceptor - 访问次数：1
2023-03-02 15:08:57.099 [Thread-8] INFO  com.zaxxer.hikari.HikariDataSource - HikariPool-1 - Shutdown initiated...
2023-03-02 15:08:57.546 [Thread-8] INFO  com.zaxxer.hikari.HikariDataSource - HikariPool-1 - Shutdown completed.
2023-03-02 15:09:00.411 [restartedMain] INFO  com.itmo.eva.EvaApplication - Starting EvaApplication using Java 1.8.0_362 on chenjiahandeMacBook-Pro-2.local with PID 62310 (/Users/chenjiahan/项目开发/教学评价系统（管理员端重写）/eva/target/classes started by chenjiahan in /Users/chenjiahan/项目开发/教学评价系统（管理员端重写）/eva)
2023-03-02 15:09:00.411 [restartedMain] INFO  com.itmo.eva.EvaApplication - No active profile set, falling back to 1 default profile: "default"
2023-03-02 15:09:00.587 [restartedMain] INFO  o.s.boot.web.embedded.tomcat.TomcatWebServer - Tomcat initialized with port(s): 8080 (http)
2023-03-02 15:09:00.587 [restartedMain] INFO  org.apache.catalina.core.StandardService - Starting service [Tomcat]
2023-03-02 15:09:00.588 [restartedMain] INFO  org.apache.catalina.core.StandardEngine - Starting Servlet engine: [Apache Tomcat/9.0.63]
2023-03-02 15:09:00.592 [restartedMain] INFO  o.a.c.c.C.[Tomcat-1].[localhost].[/api] - Initializing Spring embedded WebApplicationContext
2023-03-02 15:09:00.592 [restartedMain] INFO  o.s.b.w.s.c.ServletWebServerApplicationContext - Root WebApplicationContext: initialization completed in 179 ms
2023-03-02 15:09:00.667 [restartedMain] INFO  o.s.b.d.autoconfigure.OptionalLiveReloadServer - LiveReload server is running on port 35729
2023-03-02 15:09:00.748 [restartedMain] INFO  org.apache.catalina.core.StandardService - Stopping service [Tomcat]
2023-03-02 15:09:00.752 [restartedMain] INFO  o.s.b.a.l.ConditionEvaluationReportLoggingListener - 

Error starting ApplicationContext. To display the conditions report re-run your application with 'debug' enabled.
2023-03-02 15:09:02.209 [restartedMain] INFO  com.itmo.eva.EvaApplication - Starting EvaApplication using Java 1.8.0_362 on chenjiahandeMacBook-Pro-2.local with PID 62310 (/Users/chenjiahan/项目开发/教学评价系统（管理员端重写）/eva/target/classes started by chenjiahan in /Users/chenjiahan/项目开发/教学评价系统（管理员端重写）/eva)
2023-03-02 15:09:02.210 [restartedMain] INFO  com.itmo.eva.EvaApplication - No active profile set, falling back to 1 default profile: "default"
2023-03-02 15:09:02.409 [restartedMain] INFO  o.s.boot.web.embedded.tomcat.TomcatWebServer - Tomcat initialized with port(s): 8080 (http)
2023-03-02 15:09:02.409 [restartedMain] INFO  org.apache.catalina.core.StandardService - Starting service [Tomcat]
2023-03-02 15:09:02.409 [restartedMain] INFO  org.apache.catalina.core.StandardEngine - Starting Servlet engine: [Apache Tomcat/9.0.63]
2023-03-02 15:09:02.413 [restartedMain] INFO  o.a.c.c.C.[Tomcat-2].[localhost].[/api] - Initializing Spring embedded WebApplicationContext
2023-03-02 15:09:02.413 [restartedMain] INFO  o.s.b.w.s.c.ServletWebServerApplicationContext - Root WebApplicationContext: initialization completed in 202 ms
2023-03-02 15:09:02.908 [restartedMain] INFO  o.s.b.d.autoconfigure.OptionalLiveReloadServer - LiveReload server is running on port 35729
2023-03-02 15:09:02.990 [restartedMain] INFO  o.s.boot.web.embedded.tomcat.TomcatWebServer - Tomcat started on port(s): 8080 (http) with context path '/api'
2023-03-02 15:09:03.096 [restartedMain] INFO  com.itmo.eva.EvaApplication - Started EvaApplication in 0.906 seconds (JVM running for 33.886)
2023-03-02 15:09:03.097 [restartedMain] INFO  o.s.b.d.a.ConditionEvaluationDeltaLoggingListener - Condition evaluation unchanged
2023-03-02 15:09:32.540 [http-nio-8080-exec-2] INFO  o.a.c.c.C.[Tomcat-2].[localhost].[/api] - Initializing Spring DispatcherServlet 'dispatcherServlet'
2023-03-02 15:09:32.543 [http-nio-8080-exec-2] INFO  org.springframework.web.servlet.DispatcherServlet - Initializing Servlet 'dispatcherServlet'
2023-03-02 15:09:32.544 [http-nio-8080-exec-2] INFO  org.springframework.web.servlet.DispatcherServlet - Completed initialization in 1 ms
2023-03-02 15:09:32.545 [http-nio-8080-exec-2] INFO  com.itmo.eva.aop.LogInterceptor - request start，id: fc437f62-0bc4-4649-8480-4d4aa694231f, path: /api/teacher/get/china, ip: 0:0:0:0:0:0:0:1, params: []
2023-03-02 15:09:32.551 [http-nio-8080-exec-2] INFO  com.zaxxer.hikari.HikariDataSource - HikariPool-2 - Starting...
2023-03-02 15:09:33.072 [http-nio-8080-exec-2] INFO  com.zaxxer.hikari.HikariDataSource - HikariPool-2 - Start completed.
2023-03-02 15:09:33.151 [http-nio-8080-exec-2] INFO  com.itmo.eva.aop.LogInterceptor - request end, id: fc437f62-0bc4-4649-8480-4d4aa694231f, cost: 606ms
2023-03-02 15:09:33.152 [http-nio-8080-exec-2] INFO  com.itmo.eva.aop.LogInterceptor - 访问次数：1
2023-03-02 15:09:47.148 [http-nio-8080-exec-3] INFO  com.itmo.eva.aop.LogInterceptor - request start，id: 3e3bf71e-2cda-4ec1-9140-4f3fdeb40a23, path: /api/teacher/get/russia, ip: 0:0:0:0:0:0:0:1, params: []
2023-03-02 15:09:47.271 [http-nio-8080-exec-3] INFO  com.itmo.eva.aop.LogInterceptor - request end, id: 3e3bf71e-2cda-4ec1-9140-4f3fdeb40a23, cost: 123ms
2023-03-02 15:09:47.272 [http-nio-8080-exec-3] INFO  com.itmo.eva.aop.LogInterceptor - 访问次数：2
2023-03-02 15:10:00.010 [scheduling-1] INFO  com.itmo.eva.job.EmailSendJob - 邮件检测...
2023-03-02 15:17:29.965 [http-nio-8080-exec-7] INFO  com.itmo.eva.aop.LogInterceptor - request start，id: 388ee992-30a5-4dcd-86c2-99e8c42b7a65, path: /api/teacher/get/china, ip: 0:0:0:0:0:0:0:1, params: []
2023-03-02 15:17:30.041 [http-nio-8080-exec-7] INFO  com.itmo.eva.aop.LogInterceptor - request end, id: 388ee992-30a5-4dcd-86c2-99e8c42b7a65, cost: 75ms
2023-03-02 15:17:30.041 [http-nio-8080-exec-7] INFO  com.itmo.eva.aop.LogInterceptor - 访问次数：3
2023-03-02 15:18:05.605 [http-nio-8080-exec-8] INFO  com.itmo.eva.aop.LogInterceptor - request start，id: 449b0e0e-151b-47b3-b6b1-71c33d9cad9b, path: /api/teacher/get/russia, ip: 0:0:0:0:0:0:0:1, params: []
2023-03-02 15:18:05.723 [http-nio-8080-exec-8] INFO  com.itmo.eva.aop.LogInterceptor - request end, id: 449b0e0e-151b-47b3-b6b1-71c33d9cad9b, cost: 117ms
2023-03-02 15:18:05.724 [http-nio-8080-exec-8] INFO  com.itmo.eva.aop.LogInterceptor - 访问次数：4
2023-03-02 15:19:13.589 [http-nio-8080-exec-10] INFO  com.itmo.eva.aop.LogInterceptor - request start，id: 5365e80f-51dd-4ce8-ae53-20b590c1e604, path: /api/teacher/get/russia, ip: 0:0:0:0:0:0:0:1, params: []
2023-03-02 15:19:13.693 [http-nio-8080-exec-10] INFO  com.itmo.eva.aop.LogInterceptor - request end, id: 5365e80f-51dd-4ce8-ae53-20b590c1e604, cost: 103ms
2023-03-02 15:19:13.693 [http-nio-8080-exec-10] INFO  com.itmo.eva.aop.LogInterceptor - 访问次数：5
2023-03-02 15:19:16.807 [http-nio-8080-exec-7] INFO  com.itmo.eva.aop.LogInterceptor - request start，id: 143b19cb-09dd-4066-bf87-6feedfed2fa1, path: /api/teacher/get/china, ip: 0:0:0:0:0:0:0:1, params: []
2023-03-02 15:20:19.629 [scheduling-1] INFO  com.itmo.eva.job.EmailSendJob - 邮件检测...
2023-03-02 15:20:19.630 [http-nio-8080-exec-7] INFO  com.itmo.eva.aop.LogInterceptor - request end, id: 143b19cb-09dd-4066-bf87-6feedfed2fa1, cost: 62822ms
2023-03-02 15:20:19.631 [http-nio-8080-exec-7] INFO  com.itmo.eva.aop.LogInterceptor - 访问次数：6
2023-03-02 15:20:27.985 [http-nio-8080-exec-8] INFO  com.itmo.eva.aop.LogInterceptor - request start，id: fceaaaef-491d-46bf-8826-9cc6cee4ff67, path: /api/teacher/get/russia, ip: 0:0:0:0:0:0:0:1, params: []
2023-03-02 15:20:28.139 [http-nio-8080-exec-8] INFO  com.itmo.eva.aop.LogInterceptor - request end, id: fceaaaef-491d-46bf-8826-9cc6cee4ff67, cost: 154ms
2023-03-02 15:20:28.140 [http-nio-8080-exec-8] INFO  com.itmo.eva.aop.LogInterceptor - 访问次数：7
2023-03-02 16:13:22.299 [SpringApplicationShutdownHook] INFO  com.zaxxer.hikari.HikariDataSource - HikariPool-2 - Shutdown initiated...
2023-03-02 16:13:22.304 [SpringApplicationShutdownHook] INFO  com.zaxxer.hikari.HikariDataSource - HikariPool-2 - Shutdown completed.
2023-03-02 16:13:25.772 [restartedMain] INFO  com.itmo.eva.EvaApplication - Starting EvaApplication using Java 1.8.0_362 on 192.168.0.110 with PID 63694 (/Users/chenjiahan/项目开发/教学评价系统（管理员端重写）/eva/target/classes started by chenjiahan in /Users/chenjiahan/项目开发/教学评价系统（管理员端重写）/eva)
2023-03-02 16:13:25.773 [restartedMain] INFO  com.itmo.eva.EvaApplication - No active profile set, falling back to 1 default profile: "default"
2023-03-02 16:13:25.803 [restartedMain] INFO  o.s.b.d.env.DevToolsPropertyDefaultsPostProcessor - Devtools property defaults active! Set 'spring.devtools.add-properties' to 'false' to disable
2023-03-02 16:13:25.803 [restartedMain] INFO  o.s.b.d.env.DevToolsPropertyDefaultsPostProcessor - For additional web related logging consider setting the 'logging.level.web' property to 'DEBUG'
2023-03-02 16:13:26.598 [restartedMain] INFO  o.s.boot.web.embedded.tomcat.TomcatWebServer - Tomcat initialized with port(s): 8080 (http)
2023-03-02 16:13:26.602 [restartedMain] INFO  org.apache.coyote.http11.Http11NioProtocol - Initializing ProtocolHandler ["http-nio-8080"]
2023-03-02 16:13:26.603 [restartedMain] INFO  org.apache.catalina.core.StandardService - Starting service [Tomcat]
2023-03-02 16:13:26.603 [restartedMain] INFO  org.apache.catalina.core.StandardEngine - Starting Servlet engine: [Apache Tomcat/9.0.63]
2023-03-02 16:13:26.643 [restartedMain] INFO  o.a.c.c.ContainerBase.[Tomcat].[localhost].[/api] - Initializing Spring embedded WebApplicationContext
2023-03-02 16:13:26.644 [restartedMain] INFO  o.s.b.w.s.c.ServletWebServerApplicationContext - Root WebApplicationContext: initialization completed in 841 ms
2023-03-02 16:13:27.530 [restartedMain] INFO  o.s.b.d.autoconfigure.OptionalLiveReloadServer - LiveReload server is running on port 35729
2023-03-02 16:13:27.682 [restartedMain] INFO  org.apache.coyote.http11.Http11NioProtocol - Starting ProtocolHandler ["http-nio-8080"]
2023-03-02 16:13:27.696 [restartedMain] INFO  o.s.boot.web.embedded.tomcat.TomcatWebServer - Tomcat started on port(s): 8080 (http) with context path '/api'
2023-03-02 16:13:27.954 [restartedMain] INFO  com.itmo.eva.EvaApplication - Started EvaApplication in 2.457 seconds (JVM running for 2.843)
2023-03-02 16:13:37.583 [http-nio-8080-exec-1] INFO  o.a.c.c.ContainerBase.[Tomcat].[localhost].[/api] - Initializing Spring DispatcherServlet 'dispatcherServlet'
2023-03-02 16:13:37.584 [http-nio-8080-exec-1] INFO  org.springframework.web.servlet.DispatcherServlet - Initializing Servlet 'dispatcherServlet'
2023-03-02 16:13:37.585 [http-nio-8080-exec-1] INFO  org.springframework.web.servlet.DispatcherServlet - Completed initialization in 1 ms
2023-03-02 16:13:50.097 [http-nio-8080-exec-3] INFO  com.itmo.eva.aop.LogInterceptor - request start，id: b40e1f65-ca4a-4316-b111-3bf2616b7541, path: /api/teacher/get/china, ip: 0:0:0:0:0:0:0:1, params: []
2023-03-02 16:13:50.121 [http-nio-8080-exec-3] INFO  com.zaxxer.hikari.HikariDataSource - HikariPool-1 - Starting...
2023-03-02 16:13:50.524 [http-nio-8080-exec-3] INFO  com.zaxxer.hikari.HikariDataSource - HikariPool-1 - Start completed.
2023-03-02 16:13:56.054 [http-nio-8080-exec-3] INFO  com.itmo.eva.aop.LogInterceptor - request end, id: b40e1f65-ca4a-4316-b111-3bf2616b7541, cost: 5976ms
2023-03-02 16:13:56.054 [http-nio-8080-exec-3] INFO  com.itmo.eva.aop.LogInterceptor - 访问次数：1
2023-03-02 16:14:47.051 [Thread-8] INFO  com.zaxxer.hikari.HikariDataSource - HikariPool-1 - Shutdown initiated...
2023-03-02 16:14:48.167 [Thread-8] INFO  com.zaxxer.hikari.HikariDataSource - HikariPool-1 - Shutdown completed.
2023-03-02 16:14:53.087 [restartedMain] INFO  com.itmo.eva.EvaApplication - Starting EvaApplication using Java 1.8.0_362 on 192.168.0.110 with PID 63694 (/Users/chenjiahan/项目开发/教学评价系统（管理员端重写）/eva/target/classes started by chenjiahan in /Users/chenjiahan/项目开发/教学评价系统（管理员端重写）/eva)
2023-03-02 16:14:53.087 [restartedMain] INFO  com.itmo.eva.EvaApplication - No active profile set, falling back to 1 default profile: "default"
2023-03-02 16:14:53.266 [restartedMain] INFO  o.s.boot.web.embedded.tomcat.TomcatWebServer - Tomcat initialized with port(s): 8080 (http)
2023-03-02 16:14:53.266 [restartedMain] INFO  org.apache.catalina.core.StandardService - Starting service [Tomcat]
2023-03-02 16:14:53.267 [restartedMain] INFO  org.apache.catalina.core.StandardEngine - Starting Servlet engine: [Apache Tomcat/9.0.63]
2023-03-02 16:14:53.271 [restartedMain] INFO  o.a.c.c.C.[Tomcat-1].[localhost].[/api] - Initializing Spring embedded WebApplicationContext
2023-03-02 16:14:53.271 [restartedMain] INFO  o.s.b.w.s.c.ServletWebServerApplicationContext - Root WebApplicationContext: initialization completed in 181 ms
2023-03-02 16:14:53.341 [restartedMain] INFO  o.s.b.d.autoconfigure.OptionalLiveReloadServer - LiveReload server is running on port 35729
2023-03-02 16:14:53.373 [restartedMain] INFO  org.apache.catalina.core.StandardService - Stopping service [Tomcat]
2023-03-02 16:14:53.377 [restartedMain] INFO  o.s.b.a.l.ConditionEvaluationReportLoggingListener - 

Error starting ApplicationContext. To display the conditions report re-run your application with 'debug' enabled.
2023-03-02 16:14:54.835 [restartedMain] INFO  com.itmo.eva.EvaApplication - Starting EvaApplication using Java 1.8.0_362 on 192.168.0.110 with PID 63694 (/Users/chenjiahan/项目开发/教学评价系统（管理员端重写）/eva/target/classes started by chenjiahan in /Users/chenjiahan/项目开发/教学评价系统（管理员端重写）/eva)
2023-03-02 16:14:54.835 [restartedMain] INFO  com.itmo.eva.EvaApplication - No active profile set, falling back to 1 default profile: "default"
2023-03-02 16:14:55.039 [restartedMain] INFO  o.s.boot.web.embedded.tomcat.TomcatWebServer - Tomcat initialized with port(s): 8080 (http)
2023-03-02 16:14:55.040 [restartedMain] INFO  org.apache.catalina.core.StandardService - Starting service [Tomcat]
2023-03-02 16:14:55.040 [restartedMain] INFO  org.apache.catalina.core.StandardEngine - Starting Servlet engine: [Apache Tomcat/9.0.63]
2023-03-02 16:14:55.044 [restartedMain] INFO  o.a.c.c.C.[Tomcat-2].[localhost].[/api] - Initializing Spring embedded WebApplicationContext
2023-03-02 16:14:55.044 [restartedMain] INFO  o.s.b.w.s.c.ServletWebServerApplicationContext - Root WebApplicationContext: initialization completed in 207 ms
2023-03-02 16:14:55.535 [restartedMain] INFO  o.s.b.d.autoconfigure.OptionalLiveReloadServer - LiveReload server is running on port 35729
2023-03-02 16:14:55.623 [restartedMain] INFO  o.s.boot.web.embedded.tomcat.TomcatWebServer - Tomcat started on port(s): 8080 (http) with context path '/api'
2023-03-02 16:14:55.722 [restartedMain] INFO  com.itmo.eva.EvaApplication - Started EvaApplication in 0.914 seconds (JVM running for 90.612)
2023-03-02 16:14:55.724 [restartedMain] INFO  o.s.b.d.a.ConditionEvaluationDeltaLoggingListener - Condition evaluation unchanged
2023-03-02 16:20:00.010 [scheduling-1] INFO  com.itmo.eva.job.EmailSendJob - 邮件检测...
2023-03-02 16:20:00.066 [scheduling-1] INFO  com.zaxxer.hikari.HikariDataSource - HikariPool-2 - Starting...
2023-03-02 16:20:00.911 [scheduling-1] INFO  com.zaxxer.hikari.HikariDataSource - HikariPool-2 - Start completed.
2023-03-02 16:29:59.998 [scheduling-1] INFO  com.itmo.eva.job.EmailSendJob - 邮件检测...
2023-03-02 16:38:22.998 [SpringApplicationShutdownHook] INFO  com.zaxxer.hikari.HikariDataSource - HikariPool-2 - Shutdown initiated...
2023-03-02 16:38:23.157 [SpringApplicationShutdownHook] INFO  com.zaxxer.hikari.HikariDataSource - HikariPool-2 - Shutdown completed.
2023-03-02 17:47:18.783 [restartedMain] INFO  com.itmo.eva.EvaApplication - Starting EvaApplication using Java 1.8.0_362 on 192.168.0.110 with PID 69839 (/Users/chenjiahan/项目开发/教学评价系统（管理员端重写）/eva/target/classes started by chenjiahan in /Users/chenjiahan/项目开发/教学评价系统（管理员端重写）/eva)
2023-03-02 17:47:18.783 [restartedMain] INFO  com.itmo.eva.EvaApplication - No active profile set, falling back to 1 default profile: "default"
2023-03-02 17:47:18.812 [restartedMain] INFO  o.s.b.d.env.DevToolsPropertyDefaultsPostProcessor - Devtools property defaults active! Set 'spring.devtools.add-properties' to 'false' to disable
2023-03-02 17:47:18.812 [restartedMain] INFO  o.s.b.d.env.DevToolsPropertyDefaultsPostProcessor - For additional web related logging consider setting the 'logging.level.web' property to 'DEBUG'
2023-03-02 17:47:19.647 [restartedMain] INFO  o.s.boot.web.embedded.tomcat.TomcatWebServer - Tomcat initialized with port(s): 8080 (http)
2023-03-02 17:47:19.653 [restartedMain] INFO  org.apache.coyote.http11.Http11NioProtocol - Initializing ProtocolHandler ["http-nio-8080"]
2023-03-02 17:47:19.653 [restartedMain] INFO  org.apache.catalina.core.StandardService - Starting service [Tomcat]
2023-03-02 17:47:19.653 [restartedMain] INFO  org.apache.catalina.core.StandardEngine - Starting Servlet engine: [Apache Tomcat/9.0.63]
2023-03-02 17:47:19.697 [restartedMain] INFO  o.a.c.c.ContainerBase.[Tomcat].[localhost].[/api] - Initializing Spring embedded WebApplicationContext
2023-03-02 17:47:19.697 [restartedMain] INFO  o.s.b.w.s.c.ServletWebServerApplicationContext - Root WebApplicationContext: initialization completed in 885 ms
2023-03-02 17:47:20.628 [restartedMain] INFO  o.s.b.d.autoconfigure.OptionalLiveReloadServer - LiveReload server is running on port 35729
2023-03-02 17:47:20.793 [restartedMain] INFO  org.apache.coyote.http11.Http11NioProtocol - Starting ProtocolHandler ["http-nio-8080"]
2023-03-02 17:47:20.807 [restartedMain] INFO  o.s.boot.web.embedded.tomcat.TomcatWebServer - Tomcat started on port(s): 8080 (http) with context path '/api'
2023-03-02 17:47:21.070 [restartedMain] INFO  com.itmo.eva.EvaApplication - Started EvaApplication in 2.573 seconds (JVM running for 2.916)
2023-03-02 17:47:24.212 [http-nio-8080-exec-1] INFO  o.a.c.c.ContainerBase.[Tomcat].[localhost].[/api] - Initializing Spring DispatcherServlet 'dispatcherServlet'
2023-03-02 17:47:24.212 [http-nio-8080-exec-1] INFO  org.springframework.web.servlet.DispatcherServlet - Initializing Servlet 'dispatcherServlet'
2023-03-02 17:47:24.213 [http-nio-8080-exec-1] INFO  org.springframework.web.servlet.DispatcherServlet - Completed initialization in 1 ms
2023-03-02 17:48:24.660 [http-nio-8080-exec-5] INFO  com.itmo.eva.aop.LogInterceptor - request start，id: b5950e1a-1889-43d6-991a-f8a6bdaba0f4, path: /api/charts/get/teacher/detail, ip: 0:0:0:0:0:0:0:1, params: [TeacherQueryRequest(eid=23, tid=54)]
2023-03-02 17:48:24.703 [http-nio-8080-exec-5] INFO  com.zaxxer.hikari.HikariDataSource - HikariPool-1 - Starting...
2023-03-02 17:48:25.138 [http-nio-8080-exec-5] INFO  com.zaxxer.hikari.HikariDataSource - HikariPool-1 - Start completed.
2023-03-02 17:48:25.286 [http-nio-8080-exec-5] INFO  com.itmo.eva.aop.LogInterceptor - request end, id: b5950e1a-1889-43d6-991a-f8a6bdaba0f4, cost: 630ms
2023-03-02 17:48:25.286 [http-nio-8080-exec-5] INFO  com.itmo.eva.aop.LogInterceptor - 访问次数：1
2023-03-02 17:50:00.009 [scheduling-1] INFO  com.itmo.eva.job.EmailSendJob - 邮件检测...
2023-03-02 19:22:40.999 [scheduling-1] INFO  com.itmo.eva.job.EmailSendJob - 邮件检测...
2023-03-02 19:30:00.004 [scheduling-1] INFO  com.itmo.eva.job.EmailSendJob - 邮件检测...
2023-03-02 19:39:59.975 [scheduling-1] INFO  com.itmo.eva.job.EmailSendJob - 邮件检测...
2023-03-02 19:45:28.356 [SpringApplicationShutdownHook] INFO  com.zaxxer.hikari.HikariDataSource - HikariPool-1 - Shutdown initiated...
2023-03-02 19:45:28.485 [SpringApplicationShutdownHook] INFO  com.zaxxer.hikari.HikariDataSource - HikariPool-1 - Shutdown completed.
2023-03-02 19:45:30.323 [restartedMain] INFO  com.itmo.eva.EvaApplication - Starting EvaApplication using Java 1.8.0_362 on chenjiaandeMBP2 with PID 73136 (/Users/chenjiahan/项目开发/教学评价系统（管理员端重写）/eva/target/classes started by chenjiahan in /Users/chenjiahan/项目开发/教学评价系统（管理员端重写）/eva)
2023-03-02 19:45:30.324 [restartedMain] INFO  com.itmo.eva.EvaApplication - No active profile set, falling back to 1 default profile: "default"
2023-03-02 19:45:30.356 [restartedMain] INFO  o.s.b.d.env.DevToolsPropertyDefaultsPostProcessor - Devtools property defaults active! Set 'spring.devtools.add-properties' to 'false' to disable
2023-03-02 19:45:30.356 [restartedMain] INFO  o.s.b.d.env.DevToolsPropertyDefaultsPostProcessor - For additional web related logging consider setting the 'logging.level.web' property to 'DEBUG'
2023-03-02 19:45:31.166 [restartedMain] INFO  o.s.boot.web.embedded.tomcat.TomcatWebServer - Tomcat initialized with port(s): 8080 (http)
2023-03-02 19:45:31.170 [restartedMain] INFO  org.apache.coyote.http11.Http11NioProtocol - Initializing ProtocolHandler ["http-nio-8080"]
2023-03-02 19:45:31.170 [restartedMain] INFO  org.apache.catalina.core.StandardService - Starting service [Tomcat]
2023-03-02 19:45:31.170 [restartedMain] INFO  org.apache.catalina.core.StandardEngine - Starting Servlet engine: [Apache Tomcat/9.0.63]
2023-03-02 19:45:31.211 [restartedMain] INFO  o.a.c.c.ContainerBase.[Tomcat].[localhost].[/api] - Initializing Spring embedded WebApplicationContext
2023-03-02 19:45:31.211 [restartedMain] INFO  o.s.b.w.s.c.ServletWebServerApplicationContext - Root WebApplicationContext: initialization completed in 854 ms
2023-03-02 19:45:32.111 [restartedMain] INFO  o.s.b.d.autoconfigure.OptionalLiveReloadServer - LiveReload server is running on port 35729
2023-03-02 19:45:32.272 [restartedMain] INFO  org.apache.coyote.http11.Http11NioProtocol - Starting ProtocolHandler ["http-nio-8080"]
2023-03-02 19:45:32.285 [restartedMain] INFO  o.s.boot.web.embedded.tomcat.TomcatWebServer - Tomcat started on port(s): 8080 (http) with context path '/api'
2023-03-02 19:45:32.544 [restartedMain] INFO  com.itmo.eva.EvaApplication - Started EvaApplication in 2.548 seconds (JVM running for 2.914)
2023-03-02 19:50:00.007 [scheduling-1] INFO  com.itmo.eva.job.EmailSendJob - 邮件检测...
2023-03-02 19:50:00.063 [scheduling-1] INFO  com.zaxxer.hikari.HikariDataSource - HikariPool-1 - Starting...
2023-03-02 19:50:00.387 [scheduling-1] INFO  com.zaxxer.hikari.HikariDataSource - HikariPool-1 - Start completed.
2023-03-02 19:54:00.904 [SpringApplicationShutdownHook] INFO  com.zaxxer.hikari.HikariDataSource - HikariPool-1 - Shutdown initiated...
2023-03-02 19:54:01.028 [SpringApplicationShutdownHook] INFO  com.zaxxer.hikari.HikariDataSource - HikariPool-1 - Shutdown completed.
