2023-03-27 10:10:10.519 [main] INFO  com.itmo.eva.EvaApplicationTests - Starting EvaApplicationTests using Java 1.8.0_362 on 192.168.0.106 with PID 92226 (started by chenjiahan in /Users/chenjiahan/项目开发/教学评价系统（管理员端重写）/eva)
2023-03-27 10:10:10.521 [main] INFO  com.itmo.eva.EvaApplicationTests - No active profile set, falling back to 1 default profile: "default"
2023-03-27 10:10:12.920 [main] INFO  o.s.b.a.web.servlet.WelcomePageHandlerMapping - Adding welcome page: class path resource [static/index.html]
2023-03-27 10:10:13.528 [main] INFO  com.itmo.eva.EvaApplicationTests - Started EvaApplicationTests in 3.29 seconds (JVM running for 3.912)
2023-03-27 10:10:17.677 [restartedMain] INFO  com.itmo.eva.EvaApplication - Starting EvaApplication using Java 1.8.0_362 on 192.168.0.106 with PID 92275 (/Users/chenjiahan/项目开发/教学评价系统（管理员端重写）/eva/target/classes started by chenjiahan in /Users/chenjiahan/项目开发/教学评价系统（管理员端重写）/eva)
2023-03-27 10:10:17.678 [restartedMain] INFO  com.itmo.eva.EvaApplication - No active profile set, falling back to 1 default profile: "default"
2023-03-27 10:10:17.711 [restartedMain] INFO  o.s.b.d.env.DevToolsPropertyDefaultsPostProcessor - Devtools property defaults active! Set 'spring.devtools.add-properties' to 'false' to disable
2023-03-27 10:10:17.711 [restartedMain] INFO  o.s.b.d.env.DevToolsPropertyDefaultsPostProcessor - For additional web related logging consider setting the 'logging.level.web' property to 'DEBUG'
2023-03-27 10:10:18.503 [restartedMain] INFO  o.s.boot.web.embedded.tomcat.TomcatWebServer - Tomcat initialized with port(s): 8099 (http)
2023-03-27 10:10:18.508 [restartedMain] INFO  org.apache.coyote.http11.Http11NioProtocol - Initializing ProtocolHandler ["http-nio-8099"]
2023-03-27 10:10:18.508 [restartedMain] INFO  org.apache.catalina.core.StandardService - Starting service [Tomcat]
2023-03-27 10:10:18.509 [restartedMain] INFO  org.apache.catalina.core.StandardEngine - Starting Servlet engine: [Apache Tomcat/9.0.63]
2023-03-27 10:10:18.540 [restartedMain] INFO  o.a.c.c.ContainerBase.[Tomcat].[localhost].[/api] - Initializing Spring embedded WebApplicationContext
2023-03-27 10:10:18.540 [restartedMain] INFO  o.s.b.w.s.c.ServletWebServerApplicationContext - Root WebApplicationContext: initialization completed in 829 ms
2023-03-27 10:10:19.436 [restartedMain] INFO  o.s.b.d.autoconfigure.OptionalLiveReloadServer - LiveReload server is running on port 35729
2023-03-27 10:10:19.450 [restartedMain] INFO  o.s.b.a.web.servlet.WelcomePageHandlerMapping - Adding welcome page: class path resource [static/index.html]
2023-03-27 10:10:19.583 [restartedMain] INFO  org.apache.coyote.http11.Http11NioProtocol - Starting ProtocolHandler ["http-nio-8099"]
2023-03-27 10:10:19.596 [restartedMain] INFO  o.s.boot.web.embedded.tomcat.TomcatWebServer - Tomcat started on port(s): 8099 (http) with context path '/api'
2023-03-27 10:10:19.859 [restartedMain] INFO  com.itmo.eva.EvaApplication - Started EvaApplication in 2.441 seconds (JVM running for 2.786)
2023-03-27 10:11:00.413 [http-nio-8099-exec-4] INFO  o.a.c.c.ContainerBase.[Tomcat].[localhost].[/api] - Initializing Spring DispatcherServlet 'dispatcherServlet'
2023-03-27 10:11:00.414 [http-nio-8099-exec-4] INFO  org.springframework.web.servlet.DispatcherServlet - Initializing Servlet 'dispatcherServlet'
2023-03-27 10:11:00.416 [http-nio-8099-exec-4] INFO  org.springframework.web.servlet.DispatcherServlet - Completed initialization in 2 ms
