2023-02-27 10:34:41.402 [restartedMain] WARN  c.b.mybatisplus.core.injector.DefaultSqlInjector - class com.itmo.eva.model.entity.Redline ,Not found @TableId annotation, Cannot use Mybatis-Plus 'xxById' Method.
2023-02-27 10:52:40.721 [restartedMain] WARN  c.b.mybatisplus.core.injector.DefaultSqlInjector - class com.itmo.eva.model.entity.Redline ,Not found @TableId annotation, Cannot use Mybatis-Plus 'xxById' Method.
2023-02-27 10:53:05.850 [http-nio-8080-exec-1] WARN  o.s.w.s.m.m.a.ExceptionHandlerExceptionResolver - Resolved [com.itmo.eva.exception.BusinessException: 参数为空]
2023-02-27 10:53:30.285 [restartedMain] WARN  c.b.mybatisplus.core.injector.DefaultSqlInjector - class com.itmo.eva.model.entity.Redline ,Not found @TableId annotation, Cannot use Mybatis-Plus 'xxById' Method.
2023-02-27 10:56:57.253 [restartedMain] WARN  c.b.mybatisplus.core.injector.DefaultSqlInjector - class com.itmo.eva.model.entity.Redline ,Not found @TableId annotation, Cannot use Mybatis-Plus 'xxById' Method.
2023-02-27 10:57:02.564 [http-nio-8080-exec-1] WARN  o.s.w.s.m.m.a.ExceptionHandlerExceptionResolver - Resolved [org.mybatis.spring.MyBatisSystemException: nested exception is org.apache.ibatis.exceptions.PersistenceException: <EOL>### Error querying database.  Cause: org.springframework.jdbc.CannotGetJdbcConnectionException: Failed to obtain JDBC Connection; nested exception is com.mysql.cj.jdbc.exceptions.CommunicationsException: Communications link failure<EOL><EOL>The last packet sent successfully to the server was 0 milliseconds ago. The driver has not received any packets from the server.<EOL>### The error may exist in com/itmo/eva/mapper/TeacherMapper.java (best guess)<EOL>### The error may involve com.itmo.eva.mapper.TeacherMapper.getRussianTeacher<EOL>### The error occurred while executing a query<EOL>### Cause: org.springframework.jdbc.CannotGetJdbcConnectionException: Failed to obtain JDBC Connection; nested exception is com.mysql.cj.jdbc.exceptions.CommunicationsException: Communications link failure<EOL><EOL>The last packet sent successfully to the server was 0 milliseconds ago. The driver has not received any packets from the server.]
2023-02-27 11:08:21.681 [restartedMain] WARN  c.b.mybatisplus.core.injector.DefaultSqlInjector - class com.itmo.eva.model.entity.Redline ,Not found @TableId annotation, Cannot use Mybatis-Plus 'xxById' Method.
2023-02-27 11:15:47.334 [restartedMain] WARN  c.b.mybatisplus.core.injector.DefaultSqlInjector - class com.itmo.eva.model.entity.Redline ,Not found @TableId annotation, Cannot use Mybatis-Plus 'xxById' Method.
2023-02-27 11:17:53.304 [restartedMain] WARN  c.b.mybatisplus.core.injector.DefaultSqlInjector - class com.itmo.eva.model.entity.Redline ,Not found @TableId annotation, Cannot use Mybatis-Plus 'xxById' Method.
2023-02-27 11:23:17.918 [restartedMain] WARN  c.b.mybatisplus.core.injector.DefaultSqlInjector - class com.itmo.eva.model.entity.Redline ,Not found @TableId annotation, Cannot use Mybatis-Plus 'xxById' Method.
2023-02-27 12:10:50.275 [restartedMain] WARN  c.b.mybatisplus.core.injector.DefaultSqlInjector - class com.itmo.eva.model.entity.Redline ,Not found @TableId annotation, Cannot use Mybatis-Plus 'xxById' Method.
2023-02-27 13:34:46.358 [restartedMain] WARN  c.b.mybatisplus.core.injector.DefaultSqlInjector - class com.itmo.eva.model.entity.Redline ,Not found @TableId annotation, Cannot use Mybatis-Plus 'xxById' Method.
2023-02-27 13:35:26.465 [restartedMain] WARN  c.b.mybatisplus.core.injector.DefaultSqlInjector - class com.itmo.eva.model.entity.Redline ,Not found @TableId annotation, Cannot use Mybatis-Plus 'xxById' Method.
2023-02-27 13:36:01.049 [restartedMain] WARN  c.b.mybatisplus.core.injector.DefaultSqlInjector - class com.itmo.eva.model.entity.Redline ,Not found @TableId annotation, Cannot use Mybatis-Plus 'xxById' Method.
2023-02-27 13:36:08.137 [http-nio-8080-exec-1] WARN  o.s.w.s.m.m.a.ExceptionHandlerExceptionResolver - Resolved [org.springframework.jdbc.BadSqlGrammarException: <EOL>### Error querying database.  Cause: java.sql.SQLSyntaxErrorException: Unknown column 'cname' in 'field list'<EOL>### The error may exist in com/itmo/eva/mapper/SystemMapper.java (best guess)<EOL>### The error may involve com.itmo.eva.mapper.SystemMapper.getChineseNameById-Inline<EOL>### The error occurred while setting parameters<EOL>### SQL: select cname from e_system where id = ?<EOL>### Cause: java.sql.SQLSyntaxErrorException: Unknown column 'cname' in 'field list'<EOL>; bad SQL grammar []; nested exception is java.sql.SQLSyntaxErrorException: Unknown column 'cname' in 'field list']
2023-02-27 13:36:40.003 [restartedMain] WARN  c.b.mybatisplus.core.injector.DefaultSqlInjector - class com.itmo.eva.model.entity.Redline ,Not found @TableId annotation, Cannot use Mybatis-Plus 'xxById' Method.
2023-02-27 15:20:17.591 [restartedMain] WARN  c.b.mybatisplus.core.injector.DefaultSqlInjector - class com.itmo.eva.model.entity.Redline ,Not found @TableId annotation, Cannot use Mybatis-Plus 'xxById' Method.
2023-02-27 17:22:49.117 [restartedMain] WARN  c.b.mybatisplus.core.injector.DefaultSqlInjector - class com.itmo.eva.model.entity.Redline ,Not found @TableId annotation, Cannot use Mybatis-Plus 'xxById' Method.
2023-02-27 17:23:07.047 [http-nio-8080-exec-4] WARN  o.s.w.s.m.m.a.ExceptionHandlerExceptionResolver - Resolved [com.itmo.eva.exception.BusinessException: 请求参数错误]
2023-02-27 17:23:18.238 [restartedMain] WARN  c.b.mybatisplus.core.injector.DefaultSqlInjector - class com.itmo.eva.model.entity.Redline ,Not found @TableId annotation, Cannot use Mybatis-Plus 'xxById' Method.
2023-02-27 17:25:47.216 [HikariPool-1 housekeeper] WARN  com.zaxxer.hikari.pool.HikariPool - HikariPool-1 - Thread starvation or clock leap detected (housekeeper delta=51s229ms).
2023-02-27 17:25:51.983 [restartedMain] WARN  c.b.mybatisplus.core.injector.DefaultSqlInjector - class com.itmo.eva.model.entity.Redline ,Not found @TableId annotation, Cannot use Mybatis-Plus 'xxById' Method.
2023-02-27 17:34:23.626 [HikariPool-1 housekeeper] WARN  com.zaxxer.hikari.pool.HikariPool - HikariPool-1 - Thread starvation or clock leap detected (housekeeper delta=51s222ms).
2023-02-27 17:36:12.923 [restartedMain] WARN  c.b.mybatisplus.core.injector.DefaultSqlInjector - class com.itmo.eva.model.entity.Redline ,Not found @TableId annotation, Cannot use Mybatis-Plus 'xxById' Method.
2023-02-27 17:38:04.366 [restartedMain] WARN  c.b.mybatisplus.core.injector.DefaultSqlInjector - class com.itmo.eva.model.entity.Redline ,Not found @TableId annotation, Cannot use Mybatis-Plus 'xxById' Method.
2023-02-27 17:38:41.607 [restartedMain] WARN  c.b.mybatisplus.core.injector.DefaultSqlInjector - class com.itmo.eva.model.entity.Redline ,Not found @TableId annotation, Cannot use Mybatis-Plus 'xxById' Method.
2023-02-27 17:40:39.607 [HikariPool-1 housekeeper] WARN  com.zaxxer.hikari.pool.HikariPool - HikariPool-1 - Thread starvation or clock leap detected (housekeeper delta=1m46s62ms).
2023-02-27 17:44:54.392 [HikariPool-1 housekeeper] WARN  com.zaxxer.hikari.pool.HikariPool - HikariPool-1 - Thread starvation or clock leap detected (housekeeper delta=4m14s786ms).
2023-02-27 17:53:58.825 [HikariPool-1 housekeeper] WARN  com.zaxxer.hikari.pool.HikariPool - HikariPool-1 - Thread starvation or clock leap detected (housekeeper delta=3m942ms).
2023-02-27 17:57:01.118 [HikariPool-1 housekeeper] WARN  com.zaxxer.hikari.pool.HikariPool - HikariPool-1 - Thread starvation or clock leap detected (housekeeper delta=2m32s287ms).
2023-02-27 18:03:26.977 [HikariPool-1 housekeeper] WARN  com.zaxxer.hikari.pool.HikariPool - HikariPool-1 - Thread starvation or clock leap detected (housekeeper delta=3m25s833ms).
2023-02-27 18:10:08.761 [HikariPool-1 housekeeper] WARN  com.zaxxer.hikari.pool.HikariPool - HikariPool-1 - Thread starvation or clock leap detected (housekeeper delta=6m41s784ms).
2023-02-27 18:21:42.595 [HikariPool-1 housekeeper] WARN  com.zaxxer.hikari.pool.HikariPool - HikariPool-1 - Thread starvation or clock leap detected (housekeeper delta=11m33s834ms).
2023-02-27 18:54:10.167 [HikariPool-1 housekeeper] WARN  com.zaxxer.hikari.pool.HikariPool - HikariPool-1 - Thread starvation or clock leap detected (housekeeper delta=31m57s570ms).
2023-02-27 19:16:32.979 [HikariPool-1 housekeeper] WARN  com.zaxxer.hikari.pool.HikariPool - HikariPool-1 - Thread starvation or clock leap detected (housekeeper delta=22m22s811ms).
2023-02-27 19:55:24.372 [HikariPool-1 housekeeper] WARN  com.zaxxer.hikari.pool.HikariPool - HikariPool-1 - Thread starvation or clock leap detected (housekeeper delta=38m51s394ms).
2023-02-27 20:22:06.611 [HikariPool-1 housekeeper] WARN  com.zaxxer.hikari.pool.HikariPool - HikariPool-1 - Thread starvation or clock leap detected (housekeeper delta=26m42s239ms).
2023-02-27 20:36:37.640 [HikariPool-1 housekeeper] WARN  com.zaxxer.hikari.pool.HikariPool - HikariPool-1 - Thread starvation or clock leap detected (housekeeper delta=14m31s29ms).
2023-02-27 20:57:38.866 [HikariPool-1 housekeeper] WARN  com.zaxxer.hikari.pool.HikariPool - HikariPool-1 - Thread starvation or clock leap detected (housekeeper delta=21m1s225ms).
2023-02-27 21:14:45.492 [restartedMain] WARN  c.b.mybatisplus.core.injector.DefaultSqlInjector - class com.itmo.eva.model.entity.Redline ,Not found @TableId annotation, Cannot use Mybatis-Plus 'xxById' Method.
2023-02-27 21:18:15.194 [restartedMain] WARN  c.b.mybatisplus.core.injector.DefaultSqlInjector - class com.itmo.eva.model.entity.Redline ,Not found @TableId annotation, Cannot use Mybatis-Plus 'xxById' Method.
2023-02-27 21:28:15.499 [restartedMain] WARN  c.b.mybatisplus.core.injector.DefaultSqlInjector - class com.itmo.eva.model.entity.Redline ,Not found @TableId annotation, Cannot use Mybatis-Plus 'xxById' Method.
2023-02-27 21:34:48.570 [restartedMain] WARN  c.b.mybatisplus.core.injector.DefaultSqlInjector - class com.itmo.eva.model.entity.Redline ,Not found @TableId annotation, Cannot use Mybatis-Plus 'xxById' Method.
